[2023-09-10T15:48:00.980+0000] {processor.py:154} INFO - Started process (PID=12612) to work on /opt/airflow/dags/group_dag.py
[2023-09-10T15:48:00.991+0000] {processor.py:756} INFO - Processing file /opt/airflow/dags/group_dag.py for tasks to queue
[2023-09-10T15:48:00.992+0000] {logging_mixin.py:120} INFO - [2023-09-10T15:48:00.992+0000] {dagbag.py:537} INFO - Filling up the DagBag from /opt/airflow/dags/group_dag.py
[2023-09-10T15:48:01.061+0000] {processor.py:766} INFO - DAG(s) dict_keys(['group_dag']) retrieved from /opt/airflow/dags/group_dag.py
[2023-09-10T15:48:01.446+0000] {logging_mixin.py:120} INFO - [2023-09-10T15:48:01.445+0000] {dag.py:2585} INFO - Sync 1 DAGs
[2023-09-10T15:48:01.603+0000] {logging_mixin.py:120} INFO - [2023-09-10T15:48:01.603+0000] {dag.py:3340} INFO - Setting next_dagrun for group_dag to 2023-09-09T00:00:00+00:00, run_after=2023-09-10T00:00:00+00:00
[2023-09-10T15:48:01.687+0000] {processor.py:176} INFO - Processing /opt/airflow/dags/group_dag.py took 0.720 seconds
[2023-09-10T05:45:10.832+0000] {processor.py:154} INFO - Started process (PID=44) to work on /opt/airflow/dags/group_dag.py
[2023-09-10T05:45:10.833+0000] {processor.py:756} INFO - Processing file /opt/airflow/dags/group_dag.py for tasks to queue
[2023-09-10T05:45:10.833+0000] {logging_mixin.py:120} INFO - [2023-09-10T05:45:10.833+0000] {dagbag.py:537} INFO - Filling up the DagBag from /opt/airflow/dags/group_dag.py
[2023-09-10T05:45:10.852+0000] {processor.py:766} INFO - DAG(s) dict_keys(['group_dag']) retrieved from /opt/airflow/dags/group_dag.py
[2023-09-10T05:45:10.900+0000] {logging_mixin.py:120} INFO - [2023-09-10T05:45:10.899+0000] {dag.py:2585} INFO - Sync 1 DAGs
[2023-09-10T05:45:10.933+0000] {logging_mixin.py:120} INFO - [2023-09-10T05:45:10.932+0000] {dag.py:3340} INFO - Setting next_dagrun for group_dag to 2023-09-09T00:00:00+00:00, run_after=2023-09-10T00:00:00+00:00
[2023-09-10T05:45:10.960+0000] {processor.py:176} INFO - Processing /opt/airflow/dags/group_dag.py took 0.133 seconds
[2023-09-10T05:45:41.458+0000] {processor.py:154} INFO - Started process (PID=80) to work on /opt/airflow/dags/group_dag.py
[2023-09-10T05:45:41.459+0000] {processor.py:756} INFO - Processing file /opt/airflow/dags/group_dag.py for tasks to queue
[2023-09-10T05:45:41.459+0000] {logging_mixin.py:120} INFO - [2023-09-10T05:45:41.459+0000] {dagbag.py:537} INFO - Filling up the DagBag from /opt/airflow/dags/group_dag.py
[2023-09-10T05:45:41.477+0000] {processor.py:766} INFO - DAG(s) dict_keys(['group_dag']) retrieved from /opt/airflow/dags/group_dag.py
[2023-09-10T05:45:41.511+0000] {logging_mixin.py:120} INFO - [2023-09-10T05:45:41.511+0000] {dag.py:2585} INFO - Sync 1 DAGs
[2023-09-10T05:45:41.536+0000] {logging_mixin.py:120} INFO - [2023-09-10T05:45:41.535+0000] {dag.py:3340} INFO - Setting next_dagrun for group_dag to 2023-09-09T00:00:00+00:00, run_after=2023-09-10T00:00:00+00:00
[2023-09-10T05:45:41.552+0000] {processor.py:176} INFO - Processing /opt/airflow/dags/group_dag.py took 0.097 seconds
[2023-09-10T05:46:11.933+0000] {processor.py:154} INFO - Started process (PID=117) to work on /opt/airflow/dags/group_dag.py
[2023-09-10T05:46:11.934+0000] {processor.py:756} INFO - Processing file /opt/airflow/dags/group_dag.py for tasks to queue
[2023-09-10T05:46:11.934+0000] {logging_mixin.py:120} INFO - [2023-09-10T05:46:11.934+0000] {dagbag.py:537} INFO - Filling up the DagBag from /opt/airflow/dags/group_dag.py
[2023-09-10T05:46:11.952+0000] {processor.py:766} INFO - DAG(s) dict_keys(['group_dag']) retrieved from /opt/airflow/dags/group_dag.py
[2023-09-10T05:46:11.989+0000] {logging_mixin.py:120} INFO - [2023-09-10T05:46:11.989+0000] {dag.py:2585} INFO - Sync 1 DAGs
[2023-09-10T05:46:12.015+0000] {logging_mixin.py:120} INFO - [2023-09-10T05:46:12.015+0000] {dag.py:3340} INFO - Setting next_dagrun for group_dag to 2023-09-09T00:00:00+00:00, run_after=2023-09-10T00:00:00+00:00
[2023-09-10T05:46:12.033+0000] {processor.py:176} INFO - Processing /opt/airflow/dags/group_dag.py took 0.103 seconds
[2023-09-10T05:46:42.105+0000] {processor.py:154} INFO - Started process (PID=151) to work on /opt/airflow/dags/group_dag.py
[2023-09-10T05:46:42.106+0000] {processor.py:756} INFO - Processing file /opt/airflow/dags/group_dag.py for tasks to queue
[2023-09-10T05:46:42.106+0000] {logging_mixin.py:120} INFO - [2023-09-10T05:46:42.106+0000] {dagbag.py:537} INFO - Filling up the DagBag from /opt/airflow/dags/group_dag.py
[2023-09-10T05:46:42.125+0000] {processor.py:766} INFO - DAG(s) dict_keys(['group_dag']) retrieved from /opt/airflow/dags/group_dag.py
[2023-09-10T05:46:42.172+0000] {logging_mixin.py:120} INFO - [2023-09-10T05:46:42.172+0000] {dag.py:2585} INFO - Sync 1 DAGs
[2023-09-10T05:46:42.198+0000] {logging_mixin.py:120} INFO - [2023-09-10T05:46:42.198+0000] {dag.py:3340} INFO - Setting next_dagrun for group_dag to 2023-09-09T00:00:00+00:00, run_after=2023-09-10T00:00:00+00:00
[2023-09-10T05:46:42.226+0000] {processor.py:176} INFO - Processing /opt/airflow/dags/group_dag.py took 0.124 seconds
[2023-09-10T05:47:13.123+0000] {processor.py:154} INFO - Started process (PID=180) to work on /opt/airflow/dags/group_dag.py
[2023-09-10T05:47:13.124+0000] {processor.py:756} INFO - Processing file /opt/airflow/dags/group_dag.py for tasks to queue
[2023-09-10T05:47:13.125+0000] {logging_mixin.py:120} INFO - [2023-09-10T05:47:13.125+0000] {dagbag.py:537} INFO - Filling up the DagBag from /opt/airflow/dags/group_dag.py
[2023-09-10T05:47:13.140+0000] {processor.py:766} INFO - DAG(s) dict_keys(['group_dag']) retrieved from /opt/airflow/dags/group_dag.py
[2023-09-10T05:47:13.175+0000] {logging_mixin.py:120} INFO - [2023-09-10T05:47:13.174+0000] {dag.py:2585} INFO - Sync 1 DAGs
[2023-09-10T05:47:13.198+0000] {logging_mixin.py:120} INFO - [2023-09-10T05:47:13.198+0000] {dag.py:3340} INFO - Setting next_dagrun for group_dag to 2023-09-09T00:00:00+00:00, run_after=2023-09-10T00:00:00+00:00
[2023-09-10T05:47:13.216+0000] {processor.py:176} INFO - Processing /opt/airflow/dags/group_dag.py took 0.095 seconds
[2023-09-10T05:47:43.670+0000] {processor.py:154} INFO - Started process (PID=216) to work on /opt/airflow/dags/group_dag.py
[2023-09-10T05:47:43.671+0000] {processor.py:756} INFO - Processing file /opt/airflow/dags/group_dag.py for tasks to queue
[2023-09-10T05:47:43.672+0000] {logging_mixin.py:120} INFO - [2023-09-10T05:47:43.672+0000] {dagbag.py:537} INFO - Filling up the DagBag from /opt/airflow/dags/group_dag.py
[2023-09-10T05:47:43.693+0000] {processor.py:766} INFO - DAG(s) dict_keys(['group_dag']) retrieved from /opt/airflow/dags/group_dag.py
[2023-09-10T05:47:43.731+0000] {logging_mixin.py:120} INFO - [2023-09-10T05:47:43.731+0000] {dag.py:2585} INFO - Sync 1 DAGs
[2023-09-10T05:47:43.760+0000] {logging_mixin.py:120} INFO - [2023-09-10T05:47:43.759+0000] {dag.py:3340} INFO - Setting next_dagrun for group_dag to 2023-09-09T00:00:00+00:00, run_after=2023-09-10T00:00:00+00:00
[2023-09-10T05:47:43.777+0000] {processor.py:176} INFO - Processing /opt/airflow/dags/group_dag.py took 0.110 seconds
[2023-09-10T05:48:14.747+0000] {processor.py:154} INFO - Started process (PID=252) to work on /opt/airflow/dags/group_dag.py
[2023-09-10T05:48:14.748+0000] {processor.py:756} INFO - Processing file /opt/airflow/dags/group_dag.py for tasks to queue
[2023-09-10T05:48:14.749+0000] {logging_mixin.py:120} INFO - [2023-09-10T05:48:14.749+0000] {dagbag.py:537} INFO - Filling up the DagBag from /opt/airflow/dags/group_dag.py
[2023-09-10T05:48:14.767+0000] {processor.py:766} INFO - DAG(s) dict_keys(['group_dag']) retrieved from /opt/airflow/dags/group_dag.py
[2023-09-10T05:48:14.807+0000] {logging_mixin.py:120} INFO - [2023-09-10T05:48:14.807+0000] {dag.py:2585} INFO - Sync 1 DAGs
[2023-09-10T05:48:14.834+0000] {logging_mixin.py:120} INFO - [2023-09-10T05:48:14.833+0000] {dag.py:3340} INFO - Setting next_dagrun for group_dag to 2023-09-09T00:00:00+00:00, run_after=2023-09-10T00:00:00+00:00
[2023-09-10T05:48:14.853+0000] {processor.py:176} INFO - Processing /opt/airflow/dags/group_dag.py took 0.109 seconds
