[2023-09-03T07:21:52.993+0000] {taskinstance.py:1165} INFO - Dependencies all met for <TaskInstance: parallel_dag.extract_a scheduled__2023-09-02T00:00:00+00:00 [queued]>
[2023-09-03T07:21:53.005+0000] {taskinstance.py:1165} INFO - Dependencies all met for <TaskInstance: parallel_dag.extract_a scheduled__2023-09-02T00:00:00+00:00 [queued]>
[2023-09-03T07:21:53.005+0000] {taskinstance.py:1362} INFO - 
--------------------------------------------------------------------------------
[2023-09-03T07:21:53.005+0000] {taskinstance.py:1363} INFO - Starting attempt 1 of 1
[2023-09-03T07:21:53.006+0000] {taskinstance.py:1364} INFO - 
--------------------------------------------------------------------------------
[2023-09-03T07:21:53.021+0000] {taskinstance.py:1383} INFO - Executing <Task(BashOperator): extract_a> on 2023-09-02 00:00:00+00:00
[2023-09-03T07:21:53.025+0000] {standard_task_runner.py:55} INFO - Started process 8948 to run task
[2023-09-03T07:21:53.028+0000] {standard_task_runner.py:82} INFO - Running: ['***', 'tasks', 'run', 'parallel_dag', 'extract_a', 'scheduled__2023-09-02T00:00:00+00:00', '--job-id', '172', '--raw', '--subdir', 'DAGS_FOLDER/parallel_dag.py', '--cfg-path', '/tmp/tmp8ofxy81x']
[2023-09-03T07:21:53.028+0000] {standard_task_runner.py:83} INFO - Job 172: Subtask extract_a
[2023-09-03T07:21:53.141+0000] {task_command.py:376} INFO - Running <TaskInstance: parallel_dag.extract_a scheduled__2023-09-02T00:00:00+00:00 [running]> on host 6f35104e1718
[2023-09-03T07:21:53.234+0000] {taskinstance.py:1592} INFO - Exporting the following env vars:
AIRFLOW_CTX_DAG_OWNER=***
AIRFLOW_CTX_DAG_ID=parallel_dag
AIRFLOW_CTX_TASK_ID=extract_a
AIRFLOW_CTX_EXECUTION_DATE=2023-09-02T00:00:00+00:00
AIRFLOW_CTX_TRY_NUMBER=1
AIRFLOW_CTX_DAG_RUN_ID=scheduled__2023-09-02T00:00:00+00:00
[2023-09-03T07:21:53.235+0000] {subprocess.py:63} INFO - Tmp dir root location: 
 /tmp
[2023-09-03T07:21:53.236+0000] {subprocess.py:75} INFO - Running command: ['/bin/bash', '-c', 'sleep 1']
[2023-09-03T07:21:53.246+0000] {subprocess.py:86} INFO - Output:
[2023-09-03T07:21:54.258+0000] {subprocess.py:97} INFO - Command exited with return code 0
[2023-09-03T07:21:54.299+0000] {taskinstance.py:1406} INFO - Marking task as SUCCESS. dag_id=parallel_dag, task_id=extract_a, execution_date=20230902T000000, start_date=20230903T072152, end_date=20230903T072154
[2023-09-03T07:21:54.329+0000] {local_task_job.py:164} INFO - Task exited with return code 0
[2023-09-03T07:21:54.361+0000] {local_task_job.py:273} INFO - 1 downstream tasks scheduled from follow-on schedule check
