[2023-09-04T09:31:17.886+0000] {taskinstance.py:1165} INFO - Dependencies all met for <TaskInstance: group_dag.transforms.transform_a manual__2023-09-04T09:30:54.330805+00:00 [queued]>
[2023-09-04T09:31:17.896+0000] {taskinstance.py:1165} INFO - Dependencies all met for <TaskInstance: group_dag.transforms.transform_a manual__2023-09-04T09:30:54.330805+00:00 [queued]>
[2023-09-04T09:31:17.896+0000] {taskinstance.py:1362} INFO - 
--------------------------------------------------------------------------------
[2023-09-04T09:31:17.897+0000] {taskinstance.py:1363} INFO - Starting attempt 1 of 1
[2023-09-04T09:31:17.897+0000] {taskinstance.py:1364} INFO - 
--------------------------------------------------------------------------------
[2023-09-04T09:31:17.919+0000] {taskinstance.py:1383} INFO - Executing <Task(BashOperator): transforms.transform_a> on 2023-09-04 09:30:54.330805+00:00
[2023-09-04T09:31:17.924+0000] {standard_task_runner.py:55} INFO - Started process 683 to run task
[2023-09-04T09:31:17.927+0000] {standard_task_runner.py:82} INFO - Running: ['***', 'tasks', 'run', 'group_dag', 'transforms.transform_a', 'manual__2023-09-04T09:30:54.330805+00:00', '--job-id', '199', '--raw', '--subdir', 'DAGS_FOLDER/group_dag.py', '--cfg-path', '/tmp/tmp399pwo_r']
[2023-09-04T09:31:17.927+0000] {standard_task_runner.py:83} INFO - Job 199: Subtask transforms.transform_a
[2023-09-04T09:31:17.985+0000] {task_command.py:376} INFO - Running <TaskInstance: group_dag.transforms.transform_a manual__2023-09-04T09:30:54.330805+00:00 [running]> on host 6f35104e1718
[2023-09-04T09:31:18.062+0000] {taskinstance.py:1592} INFO - Exporting the following env vars:
AIRFLOW_CTX_DAG_OWNER=***
AIRFLOW_CTX_DAG_ID=group_dag
AIRFLOW_CTX_TASK_ID=transforms.transform_a
AIRFLOW_CTX_EXECUTION_DATE=2023-09-04T09:30:54.330805+00:00
AIRFLOW_CTX_TRY_NUMBER=1
AIRFLOW_CTX_DAG_RUN_ID=manual__2023-09-04T09:30:54.330805+00:00
[2023-09-04T09:31:18.063+0000] {subprocess.py:63} INFO - Tmp dir root location: 
 /tmp
[2023-09-04T09:31:18.064+0000] {subprocess.py:75} INFO - Running command: ['/bin/bash', '-c', 'sleep 10']
[2023-09-04T09:31:18.073+0000] {subprocess.py:86} INFO - Output:
[2023-09-04T09:31:28.078+0000] {subprocess.py:97} INFO - Command exited with return code 0
[2023-09-04T09:31:28.109+0000] {taskinstance.py:1406} INFO - Marking task as SUCCESS. dag_id=group_dag, task_id=transforms.transform_a, execution_date=20230904T093054, start_date=20230904T093117, end_date=20230904T093128
[2023-09-04T09:31:28.140+0000] {local_task_job.py:164} INFO - Task exited with return code 0
[2023-09-04T09:31:28.157+0000] {local_task_job.py:273} INFO - 0 downstream tasks scheduled from follow-on schedule check
