[2023-09-04T02:57:53.444+0000] {taskinstance.py:1165} INFO - Dependencies all met for <TaskInstance: parallel_dag.transform manual__2023-09-04T02:57:48.158783+00:00 [queued]>
[2023-09-04T02:57:53.454+0000] {taskinstance.py:1165} INFO - Dependencies all met for <TaskInstance: parallel_dag.transform manual__2023-09-04T02:57:48.158783+00:00 [queued]>
[2023-09-04T02:57:53.454+0000] {taskinstance.py:1362} INFO - 
--------------------------------------------------------------------------------
[2023-09-04T02:57:53.455+0000] {taskinstance.py:1363} INFO - Starting attempt 1 of 1
[2023-09-04T02:57:53.455+0000] {taskinstance.py:1364} INFO - 
--------------------------------------------------------------------------------
[2023-09-04T02:57:53.470+0000] {taskinstance.py:1383} INFO - Executing <Task(BashOperator): transform> on 2023-09-04 02:57:48.158783+00:00
[2023-09-04T02:57:53.474+0000] {standard_task_runner.py:55} INFO - Started process 18385 to run task
[2023-09-04T02:57:53.478+0000] {standard_task_runner.py:82} INFO - Running: ['***', 'tasks', 'run', 'parallel_dag', 'transform', 'manual__2023-09-04T02:57:48.158783+00:00', '--job-id', '186', '--raw', '--subdir', 'DAGS_FOLDER/parallel_dag.py', '--cfg-path', '/tmp/tmpx77laq_5']
[2023-09-04T02:57:53.478+0000] {standard_task_runner.py:83} INFO - Job 186: Subtask transform
[2023-09-04T02:57:53.538+0000] {task_command.py:376} INFO - Running <TaskInstance: parallel_dag.transform manual__2023-09-04T02:57:48.158783+00:00 [running]> on host 6afb5dd21eba
[2023-09-04T02:57:53.609+0000] {taskinstance.py:1592} INFO - Exporting the following env vars:
AIRFLOW_CTX_DAG_OWNER=***
AIRFLOW_CTX_DAG_ID=parallel_dag
AIRFLOW_CTX_TASK_ID=transform
AIRFLOW_CTX_EXECUTION_DATE=2023-09-04T02:57:48.158783+00:00
AIRFLOW_CTX_TRY_NUMBER=1
AIRFLOW_CTX_DAG_RUN_ID=manual__2023-09-04T02:57:48.158783+00:00
[2023-09-04T02:57:53.610+0000] {subprocess.py:63} INFO - Tmp dir root location: 
 /tmp
[2023-09-04T02:57:53.611+0000] {subprocess.py:75} INFO - Running command: ['/bin/bash', '-c', 'sleep 1']
[2023-09-04T02:57:53.619+0000] {subprocess.py:86} INFO - Output:
[2023-09-04T02:57:54.623+0000] {subprocess.py:97} INFO - Command exited with return code 0
[2023-09-04T02:57:54.657+0000] {taskinstance.py:1406} INFO - Marking task as SUCCESS. dag_id=parallel_dag, task_id=transform, execution_date=20230904T025748, start_date=20230904T025753, end_date=20230904T025754
[2023-09-04T02:57:54.694+0000] {local_task_job.py:164} INFO - Task exited with return code 0
[2023-09-04T02:57:54.722+0000] {local_task_job.py:273} INFO - 0 downstream tasks scheduled from follow-on schedule check
