[2023-09-02T05:55:57.794+0000] {taskinstance.py:1165} INFO - Dependencies all met for <TaskInstance: parallel_dag.load_a manual__2023-09-02T05:55:52.306574+00:00 [queued]>
[2023-09-02T05:55:57.843+0000] {taskinstance.py:1165} INFO - Dependencies all met for <TaskInstance: parallel_dag.load_a manual__2023-09-02T05:55:52.306574+00:00 [queued]>
[2023-09-02T05:55:57.844+0000] {taskinstance.py:1362} INFO - 
--------------------------------------------------------------------------------
[2023-09-02T05:55:57.844+0000] {taskinstance.py:1363} INFO - Starting attempt 1 of 1
[2023-09-02T05:55:57.845+0000] {taskinstance.py:1364} INFO - 
--------------------------------------------------------------------------------
[2023-09-02T05:55:57.924+0000] {taskinstance.py:1383} INFO - Executing <Task(BashOperator): load_a> on 2023-09-02 05:55:52.306574+00:00
[2023-09-02T05:55:57.939+0000] {standard_task_runner.py:55} INFO - Started process 112 to run task
[2023-09-02T05:55:57.956+0000] {standard_task_runner.py:82} INFO - Running: ['***', 'tasks', 'run', 'parallel_dag', 'load_a', 'manual__2023-09-02T05:55:52.306574+00:00', '--job-id', '161', '--raw', '--subdir', 'DAGS_FOLDER/parallel_dag.py', '--cfg-path', '/tmp/tmpt8in6g8z']
[2023-09-02T05:55:57.959+0000] {standard_task_runner.py:83} INFO - Job 161: Subtask load_a
[2023-09-02T05:55:58.268+0000] {task_command.py:376} INFO - Running <TaskInstance: parallel_dag.load_a manual__2023-09-02T05:55:52.306574+00:00 [running]> on host 76648a876ac5
[2023-09-02T05:55:58.630+0000] {taskinstance.py:1592} INFO - Exporting the following env vars:
AIRFLOW_CTX_DAG_OWNER=***
AIRFLOW_CTX_DAG_ID=parallel_dag
AIRFLOW_CTX_TASK_ID=load_a
AIRFLOW_CTX_EXECUTION_DATE=2023-09-02T05:55:52.306574+00:00
AIRFLOW_CTX_TRY_NUMBER=1
AIRFLOW_CTX_DAG_RUN_ID=manual__2023-09-02T05:55:52.306574+00:00
[2023-09-02T05:55:58.637+0000] {subprocess.py:63} INFO - Tmp dir root location: 
 /tmp
[2023-09-02T05:55:58.640+0000] {subprocess.py:75} INFO - Running command: ['/bin/bash', '-c', 'sleep 1']
[2023-09-02T05:55:58.675+0000] {subprocess.py:86} INFO - Output:
[2023-09-02T05:55:59.732+0000] {subprocess.py:97} INFO - Command exited with return code 0
[2023-09-02T05:55:59.919+0000] {taskinstance.py:1406} INFO - Marking task as SUCCESS. dag_id=parallel_dag, task_id=load_a, execution_date=20230902T055552, start_date=20230902T055557, end_date=20230902T055559
[2023-09-02T05:55:59.984+0000] {local_task_job.py:164} INFO - Task exited with return code 0
[2023-09-02T05:56:00.182+0000] {local_task_job.py:273} INFO - 0 downstream tasks scheduled from follow-on schedule check
