[2023-09-01T05:06:16.120+0000] {taskinstance.py:1165} INFO - Dependencies all met for <TaskInstance: consumer.read_dataset dataset_triggered__2023-09-01T05:06:15.538897+00:00 [queued]>
[2023-09-01T05:06:16.129+0000] {taskinstance.py:1165} INFO - Dependencies all met for <TaskInstance: consumer.read_dataset dataset_triggered__2023-09-01T05:06:15.538897+00:00 [queued]>
[2023-09-01T05:06:16.130+0000] {taskinstance.py:1362} INFO - 
--------------------------------------------------------------------------------
[2023-09-01T05:06:16.130+0000] {taskinstance.py:1363} INFO - Starting attempt 1 of 1
[2023-09-01T05:06:16.130+0000] {taskinstance.py:1364} INFO - 
--------------------------------------------------------------------------------
[2023-09-01T05:06:16.145+0000] {taskinstance.py:1383} INFO - Executing <Task(_PythonDecoratedOperator): read_dataset> on 2023-09-01 05:06:15.538897+00:00
[2023-09-01T05:06:16.149+0000] {standard_task_runner.py:55} INFO - Started process 21110 to run task
[2023-09-01T05:06:16.151+0000] {standard_task_runner.py:82} INFO - Running: ['***', 'tasks', 'run', 'consumer', 'read_dataset', 'dataset_triggered__2023-09-01T05:06:15.538897+00:00', '--job-id', '139', '--raw', '--subdir', 'DAGS_FOLDER/consumer.py', '--cfg-path', '/tmp/tmpbijs1yxo']
[2023-09-01T05:06:16.152+0000] {standard_task_runner.py:83} INFO - Job 139: Subtask read_dataset
[2023-09-01T05:06:16.207+0000] {task_command.py:376} INFO - Running <TaskInstance: consumer.read_dataset dataset_triggered__2023-09-01T05:06:15.538897+00:00 [running]> on host cc5748ccf2f9
[2023-09-01T05:06:16.271+0000] {taskinstance.py:1592} INFO - Exporting the following env vars:
AIRFLOW_CTX_DAG_OWNER=***
AIRFLOW_CTX_DAG_ID=consumer
AIRFLOW_CTX_TASK_ID=read_dataset
AIRFLOW_CTX_EXECUTION_DATE=2023-09-01T05:06:15.538897+00:00
AIRFLOW_CTX_TRY_NUMBER=1
AIRFLOW_CTX_DAG_RUN_ID=dataset_triggered__2023-09-01T05:06:15.538897+00:00
[2023-09-01T05:06:16.272+0000] {logging_mixin.py:120} INFO - producer update
[2023-09-01T05:06:16.272+0000] {python.py:177} INFO - Done. Returned value was: None
[2023-09-01T05:06:16.282+0000] {taskinstance.py:1406} INFO - Marking task as SUCCESS. dag_id=consumer, task_id=read_dataset, execution_date=20230901T050615, start_date=20230901T050616, end_date=20230901T050616
[2023-09-01T05:06:16.323+0000] {local_task_job.py:164} INFO - Task exited with return code 0
[2023-09-01T05:06:16.342+0000] {local_task_job.py:273} INFO - 0 downstream tasks scheduled from follow-on schedule check
