[2023-09-09T02:03:28.965+0000] {processor.py:154} INFO - Started process (PID=9274) to work on /opt/airflow/dags/consumer.py
[2023-09-09T02:03:28.967+0000] {processor.py:756} INFO - Processing file /opt/airflow/dags/consumer.py for tasks to queue
[2023-09-09T02:03:28.969+0000] {logging_mixin.py:120} INFO - [2023-09-09T02:03:28.969+0000] {dagbag.py:537} INFO - Filling up the DagBag from /opt/airflow/dags/consumer.py
[2023-09-09T02:03:29.034+0000] {processor.py:766} INFO - DAG(s) dict_keys(['consumer']) retrieved from /opt/airflow/dags/consumer.py
[2023-09-09T02:03:29.230+0000] {logging_mixin.py:120} INFO - [2023-09-09T02:03:29.229+0000] {dag.py:2585} INFO - Sync 1 DAGs
[2023-09-09T02:03:29.329+0000] {logging_mixin.py:120} INFO - [2023-09-09T02:03:29.328+0000] {dag.py:3340} INFO - Setting next_dagrun for consumer to None, run_after=None
[2023-09-09T02:03:29.417+0000] {processor.py:176} INFO - Processing /opt/airflow/dags/consumer.py took 0.463 seconds
[2023-09-09T02:03:59.869+0000] {processor.py:154} INFO - Started process (PID=9301) to work on /opt/airflow/dags/consumer.py
[2023-09-09T02:03:59.869+0000] {processor.py:756} INFO - Processing file /opt/airflow/dags/consumer.py for tasks to queue
[2023-09-09T02:03:59.870+0000] {logging_mixin.py:120} INFO - [2023-09-09T02:03:59.870+0000] {dagbag.py:537} INFO - Filling up the DagBag from /opt/airflow/dags/consumer.py
[2023-09-09T02:03:59.888+0000] {processor.py:766} INFO - DAG(s) dict_keys(['consumer']) retrieved from /opt/airflow/dags/consumer.py
[2023-09-09T02:03:59.928+0000] {logging_mixin.py:120} INFO - [2023-09-09T02:03:59.928+0000] {dag.py:2585} INFO - Sync 1 DAGs
[2023-09-09T02:03:59.952+0000] {logging_mixin.py:120} INFO - [2023-09-09T02:03:59.952+0000] {dag.py:3340} INFO - Setting next_dagrun for consumer to None, run_after=None
[2023-09-09T02:03:59.974+0000] {processor.py:176} INFO - Processing /opt/airflow/dags/consumer.py took 0.108 seconds
[2023-09-09T02:04:30.168+0000] {processor.py:154} INFO - Started process (PID=9337) to work on /opt/airflow/dags/consumer.py
[2023-09-09T02:04:30.169+0000] {processor.py:756} INFO - Processing file /opt/airflow/dags/consumer.py for tasks to queue
[2023-09-09T02:04:30.170+0000] {logging_mixin.py:120} INFO - [2023-09-09T02:04:30.170+0000] {dagbag.py:537} INFO - Filling up the DagBag from /opt/airflow/dags/consumer.py
[2023-09-09T02:04:30.194+0000] {processor.py:766} INFO - DAG(s) dict_keys(['consumer']) retrieved from /opt/airflow/dags/consumer.py
[2023-09-09T02:04:30.256+0000] {logging_mixin.py:120} INFO - [2023-09-09T02:04:30.256+0000] {dag.py:2585} INFO - Sync 1 DAGs
[2023-09-09T02:04:30.289+0000] {logging_mixin.py:120} INFO - [2023-09-09T02:04:30.289+0000] {dag.py:3340} INFO - Setting next_dagrun for consumer to None, run_after=None
[2023-09-09T02:04:30.316+0000] {processor.py:176} INFO - Processing /opt/airflow/dags/consumer.py took 0.150 seconds
[2023-09-09T02:05:00.429+0000] {processor.py:154} INFO - Started process (PID=9364) to work on /opt/airflow/dags/consumer.py
[2023-09-09T02:05:00.430+0000] {processor.py:756} INFO - Processing file /opt/airflow/dags/consumer.py for tasks to queue
[2023-09-09T02:05:00.431+0000] {logging_mixin.py:120} INFO - [2023-09-09T02:05:00.430+0000] {dagbag.py:537} INFO - Filling up the DagBag from /opt/airflow/dags/consumer.py
[2023-09-09T02:05:00.450+0000] {processor.py:766} INFO - DAG(s) dict_keys(['consumer']) retrieved from /opt/airflow/dags/consumer.py
[2023-09-09T02:05:00.489+0000] {logging_mixin.py:120} INFO - [2023-09-09T02:05:00.489+0000] {dag.py:2585} INFO - Sync 1 DAGs
[2023-09-09T02:05:00.512+0000] {logging_mixin.py:120} INFO - [2023-09-09T02:05:00.512+0000] {dag.py:3340} INFO - Setting next_dagrun for consumer to None, run_after=None
[2023-09-09T02:05:00.535+0000] {processor.py:176} INFO - Processing /opt/airflow/dags/consumer.py took 0.109 seconds
[2023-09-09T02:05:30.670+0000] {processor.py:154} INFO - Started process (PID=9400) to work on /opt/airflow/dags/consumer.py
[2023-09-09T02:05:30.672+0000] {processor.py:756} INFO - Processing file /opt/airflow/dags/consumer.py for tasks to queue
[2023-09-09T02:05:30.672+0000] {logging_mixin.py:120} INFO - [2023-09-09T02:05:30.672+0000] {dagbag.py:537} INFO - Filling up the DagBag from /opt/airflow/dags/consumer.py
[2023-09-09T02:05:30.691+0000] {processor.py:766} INFO - DAG(s) dict_keys(['consumer']) retrieved from /opt/airflow/dags/consumer.py
[2023-09-09T02:05:30.728+0000] {logging_mixin.py:120} INFO - [2023-09-09T02:05:30.728+0000] {dag.py:2585} INFO - Sync 1 DAGs
[2023-09-09T02:05:30.750+0000] {logging_mixin.py:120} INFO - [2023-09-09T02:05:30.750+0000] {dag.py:3340} INFO - Setting next_dagrun for consumer to None, run_after=None
[2023-09-09T02:05:30.770+0000] {processor.py:176} INFO - Processing /opt/airflow/dags/consumer.py took 0.103 seconds
[2023-09-09T02:06:00.921+0000] {processor.py:154} INFO - Started process (PID=9436) to work on /opt/airflow/dags/consumer.py
[2023-09-09T02:06:00.922+0000] {processor.py:756} INFO - Processing file /opt/airflow/dags/consumer.py for tasks to queue
[2023-09-09T02:06:00.922+0000] {logging_mixin.py:120} INFO - [2023-09-09T02:06:00.922+0000] {dagbag.py:537} INFO - Filling up the DagBag from /opt/airflow/dags/consumer.py
[2023-09-09T02:06:00.940+0000] {processor.py:766} INFO - DAG(s) dict_keys(['consumer']) retrieved from /opt/airflow/dags/consumer.py
[2023-09-09T02:06:00.978+0000] {logging_mixin.py:120} INFO - [2023-09-09T02:06:00.978+0000] {dag.py:2585} INFO - Sync 1 DAGs
[2023-09-09T02:06:01.000+0000] {logging_mixin.py:120} INFO - [2023-09-09T02:06:01.000+0000] {dag.py:3340} INFO - Setting next_dagrun for consumer to None, run_after=None
[2023-09-09T02:06:01.020+0000] {processor.py:176} INFO - Processing /opt/airflow/dags/consumer.py took 0.102 seconds
[2023-09-09T02:06:31.056+0000] {processor.py:154} INFO - Started process (PID=9463) to work on /opt/airflow/dags/consumer.py
[2023-09-09T02:06:31.057+0000] {processor.py:756} INFO - Processing file /opt/airflow/dags/consumer.py for tasks to queue
[2023-09-09T02:06:31.058+0000] {logging_mixin.py:120} INFO - [2023-09-09T02:06:31.058+0000] {dagbag.py:537} INFO - Filling up the DagBag from /opt/airflow/dags/consumer.py
[2023-09-09T02:06:31.077+0000] {processor.py:766} INFO - DAG(s) dict_keys(['consumer']) retrieved from /opt/airflow/dags/consumer.py
[2023-09-09T02:06:31.114+0000] {logging_mixin.py:120} INFO - [2023-09-09T02:06:31.114+0000] {dag.py:2585} INFO - Sync 1 DAGs
[2023-09-09T02:06:31.138+0000] {logging_mixin.py:120} INFO - [2023-09-09T02:06:31.138+0000] {dag.py:3340} INFO - Setting next_dagrun for consumer to None, run_after=None
[2023-09-09T02:06:31.160+0000] {processor.py:176} INFO - Processing /opt/airflow/dags/consumer.py took 0.107 seconds
[2023-09-09T02:07:01.249+0000] {processor.py:154} INFO - Started process (PID=9499) to work on /opt/airflow/dags/consumer.py
[2023-09-09T02:07:01.250+0000] {processor.py:756} INFO - Processing file /opt/airflow/dags/consumer.py for tasks to queue
[2023-09-09T02:07:01.250+0000] {logging_mixin.py:120} INFO - [2023-09-09T02:07:01.250+0000] {dagbag.py:537} INFO - Filling up the DagBag from /opt/airflow/dags/consumer.py
[2023-09-09T02:07:01.268+0000] {processor.py:766} INFO - DAG(s) dict_keys(['consumer']) retrieved from /opt/airflow/dags/consumer.py
[2023-09-09T02:07:01.305+0000] {logging_mixin.py:120} INFO - [2023-09-09T02:07:01.305+0000] {dag.py:2585} INFO - Sync 1 DAGs
[2023-09-09T02:07:01.328+0000] {logging_mixin.py:120} INFO - [2023-09-09T02:07:01.328+0000] {dag.py:3340} INFO - Setting next_dagrun for consumer to None, run_after=None
[2023-09-09T02:07:01.349+0000] {processor.py:176} INFO - Processing /opt/airflow/dags/consumer.py took 0.103 seconds
[2023-09-09T02:07:31.549+0000] {processor.py:154} INFO - Started process (PID=9535) to work on /opt/airflow/dags/consumer.py
[2023-09-09T02:07:31.550+0000] {processor.py:756} INFO - Processing file /opt/airflow/dags/consumer.py for tasks to queue
[2023-09-09T02:07:31.550+0000] {logging_mixin.py:120} INFO - [2023-09-09T02:07:31.550+0000] {dagbag.py:537} INFO - Filling up the DagBag from /opt/airflow/dags/consumer.py
[2023-09-09T02:07:31.569+0000] {processor.py:766} INFO - DAG(s) dict_keys(['consumer']) retrieved from /opt/airflow/dags/consumer.py
[2023-09-09T02:07:31.608+0000] {logging_mixin.py:120} INFO - [2023-09-09T02:07:31.608+0000] {dag.py:2585} INFO - Sync 1 DAGs
[2023-09-09T02:07:31.633+0000] {logging_mixin.py:120} INFO - [2023-09-09T02:07:31.633+0000] {dag.py:3340} INFO - Setting next_dagrun for consumer to None, run_after=None
[2023-09-09T02:07:31.655+0000] {processor.py:176} INFO - Processing /opt/airflow/dags/consumer.py took 0.110 seconds
[2023-09-09T02:08:01.764+0000] {processor.py:154} INFO - Started process (PID=9571) to work on /opt/airflow/dags/consumer.py
[2023-09-09T02:08:01.764+0000] {processor.py:756} INFO - Processing file /opt/airflow/dags/consumer.py for tasks to queue
[2023-09-09T02:08:01.765+0000] {logging_mixin.py:120} INFO - [2023-09-09T02:08:01.765+0000] {dagbag.py:537} INFO - Filling up the DagBag from /opt/airflow/dags/consumer.py
[2023-09-09T02:08:01.783+0000] {processor.py:766} INFO - DAG(s) dict_keys(['consumer']) retrieved from /opt/airflow/dags/consumer.py
[2023-09-09T02:08:01.822+0000] {logging_mixin.py:120} INFO - [2023-09-09T02:08:01.822+0000] {dag.py:2585} INFO - Sync 1 DAGs
[2023-09-09T02:08:01.845+0000] {logging_mixin.py:120} INFO - [2023-09-09T02:08:01.845+0000] {dag.py:3340} INFO - Setting next_dagrun for consumer to None, run_after=None
[2023-09-09T02:08:01.866+0000] {processor.py:176} INFO - Processing /opt/airflow/dags/consumer.py took 0.106 seconds
[2023-09-09T02:08:31.977+0000] {processor.py:154} INFO - Started process (PID=9598) to work on /opt/airflow/dags/consumer.py
[2023-09-09T02:08:31.978+0000] {processor.py:756} INFO - Processing file /opt/airflow/dags/consumer.py for tasks to queue
[2023-09-09T02:08:31.979+0000] {logging_mixin.py:120} INFO - [2023-09-09T02:08:31.979+0000] {dagbag.py:537} INFO - Filling up the DagBag from /opt/airflow/dags/consumer.py
[2023-09-09T02:08:31.997+0000] {processor.py:766} INFO - DAG(s) dict_keys(['consumer']) retrieved from /opt/airflow/dags/consumer.py
[2023-09-09T02:08:32.036+0000] {logging_mixin.py:120} INFO - [2023-09-09T02:08:32.036+0000] {dag.py:2585} INFO - Sync 1 DAGs
[2023-09-09T02:08:32.060+0000] {logging_mixin.py:120} INFO - [2023-09-09T02:08:32.060+0000] {dag.py:3340} INFO - Setting next_dagrun for consumer to None, run_after=None
[2023-09-09T02:08:32.082+0000] {processor.py:176} INFO - Processing /opt/airflow/dags/consumer.py took 0.108 seconds
[2023-09-09T02:09:02.215+0000] {processor.py:154} INFO - Started process (PID=9634) to work on /opt/airflow/dags/consumer.py
[2023-09-09T02:09:02.215+0000] {processor.py:756} INFO - Processing file /opt/airflow/dags/consumer.py for tasks to queue
[2023-09-09T02:09:02.216+0000] {logging_mixin.py:120} INFO - [2023-09-09T02:09:02.216+0000] {dagbag.py:537} INFO - Filling up the DagBag from /opt/airflow/dags/consumer.py
[2023-09-09T02:09:02.234+0000] {processor.py:766} INFO - DAG(s) dict_keys(['consumer']) retrieved from /opt/airflow/dags/consumer.py
[2023-09-09T02:09:02.271+0000] {logging_mixin.py:120} INFO - [2023-09-09T02:09:02.271+0000] {dag.py:2585} INFO - Sync 1 DAGs
[2023-09-09T02:09:02.293+0000] {logging_mixin.py:120} INFO - [2023-09-09T02:09:02.293+0000] {dag.py:3340} INFO - Setting next_dagrun for consumer to None, run_after=None
[2023-09-09T02:09:02.315+0000] {processor.py:176} INFO - Processing /opt/airflow/dags/consumer.py took 0.103 seconds
[2023-09-09T02:09:32.415+0000] {processor.py:154} INFO - Started process (PID=9670) to work on /opt/airflow/dags/consumer.py
[2023-09-09T02:09:32.416+0000] {processor.py:756} INFO - Processing file /opt/airflow/dags/consumer.py for tasks to queue
[2023-09-09T02:09:32.416+0000] {logging_mixin.py:120} INFO - [2023-09-09T02:09:32.416+0000] {dagbag.py:537} INFO - Filling up the DagBag from /opt/airflow/dags/consumer.py
[2023-09-09T02:09:32.435+0000] {processor.py:766} INFO - DAG(s) dict_keys(['consumer']) retrieved from /opt/airflow/dags/consumer.py
[2023-09-09T02:09:32.474+0000] {logging_mixin.py:120} INFO - [2023-09-09T02:09:32.474+0000] {dag.py:2585} INFO - Sync 1 DAGs
[2023-09-09T02:09:32.497+0000] {logging_mixin.py:120} INFO - [2023-09-09T02:09:32.497+0000] {dag.py:3340} INFO - Setting next_dagrun for consumer to None, run_after=None
[2023-09-09T02:09:32.522+0000] {processor.py:176} INFO - Processing /opt/airflow/dags/consumer.py took 0.110 seconds
[2023-09-09T02:10:02.640+0000] {processor.py:154} INFO - Started process (PID=9697) to work on /opt/airflow/dags/consumer.py
[2023-09-09T02:10:02.641+0000] {processor.py:756} INFO - Processing file /opt/airflow/dags/consumer.py for tasks to queue
[2023-09-09T02:10:02.642+0000] {logging_mixin.py:120} INFO - [2023-09-09T02:10:02.642+0000] {dagbag.py:537} INFO - Filling up the DagBag from /opt/airflow/dags/consumer.py
[2023-09-09T02:10:02.663+0000] {processor.py:766} INFO - DAG(s) dict_keys(['consumer']) retrieved from /opt/airflow/dags/consumer.py
[2023-09-09T02:10:02.704+0000] {logging_mixin.py:120} INFO - [2023-09-09T02:10:02.704+0000] {dag.py:2585} INFO - Sync 1 DAGs
[2023-09-09T02:10:02.729+0000] {logging_mixin.py:120} INFO - [2023-09-09T02:10:02.729+0000] {dag.py:3340} INFO - Setting next_dagrun for consumer to None, run_after=None
[2023-09-09T02:10:02.751+0000] {processor.py:176} INFO - Processing /opt/airflow/dags/consumer.py took 0.116 seconds
[2023-09-09T02:10:32.889+0000] {processor.py:154} INFO - Started process (PID=9733) to work on /opt/airflow/dags/consumer.py
[2023-09-09T02:10:32.890+0000] {processor.py:756} INFO - Processing file /opt/airflow/dags/consumer.py for tasks to queue
[2023-09-09T02:10:32.891+0000] {logging_mixin.py:120} INFO - [2023-09-09T02:10:32.891+0000] {dagbag.py:537} INFO - Filling up the DagBag from /opt/airflow/dags/consumer.py
[2023-09-09T02:10:32.911+0000] {processor.py:766} INFO - DAG(s) dict_keys(['consumer']) retrieved from /opt/airflow/dags/consumer.py
[2023-09-09T02:10:32.949+0000] {logging_mixin.py:120} INFO - [2023-09-09T02:10:32.949+0000] {dag.py:2585} INFO - Sync 1 DAGs
[2023-09-09T02:10:32.973+0000] {logging_mixin.py:120} INFO - [2023-09-09T02:10:32.973+0000] {dag.py:3340} INFO - Setting next_dagrun for consumer to None, run_after=None
[2023-09-09T02:10:32.993+0000] {processor.py:176} INFO - Processing /opt/airflow/dags/consumer.py took 0.107 seconds
[2023-09-09T02:11:03.253+0000] {processor.py:154} INFO - Started process (PID=9769) to work on /opt/airflow/dags/consumer.py
[2023-09-09T02:11:03.254+0000] {processor.py:756} INFO - Processing file /opt/airflow/dags/consumer.py for tasks to queue
[2023-09-09T02:11:03.255+0000] {logging_mixin.py:120} INFO - [2023-09-09T02:11:03.254+0000] {dagbag.py:537} INFO - Filling up the DagBag from /opt/airflow/dags/consumer.py
[2023-09-09T02:11:03.274+0000] {processor.py:766} INFO - DAG(s) dict_keys(['consumer']) retrieved from /opt/airflow/dags/consumer.py
[2023-09-09T02:11:03.313+0000] {logging_mixin.py:120} INFO - [2023-09-09T02:11:03.313+0000] {dag.py:2585} INFO - Sync 1 DAGs
[2023-09-09T02:11:03.335+0000] {logging_mixin.py:120} INFO - [2023-09-09T02:11:03.335+0000] {dag.py:3340} INFO - Setting next_dagrun for consumer to None, run_after=None
[2023-09-09T02:11:03.356+0000] {processor.py:176} INFO - Processing /opt/airflow/dags/consumer.py took 0.105 seconds
[2023-09-09T02:11:33.460+0000] {processor.py:154} INFO - Started process (PID=9796) to work on /opt/airflow/dags/consumer.py
[2023-09-09T02:11:33.461+0000] {processor.py:756} INFO - Processing file /opt/airflow/dags/consumer.py for tasks to queue
[2023-09-09T02:11:33.461+0000] {logging_mixin.py:120} INFO - [2023-09-09T02:11:33.461+0000] {dagbag.py:537} INFO - Filling up the DagBag from /opt/airflow/dags/consumer.py
[2023-09-09T02:11:33.480+0000] {processor.py:766} INFO - DAG(s) dict_keys(['consumer']) retrieved from /opt/airflow/dags/consumer.py
[2023-09-09T02:11:33.518+0000] {logging_mixin.py:120} INFO - [2023-09-09T02:11:33.518+0000] {dag.py:2585} INFO - Sync 1 DAGs
[2023-09-09T02:11:33.541+0000] {logging_mixin.py:120} INFO - [2023-09-09T02:11:33.541+0000] {dag.py:3340} INFO - Setting next_dagrun for consumer to None, run_after=None
[2023-09-09T02:11:33.561+0000] {processor.py:176} INFO - Processing /opt/airflow/dags/consumer.py took 0.104 seconds
[2023-09-09T02:12:03.628+0000] {processor.py:154} INFO - Started process (PID=9832) to work on /opt/airflow/dags/consumer.py
[2023-09-09T02:12:03.629+0000] {processor.py:756} INFO - Processing file /opt/airflow/dags/consumer.py for tasks to queue
[2023-09-09T02:12:03.629+0000] {logging_mixin.py:120} INFO - [2023-09-09T02:12:03.629+0000] {dagbag.py:537} INFO - Filling up the DagBag from /opt/airflow/dags/consumer.py
[2023-09-09T02:12:03.651+0000] {processor.py:766} INFO - DAG(s) dict_keys(['consumer']) retrieved from /opt/airflow/dags/consumer.py
[2023-09-09T02:12:03.749+0000] {logging_mixin.py:120} INFO - [2023-09-09T02:12:03.749+0000] {dag.py:2585} INFO - Sync 1 DAGs
[2023-09-09T02:12:03.772+0000] {logging_mixin.py:120} INFO - [2023-09-09T02:12:03.772+0000] {dag.py:3340} INFO - Setting next_dagrun for consumer to None, run_after=None
[2023-09-09T02:12:03.794+0000] {processor.py:176} INFO - Processing /opt/airflow/dags/consumer.py took 0.169 seconds
[2023-09-09T02:12:33.926+0000] {processor.py:154} INFO - Started process (PID=9868) to work on /opt/airflow/dags/consumer.py
[2023-09-09T02:12:33.927+0000] {processor.py:756} INFO - Processing file /opt/airflow/dags/consumer.py for tasks to queue
[2023-09-09T02:12:33.928+0000] {logging_mixin.py:120} INFO - [2023-09-09T02:12:33.928+0000] {dagbag.py:537} INFO - Filling up the DagBag from /opt/airflow/dags/consumer.py
[2023-09-09T02:12:33.947+0000] {processor.py:766} INFO - DAG(s) dict_keys(['consumer']) retrieved from /opt/airflow/dags/consumer.py
[2023-09-09T02:12:33.984+0000] {logging_mixin.py:120} INFO - [2023-09-09T02:12:33.983+0000] {dag.py:2585} INFO - Sync 1 DAGs
[2023-09-09T02:12:34.005+0000] {logging_mixin.py:120} INFO - [2023-09-09T02:12:34.005+0000] {dag.py:3340} INFO - Setting next_dagrun for consumer to None, run_after=None
[2023-09-09T02:12:34.055+0000] {processor.py:176} INFO - Processing /opt/airflow/dags/consumer.py took 0.132 seconds
[2023-09-09T02:13:04.315+0000] {processor.py:154} INFO - Started process (PID=9895) to work on /opt/airflow/dags/consumer.py
[2023-09-09T02:13:04.315+0000] {processor.py:756} INFO - Processing file /opt/airflow/dags/consumer.py for tasks to queue
[2023-09-09T02:13:04.316+0000] {logging_mixin.py:120} INFO - [2023-09-09T02:13:04.316+0000] {dagbag.py:537} INFO - Filling up the DagBag from /opt/airflow/dags/consumer.py
[2023-09-09T02:13:04.334+0000] {processor.py:766} INFO - DAG(s) dict_keys(['consumer']) retrieved from /opt/airflow/dags/consumer.py
[2023-09-09T02:13:04.375+0000] {logging_mixin.py:120} INFO - [2023-09-09T02:13:04.375+0000] {dag.py:2585} INFO - Sync 1 DAGs
[2023-09-09T02:13:04.399+0000] {logging_mixin.py:120} INFO - [2023-09-09T02:13:04.398+0000] {dag.py:3340} INFO - Setting next_dagrun for consumer to None, run_after=None
[2023-09-09T02:13:04.421+0000] {processor.py:176} INFO - Processing /opt/airflow/dags/consumer.py took 0.109 seconds
[2023-09-09T02:13:34.617+0000] {processor.py:154} INFO - Started process (PID=9931) to work on /opt/airflow/dags/consumer.py
[2023-09-09T02:13:34.618+0000] {processor.py:756} INFO - Processing file /opt/airflow/dags/consumer.py for tasks to queue
[2023-09-09T02:13:34.619+0000] {logging_mixin.py:120} INFO - [2023-09-09T02:13:34.618+0000] {dagbag.py:537} INFO - Filling up the DagBag from /opt/airflow/dags/consumer.py
[2023-09-09T02:13:34.637+0000] {processor.py:766} INFO - DAG(s) dict_keys(['consumer']) retrieved from /opt/airflow/dags/consumer.py
[2023-09-09T02:13:34.673+0000] {logging_mixin.py:120} INFO - [2023-09-09T02:13:34.673+0000] {dag.py:2585} INFO - Sync 1 DAGs
[2023-09-09T02:13:34.697+0000] {logging_mixin.py:120} INFO - [2023-09-09T02:13:34.697+0000] {dag.py:3340} INFO - Setting next_dagrun for consumer to None, run_after=None
[2023-09-09T02:13:34.717+0000] {processor.py:176} INFO - Processing /opt/airflow/dags/consumer.py took 0.102 seconds
[2023-09-09T02:14:04.841+0000] {processor.py:154} INFO - Started process (PID=9967) to work on /opt/airflow/dags/consumer.py
[2023-09-09T02:14:04.842+0000] {processor.py:756} INFO - Processing file /opt/airflow/dags/consumer.py for tasks to queue
[2023-09-09T02:14:04.842+0000] {logging_mixin.py:120} INFO - [2023-09-09T02:14:04.842+0000] {dagbag.py:537} INFO - Filling up the DagBag from /opt/airflow/dags/consumer.py
[2023-09-09T02:14:04.860+0000] {processor.py:766} INFO - DAG(s) dict_keys(['consumer']) retrieved from /opt/airflow/dags/consumer.py
[2023-09-09T02:14:04.898+0000] {logging_mixin.py:120} INFO - [2023-09-09T02:14:04.898+0000] {dag.py:2585} INFO - Sync 1 DAGs
[2023-09-09T02:14:04.921+0000] {logging_mixin.py:120} INFO - [2023-09-09T02:14:04.921+0000] {dag.py:3340} INFO - Setting next_dagrun for consumer to None, run_after=None
[2023-09-09T02:14:04.941+0000] {processor.py:176} INFO - Processing /opt/airflow/dags/consumer.py took 0.103 seconds
[2023-09-09T02:14:35.259+0000] {processor.py:154} INFO - Started process (PID=9994) to work on /opt/airflow/dags/consumer.py
[2023-09-09T02:14:35.261+0000] {processor.py:756} INFO - Processing file /opt/airflow/dags/consumer.py for tasks to queue
[2023-09-09T02:14:35.262+0000] {logging_mixin.py:120} INFO - [2023-09-09T02:14:35.261+0000] {dagbag.py:537} INFO - Filling up the DagBag from /opt/airflow/dags/consumer.py
[2023-09-09T02:14:35.281+0000] {processor.py:766} INFO - DAG(s) dict_keys(['consumer']) retrieved from /opt/airflow/dags/consumer.py
[2023-09-09T02:14:35.320+0000] {logging_mixin.py:120} INFO - [2023-09-09T02:14:35.320+0000] {dag.py:2585} INFO - Sync 1 DAGs
[2023-09-09T02:14:35.342+0000] {logging_mixin.py:120} INFO - [2023-09-09T02:14:35.342+0000] {dag.py:3340} INFO - Setting next_dagrun for consumer to None, run_after=None
[2023-09-09T02:14:35.362+0000] {processor.py:176} INFO - Processing /opt/airflow/dags/consumer.py took 0.107 seconds
[2023-09-09T02:15:05.518+0000] {processor.py:154} INFO - Started process (PID=10030) to work on /opt/airflow/dags/consumer.py
[2023-09-09T02:15:05.519+0000] {processor.py:756} INFO - Processing file /opt/airflow/dags/consumer.py for tasks to queue
[2023-09-09T02:15:05.520+0000] {logging_mixin.py:120} INFO - [2023-09-09T02:15:05.520+0000] {dagbag.py:537} INFO - Filling up the DagBag from /opt/airflow/dags/consumer.py
[2023-09-09T02:15:05.538+0000] {processor.py:766} INFO - DAG(s) dict_keys(['consumer']) retrieved from /opt/airflow/dags/consumer.py
[2023-09-09T02:15:05.578+0000] {logging_mixin.py:120} INFO - [2023-09-09T02:15:05.578+0000] {dag.py:2585} INFO - Sync 1 DAGs
[2023-09-09T02:15:05.601+0000] {logging_mixin.py:120} INFO - [2023-09-09T02:15:05.601+0000] {dag.py:3340} INFO - Setting next_dagrun for consumer to None, run_after=None
[2023-09-09T02:15:05.624+0000] {processor.py:176} INFO - Processing /opt/airflow/dags/consumer.py took 0.109 seconds
[2023-09-09T02:15:35.761+0000] {processor.py:154} INFO - Started process (PID=10066) to work on /opt/airflow/dags/consumer.py
[2023-09-09T02:15:35.762+0000] {processor.py:756} INFO - Processing file /opt/airflow/dags/consumer.py for tasks to queue
[2023-09-09T02:15:35.763+0000] {logging_mixin.py:120} INFO - [2023-09-09T02:15:35.763+0000] {dagbag.py:537} INFO - Filling up the DagBag from /opt/airflow/dags/consumer.py
[2023-09-09T02:15:35.782+0000] {processor.py:766} INFO - DAG(s) dict_keys(['consumer']) retrieved from /opt/airflow/dags/consumer.py
[2023-09-09T02:15:35.820+0000] {logging_mixin.py:120} INFO - [2023-09-09T02:15:35.820+0000] {dag.py:2585} INFO - Sync 1 DAGs
[2023-09-09T02:15:35.843+0000] {logging_mixin.py:120} INFO - [2023-09-09T02:15:35.843+0000] {dag.py:3340} INFO - Setting next_dagrun for consumer to None, run_after=None
[2023-09-09T02:15:35.866+0000] {processor.py:176} INFO - Processing /opt/airflow/dags/consumer.py took 0.111 seconds
[2023-09-09T02:16:05.903+0000] {processor.py:154} INFO - Started process (PID=10093) to work on /opt/airflow/dags/consumer.py
[2023-09-09T02:16:05.904+0000] {processor.py:756} INFO - Processing file /opt/airflow/dags/consumer.py for tasks to queue
[2023-09-09T02:16:05.904+0000] {logging_mixin.py:120} INFO - [2023-09-09T02:16:05.904+0000] {dagbag.py:537} INFO - Filling up the DagBag from /opt/airflow/dags/consumer.py
[2023-09-09T02:16:05.923+0000] {processor.py:766} INFO - DAG(s) dict_keys(['consumer']) retrieved from /opt/airflow/dags/consumer.py
[2023-09-09T02:16:05.962+0000] {logging_mixin.py:120} INFO - [2023-09-09T02:16:05.962+0000] {dag.py:2585} INFO - Sync 1 DAGs
[2023-09-09T02:16:05.987+0000] {logging_mixin.py:120} INFO - [2023-09-09T02:16:05.987+0000] {dag.py:3340} INFO - Setting next_dagrun for consumer to None, run_after=None
[2023-09-09T02:16:06.008+0000] {processor.py:176} INFO - Processing /opt/airflow/dags/consumer.py took 0.108 seconds
[2023-09-09T02:16:36.168+0000] {processor.py:154} INFO - Started process (PID=10129) to work on /opt/airflow/dags/consumer.py
[2023-09-09T02:16:36.169+0000] {processor.py:756} INFO - Processing file /opt/airflow/dags/consumer.py for tasks to queue
[2023-09-09T02:16:36.169+0000] {logging_mixin.py:120} INFO - [2023-09-09T02:16:36.169+0000] {dagbag.py:537} INFO - Filling up the DagBag from /opt/airflow/dags/consumer.py
[2023-09-09T02:16:36.187+0000] {processor.py:766} INFO - DAG(s) dict_keys(['consumer']) retrieved from /opt/airflow/dags/consumer.py
[2023-09-09T02:16:36.224+0000] {logging_mixin.py:120} INFO - [2023-09-09T02:16:36.224+0000] {dag.py:2585} INFO - Sync 1 DAGs
[2023-09-09T02:16:36.247+0000] {logging_mixin.py:120} INFO - [2023-09-09T02:16:36.247+0000] {dag.py:3340} INFO - Setting next_dagrun for consumer to None, run_after=None
[2023-09-09T02:16:36.269+0000] {processor.py:176} INFO - Processing /opt/airflow/dags/consumer.py took 0.104 seconds
[2023-09-09T02:17:06.403+0000] {processor.py:154} INFO - Started process (PID=10165) to work on /opt/airflow/dags/consumer.py
[2023-09-09T02:17:06.403+0000] {processor.py:756} INFO - Processing file /opt/airflow/dags/consumer.py for tasks to queue
[2023-09-09T02:17:06.404+0000] {logging_mixin.py:120} INFO - [2023-09-09T02:17:06.404+0000] {dagbag.py:537} INFO - Filling up the DagBag from /opt/airflow/dags/consumer.py
[2023-09-09T02:17:06.423+0000] {processor.py:766} INFO - DAG(s) dict_keys(['consumer']) retrieved from /opt/airflow/dags/consumer.py
[2023-09-09T02:17:06.462+0000] {logging_mixin.py:120} INFO - [2023-09-09T02:17:06.462+0000] {dag.py:2585} INFO - Sync 1 DAGs
[2023-09-09T02:17:06.486+0000] {logging_mixin.py:120} INFO - [2023-09-09T02:17:06.486+0000] {dag.py:3340} INFO - Setting next_dagrun for consumer to None, run_after=None
[2023-09-09T02:17:06.508+0000] {processor.py:176} INFO - Processing /opt/airflow/dags/consumer.py took 0.109 seconds
[2023-09-09T02:17:36.642+0000] {processor.py:154} INFO - Started process (PID=10192) to work on /opt/airflow/dags/consumer.py
[2023-09-09T02:17:36.643+0000] {processor.py:756} INFO - Processing file /opt/airflow/dags/consumer.py for tasks to queue
[2023-09-09T02:17:36.643+0000] {logging_mixin.py:120} INFO - [2023-09-09T02:17:36.643+0000] {dagbag.py:537} INFO - Filling up the DagBag from /opt/airflow/dags/consumer.py
[2023-09-09T02:17:36.662+0000] {processor.py:766} INFO - DAG(s) dict_keys(['consumer']) retrieved from /opt/airflow/dags/consumer.py
[2023-09-09T02:17:36.699+0000] {logging_mixin.py:120} INFO - [2023-09-09T02:17:36.699+0000] {dag.py:2585} INFO - Sync 1 DAGs
[2023-09-09T02:17:36.721+0000] {logging_mixin.py:120} INFO - [2023-09-09T02:17:36.721+0000] {dag.py:3340} INFO - Setting next_dagrun for consumer to None, run_after=None
[2023-09-09T02:17:36.741+0000] {processor.py:176} INFO - Processing /opt/airflow/dags/consumer.py took 0.102 seconds
[2023-09-09T02:18:06.762+0000] {processor.py:154} INFO - Started process (PID=10228) to work on /opt/airflow/dags/consumer.py
[2023-09-09T02:18:06.763+0000] {processor.py:756} INFO - Processing file /opt/airflow/dags/consumer.py for tasks to queue
[2023-09-09T02:18:06.763+0000] {logging_mixin.py:120} INFO - [2023-09-09T02:18:06.763+0000] {dagbag.py:537} INFO - Filling up the DagBag from /opt/airflow/dags/consumer.py
[2023-09-09T02:18:06.781+0000] {processor.py:766} INFO - DAG(s) dict_keys(['consumer']) retrieved from /opt/airflow/dags/consumer.py
[2023-09-09T02:18:06.818+0000] {logging_mixin.py:120} INFO - [2023-09-09T02:18:06.818+0000] {dag.py:2585} INFO - Sync 1 DAGs
[2023-09-09T02:18:06.841+0000] {logging_mixin.py:120} INFO - [2023-09-09T02:18:06.841+0000] {dag.py:3340} INFO - Setting next_dagrun for consumer to None, run_after=None
[2023-09-09T02:18:06.861+0000] {processor.py:176} INFO - Processing /opt/airflow/dags/consumer.py took 0.102 seconds
[2023-09-09T02:18:37.295+0000] {processor.py:154} INFO - Started process (PID=10262) to work on /opt/airflow/dags/consumer.py
[2023-09-09T02:18:37.296+0000] {processor.py:756} INFO - Processing file /opt/airflow/dags/consumer.py for tasks to queue
[2023-09-09T02:18:37.297+0000] {logging_mixin.py:120} INFO - [2023-09-09T02:18:37.297+0000] {dagbag.py:537} INFO - Filling up the DagBag from /opt/airflow/dags/consumer.py
[2023-09-09T02:18:37.316+0000] {processor.py:766} INFO - DAG(s) dict_keys(['consumer']) retrieved from /opt/airflow/dags/consumer.py
[2023-09-09T02:18:37.353+0000] {logging_mixin.py:120} INFO - [2023-09-09T02:18:37.353+0000] {dag.py:2585} INFO - Sync 1 DAGs
[2023-09-09T02:18:37.375+0000] {logging_mixin.py:120} INFO - [2023-09-09T02:18:37.375+0000] {dag.py:3340} INFO - Setting next_dagrun for consumer to None, run_after=None
[2023-09-09T02:18:37.396+0000] {processor.py:176} INFO - Processing /opt/airflow/dags/consumer.py took 0.104 seconds
[2023-09-09T02:19:07.518+0000] {processor.py:154} INFO - Started process (PID=10289) to work on /opt/airflow/dags/consumer.py
[2023-09-09T02:19:07.518+0000] {processor.py:756} INFO - Processing file /opt/airflow/dags/consumer.py for tasks to queue
[2023-09-09T02:19:07.519+0000] {logging_mixin.py:120} INFO - [2023-09-09T02:19:07.519+0000] {dagbag.py:537} INFO - Filling up the DagBag from /opt/airflow/dags/consumer.py
[2023-09-09T02:19:07.537+0000] {processor.py:766} INFO - DAG(s) dict_keys(['consumer']) retrieved from /opt/airflow/dags/consumer.py
[2023-09-09T02:19:07.575+0000] {logging_mixin.py:120} INFO - [2023-09-09T02:19:07.575+0000] {dag.py:2585} INFO - Sync 1 DAGs
[2023-09-09T02:19:07.603+0000] {logging_mixin.py:120} INFO - [2023-09-09T02:19:07.603+0000] {dag.py:3340} INFO - Setting next_dagrun for consumer to None, run_after=None
[2023-09-09T02:19:07.629+0000] {processor.py:176} INFO - Processing /opt/airflow/dags/consumer.py took 0.114 seconds
[2023-09-09T02:19:37.725+0000] {processor.py:154} INFO - Started process (PID=10325) to work on /opt/airflow/dags/consumer.py
[2023-09-09T02:19:37.726+0000] {processor.py:756} INFO - Processing file /opt/airflow/dags/consumer.py for tasks to queue
[2023-09-09T02:19:37.727+0000] {logging_mixin.py:120} INFO - [2023-09-09T02:19:37.727+0000] {dagbag.py:537} INFO - Filling up the DagBag from /opt/airflow/dags/consumer.py
[2023-09-09T02:19:37.744+0000] {processor.py:766} INFO - DAG(s) dict_keys(['consumer']) retrieved from /opt/airflow/dags/consumer.py
[2023-09-09T02:19:37.782+0000] {logging_mixin.py:120} INFO - [2023-09-09T02:19:37.781+0000] {dag.py:2585} INFO - Sync 1 DAGs
[2023-09-09T02:19:37.806+0000] {logging_mixin.py:120} INFO - [2023-09-09T02:19:37.806+0000] {dag.py:3340} INFO - Setting next_dagrun for consumer to None, run_after=None
[2023-09-09T02:19:37.826+0000] {processor.py:176} INFO - Processing /opt/airflow/dags/consumer.py took 0.104 seconds
[2023-09-09T02:20:07.894+0000] {processor.py:154} INFO - Started process (PID=10361) to work on /opt/airflow/dags/consumer.py
[2023-09-09T02:20:07.895+0000] {processor.py:756} INFO - Processing file /opt/airflow/dags/consumer.py for tasks to queue
[2023-09-09T02:20:07.896+0000] {logging_mixin.py:120} INFO - [2023-09-09T02:20:07.896+0000] {dagbag.py:537} INFO - Filling up the DagBag from /opt/airflow/dags/consumer.py
[2023-09-09T02:20:07.914+0000] {processor.py:766} INFO - DAG(s) dict_keys(['consumer']) retrieved from /opt/airflow/dags/consumer.py
[2023-09-09T02:20:07.952+0000] {logging_mixin.py:120} INFO - [2023-09-09T02:20:07.952+0000] {dag.py:2585} INFO - Sync 1 DAGs
[2023-09-09T02:20:07.975+0000] {logging_mixin.py:120} INFO - [2023-09-09T02:20:07.974+0000] {dag.py:3340} INFO - Setting next_dagrun for consumer to None, run_after=None
[2023-09-09T02:20:07.994+0000] {processor.py:176} INFO - Processing /opt/airflow/dags/consumer.py took 0.103 seconds
[2023-09-09T05:21:54.064+0000] {processor.py:154} INFO - Started process (PID=10389) to work on /opt/airflow/dags/consumer.py
[2023-09-09T05:21:54.067+0000] {processor.py:756} INFO - Processing file /opt/airflow/dags/consumer.py for tasks to queue
[2023-09-09T05:21:54.069+0000] {logging_mixin.py:120} INFO - [2023-09-09T05:21:54.069+0000] {dagbag.py:537} INFO - Filling up the DagBag from /opt/airflow/dags/consumer.py
[2023-09-09T05:21:54.174+0000] {processor.py:766} INFO - DAG(s) dict_keys(['consumer']) retrieved from /opt/airflow/dags/consumer.py
[2023-09-09T05:21:54.360+0000] {logging_mixin.py:120} INFO - [2023-09-09T05:21:54.360+0000] {dag.py:2585} INFO - Sync 1 DAGs
[2023-09-09T05:21:54.487+0000] {logging_mixin.py:120} INFO - [2023-09-09T05:21:54.487+0000] {dag.py:3340} INFO - Setting next_dagrun for consumer to None, run_after=None
[2023-09-09T05:21:54.633+0000] {processor.py:176} INFO - Processing /opt/airflow/dags/consumer.py took 0.579 seconds
[2023-09-09T05:22:25.074+0000] {processor.py:154} INFO - Started process (PID=10416) to work on /opt/airflow/dags/consumer.py
[2023-09-09T05:22:25.074+0000] {processor.py:756} INFO - Processing file /opt/airflow/dags/consumer.py for tasks to queue
[2023-09-09T05:22:25.075+0000] {logging_mixin.py:120} INFO - [2023-09-09T05:22:25.075+0000] {dagbag.py:537} INFO - Filling up the DagBag from /opt/airflow/dags/consumer.py
[2023-09-09T05:22:25.094+0000] {processor.py:766} INFO - DAG(s) dict_keys(['consumer']) retrieved from /opt/airflow/dags/consumer.py
[2023-09-09T05:22:25.134+0000] {logging_mixin.py:120} INFO - [2023-09-09T05:22:25.134+0000] {dag.py:2585} INFO - Sync 1 DAGs
[2023-09-09T05:22:25.156+0000] {logging_mixin.py:120} INFO - [2023-09-09T05:22:25.156+0000] {dag.py:3340} INFO - Setting next_dagrun for consumer to None, run_after=None
[2023-09-09T05:22:25.178+0000] {processor.py:176} INFO - Processing /opt/airflow/dags/consumer.py took 0.107 seconds
[2023-09-09T05:22:55.281+0000] {processor.py:154} INFO - Started process (PID=10452) to work on /opt/airflow/dags/consumer.py
[2023-09-09T05:22:55.283+0000] {processor.py:756} INFO - Processing file /opt/airflow/dags/consumer.py for tasks to queue
[2023-09-09T05:22:55.284+0000] {logging_mixin.py:120} INFO - [2023-09-09T05:22:55.284+0000] {dagbag.py:537} INFO - Filling up the DagBag from /opt/airflow/dags/consumer.py
[2023-09-09T05:22:55.309+0000] {processor.py:766} INFO - DAG(s) dict_keys(['consumer']) retrieved from /opt/airflow/dags/consumer.py
[2023-09-09T05:22:55.354+0000] {logging_mixin.py:120} INFO - [2023-09-09T05:22:55.354+0000] {dag.py:2585} INFO - Sync 1 DAGs
[2023-09-09T05:22:55.378+0000] {logging_mixin.py:120} INFO - [2023-09-09T05:22:55.378+0000] {dag.py:3340} INFO - Setting next_dagrun for consumer to None, run_after=None
[2023-09-09T05:22:55.402+0000] {processor.py:176} INFO - Processing /opt/airflow/dags/consumer.py took 0.124 seconds
[2023-09-09T05:23:25.636+0000] {processor.py:154} INFO - Started process (PID=10479) to work on /opt/airflow/dags/consumer.py
[2023-09-09T05:23:25.637+0000] {processor.py:756} INFO - Processing file /opt/airflow/dags/consumer.py for tasks to queue
[2023-09-09T05:23:25.637+0000] {logging_mixin.py:120} INFO - [2023-09-09T05:23:25.637+0000] {dagbag.py:537} INFO - Filling up the DagBag from /opt/airflow/dags/consumer.py
[2023-09-09T05:23:25.656+0000] {processor.py:766} INFO - DAG(s) dict_keys(['consumer']) retrieved from /opt/airflow/dags/consumer.py
[2023-09-09T05:23:25.693+0000] {logging_mixin.py:120} INFO - [2023-09-09T05:23:25.693+0000] {dag.py:2585} INFO - Sync 1 DAGs
[2023-09-09T05:23:25.716+0000] {logging_mixin.py:120} INFO - [2023-09-09T05:23:25.716+0000] {dag.py:3340} INFO - Setting next_dagrun for consumer to None, run_after=None
[2023-09-09T05:23:25.736+0000] {processor.py:176} INFO - Processing /opt/airflow/dags/consumer.py took 0.102 seconds
[2023-09-09T05:23:55.806+0000] {processor.py:154} INFO - Started process (PID=10516) to work on /opt/airflow/dags/consumer.py
[2023-09-09T05:23:55.807+0000] {processor.py:756} INFO - Processing file /opt/airflow/dags/consumer.py for tasks to queue
[2023-09-09T05:23:55.808+0000] {logging_mixin.py:120} INFO - [2023-09-09T05:23:55.808+0000] {dagbag.py:537} INFO - Filling up the DagBag from /opt/airflow/dags/consumer.py
[2023-09-09T05:23:55.826+0000] {processor.py:766} INFO - DAG(s) dict_keys(['consumer']) retrieved from /opt/airflow/dags/consumer.py
[2023-09-09T05:23:55.863+0000] {logging_mixin.py:120} INFO - [2023-09-09T05:23:55.863+0000] {dag.py:2585} INFO - Sync 1 DAGs
[2023-09-09T05:23:55.887+0000] {logging_mixin.py:120} INFO - [2023-09-09T05:23:55.887+0000] {dag.py:3340} INFO - Setting next_dagrun for consumer to None, run_after=None
[2023-09-09T05:23:55.912+0000] {processor.py:176} INFO - Processing /opt/airflow/dags/consumer.py took 0.109 seconds
[2023-09-09T05:24:26.155+0000] {processor.py:154} INFO - Started process (PID=10552) to work on /opt/airflow/dags/consumer.py
[2023-09-09T05:24:26.155+0000] {processor.py:756} INFO - Processing file /opt/airflow/dags/consumer.py for tasks to queue
[2023-09-09T05:24:26.156+0000] {logging_mixin.py:120} INFO - [2023-09-09T05:24:26.156+0000] {dagbag.py:537} INFO - Filling up the DagBag from /opt/airflow/dags/consumer.py
[2023-09-09T05:24:26.174+0000] {processor.py:766} INFO - DAG(s) dict_keys(['consumer']) retrieved from /opt/airflow/dags/consumer.py
[2023-09-09T05:24:26.211+0000] {logging_mixin.py:120} INFO - [2023-09-09T05:24:26.211+0000] {dag.py:2585} INFO - Sync 1 DAGs
[2023-09-09T05:24:26.233+0000] {logging_mixin.py:120} INFO - [2023-09-09T05:24:26.233+0000] {dag.py:3340} INFO - Setting next_dagrun for consumer to None, run_after=None
[2023-09-09T05:24:26.254+0000] {processor.py:176} INFO - Processing /opt/airflow/dags/consumer.py took 0.102 seconds
[2023-09-09T05:24:56.303+0000] {processor.py:154} INFO - Started process (PID=10579) to work on /opt/airflow/dags/consumer.py
[2023-09-09T05:24:56.304+0000] {processor.py:756} INFO - Processing file /opt/airflow/dags/consumer.py for tasks to queue
[2023-09-09T05:24:56.305+0000] {logging_mixin.py:120} INFO - [2023-09-09T05:24:56.305+0000] {dagbag.py:537} INFO - Filling up the DagBag from /opt/airflow/dags/consumer.py
[2023-09-09T05:24:56.323+0000] {processor.py:766} INFO - DAG(s) dict_keys(['consumer']) retrieved from /opt/airflow/dags/consumer.py
[2023-09-09T05:24:56.363+0000] {logging_mixin.py:120} INFO - [2023-09-09T05:24:56.362+0000] {dag.py:2585} INFO - Sync 1 DAGs
[2023-09-09T05:24:56.387+0000] {logging_mixin.py:120} INFO - [2023-09-09T05:24:56.387+0000] {dag.py:3340} INFO - Setting next_dagrun for consumer to None, run_after=None
[2023-09-09T05:24:56.414+0000] {processor.py:176} INFO - Processing /opt/airflow/dags/consumer.py took 0.113 seconds
[2023-09-09T05:25:26.575+0000] {processor.py:154} INFO - Started process (PID=10615) to work on /opt/airflow/dags/consumer.py
[2023-09-09T05:25:26.575+0000] {processor.py:756} INFO - Processing file /opt/airflow/dags/consumer.py for tasks to queue
[2023-09-09T05:25:26.576+0000] {logging_mixin.py:120} INFO - [2023-09-09T05:25:26.576+0000] {dagbag.py:537} INFO - Filling up the DagBag from /opt/airflow/dags/consumer.py
[2023-09-09T05:25:26.594+0000] {processor.py:766} INFO - DAG(s) dict_keys(['consumer']) retrieved from /opt/airflow/dags/consumer.py
[2023-09-09T05:25:26.633+0000] {logging_mixin.py:120} INFO - [2023-09-09T05:25:26.632+0000] {dag.py:2585} INFO - Sync 1 DAGs
[2023-09-09T05:25:26.655+0000] {logging_mixin.py:120} INFO - [2023-09-09T05:25:26.655+0000] {dag.py:3340} INFO - Setting next_dagrun for consumer to None, run_after=None
[2023-09-09T05:25:26.676+0000] {processor.py:176} INFO - Processing /opt/airflow/dags/consumer.py took 0.104 seconds
[2023-09-09T05:25:56.769+0000] {processor.py:154} INFO - Started process (PID=10651) to work on /opt/airflow/dags/consumer.py
[2023-09-09T05:25:56.770+0000] {processor.py:756} INFO - Processing file /opt/airflow/dags/consumer.py for tasks to queue
[2023-09-09T05:25:56.771+0000] {logging_mixin.py:120} INFO - [2023-09-09T05:25:56.771+0000] {dagbag.py:537} INFO - Filling up the DagBag from /opt/airflow/dags/consumer.py
[2023-09-09T05:25:56.790+0000] {processor.py:766} INFO - DAG(s) dict_keys(['consumer']) retrieved from /opt/airflow/dags/consumer.py
[2023-09-09T05:25:56.827+0000] {logging_mixin.py:120} INFO - [2023-09-09T05:25:56.827+0000] {dag.py:2585} INFO - Sync 1 DAGs
[2023-09-09T05:25:56.850+0000] {logging_mixin.py:120} INFO - [2023-09-09T05:25:56.850+0000] {dag.py:3340} INFO - Setting next_dagrun for consumer to None, run_after=None
[2023-09-09T05:25:56.873+0000] {processor.py:176} INFO - Processing /opt/airflow/dags/consumer.py took 0.107 seconds
[2023-09-09T05:26:26.929+0000] {processor.py:154} INFO - Started process (PID=10678) to work on /opt/airflow/dags/consumer.py
[2023-09-09T05:26:26.929+0000] {processor.py:756} INFO - Processing file /opt/airflow/dags/consumer.py for tasks to queue
[2023-09-09T05:26:26.930+0000] {logging_mixin.py:120} INFO - [2023-09-09T05:26:26.930+0000] {dagbag.py:537} INFO - Filling up the DagBag from /opt/airflow/dags/consumer.py
[2023-09-09T05:26:26.948+0000] {processor.py:766} INFO - DAG(s) dict_keys(['consumer']) retrieved from /opt/airflow/dags/consumer.py
[2023-09-09T05:26:26.991+0000] {logging_mixin.py:120} INFO - [2023-09-09T05:26:26.991+0000] {dag.py:2585} INFO - Sync 1 DAGs
[2023-09-09T05:26:27.014+0000] {logging_mixin.py:120} INFO - [2023-09-09T05:26:27.014+0000] {dag.py:3340} INFO - Setting next_dagrun for consumer to None, run_after=None
[2023-09-09T05:26:27.041+0000] {processor.py:176} INFO - Processing /opt/airflow/dags/consumer.py took 0.115 seconds
[2023-09-09T05:26:57.158+0000] {processor.py:154} INFO - Started process (PID=10714) to work on /opt/airflow/dags/consumer.py
[2023-09-09T05:26:57.159+0000] {processor.py:756} INFO - Processing file /opt/airflow/dags/consumer.py for tasks to queue
[2023-09-09T05:26:57.159+0000] {logging_mixin.py:120} INFO - [2023-09-09T05:26:57.159+0000] {dagbag.py:537} INFO - Filling up the DagBag from /opt/airflow/dags/consumer.py
[2023-09-09T05:26:57.178+0000] {processor.py:766} INFO - DAG(s) dict_keys(['consumer']) retrieved from /opt/airflow/dags/consumer.py
[2023-09-09T05:26:57.217+0000] {logging_mixin.py:120} INFO - [2023-09-09T05:26:57.216+0000] {dag.py:2585} INFO - Sync 1 DAGs
[2023-09-09T05:26:57.239+0000] {logging_mixin.py:120} INFO - [2023-09-09T05:26:57.239+0000] {dag.py:3340} INFO - Setting next_dagrun for consumer to None, run_after=None
[2023-09-09T05:26:57.269+0000] {processor.py:176} INFO - Processing /opt/airflow/dags/consumer.py took 0.114 seconds
[2023-09-09T05:27:27.318+0000] {processor.py:154} INFO - Started process (PID=10751) to work on /opt/airflow/dags/consumer.py
[2023-09-09T05:27:27.319+0000] {processor.py:756} INFO - Processing file /opt/airflow/dags/consumer.py for tasks to queue
[2023-09-09T05:27:27.320+0000] {logging_mixin.py:120} INFO - [2023-09-09T05:27:27.320+0000] {dagbag.py:537} INFO - Filling up the DagBag from /opt/airflow/dags/consumer.py
[2023-09-09T05:27:27.345+0000] {processor.py:766} INFO - DAG(s) dict_keys(['consumer']) retrieved from /opt/airflow/dags/consumer.py
[2023-09-09T05:27:27.390+0000] {logging_mixin.py:120} INFO - [2023-09-09T05:27:27.389+0000] {dag.py:2585} INFO - Sync 1 DAGs
[2023-09-09T05:27:27.413+0000] {logging_mixin.py:120} INFO - [2023-09-09T05:27:27.413+0000] {dag.py:3340} INFO - Setting next_dagrun for consumer to None, run_after=None
[2023-09-09T05:27:27.440+0000] {processor.py:176} INFO - Processing /opt/airflow/dags/consumer.py took 0.125 seconds
[2023-09-09T05:27:57.605+0000] {processor.py:154} INFO - Started process (PID=10778) to work on /opt/airflow/dags/consumer.py
[2023-09-09T05:27:57.606+0000] {processor.py:756} INFO - Processing file /opt/airflow/dags/consumer.py for tasks to queue
[2023-09-09T05:27:57.607+0000] {logging_mixin.py:120} INFO - [2023-09-09T05:27:57.607+0000] {dagbag.py:537} INFO - Filling up the DagBag from /opt/airflow/dags/consumer.py
[2023-09-09T05:27:57.625+0000] {processor.py:766} INFO - DAG(s) dict_keys(['consumer']) retrieved from /opt/airflow/dags/consumer.py
[2023-09-09T05:27:57.669+0000] {logging_mixin.py:120} INFO - [2023-09-09T05:27:57.669+0000] {dag.py:2585} INFO - Sync 1 DAGs
[2023-09-09T05:27:57.692+0000] {logging_mixin.py:120} INFO - [2023-09-09T05:27:57.691+0000] {dag.py:3340} INFO - Setting next_dagrun for consumer to None, run_after=None
[2023-09-09T05:27:57.714+0000] {processor.py:176} INFO - Processing /opt/airflow/dags/consumer.py took 0.111 seconds
[2023-09-09T05:28:27.776+0000] {processor.py:154} INFO - Started process (PID=10814) to work on /opt/airflow/dags/consumer.py
[2023-09-09T05:28:27.777+0000] {processor.py:756} INFO - Processing file /opt/airflow/dags/consumer.py for tasks to queue
[2023-09-09T05:28:27.777+0000] {logging_mixin.py:120} INFO - [2023-09-09T05:28:27.777+0000] {dagbag.py:537} INFO - Filling up the DagBag from /opt/airflow/dags/consumer.py
[2023-09-09T05:28:27.795+0000] {processor.py:766} INFO - DAG(s) dict_keys(['consumer']) retrieved from /opt/airflow/dags/consumer.py
[2023-09-09T05:28:27.833+0000] {logging_mixin.py:120} INFO - [2023-09-09T05:28:27.833+0000] {dag.py:2585} INFO - Sync 1 DAGs
[2023-09-09T05:28:27.856+0000] {logging_mixin.py:120} INFO - [2023-09-09T05:28:27.855+0000] {dag.py:3340} INFO - Setting next_dagrun for consumer to None, run_after=None
[2023-09-09T05:28:27.877+0000] {processor.py:176} INFO - Processing /opt/airflow/dags/consumer.py took 0.104 seconds
[2023-09-09T05:28:57.942+0000] {processor.py:154} INFO - Started process (PID=10850) to work on /opt/airflow/dags/consumer.py
[2023-09-09T05:28:57.943+0000] {processor.py:756} INFO - Processing file /opt/airflow/dags/consumer.py for tasks to queue
[2023-09-09T05:28:57.944+0000] {logging_mixin.py:120} INFO - [2023-09-09T05:28:57.943+0000] {dagbag.py:537} INFO - Filling up the DagBag from /opt/airflow/dags/consumer.py
[2023-09-09T05:28:57.962+0000] {processor.py:766} INFO - DAG(s) dict_keys(['consumer']) retrieved from /opt/airflow/dags/consumer.py
[2023-09-09T05:28:57.999+0000] {logging_mixin.py:120} INFO - [2023-09-09T05:28:57.999+0000] {dag.py:2585} INFO - Sync 1 DAGs
[2023-09-09T05:28:58.022+0000] {logging_mixin.py:120} INFO - [2023-09-09T05:28:58.022+0000] {dag.py:3340} INFO - Setting next_dagrun for consumer to None, run_after=None
[2023-09-09T05:28:58.046+0000] {processor.py:176} INFO - Processing /opt/airflow/dags/consumer.py took 0.107 seconds
[2023-09-09T05:29:28.165+0000] {processor.py:154} INFO - Started process (PID=10885) to work on /opt/airflow/dags/consumer.py
[2023-09-09T05:29:28.166+0000] {processor.py:756} INFO - Processing file /opt/airflow/dags/consumer.py for tasks to queue
[2023-09-09T05:29:28.166+0000] {logging_mixin.py:120} INFO - [2023-09-09T05:29:28.166+0000] {dagbag.py:537} INFO - Filling up the DagBag from /opt/airflow/dags/consumer.py
[2023-09-09T05:29:28.185+0000] {processor.py:766} INFO - DAG(s) dict_keys(['consumer']) retrieved from /opt/airflow/dags/consumer.py
[2023-09-09T05:29:28.223+0000] {logging_mixin.py:120} INFO - [2023-09-09T05:29:28.223+0000] {dag.py:2585} INFO - Sync 1 DAGs
[2023-09-09T05:29:28.247+0000] {logging_mixin.py:120} INFO - [2023-09-09T05:29:28.247+0000] {dag.py:3340} INFO - Setting next_dagrun for consumer to None, run_after=None
[2023-09-09T05:29:28.269+0000] {processor.py:176} INFO - Processing /opt/airflow/dags/consumer.py took 0.107 seconds
[2023-09-09T05:29:58.360+0000] {processor.py:154} INFO - Started process (PID=10914) to work on /opt/airflow/dags/consumer.py
[2023-09-09T05:29:58.361+0000] {processor.py:756} INFO - Processing file /opt/airflow/dags/consumer.py for tasks to queue
[2023-09-09T05:29:58.362+0000] {logging_mixin.py:120} INFO - [2023-09-09T05:29:58.361+0000] {dagbag.py:537} INFO - Filling up the DagBag from /opt/airflow/dags/consumer.py
[2023-09-09T05:29:58.379+0000] {processor.py:766} INFO - DAG(s) dict_keys(['consumer']) retrieved from /opt/airflow/dags/consumer.py
[2023-09-09T05:29:58.416+0000] {logging_mixin.py:120} INFO - [2023-09-09T05:29:58.415+0000] {dag.py:2585} INFO - Sync 1 DAGs
[2023-09-09T05:29:58.440+0000] {logging_mixin.py:120} INFO - [2023-09-09T05:29:58.440+0000] {dag.py:3340} INFO - Setting next_dagrun for consumer to None, run_after=None
[2023-09-09T05:29:58.460+0000] {processor.py:176} INFO - Processing /opt/airflow/dags/consumer.py took 0.103 seconds
[2023-09-09T05:30:28.497+0000] {processor.py:154} INFO - Started process (PID=10950) to work on /opt/airflow/dags/consumer.py
[2023-09-09T05:30:28.497+0000] {processor.py:756} INFO - Processing file /opt/airflow/dags/consumer.py for tasks to queue
[2023-09-09T05:30:28.498+0000] {logging_mixin.py:120} INFO - [2023-09-09T05:30:28.498+0000] {dagbag.py:537} INFO - Filling up the DagBag from /opt/airflow/dags/consumer.py
[2023-09-09T05:30:28.516+0000] {processor.py:766} INFO - DAG(s) dict_keys(['consumer']) retrieved from /opt/airflow/dags/consumer.py
[2023-09-09T05:30:28.554+0000] {logging_mixin.py:120} INFO - [2023-09-09T05:30:28.554+0000] {dag.py:2585} INFO - Sync 1 DAGs
[2023-09-09T05:30:28.576+0000] {logging_mixin.py:120} INFO - [2023-09-09T05:30:28.575+0000] {dag.py:3340} INFO - Setting next_dagrun for consumer to None, run_after=None
[2023-09-09T05:30:28.599+0000] {processor.py:176} INFO - Processing /opt/airflow/dags/consumer.py took 0.105 seconds
[2023-09-09T05:30:58.808+0000] {processor.py:154} INFO - Started process (PID=10987) to work on /opt/airflow/dags/consumer.py
[2023-09-09T05:30:58.809+0000] {processor.py:756} INFO - Processing file /opt/airflow/dags/consumer.py for tasks to queue
[2023-09-09T05:30:58.809+0000] {logging_mixin.py:120} INFO - [2023-09-09T05:30:58.809+0000] {dagbag.py:537} INFO - Filling up the DagBag from /opt/airflow/dags/consumer.py
[2023-09-09T05:30:58.828+0000] {processor.py:766} INFO - DAG(s) dict_keys(['consumer']) retrieved from /opt/airflow/dags/consumer.py
[2023-09-09T05:30:58.867+0000] {logging_mixin.py:120} INFO - [2023-09-09T05:30:58.867+0000] {dag.py:2585} INFO - Sync 1 DAGs
[2023-09-09T05:30:58.891+0000] {logging_mixin.py:120} INFO - [2023-09-09T05:30:58.890+0000] {dag.py:3340} INFO - Setting next_dagrun for consumer to None, run_after=None
[2023-09-09T05:30:58.912+0000] {processor.py:176} INFO - Processing /opt/airflow/dags/consumer.py took 0.107 seconds
[2023-09-09T05:31:28.930+0000] {processor.py:154} INFO - Started process (PID=11014) to work on /opt/airflow/dags/consumer.py
[2023-09-09T05:31:28.931+0000] {processor.py:756} INFO - Processing file /opt/airflow/dags/consumer.py for tasks to queue
[2023-09-09T05:31:28.931+0000] {logging_mixin.py:120} INFO - [2023-09-09T05:31:28.931+0000] {dagbag.py:537} INFO - Filling up the DagBag from /opt/airflow/dags/consumer.py
[2023-09-09T05:31:28.949+0000] {processor.py:766} INFO - DAG(s) dict_keys(['consumer']) retrieved from /opt/airflow/dags/consumer.py
[2023-09-09T05:31:28.987+0000] {logging_mixin.py:120} INFO - [2023-09-09T05:31:28.987+0000] {dag.py:2585} INFO - Sync 1 DAGs
[2023-09-09T05:31:29.009+0000] {logging_mixin.py:120} INFO - [2023-09-09T05:31:29.009+0000] {dag.py:3340} INFO - Setting next_dagrun for consumer to None, run_after=None
[2023-09-09T05:31:29.031+0000] {processor.py:176} INFO - Processing /opt/airflow/dags/consumer.py took 0.103 seconds
[2023-09-09T05:31:59.079+0000] {processor.py:154} INFO - Started process (PID=11050) to work on /opt/airflow/dags/consumer.py
[2023-09-09T05:31:59.080+0000] {processor.py:756} INFO - Processing file /opt/airflow/dags/consumer.py for tasks to queue
[2023-09-09T05:31:59.080+0000] {logging_mixin.py:120} INFO - [2023-09-09T05:31:59.080+0000] {dagbag.py:537} INFO - Filling up the DagBag from /opt/airflow/dags/consumer.py
[2023-09-09T05:31:59.099+0000] {processor.py:766} INFO - DAG(s) dict_keys(['consumer']) retrieved from /opt/airflow/dags/consumer.py
[2023-09-09T05:31:59.136+0000] {logging_mixin.py:120} INFO - [2023-09-09T05:31:59.136+0000] {dag.py:2585} INFO - Sync 1 DAGs
[2023-09-09T05:31:59.159+0000] {logging_mixin.py:120} INFO - [2023-09-09T05:31:59.159+0000] {dag.py:3340} INFO - Setting next_dagrun for consumer to None, run_after=None
[2023-09-09T05:31:59.181+0000] {processor.py:176} INFO - Processing /opt/airflow/dags/consumer.py took 0.105 seconds
[2023-09-09T05:32:29.283+0000] {processor.py:154} INFO - Started process (PID=11086) to work on /opt/airflow/dags/consumer.py
[2023-09-09T05:32:29.284+0000] {processor.py:756} INFO - Processing file /opt/airflow/dags/consumer.py for tasks to queue
[2023-09-09T05:32:29.284+0000] {logging_mixin.py:120} INFO - [2023-09-09T05:32:29.284+0000] {dagbag.py:537} INFO - Filling up the DagBag from /opt/airflow/dags/consumer.py
[2023-09-09T05:32:29.303+0000] {processor.py:766} INFO - DAG(s) dict_keys(['consumer']) retrieved from /opt/airflow/dags/consumer.py
[2023-09-09T05:32:29.344+0000] {logging_mixin.py:120} INFO - [2023-09-09T05:32:29.344+0000] {dag.py:2585} INFO - Sync 1 DAGs
[2023-09-09T05:32:29.370+0000] {logging_mixin.py:120} INFO - [2023-09-09T05:32:29.370+0000] {dag.py:3340} INFO - Setting next_dagrun for consumer to None, run_after=None
[2023-09-09T05:32:29.391+0000] {processor.py:176} INFO - Processing /opt/airflow/dags/consumer.py took 0.111 seconds
[2023-09-09T05:32:59.529+0000] {processor.py:154} INFO - Started process (PID=11113) to work on /opt/airflow/dags/consumer.py
[2023-09-09T05:32:59.530+0000] {processor.py:756} INFO - Processing file /opt/airflow/dags/consumer.py for tasks to queue
[2023-09-09T05:32:59.531+0000] {logging_mixin.py:120} INFO - [2023-09-09T05:32:59.530+0000] {dagbag.py:537} INFO - Filling up the DagBag from /opt/airflow/dags/consumer.py
[2023-09-09T05:32:59.549+0000] {processor.py:766} INFO - DAG(s) dict_keys(['consumer']) retrieved from /opt/airflow/dags/consumer.py
[2023-09-09T05:32:59.588+0000] {logging_mixin.py:120} INFO - [2023-09-09T05:32:59.588+0000] {dag.py:2585} INFO - Sync 1 DAGs
[2023-09-09T05:32:59.612+0000] {logging_mixin.py:120} INFO - [2023-09-09T05:32:59.612+0000] {dag.py:3340} INFO - Setting next_dagrun for consumer to None, run_after=None
[2023-09-09T05:32:59.633+0000] {processor.py:176} INFO - Processing /opt/airflow/dags/consumer.py took 0.107 seconds
[2023-09-09T05:33:29.732+0000] {processor.py:154} INFO - Started process (PID=11149) to work on /opt/airflow/dags/consumer.py
[2023-09-09T05:33:29.733+0000] {processor.py:756} INFO - Processing file /opt/airflow/dags/consumer.py for tasks to queue
[2023-09-09T05:33:29.733+0000] {logging_mixin.py:120} INFO - [2023-09-09T05:33:29.733+0000] {dagbag.py:537} INFO - Filling up the DagBag from /opt/airflow/dags/consumer.py
[2023-09-09T05:33:29.751+0000] {processor.py:766} INFO - DAG(s) dict_keys(['consumer']) retrieved from /opt/airflow/dags/consumer.py
[2023-09-09T05:33:29.789+0000] {logging_mixin.py:120} INFO - [2023-09-09T05:33:29.789+0000] {dag.py:2585} INFO - Sync 1 DAGs
[2023-09-09T05:33:29.810+0000] {logging_mixin.py:120} INFO - [2023-09-09T05:33:29.810+0000] {dag.py:3340} INFO - Setting next_dagrun for consumer to None, run_after=None
[2023-09-09T05:33:29.831+0000] {processor.py:176} INFO - Processing /opt/airflow/dags/consumer.py took 0.102 seconds
[2023-09-09T05:33:59.918+0000] {processor.py:154} INFO - Started process (PID=11185) to work on /opt/airflow/dags/consumer.py
[2023-09-09T05:33:59.919+0000] {processor.py:756} INFO - Processing file /opt/airflow/dags/consumer.py for tasks to queue
[2023-09-09T05:33:59.920+0000] {logging_mixin.py:120} INFO - [2023-09-09T05:33:59.920+0000] {dagbag.py:537} INFO - Filling up the DagBag from /opt/airflow/dags/consumer.py
[2023-09-09T05:33:59.938+0000] {processor.py:766} INFO - DAG(s) dict_keys(['consumer']) retrieved from /opt/airflow/dags/consumer.py
[2023-09-09T05:33:59.975+0000] {logging_mixin.py:120} INFO - [2023-09-09T05:33:59.975+0000] {dag.py:2585} INFO - Sync 1 DAGs
[2023-09-09T05:33:59.997+0000] {logging_mixin.py:120} INFO - [2023-09-09T05:33:59.997+0000] {dag.py:3340} INFO - Setting next_dagrun for consumer to None, run_after=None
[2023-09-09T05:34:00.020+0000] {processor.py:176} INFO - Processing /opt/airflow/dags/consumer.py took 0.104 seconds
[2023-09-09T05:34:30.072+0000] {processor.py:154} INFO - Started process (PID=11212) to work on /opt/airflow/dags/consumer.py
[2023-09-09T05:34:30.072+0000] {processor.py:756} INFO - Processing file /opt/airflow/dags/consumer.py for tasks to queue
[2023-09-09T05:34:30.073+0000] {logging_mixin.py:120} INFO - [2023-09-09T05:34:30.073+0000] {dagbag.py:537} INFO - Filling up the DagBag from /opt/airflow/dags/consumer.py
[2023-09-09T05:34:30.091+0000] {processor.py:766} INFO - DAG(s) dict_keys(['consumer']) retrieved from /opt/airflow/dags/consumer.py
[2023-09-09T05:34:30.128+0000] {logging_mixin.py:120} INFO - [2023-09-09T05:34:30.128+0000] {dag.py:2585} INFO - Sync 1 DAGs
[2023-09-09T05:34:30.151+0000] {logging_mixin.py:120} INFO - [2023-09-09T05:34:30.150+0000] {dag.py:3340} INFO - Setting next_dagrun for consumer to None, run_after=None
[2023-09-09T05:34:30.172+0000] {processor.py:176} INFO - Processing /opt/airflow/dags/consumer.py took 0.103 seconds
[2023-09-09T05:35:00.190+0000] {processor.py:154} INFO - Started process (PID=11248) to work on /opt/airflow/dags/consumer.py
[2023-09-09T05:35:00.191+0000] {processor.py:756} INFO - Processing file /opt/airflow/dags/consumer.py for tasks to queue
[2023-09-09T05:35:00.192+0000] {logging_mixin.py:120} INFO - [2023-09-09T05:35:00.192+0000] {dagbag.py:537} INFO - Filling up the DagBag from /opt/airflow/dags/consumer.py
[2023-09-09T05:35:00.211+0000] {processor.py:766} INFO - DAG(s) dict_keys(['consumer']) retrieved from /opt/airflow/dags/consumer.py
[2023-09-09T05:35:00.249+0000] {logging_mixin.py:120} INFO - [2023-09-09T05:35:00.249+0000] {dag.py:2585} INFO - Sync 1 DAGs
[2023-09-09T05:35:00.272+0000] {logging_mixin.py:120} INFO - [2023-09-09T05:35:00.272+0000] {dag.py:3340} INFO - Setting next_dagrun for consumer to None, run_after=None
[2023-09-09T05:35:00.293+0000] {processor.py:176} INFO - Processing /opt/airflow/dags/consumer.py took 0.106 seconds
[2023-09-09T05:35:30.439+0000] {processor.py:154} INFO - Started process (PID=11284) to work on /opt/airflow/dags/consumer.py
[2023-09-09T05:35:30.440+0000] {processor.py:756} INFO - Processing file /opt/airflow/dags/consumer.py for tasks to queue
[2023-09-09T05:35:30.440+0000] {logging_mixin.py:120} INFO - [2023-09-09T05:35:30.440+0000] {dagbag.py:537} INFO - Filling up the DagBag from /opt/airflow/dags/consumer.py
[2023-09-09T05:35:30.462+0000] {processor.py:766} INFO - DAG(s) dict_keys(['consumer']) retrieved from /opt/airflow/dags/consumer.py
[2023-09-09T05:35:30.505+0000] {logging_mixin.py:120} INFO - [2023-09-09T05:35:30.505+0000] {dag.py:2585} INFO - Sync 1 DAGs
[2023-09-09T05:35:30.530+0000] {logging_mixin.py:120} INFO - [2023-09-09T05:35:30.530+0000] {dag.py:3340} INFO - Setting next_dagrun for consumer to None, run_after=None
[2023-09-09T05:35:30.551+0000] {processor.py:176} INFO - Processing /opt/airflow/dags/consumer.py took 0.115 seconds
[2023-09-09T05:36:00.616+0000] {processor.py:154} INFO - Started process (PID=11311) to work on /opt/airflow/dags/consumer.py
[2023-09-09T05:36:00.617+0000] {processor.py:756} INFO - Processing file /opt/airflow/dags/consumer.py for tasks to queue
[2023-09-09T05:36:00.618+0000] {logging_mixin.py:120} INFO - [2023-09-09T05:36:00.618+0000] {dagbag.py:537} INFO - Filling up the DagBag from /opt/airflow/dags/consumer.py
[2023-09-09T05:36:00.636+0000] {processor.py:766} INFO - DAG(s) dict_keys(['consumer']) retrieved from /opt/airflow/dags/consumer.py
[2023-09-09T05:36:00.672+0000] {logging_mixin.py:120} INFO - [2023-09-09T05:36:00.672+0000] {dag.py:2585} INFO - Sync 1 DAGs
[2023-09-09T05:36:00.696+0000] {logging_mixin.py:120} INFO - [2023-09-09T05:36:00.695+0000] {dag.py:3340} INFO - Setting next_dagrun for consumer to None, run_after=None
[2023-09-09T05:36:00.716+0000] {processor.py:176} INFO - Processing /opt/airflow/dags/consumer.py took 0.102 seconds
[2023-09-09T05:36:30.749+0000] {processor.py:154} INFO - Started process (PID=11348) to work on /opt/airflow/dags/consumer.py
[2023-09-09T05:36:30.749+0000] {processor.py:756} INFO - Processing file /opt/airflow/dags/consumer.py for tasks to queue
[2023-09-09T05:36:30.750+0000] {logging_mixin.py:120} INFO - [2023-09-09T05:36:30.750+0000] {dagbag.py:537} INFO - Filling up the DagBag from /opt/airflow/dags/consumer.py
[2023-09-09T05:36:30.768+0000] {processor.py:766} INFO - DAG(s) dict_keys(['consumer']) retrieved from /opt/airflow/dags/consumer.py
[2023-09-09T05:36:30.806+0000] {logging_mixin.py:120} INFO - [2023-09-09T05:36:30.806+0000] {dag.py:2585} INFO - Sync 1 DAGs
[2023-09-09T05:36:30.828+0000] {logging_mixin.py:120} INFO - [2023-09-09T05:36:30.828+0000] {dag.py:3340} INFO - Setting next_dagrun for consumer to None, run_after=None
[2023-09-09T05:36:30.849+0000] {processor.py:176} INFO - Processing /opt/airflow/dags/consumer.py took 0.103 seconds
[2023-09-09T05:37:01.236+0000] {processor.py:154} INFO - Started process (PID=11382) to work on /opt/airflow/dags/consumer.py
[2023-09-09T05:37:01.237+0000] {processor.py:756} INFO - Processing file /opt/airflow/dags/consumer.py for tasks to queue
[2023-09-09T05:37:01.238+0000] {logging_mixin.py:120} INFO - [2023-09-09T05:37:01.238+0000] {dagbag.py:537} INFO - Filling up the DagBag from /opt/airflow/dags/consumer.py
[2023-09-09T05:37:01.257+0000] {processor.py:766} INFO - DAG(s) dict_keys(['consumer']) retrieved from /opt/airflow/dags/consumer.py
[2023-09-09T05:37:01.299+0000] {logging_mixin.py:120} INFO - [2023-09-09T05:37:01.299+0000] {dag.py:2585} INFO - Sync 1 DAGs
[2023-09-09T05:37:01.324+0000] {logging_mixin.py:120} INFO - [2023-09-09T05:37:01.324+0000] {dag.py:3340} INFO - Setting next_dagrun for consumer to None, run_after=None
[2023-09-09T05:37:01.347+0000] {processor.py:176} INFO - Processing /opt/airflow/dags/consumer.py took 0.114 seconds
[2023-09-09T05:37:31.432+0000] {processor.py:154} INFO - Started process (PID=11408) to work on /opt/airflow/dags/consumer.py
[2023-09-09T05:37:31.433+0000] {processor.py:756} INFO - Processing file /opt/airflow/dags/consumer.py for tasks to queue
[2023-09-09T05:37:31.433+0000] {logging_mixin.py:120} INFO - [2023-09-09T05:37:31.433+0000] {dagbag.py:537} INFO - Filling up the DagBag from /opt/airflow/dags/consumer.py
[2023-09-09T05:37:31.452+0000] {processor.py:766} INFO - DAG(s) dict_keys(['consumer']) retrieved from /opt/airflow/dags/consumer.py
[2023-09-09T05:37:31.490+0000] {logging_mixin.py:120} INFO - [2023-09-09T05:37:31.490+0000] {dag.py:2585} INFO - Sync 1 DAGs
[2023-09-09T05:37:31.512+0000] {logging_mixin.py:120} INFO - [2023-09-09T05:37:31.512+0000] {dag.py:3340} INFO - Setting next_dagrun for consumer to None, run_after=None
[2023-09-09T05:37:31.533+0000] {processor.py:176} INFO - Processing /opt/airflow/dags/consumer.py took 0.104 seconds
[2023-09-09T05:38:01.556+0000] {processor.py:154} INFO - Started process (PID=11444) to work on /opt/airflow/dags/consumer.py
[2023-09-09T05:38:01.557+0000] {processor.py:756} INFO - Processing file /opt/airflow/dags/consumer.py for tasks to queue
[2023-09-09T05:38:01.558+0000] {logging_mixin.py:120} INFO - [2023-09-09T05:38:01.558+0000] {dagbag.py:537} INFO - Filling up the DagBag from /opt/airflow/dags/consumer.py
[2023-09-09T05:38:01.576+0000] {processor.py:766} INFO - DAG(s) dict_keys(['consumer']) retrieved from /opt/airflow/dags/consumer.py
[2023-09-09T05:38:01.611+0000] {logging_mixin.py:120} INFO - [2023-09-09T05:38:01.611+0000] {dag.py:2585} INFO - Sync 1 DAGs
[2023-09-09T05:38:01.636+0000] {logging_mixin.py:120} INFO - [2023-09-09T05:38:01.636+0000] {dag.py:3340} INFO - Setting next_dagrun for consumer to None, run_after=None
[2023-09-09T05:38:01.656+0000] {processor.py:176} INFO - Processing /opt/airflow/dags/consumer.py took 0.103 seconds
[2023-09-09T05:38:31.696+0000] {processor.py:154} INFO - Started process (PID=11480) to work on /opt/airflow/dags/consumer.py
[2023-09-09T05:38:31.697+0000] {processor.py:756} INFO - Processing file /opt/airflow/dags/consumer.py for tasks to queue
[2023-09-09T05:38:31.697+0000] {logging_mixin.py:120} INFO - [2023-09-09T05:38:31.697+0000] {dagbag.py:537} INFO - Filling up the DagBag from /opt/airflow/dags/consumer.py
[2023-09-09T05:38:31.716+0000] {processor.py:766} INFO - DAG(s) dict_keys(['consumer']) retrieved from /opt/airflow/dags/consumer.py
[2023-09-09T05:38:31.754+0000] {logging_mixin.py:120} INFO - [2023-09-09T05:38:31.754+0000] {dag.py:2585} INFO - Sync 1 DAGs
[2023-09-09T05:38:31.780+0000] {logging_mixin.py:120} INFO - [2023-09-09T05:38:31.780+0000] {dag.py:3340} INFO - Setting next_dagrun for consumer to None, run_after=None
[2023-09-09T05:38:31.801+0000] {processor.py:176} INFO - Processing /opt/airflow/dags/consumer.py took 0.108 seconds
[2023-09-09T08:40:18.088+0000] {processor.py:154} INFO - Started process (PID=11505) to work on /opt/airflow/dags/consumer.py
[2023-09-09T08:40:18.093+0000] {processor.py:756} INFO - Processing file /opt/airflow/dags/consumer.py for tasks to queue
[2023-09-09T08:40:18.095+0000] {logging_mixin.py:120} INFO - [2023-09-09T08:40:18.094+0000] {dagbag.py:537} INFO - Filling up the DagBag from /opt/airflow/dags/consumer.py
[2023-09-09T08:40:18.217+0000] {processor.py:766} INFO - DAG(s) dict_keys(['consumer']) retrieved from /opt/airflow/dags/consumer.py
[2023-09-09T08:40:18.491+0000] {logging_mixin.py:120} INFO - [2023-09-09T08:40:18.491+0000] {dag.py:2585} INFO - Sync 1 DAGs
[2023-09-09T08:40:18.717+0000] {logging_mixin.py:120} INFO - [2023-09-09T08:40:18.717+0000] {dag.py:3340} INFO - Setting next_dagrun for consumer to None, run_after=None
[2023-09-09T08:40:18.882+0000] {processor.py:176} INFO - Processing /opt/airflow/dags/consumer.py took 0.821 seconds
[2023-09-09T08:40:49.435+0000] {processor.py:154} INFO - Started process (PID=11535) to work on /opt/airflow/dags/consumer.py
[2023-09-09T08:40:49.435+0000] {processor.py:756} INFO - Processing file /opt/airflow/dags/consumer.py for tasks to queue
[2023-09-09T08:40:49.436+0000] {logging_mixin.py:120} INFO - [2023-09-09T08:40:49.436+0000] {dagbag.py:537} INFO - Filling up the DagBag from /opt/airflow/dags/consumer.py
[2023-09-09T08:40:49.455+0000] {processor.py:766} INFO - DAG(s) dict_keys(['consumer']) retrieved from /opt/airflow/dags/consumer.py
[2023-09-09T08:40:49.496+0000] {logging_mixin.py:120} INFO - [2023-09-09T08:40:49.495+0000] {dag.py:2585} INFO - Sync 1 DAGs
[2023-09-09T08:40:49.523+0000] {logging_mixin.py:120} INFO - [2023-09-09T08:40:49.522+0000] {dag.py:3340} INFO - Setting next_dagrun for consumer to None, run_after=None
[2023-09-09T08:40:49.549+0000] {processor.py:176} INFO - Processing /opt/airflow/dags/consumer.py took 0.118 seconds
[2023-09-09T08:41:19.713+0000] {processor.py:154} INFO - Started process (PID=11571) to work on /opt/airflow/dags/consumer.py
[2023-09-09T08:41:19.714+0000] {processor.py:756} INFO - Processing file /opt/airflow/dags/consumer.py for tasks to queue
[2023-09-09T08:41:19.715+0000] {logging_mixin.py:120} INFO - [2023-09-09T08:41:19.715+0000] {dagbag.py:537} INFO - Filling up the DagBag from /opt/airflow/dags/consumer.py
[2023-09-09T08:41:19.741+0000] {processor.py:766} INFO - DAG(s) dict_keys(['consumer']) retrieved from /opt/airflow/dags/consumer.py
[2023-09-09T08:41:19.792+0000] {logging_mixin.py:120} INFO - [2023-09-09T08:41:19.792+0000] {dag.py:2585} INFO - Sync 1 DAGs
[2023-09-09T08:41:19.826+0000] {logging_mixin.py:120} INFO - [2023-09-09T08:41:19.826+0000] {dag.py:3340} INFO - Setting next_dagrun for consumer to None, run_after=None
[2023-09-09T08:41:19.856+0000] {processor.py:176} INFO - Processing /opt/airflow/dags/consumer.py took 0.147 seconds
[2023-09-09T08:41:50.719+0000] {processor.py:154} INFO - Started process (PID=11598) to work on /opt/airflow/dags/consumer.py
[2023-09-09T08:41:50.720+0000] {processor.py:756} INFO - Processing file /opt/airflow/dags/consumer.py for tasks to queue
[2023-09-09T08:41:50.721+0000] {logging_mixin.py:120} INFO - [2023-09-09T08:41:50.721+0000] {dagbag.py:537} INFO - Filling up the DagBag from /opt/airflow/dags/consumer.py
[2023-09-09T08:41:50.738+0000] {processor.py:766} INFO - DAG(s) dict_keys(['consumer']) retrieved from /opt/airflow/dags/consumer.py
[2023-09-09T08:41:50.786+0000] {logging_mixin.py:120} INFO - [2023-09-09T08:41:50.785+0000] {dag.py:2585} INFO - Sync 1 DAGs
[2023-09-09T08:41:50.811+0000] {logging_mixin.py:120} INFO - [2023-09-09T08:41:50.810+0000] {dag.py:3340} INFO - Setting next_dagrun for consumer to None, run_after=None
[2023-09-09T08:41:50.837+0000] {processor.py:176} INFO - Processing /opt/airflow/dags/consumer.py took 0.121 seconds
[2023-09-09T08:42:20.934+0000] {processor.py:154} INFO - Started process (PID=11634) to work on /opt/airflow/dags/consumer.py
[2023-09-09T08:42:20.935+0000] {processor.py:756} INFO - Processing file /opt/airflow/dags/consumer.py for tasks to queue
[2023-09-09T08:42:20.936+0000] {logging_mixin.py:120} INFO - [2023-09-09T08:42:20.936+0000] {dagbag.py:537} INFO - Filling up the DagBag from /opt/airflow/dags/consumer.py
[2023-09-09T08:42:20.954+0000] {processor.py:766} INFO - DAG(s) dict_keys(['consumer']) retrieved from /opt/airflow/dags/consumer.py
[2023-09-09T08:42:20.992+0000] {logging_mixin.py:120} INFO - [2023-09-09T08:42:20.992+0000] {dag.py:2585} INFO - Sync 1 DAGs
[2023-09-09T08:42:21.015+0000] {logging_mixin.py:120} INFO - [2023-09-09T08:42:21.015+0000] {dag.py:3340} INFO - Setting next_dagrun for consumer to None, run_after=None
[2023-09-09T08:42:21.038+0000] {processor.py:176} INFO - Processing /opt/airflow/dags/consumer.py took 0.106 seconds
[2023-09-09T08:42:51.153+0000] {processor.py:154} INFO - Started process (PID=11670) to work on /opt/airflow/dags/consumer.py
[2023-09-09T08:42:51.154+0000] {processor.py:756} INFO - Processing file /opt/airflow/dags/consumer.py for tasks to queue
[2023-09-09T08:42:51.155+0000] {logging_mixin.py:120} INFO - [2023-09-09T08:42:51.155+0000] {dagbag.py:537} INFO - Filling up the DagBag from /opt/airflow/dags/consumer.py
[2023-09-09T08:42:51.175+0000] {processor.py:766} INFO - DAG(s) dict_keys(['consumer']) retrieved from /opt/airflow/dags/consumer.py
[2023-09-09T08:42:51.214+0000] {logging_mixin.py:120} INFO - [2023-09-09T08:42:51.213+0000] {dag.py:2585} INFO - Sync 1 DAGs
[2023-09-09T08:42:51.238+0000] {logging_mixin.py:120} INFO - [2023-09-09T08:42:51.238+0000] {dag.py:3340} INFO - Setting next_dagrun for consumer to None, run_after=None
[2023-09-09T08:42:51.261+0000] {processor.py:176} INFO - Processing /opt/airflow/dags/consumer.py took 0.111 seconds
[2023-09-09T08:43:21.322+0000] {processor.py:154} INFO - Started process (PID=11704) to work on /opt/airflow/dags/consumer.py
[2023-09-09T08:43:21.323+0000] {processor.py:756} INFO - Processing file /opt/airflow/dags/consumer.py for tasks to queue
[2023-09-09T08:43:21.323+0000] {logging_mixin.py:120} INFO - [2023-09-09T08:43:21.323+0000] {dagbag.py:537} INFO - Filling up the DagBag from /opt/airflow/dags/consumer.py
[2023-09-09T08:43:21.343+0000] {processor.py:766} INFO - DAG(s) dict_keys(['consumer']) retrieved from /opt/airflow/dags/consumer.py
[2023-09-09T08:43:21.383+0000] {logging_mixin.py:120} INFO - [2023-09-09T08:43:21.383+0000] {dag.py:2585} INFO - Sync 1 DAGs
[2023-09-09T08:43:21.408+0000] {logging_mixin.py:120} INFO - [2023-09-09T08:43:21.408+0000] {dag.py:3340} INFO - Setting next_dagrun for consumer to None, run_after=None
[2023-09-09T08:43:21.431+0000] {processor.py:176} INFO - Processing /opt/airflow/dags/consumer.py took 0.112 seconds
[2023-09-09T08:43:51.560+0000] {processor.py:154} INFO - Started process (PID=11732) to work on /opt/airflow/dags/consumer.py
[2023-09-09T08:43:51.561+0000] {processor.py:756} INFO - Processing file /opt/airflow/dags/consumer.py for tasks to queue
[2023-09-09T08:43:51.561+0000] {logging_mixin.py:120} INFO - [2023-09-09T08:43:51.561+0000] {dagbag.py:537} INFO - Filling up the DagBag from /opt/airflow/dags/consumer.py
[2023-09-09T08:43:51.580+0000] {processor.py:766} INFO - DAG(s) dict_keys(['consumer']) retrieved from /opt/airflow/dags/consumer.py
[2023-09-09T08:43:51.619+0000] {logging_mixin.py:120} INFO - [2023-09-09T08:43:51.619+0000] {dag.py:2585} INFO - Sync 1 DAGs
[2023-09-09T08:43:51.646+0000] {logging_mixin.py:120} INFO - [2023-09-09T08:43:51.646+0000] {dag.py:3340} INFO - Setting next_dagrun for consumer to None, run_after=None
[2023-09-09T08:43:51.667+0000] {processor.py:176} INFO - Processing /opt/airflow/dags/consumer.py took 0.110 seconds
[2023-09-09T08:44:21.817+0000] {processor.py:154} INFO - Started process (PID=11768) to work on /opt/airflow/dags/consumer.py
[2023-09-09T08:44:21.818+0000] {processor.py:756} INFO - Processing file /opt/airflow/dags/consumer.py for tasks to queue
[2023-09-09T08:44:21.819+0000] {logging_mixin.py:120} INFO - [2023-09-09T08:44:21.818+0000] {dagbag.py:537} INFO - Filling up the DagBag from /opt/airflow/dags/consumer.py
[2023-09-09T08:44:21.837+0000] {processor.py:766} INFO - DAG(s) dict_keys(['consumer']) retrieved from /opt/airflow/dags/consumer.py
[2023-09-09T08:44:21.877+0000] {logging_mixin.py:120} INFO - [2023-09-09T08:44:21.876+0000] {dag.py:2585} INFO - Sync 1 DAGs
[2023-09-09T08:44:21.902+0000] {logging_mixin.py:120} INFO - [2023-09-09T08:44:21.902+0000] {dag.py:3340} INFO - Setting next_dagrun for consumer to None, run_after=None
[2023-09-09T08:44:21.924+0000] {processor.py:176} INFO - Processing /opt/airflow/dags/consumer.py took 0.110 seconds
[2023-09-09T08:44:52.089+0000] {processor.py:154} INFO - Started process (PID=11804) to work on /opt/airflow/dags/consumer.py
[2023-09-09T08:44:52.090+0000] {processor.py:756} INFO - Processing file /opt/airflow/dags/consumer.py for tasks to queue
[2023-09-09T08:44:52.090+0000] {logging_mixin.py:120} INFO - [2023-09-09T08:44:52.090+0000] {dagbag.py:537} INFO - Filling up the DagBag from /opt/airflow/dags/consumer.py
[2023-09-09T08:44:52.110+0000] {processor.py:766} INFO - DAG(s) dict_keys(['consumer']) retrieved from /opt/airflow/dags/consumer.py
[2023-09-09T08:44:52.149+0000] {logging_mixin.py:120} INFO - [2023-09-09T08:44:52.149+0000] {dag.py:2585} INFO - Sync 1 DAGs
[2023-09-09T08:44:52.176+0000] {logging_mixin.py:120} INFO - [2023-09-09T08:44:52.176+0000] {dag.py:3340} INFO - Setting next_dagrun for consumer to None, run_after=None
[2023-09-09T08:44:52.200+0000] {processor.py:176} INFO - Processing /opt/airflow/dags/consumer.py took 0.114 seconds
[2023-09-09T08:45:22.400+0000] {processor.py:154} INFO - Started process (PID=11831) to work on /opt/airflow/dags/consumer.py
[2023-09-09T08:45:22.401+0000] {processor.py:756} INFO - Processing file /opt/airflow/dags/consumer.py for tasks to queue
[2023-09-09T08:45:22.401+0000] {logging_mixin.py:120} INFO - [2023-09-09T08:45:22.401+0000] {dagbag.py:537} INFO - Filling up the DagBag from /opt/airflow/dags/consumer.py
[2023-09-09T08:45:22.420+0000] {processor.py:766} INFO - DAG(s) dict_keys(['consumer']) retrieved from /opt/airflow/dags/consumer.py
[2023-09-09T08:45:22.458+0000] {logging_mixin.py:120} INFO - [2023-09-09T08:45:22.458+0000] {dag.py:2585} INFO - Sync 1 DAGs
[2023-09-09T08:45:22.480+0000] {logging_mixin.py:120} INFO - [2023-09-09T08:45:22.480+0000] {dag.py:3340} INFO - Setting next_dagrun for consumer to None, run_after=None
[2023-09-09T08:45:22.503+0000] {processor.py:176} INFO - Processing /opt/airflow/dags/consumer.py took 0.106 seconds
[2023-09-09T08:45:52.744+0000] {processor.py:154} INFO - Started process (PID=11867) to work on /opt/airflow/dags/consumer.py
[2023-09-09T08:45:52.744+0000] {processor.py:756} INFO - Processing file /opt/airflow/dags/consumer.py for tasks to queue
[2023-09-09T08:45:52.745+0000] {logging_mixin.py:120} INFO - [2023-09-09T08:45:52.745+0000] {dagbag.py:537} INFO - Filling up the DagBag from /opt/airflow/dags/consumer.py
[2023-09-09T08:45:52.764+0000] {processor.py:766} INFO - DAG(s) dict_keys(['consumer']) retrieved from /opt/airflow/dags/consumer.py
[2023-09-09T08:45:52.801+0000] {logging_mixin.py:120} INFO - [2023-09-09T08:45:52.801+0000] {dag.py:2585} INFO - Sync 1 DAGs
[2023-09-09T08:45:52.825+0000] {logging_mixin.py:120} INFO - [2023-09-09T08:45:52.824+0000] {dag.py:3340} INFO - Setting next_dagrun for consumer to None, run_after=None
[2023-09-09T08:45:52.846+0000] {processor.py:176} INFO - Processing /opt/airflow/dags/consumer.py took 0.105 seconds
[2023-09-09T08:46:22.994+0000] {processor.py:154} INFO - Started process (PID=11903) to work on /opt/airflow/dags/consumer.py
[2023-09-09T08:46:22.995+0000] {processor.py:756} INFO - Processing file /opt/airflow/dags/consumer.py for tasks to queue
[2023-09-09T08:46:22.996+0000] {logging_mixin.py:120} INFO - [2023-09-09T08:46:22.996+0000] {dagbag.py:537} INFO - Filling up the DagBag from /opt/airflow/dags/consumer.py
[2023-09-09T08:46:23.015+0000] {processor.py:766} INFO - DAG(s) dict_keys(['consumer']) retrieved from /opt/airflow/dags/consumer.py
[2023-09-09T08:46:23.053+0000] {logging_mixin.py:120} INFO - [2023-09-09T08:46:23.052+0000] {dag.py:2585} INFO - Sync 1 DAGs
[2023-09-09T08:46:23.077+0000] {logging_mixin.py:120} INFO - [2023-09-09T08:46:23.076+0000] {dag.py:3340} INFO - Setting next_dagrun for consumer to None, run_after=None
[2023-09-09T08:46:23.098+0000] {processor.py:176} INFO - Processing /opt/airflow/dags/consumer.py took 0.106 seconds
[2023-09-09T08:46:53.228+0000] {processor.py:154} INFO - Started process (PID=11930) to work on /opt/airflow/dags/consumer.py
[2023-09-09T08:46:53.229+0000] {processor.py:756} INFO - Processing file /opt/airflow/dags/consumer.py for tasks to queue
[2023-09-09T08:46:53.230+0000] {logging_mixin.py:120} INFO - [2023-09-09T08:46:53.230+0000] {dagbag.py:537} INFO - Filling up the DagBag from /opt/airflow/dags/consumer.py
[2023-09-09T08:46:53.252+0000] {processor.py:766} INFO - DAG(s) dict_keys(['consumer']) retrieved from /opt/airflow/dags/consumer.py
[2023-09-09T08:46:53.293+0000] {logging_mixin.py:120} INFO - [2023-09-09T08:46:53.293+0000] {dag.py:2585} INFO - Sync 1 DAGs
[2023-09-09T08:46:53.315+0000] {logging_mixin.py:120} INFO - [2023-09-09T08:46:53.315+0000] {dag.py:3340} INFO - Setting next_dagrun for consumer to None, run_after=None
[2023-09-09T08:46:53.337+0000] {processor.py:176} INFO - Processing /opt/airflow/dags/consumer.py took 0.113 seconds
[2023-09-09T08:47:23.419+0000] {processor.py:154} INFO - Started process (PID=11966) to work on /opt/airflow/dags/consumer.py
[2023-09-09T08:47:23.420+0000] {processor.py:756} INFO - Processing file /opt/airflow/dags/consumer.py for tasks to queue
[2023-09-09T08:47:23.420+0000] {logging_mixin.py:120} INFO - [2023-09-09T08:47:23.420+0000] {dagbag.py:537} INFO - Filling up the DagBag from /opt/airflow/dags/consumer.py
[2023-09-09T08:47:23.440+0000] {processor.py:766} INFO - DAG(s) dict_keys(['consumer']) retrieved from /opt/airflow/dags/consumer.py
[2023-09-09T08:47:23.480+0000] {logging_mixin.py:120} INFO - [2023-09-09T08:47:23.480+0000] {dag.py:2585} INFO - Sync 1 DAGs
[2023-09-09T08:47:23.504+0000] {logging_mixin.py:120} INFO - [2023-09-09T08:47:23.504+0000] {dag.py:3340} INFO - Setting next_dagrun for consumer to None, run_after=None
[2023-09-09T08:47:23.526+0000] {processor.py:176} INFO - Processing /opt/airflow/dags/consumer.py took 0.111 seconds
[2023-09-09T08:47:53.764+0000] {processor.py:154} INFO - Started process (PID=12003) to work on /opt/airflow/dags/consumer.py
[2023-09-09T08:47:53.764+0000] {processor.py:756} INFO - Processing file /opt/airflow/dags/consumer.py for tasks to queue
[2023-09-09T08:47:53.765+0000] {logging_mixin.py:120} INFO - [2023-09-09T08:47:53.765+0000] {dagbag.py:537} INFO - Filling up the DagBag from /opt/airflow/dags/consumer.py
[2023-09-09T08:47:53.785+0000] {processor.py:766} INFO - DAG(s) dict_keys(['consumer']) retrieved from /opt/airflow/dags/consumer.py
[2023-09-09T08:47:53.823+0000] {logging_mixin.py:120} INFO - [2023-09-09T08:47:53.823+0000] {dag.py:2585} INFO - Sync 1 DAGs
[2023-09-09T08:47:53.847+0000] {logging_mixin.py:120} INFO - [2023-09-09T08:47:53.846+0000] {dag.py:3340} INFO - Setting next_dagrun for consumer to None, run_after=None
[2023-09-09T08:47:53.868+0000] {processor.py:176} INFO - Processing /opt/airflow/dags/consumer.py took 0.110 seconds
[2023-09-09T08:48:23.954+0000] {processor.py:154} INFO - Started process (PID=12030) to work on /opt/airflow/dags/consumer.py
[2023-09-09T08:48:23.955+0000] {processor.py:756} INFO - Processing file /opt/airflow/dags/consumer.py for tasks to queue
[2023-09-09T08:48:23.956+0000] {logging_mixin.py:120} INFO - [2023-09-09T08:48:23.956+0000] {dagbag.py:537} INFO - Filling up the DagBag from /opt/airflow/dags/consumer.py
[2023-09-09T08:48:23.977+0000] {processor.py:766} INFO - DAG(s) dict_keys(['consumer']) retrieved from /opt/airflow/dags/consumer.py
[2023-09-09T08:48:24.018+0000] {logging_mixin.py:120} INFO - [2023-09-09T08:48:24.018+0000] {dag.py:2585} INFO - Sync 1 DAGs
[2023-09-09T08:48:24.046+0000] {logging_mixin.py:120} INFO - [2023-09-09T08:48:24.046+0000] {dag.py:3340} INFO - Setting next_dagrun for consumer to None, run_after=None
[2023-09-09T08:48:24.081+0000] {processor.py:176} INFO - Processing /opt/airflow/dags/consumer.py took 0.129 seconds
[2023-09-09T08:48:54.172+0000] {processor.py:154} INFO - Started process (PID=12066) to work on /opt/airflow/dags/consumer.py
[2023-09-09T08:48:54.173+0000] {processor.py:756} INFO - Processing file /opt/airflow/dags/consumer.py for tasks to queue
[2023-09-09T08:48:54.173+0000] {logging_mixin.py:120} INFO - [2023-09-09T08:48:54.173+0000] {dagbag.py:537} INFO - Filling up the DagBag from /opt/airflow/dags/consumer.py
[2023-09-09T08:48:54.192+0000] {processor.py:766} INFO - DAG(s) dict_keys(['consumer']) retrieved from /opt/airflow/dags/consumer.py
[2023-09-09T08:48:54.228+0000] {logging_mixin.py:120} INFO - [2023-09-09T08:48:54.228+0000] {dag.py:2585} INFO - Sync 1 DAGs
[2023-09-09T08:48:54.251+0000] {logging_mixin.py:120} INFO - [2023-09-09T08:48:54.251+0000] {dag.py:3340} INFO - Setting next_dagrun for consumer to None, run_after=None
[2023-09-09T08:48:54.270+0000] {processor.py:176} INFO - Processing /opt/airflow/dags/consumer.py took 0.101 seconds
[2023-09-09T08:49:24.515+0000] {processor.py:154} INFO - Started process (PID=12102) to work on /opt/airflow/dags/consumer.py
[2023-09-09T08:49:24.515+0000] {processor.py:756} INFO - Processing file /opt/airflow/dags/consumer.py for tasks to queue
[2023-09-09T08:49:24.516+0000] {logging_mixin.py:120} INFO - [2023-09-09T08:49:24.516+0000] {dagbag.py:537} INFO - Filling up the DagBag from /opt/airflow/dags/consumer.py
[2023-09-09T08:49:24.534+0000] {processor.py:766} INFO - DAG(s) dict_keys(['consumer']) retrieved from /opt/airflow/dags/consumer.py
[2023-09-09T08:49:24.572+0000] {logging_mixin.py:120} INFO - [2023-09-09T08:49:24.572+0000] {dag.py:2585} INFO - Sync 1 DAGs
[2023-09-09T08:49:24.597+0000] {logging_mixin.py:120} INFO - [2023-09-09T08:49:24.596+0000] {dag.py:3340} INFO - Setting next_dagrun for consumer to None, run_after=None
[2023-09-09T08:49:24.618+0000] {processor.py:176} INFO - Processing /opt/airflow/dags/consumer.py took 0.107 seconds
[2023-09-09T08:49:54.837+0000] {processor.py:154} INFO - Started process (PID=12129) to work on /opt/airflow/dags/consumer.py
[2023-09-09T08:49:54.838+0000] {processor.py:756} INFO - Processing file /opt/airflow/dags/consumer.py for tasks to queue
[2023-09-09T08:49:54.839+0000] {logging_mixin.py:120} INFO - [2023-09-09T08:49:54.839+0000] {dagbag.py:537} INFO - Filling up the DagBag from /opt/airflow/dags/consumer.py
[2023-09-09T08:49:54.859+0000] {processor.py:766} INFO - DAG(s) dict_keys(['consumer']) retrieved from /opt/airflow/dags/consumer.py
[2023-09-09T08:49:54.908+0000] {logging_mixin.py:120} INFO - [2023-09-09T08:49:54.907+0000] {dag.py:2585} INFO - Sync 1 DAGs
[2023-09-09T08:49:54.934+0000] {logging_mixin.py:120} INFO - [2023-09-09T08:49:54.934+0000] {dag.py:3340} INFO - Setting next_dagrun for consumer to None, run_after=None
[2023-09-09T08:49:54.957+0000] {processor.py:176} INFO - Processing /opt/airflow/dags/consumer.py took 0.123 seconds
[2023-09-09T08:50:25.204+0000] {processor.py:154} INFO - Started process (PID=12165) to work on /opt/airflow/dags/consumer.py
[2023-09-09T08:50:25.206+0000] {processor.py:756} INFO - Processing file /opt/airflow/dags/consumer.py for tasks to queue
[2023-09-09T08:50:25.207+0000] {logging_mixin.py:120} INFO - [2023-09-09T08:50:25.207+0000] {dagbag.py:537} INFO - Filling up the DagBag from /opt/airflow/dags/consumer.py
[2023-09-09T08:50:25.227+0000] {processor.py:766} INFO - DAG(s) dict_keys(['consumer']) retrieved from /opt/airflow/dags/consumer.py
[2023-09-09T08:50:25.267+0000] {logging_mixin.py:120} INFO - [2023-09-09T08:50:25.267+0000] {dag.py:2585} INFO - Sync 1 DAGs
[2023-09-09T08:50:25.290+0000] {logging_mixin.py:120} INFO - [2023-09-09T08:50:25.289+0000] {dag.py:3340} INFO - Setting next_dagrun for consumer to None, run_after=None
[2023-09-09T08:50:25.312+0000] {processor.py:176} INFO - Processing /opt/airflow/dags/consumer.py took 0.112 seconds
[2023-09-09T08:50:55.401+0000] {processor.py:154} INFO - Started process (PID=12201) to work on /opt/airflow/dags/consumer.py
[2023-09-09T08:50:55.402+0000] {processor.py:756} INFO - Processing file /opt/airflow/dags/consumer.py for tasks to queue
[2023-09-09T08:50:55.402+0000] {logging_mixin.py:120} INFO - [2023-09-09T08:50:55.402+0000] {dagbag.py:537} INFO - Filling up the DagBag from /opt/airflow/dags/consumer.py
[2023-09-09T08:50:55.421+0000] {processor.py:766} INFO - DAG(s) dict_keys(['consumer']) retrieved from /opt/airflow/dags/consumer.py
[2023-09-09T08:50:55.465+0000] {logging_mixin.py:120} INFO - [2023-09-09T08:50:55.464+0000] {dag.py:2585} INFO - Sync 1 DAGs
[2023-09-09T08:50:55.488+0000] {logging_mixin.py:120} INFO - [2023-09-09T08:50:55.488+0000] {dag.py:3340} INFO - Setting next_dagrun for consumer to None, run_after=None
[2023-09-09T08:50:55.510+0000] {processor.py:176} INFO - Processing /opt/airflow/dags/consumer.py took 0.112 seconds
[2023-09-09T08:51:26.135+0000] {processor.py:154} INFO - Started process (PID=12228) to work on /opt/airflow/dags/consumer.py
[2023-09-09T08:51:26.136+0000] {processor.py:756} INFO - Processing file /opt/airflow/dags/consumer.py for tasks to queue
[2023-09-09T08:51:26.137+0000] {logging_mixin.py:120} INFO - [2023-09-09T08:51:26.137+0000] {dagbag.py:537} INFO - Filling up the DagBag from /opt/airflow/dags/consumer.py
[2023-09-09T08:51:26.161+0000] {processor.py:766} INFO - DAG(s) dict_keys(['consumer']) retrieved from /opt/airflow/dags/consumer.py
[2023-09-09T08:51:26.204+0000] {logging_mixin.py:120} INFO - [2023-09-09T08:51:26.204+0000] {dag.py:2585} INFO - Sync 1 DAGs
[2023-09-09T08:51:26.231+0000] {logging_mixin.py:120} INFO - [2023-09-09T08:51:26.231+0000] {dag.py:3340} INFO - Setting next_dagrun for consumer to None, run_after=None
[2023-09-09T08:51:26.257+0000] {processor.py:176} INFO - Processing /opt/airflow/dags/consumer.py took 0.125 seconds
[2023-09-09T08:51:56.646+0000] {processor.py:154} INFO - Started process (PID=12264) to work on /opt/airflow/dags/consumer.py
[2023-09-09T08:51:56.647+0000] {processor.py:756} INFO - Processing file /opt/airflow/dags/consumer.py for tasks to queue
[2023-09-09T08:51:56.648+0000] {logging_mixin.py:120} INFO - [2023-09-09T08:51:56.647+0000] {dagbag.py:537} INFO - Filling up the DagBag from /opt/airflow/dags/consumer.py
[2023-09-09T08:51:56.671+0000] {processor.py:766} INFO - DAG(s) dict_keys(['consumer']) retrieved from /opt/airflow/dags/consumer.py
[2023-09-09T08:51:56.715+0000] {logging_mixin.py:120} INFO - [2023-09-09T08:51:56.715+0000] {dag.py:2585} INFO - Sync 1 DAGs
[2023-09-09T08:51:56.742+0000] {logging_mixin.py:120} INFO - [2023-09-09T08:51:56.742+0000] {dag.py:3340} INFO - Setting next_dagrun for consumer to None, run_after=None
[2023-09-09T08:51:56.767+0000] {processor.py:176} INFO - Processing /opt/airflow/dags/consumer.py took 0.125 seconds
[2023-09-09T08:52:26.980+0000] {processor.py:154} INFO - Started process (PID=12300) to work on /opt/airflow/dags/consumer.py
[2023-09-09T08:52:26.981+0000] {processor.py:756} INFO - Processing file /opt/airflow/dags/consumer.py for tasks to queue
[2023-09-09T08:52:26.982+0000] {logging_mixin.py:120} INFO - [2023-09-09T08:52:26.981+0000] {dagbag.py:537} INFO - Filling up the DagBag from /opt/airflow/dags/consumer.py
[2023-09-09T08:52:27.008+0000] {processor.py:766} INFO - DAG(s) dict_keys(['consumer']) retrieved from /opt/airflow/dags/consumer.py
[2023-09-09T08:52:27.060+0000] {logging_mixin.py:120} INFO - [2023-09-09T08:52:27.060+0000] {dag.py:2585} INFO - Sync 1 DAGs
[2023-09-09T08:52:27.090+0000] {logging_mixin.py:120} INFO - [2023-09-09T08:52:27.090+0000] {dag.py:3340} INFO - Setting next_dagrun for consumer to None, run_after=None
[2023-09-09T08:52:27.115+0000] {processor.py:176} INFO - Processing /opt/airflow/dags/consumer.py took 0.140 seconds
[2023-09-09T08:52:57.594+0000] {processor.py:154} INFO - Started process (PID=12327) to work on /opt/airflow/dags/consumer.py
[2023-09-09T08:52:57.595+0000] {processor.py:756} INFO - Processing file /opt/airflow/dags/consumer.py for tasks to queue
[2023-09-09T08:52:57.596+0000] {logging_mixin.py:120} INFO - [2023-09-09T08:52:57.596+0000] {dagbag.py:537} INFO - Filling up the DagBag from /opt/airflow/dags/consumer.py
[2023-09-09T08:52:57.621+0000] {processor.py:766} INFO - DAG(s) dict_keys(['consumer']) retrieved from /opt/airflow/dags/consumer.py
[2023-09-09T08:52:57.671+0000] {logging_mixin.py:120} INFO - [2023-09-09T08:52:57.671+0000] {dag.py:2585} INFO - Sync 1 DAGs
[2023-09-09T08:52:57.697+0000] {logging_mixin.py:120} INFO - [2023-09-09T08:52:57.697+0000] {dag.py:3340} INFO - Setting next_dagrun for consumer to None, run_after=None
[2023-09-09T08:52:57.725+0000] {processor.py:176} INFO - Processing /opt/airflow/dags/consumer.py took 0.135 seconds
[2023-09-09T08:53:28.311+0000] {processor.py:154} INFO - Started process (PID=12363) to work on /opt/airflow/dags/consumer.py
[2023-09-09T08:53:28.313+0000] {processor.py:756} INFO - Processing file /opt/airflow/dags/consumer.py for tasks to queue
[2023-09-09T08:53:28.315+0000] {logging_mixin.py:120} INFO - [2023-09-09T08:53:28.315+0000] {dagbag.py:537} INFO - Filling up the DagBag from /opt/airflow/dags/consumer.py
[2023-09-09T08:53:28.355+0000] {processor.py:766} INFO - DAG(s) dict_keys(['consumer']) retrieved from /opt/airflow/dags/consumer.py
[2023-09-09T08:53:28.400+0000] {logging_mixin.py:120} INFO - [2023-09-09T08:53:28.400+0000] {dag.py:2585} INFO - Sync 1 DAGs
[2023-09-09T08:53:28.426+0000] {logging_mixin.py:120} INFO - [2023-09-09T08:53:28.426+0000] {dag.py:3340} INFO - Setting next_dagrun for consumer to None, run_after=None
[2023-09-09T08:53:28.454+0000] {processor.py:176} INFO - Processing /opt/airflow/dags/consumer.py took 0.151 seconds
[2023-09-09T08:53:58.933+0000] {processor.py:154} INFO - Started process (PID=12399) to work on /opt/airflow/dags/consumer.py
[2023-09-09T08:53:58.934+0000] {processor.py:756} INFO - Processing file /opt/airflow/dags/consumer.py for tasks to queue
[2023-09-09T08:53:58.935+0000] {logging_mixin.py:120} INFO - [2023-09-09T08:53:58.935+0000] {dagbag.py:537} INFO - Filling up the DagBag from /opt/airflow/dags/consumer.py
[2023-09-09T08:53:58.956+0000] {processor.py:766} INFO - DAG(s) dict_keys(['consumer']) retrieved from /opt/airflow/dags/consumer.py
[2023-09-09T08:53:59.000+0000] {logging_mixin.py:120} INFO - [2023-09-09T08:53:59.000+0000] {dag.py:2585} INFO - Sync 1 DAGs
[2023-09-09T08:53:59.027+0000] {logging_mixin.py:120} INFO - [2023-09-09T08:53:59.027+0000] {dag.py:3340} INFO - Setting next_dagrun for consumer to None, run_after=None
[2023-09-09T08:53:59.053+0000] {processor.py:176} INFO - Processing /opt/airflow/dags/consumer.py took 0.123 seconds
[2023-09-09T08:54:29.469+0000] {processor.py:154} INFO - Started process (PID=12426) to work on /opt/airflow/dags/consumer.py
[2023-09-09T08:54:29.470+0000] {processor.py:756} INFO - Processing file /opt/airflow/dags/consumer.py for tasks to queue
[2023-09-09T08:54:29.472+0000] {logging_mixin.py:120} INFO - [2023-09-09T08:54:29.471+0000] {dagbag.py:537} INFO - Filling up the DagBag from /opt/airflow/dags/consumer.py
[2023-09-09T08:54:29.517+0000] {processor.py:766} INFO - DAG(s) dict_keys(['consumer']) retrieved from /opt/airflow/dags/consumer.py
[2023-09-09T08:54:29.658+0000] {logging_mixin.py:120} INFO - [2023-09-09T08:54:29.657+0000] {dag.py:2585} INFO - Sync 1 DAGs
[2023-09-09T08:54:29.685+0000] {logging_mixin.py:120} INFO - [2023-09-09T08:54:29.685+0000] {dag.py:3340} INFO - Setting next_dagrun for consumer to None, run_after=None
[2023-09-09T08:54:29.722+0000] {processor.py:176} INFO - Processing /opt/airflow/dags/consumer.py took 0.257 seconds
[2023-09-09T08:55:00.201+0000] {processor.py:154} INFO - Started process (PID=12462) to work on /opt/airflow/dags/consumer.py
[2023-09-09T08:55:00.202+0000] {processor.py:756} INFO - Processing file /opt/airflow/dags/consumer.py for tasks to queue
[2023-09-09T08:55:00.203+0000] {logging_mixin.py:120} INFO - [2023-09-09T08:55:00.202+0000] {dagbag.py:537} INFO - Filling up the DagBag from /opt/airflow/dags/consumer.py
[2023-09-09T08:55:00.236+0000] {processor.py:766} INFO - DAG(s) dict_keys(['consumer']) retrieved from /opt/airflow/dags/consumer.py
[2023-09-09T08:55:00.287+0000] {logging_mixin.py:120} INFO - [2023-09-09T08:55:00.287+0000] {dag.py:2585} INFO - Sync 1 DAGs
[2023-09-09T08:55:00.322+0000] {logging_mixin.py:120} INFO - [2023-09-09T08:55:00.322+0000] {dag.py:3340} INFO - Setting next_dagrun for consumer to None, run_after=None
[2023-09-09T08:55:00.367+0000] {processor.py:176} INFO - Processing /opt/airflow/dags/consumer.py took 0.171 seconds
[2023-09-09T08:55:30.857+0000] {processor.py:154} INFO - Started process (PID=12498) to work on /opt/airflow/dags/consumer.py
[2023-09-09T08:55:30.859+0000] {processor.py:756} INFO - Processing file /opt/airflow/dags/consumer.py for tasks to queue
[2023-09-09T08:55:30.860+0000] {logging_mixin.py:120} INFO - [2023-09-09T08:55:30.860+0000] {dagbag.py:537} INFO - Filling up the DagBag from /opt/airflow/dags/consumer.py
[2023-09-09T08:55:30.901+0000] {processor.py:766} INFO - DAG(s) dict_keys(['consumer']) retrieved from /opt/airflow/dags/consumer.py
[2023-09-09T08:55:30.977+0000] {logging_mixin.py:120} INFO - [2023-09-09T08:55:30.977+0000] {dag.py:2585} INFO - Sync 1 DAGs
[2023-09-09T08:55:31.035+0000] {logging_mixin.py:120} INFO - [2023-09-09T08:55:31.035+0000] {dag.py:3340} INFO - Setting next_dagrun for consumer to None, run_after=None
[2023-09-09T08:55:31.084+0000] {processor.py:176} INFO - Processing /opt/airflow/dags/consumer.py took 0.237 seconds
[2023-09-09T08:56:01.773+0000] {processor.py:154} INFO - Started process (PID=12525) to work on /opt/airflow/dags/consumer.py
[2023-09-09T08:56:01.774+0000] {processor.py:756} INFO - Processing file /opt/airflow/dags/consumer.py for tasks to queue
[2023-09-09T08:56:01.776+0000] {logging_mixin.py:120} INFO - [2023-09-09T08:56:01.776+0000] {dagbag.py:537} INFO - Filling up the DagBag from /opt/airflow/dags/consumer.py
[2023-09-09T08:56:01.808+0000] {processor.py:766} INFO - DAG(s) dict_keys(['consumer']) retrieved from /opt/airflow/dags/consumer.py
[2023-09-09T08:56:01.858+0000] {logging_mixin.py:120} INFO - [2023-09-09T08:56:01.858+0000] {dag.py:2585} INFO - Sync 1 DAGs
[2023-09-09T08:56:01.884+0000] {logging_mixin.py:120} INFO - [2023-09-09T08:56:01.884+0000] {dag.py:3340} INFO - Setting next_dagrun for consumer to None, run_after=None
[2023-09-09T08:56:01.915+0000] {processor.py:176} INFO - Processing /opt/airflow/dags/consumer.py took 0.152 seconds
[2023-09-09T08:56:32.239+0000] {processor.py:154} INFO - Started process (PID=12561) to work on /opt/airflow/dags/consumer.py
[2023-09-09T08:56:32.240+0000] {processor.py:756} INFO - Processing file /opt/airflow/dags/consumer.py for tasks to queue
[2023-09-09T08:56:32.241+0000] {logging_mixin.py:120} INFO - [2023-09-09T08:56:32.240+0000] {dagbag.py:537} INFO - Filling up the DagBag from /opt/airflow/dags/consumer.py
[2023-09-09T08:56:32.262+0000] {processor.py:766} INFO - DAG(s) dict_keys(['consumer']) retrieved from /opt/airflow/dags/consumer.py
[2023-09-09T08:56:32.307+0000] {logging_mixin.py:120} INFO - [2023-09-09T08:56:32.307+0000] {dag.py:2585} INFO - Sync 1 DAGs
[2023-09-09T08:56:32.334+0000] {logging_mixin.py:120} INFO - [2023-09-09T08:56:32.334+0000] {dag.py:3340} INFO - Setting next_dagrun for consumer to None, run_after=None
[2023-09-09T08:56:32.359+0000] {processor.py:176} INFO - Processing /opt/airflow/dags/consumer.py took 0.125 seconds
[2023-09-09T08:57:02.763+0000] {processor.py:154} INFO - Started process (PID=12597) to work on /opt/airflow/dags/consumer.py
[2023-09-09T08:57:02.764+0000] {processor.py:756} INFO - Processing file /opt/airflow/dags/consumer.py for tasks to queue
[2023-09-09T08:57:02.764+0000] {logging_mixin.py:120} INFO - [2023-09-09T08:57:02.764+0000] {dagbag.py:537} INFO - Filling up the DagBag from /opt/airflow/dags/consumer.py
[2023-09-09T08:57:02.786+0000] {processor.py:766} INFO - DAG(s) dict_keys(['consumer']) retrieved from /opt/airflow/dags/consumer.py
[2023-09-09T08:57:02.830+0000] {logging_mixin.py:120} INFO - [2023-09-09T08:57:02.830+0000] {dag.py:2585} INFO - Sync 1 DAGs
[2023-09-09T08:57:02.856+0000] {logging_mixin.py:120} INFO - [2023-09-09T08:57:02.856+0000] {dag.py:3340} INFO - Setting next_dagrun for consumer to None, run_after=None
[2023-09-09T08:57:02.886+0000] {processor.py:176} INFO - Processing /opt/airflow/dags/consumer.py took 0.128 seconds
