[2023-09-04T02:50:37.525+0000] {taskinstance.py:1165} INFO - Dependencies all met for <TaskInstance: parallel_dag.extract_a scheduled__2023-09-03T00:00:00+00:00 [queued]>
[2023-09-04T02:50:37.549+0000] {taskinstance.py:1165} INFO - Dependencies all met for <TaskInstance: parallel_dag.extract_a scheduled__2023-09-03T00:00:00+00:00 [queued]>
[2023-09-04T02:50:37.549+0000] {taskinstance.py:1362} INFO - 
--------------------------------------------------------------------------------
[2023-09-04T02:50:37.550+0000] {taskinstance.py:1363} INFO - Starting attempt 1 of 1
[2023-09-04T02:50:37.550+0000] {taskinstance.py:1364} INFO - 
--------------------------------------------------------------------------------
[2023-09-04T02:50:37.588+0000] {taskinstance.py:1383} INFO - Executing <Task(BashOperator): extract_a> on 2023-09-03 00:00:00+00:00
[2023-09-04T02:50:37.597+0000] {standard_task_runner.py:55} INFO - Started process 18065 to run task
[2023-09-04T02:50:37.608+0000] {standard_task_runner.py:82} INFO - Running: ['***', 'tasks', 'run', 'parallel_dag', 'extract_a', 'scheduled__2023-09-03T00:00:00+00:00', '--job-id', '177', '--raw', '--subdir', 'DAGS_FOLDER/parallel_dag.py', '--cfg-path', '/tmp/tmpqyupupxq']
[2023-09-04T02:50:37.609+0000] {standard_task_runner.py:83} INFO - Job 177: Subtask extract_a
[2023-09-04T02:50:37.814+0000] {task_command.py:376} INFO - Running <TaskInstance: parallel_dag.extract_a scheduled__2023-09-03T00:00:00+00:00 [running]> on host 6f35104e1718
[2023-09-04T02:50:38.119+0000] {taskinstance.py:1592} INFO - Exporting the following env vars:
AIRFLOW_CTX_DAG_OWNER=***
AIRFLOW_CTX_DAG_ID=parallel_dag
AIRFLOW_CTX_TASK_ID=extract_a
AIRFLOW_CTX_EXECUTION_DATE=2023-09-03T00:00:00+00:00
AIRFLOW_CTX_TRY_NUMBER=1
AIRFLOW_CTX_DAG_RUN_ID=scheduled__2023-09-03T00:00:00+00:00
[2023-09-04T02:50:38.121+0000] {subprocess.py:63} INFO - Tmp dir root location: 
 /tmp
[2023-09-04T02:50:38.122+0000] {subprocess.py:75} INFO - Running command: ['/bin/bash', '-c', 'sleep 1']
[2023-09-04T02:50:38.178+0000] {subprocess.py:86} INFO - Output:
[2023-09-04T02:50:39.185+0000] {subprocess.py:97} INFO - Command exited with return code 0
[2023-09-04T02:50:39.258+0000] {taskinstance.py:1406} INFO - Marking task as SUCCESS. dag_id=parallel_dag, task_id=extract_a, execution_date=20230903T000000, start_date=20230904T025037, end_date=20230904T025039
[2023-09-04T02:50:39.342+0000] {local_task_job.py:164} INFO - Task exited with return code 0
[2023-09-04T02:50:39.554+0000] {local_task_job.py:273} INFO - 1 downstream tasks scheduled from follow-on schedule check
