[2023-09-02T05:52:53.331+0000] {taskinstance.py:1165} INFO - Dependencies all met for <TaskInstance: parallel_dag.transform scheduled__2023-09-01T00:00:00+00:00 [queued]>
[2023-09-02T05:52:53.365+0000] {taskinstance.py:1165} INFO - Dependencies all met for <TaskInstance: parallel_dag.transform scheduled__2023-09-01T00:00:00+00:00 [queued]>
[2023-09-02T05:52:53.366+0000] {taskinstance.py:1362} INFO - 
--------------------------------------------------------------------------------
[2023-09-02T05:52:53.366+0000] {taskinstance.py:1363} INFO - Starting attempt 1 of 1
[2023-09-02T05:52:53.367+0000] {taskinstance.py:1364} INFO - 
--------------------------------------------------------------------------------
[2023-09-02T05:52:53.422+0000] {taskinstance.py:1383} INFO - Executing <Task(BashOperator): transform> on 2023-09-01 00:00:00+00:00
[2023-09-02T05:52:53.432+0000] {standard_task_runner.py:55} INFO - Started process 351 to run task
[2023-09-02T05:52:53.443+0000] {standard_task_runner.py:82} INFO - Running: ['***', 'tasks', 'run', 'parallel_dag', 'transform', 'scheduled__2023-09-01T00:00:00+00:00', '--job-id', '151', '--raw', '--subdir', 'DAGS_FOLDER/parallel_dag.py', '--cfg-path', '/tmp/tmpqyaog4v6']
[2023-09-02T05:52:53.444+0000] {standard_task_runner.py:83} INFO - Job 151: Subtask transform
[2023-09-02T05:52:53.639+0000] {task_command.py:376} INFO - Running <TaskInstance: parallel_dag.transform scheduled__2023-09-01T00:00:00+00:00 [running]> on host 0f360164c229
[2023-09-02T05:52:53.867+0000] {taskinstance.py:1592} INFO - Exporting the following env vars:
AIRFLOW_CTX_DAG_OWNER=***
AIRFLOW_CTX_DAG_ID=parallel_dag
AIRFLOW_CTX_TASK_ID=transform
AIRFLOW_CTX_EXECUTION_DATE=2023-09-01T00:00:00+00:00
AIRFLOW_CTX_TRY_NUMBER=1
AIRFLOW_CTX_DAG_RUN_ID=scheduled__2023-09-01T00:00:00+00:00
[2023-09-02T05:52:53.870+0000] {subprocess.py:63} INFO - Tmp dir root location: 
 /tmp
[2023-09-02T05:52:53.872+0000] {subprocess.py:75} INFO - Running command: ['/bin/bash', '-c', 'sleep 1']
[2023-09-02T05:52:53.904+0000] {subprocess.py:86} INFO - Output:
[2023-09-02T05:52:54.917+0000] {subprocess.py:97} INFO - Command exited with return code 0
[2023-09-02T05:52:54.965+0000] {taskinstance.py:1406} INFO - Marking task as SUCCESS. dag_id=parallel_dag, task_id=transform, execution_date=20230901T000000, start_date=20230902T055253, end_date=20230902T055254
[2023-09-02T05:52:55.023+0000] {local_task_job.py:164} INFO - Task exited with return code 0
[2023-09-02T05:52:55.061+0000] {local_task_job.py:273} INFO - 0 downstream tasks scheduled from follow-on schedule check
