[2023-08-30T09:07:55.668+0000] {processor.py:154} INFO - Started process (PID=55) to work on /opt/airflow/dags/user_processing.py
[2023-08-30T09:07:55.669+0000] {processor.py:756} INFO - Processing file /opt/airflow/dags/user_processing.py for tasks to queue
[2023-08-30T09:07:55.671+0000] {logging_mixin.py:120} INFO - [2023-08-30T09:07:55.671+0000] {dagbag.py:537} INFO - Filling up the DagBag from /opt/airflow/dags/user_processing.py
[2023-08-30T09:07:56.302+0000] {processor.py:766} INFO - DAG(s) dict_keys(['user_processing']) retrieved from /opt/airflow/dags/user_processing.py
[2023-08-30T09:07:56.649+0000] {logging_mixin.py:120} INFO - [2023-08-30T09:07:56.648+0000] {dag.py:2585} INFO - Sync 1 DAGs
[2023-08-30T09:07:56.684+0000] {logging_mixin.py:120} INFO - [2023-08-30T09:07:56.684+0000] {dag.py:3340} INFO - Setting next_dagrun for user_processing to 2023-08-30T00:00:00+00:00, run_after=2023-08-31T00:00:00+00:00
[2023-08-30T09:07:56.712+0000] {processor.py:176} INFO - Processing /opt/airflow/dags/user_processing.py took 1.049 seconds
[2023-08-30T09:08:26.932+0000] {processor.py:154} INFO - Started process (PID=115) to work on /opt/airflow/dags/user_processing.py
[2023-08-30T09:08:26.933+0000] {processor.py:756} INFO - Processing file /opt/airflow/dags/user_processing.py for tasks to queue
[2023-08-30T09:08:26.933+0000] {logging_mixin.py:120} INFO - [2023-08-30T09:08:26.933+0000] {dagbag.py:537} INFO - Filling up the DagBag from /opt/airflow/dags/user_processing.py
[2023-08-30T09:08:27.235+0000] {processor.py:766} INFO - DAG(s) dict_keys(['user_processing']) retrieved from /opt/airflow/dags/user_processing.py
[2023-08-30T09:08:27.510+0000] {logging_mixin.py:120} INFO - [2023-08-30T09:08:27.510+0000] {dag.py:2585} INFO - Sync 1 DAGs
[2023-08-30T09:08:27.550+0000] {logging_mixin.py:120} INFO - [2023-08-30T09:08:27.550+0000] {dag.py:3340} INFO - Setting next_dagrun for user_processing to 2023-08-30T00:00:00+00:00, run_after=2023-08-31T00:00:00+00:00
[2023-08-30T09:08:27.575+0000] {processor.py:176} INFO - Processing /opt/airflow/dags/user_processing.py took 0.646 seconds
[2023-08-30T09:08:58.073+0000] {processor.py:154} INFO - Started process (PID=181) to work on /opt/airflow/dags/user_processing.py
[2023-08-30T09:08:58.078+0000] {processor.py:756} INFO - Processing file /opt/airflow/dags/user_processing.py for tasks to queue
[2023-08-30T09:08:58.079+0000] {logging_mixin.py:120} INFO - [2023-08-30T09:08:58.079+0000] {dagbag.py:537} INFO - Filling up the DagBag from /opt/airflow/dags/user_processing.py
[2023-08-30T09:08:58.344+0000] {processor.py:766} INFO - DAG(s) dict_keys(['user_processing']) retrieved from /opt/airflow/dags/user_processing.py
[2023-08-30T09:08:58.548+0000] {logging_mixin.py:120} INFO - [2023-08-30T09:08:58.547+0000] {dag.py:2585} INFO - Sync 1 DAGs
[2023-08-30T09:08:58.573+0000] {logging_mixin.py:120} INFO - [2023-08-30T09:08:58.573+0000] {dag.py:3340} INFO - Setting next_dagrun for user_processing to 2023-08-30T00:00:00+00:00, run_after=2023-08-31T00:00:00+00:00
[2023-08-30T09:08:58.593+0000] {processor.py:176} INFO - Processing /opt/airflow/dags/user_processing.py took 0.522 seconds
[2023-08-30T09:09:29.041+0000] {processor.py:154} INFO - Started process (PID=246) to work on /opt/airflow/dags/user_processing.py
[2023-08-30T09:09:29.046+0000] {processor.py:756} INFO - Processing file /opt/airflow/dags/user_processing.py for tasks to queue
[2023-08-30T09:09:29.047+0000] {logging_mixin.py:120} INFO - [2023-08-30T09:09:29.047+0000] {dagbag.py:537} INFO - Filling up the DagBag from /opt/airflow/dags/user_processing.py
[2023-08-30T09:09:29.468+0000] {processor.py:766} INFO - DAG(s) dict_keys(['user_processing']) retrieved from /opt/airflow/dags/user_processing.py
[2023-08-30T09:09:29.790+0000] {logging_mixin.py:120} INFO - [2023-08-30T09:09:29.790+0000] {dag.py:2585} INFO - Sync 1 DAGs
[2023-08-30T09:09:29.828+0000] {logging_mixin.py:120} INFO - [2023-08-30T09:09:29.827+0000] {dag.py:3340} INFO - Setting next_dagrun for user_processing to 2023-08-30T00:00:00+00:00, run_after=2023-08-31T00:00:00+00:00
[2023-08-30T09:09:29.854+0000] {processor.py:176} INFO - Processing /opt/airflow/dags/user_processing.py took 0.817 seconds
[2023-08-30T09:10:00.280+0000] {processor.py:154} INFO - Started process (PID=312) to work on /opt/airflow/dags/user_processing.py
[2023-08-30T09:10:00.280+0000] {processor.py:756} INFO - Processing file /opt/airflow/dags/user_processing.py for tasks to queue
[2023-08-30T09:10:00.281+0000] {logging_mixin.py:120} INFO - [2023-08-30T09:10:00.281+0000] {dagbag.py:537} INFO - Filling up the DagBag from /opt/airflow/dags/user_processing.py
[2023-08-30T09:10:00.546+0000] {processor.py:766} INFO - DAG(s) dict_keys(['user_processing']) retrieved from /opt/airflow/dags/user_processing.py
[2023-08-30T09:10:00.743+0000] {logging_mixin.py:120} INFO - [2023-08-30T09:10:00.743+0000] {dag.py:2585} INFO - Sync 1 DAGs
[2023-08-30T09:10:00.768+0000] {logging_mixin.py:120} INFO - [2023-08-30T09:10:00.768+0000] {dag.py:3340} INFO - Setting next_dagrun for user_processing to 2023-08-30T00:00:00+00:00, run_after=2023-08-31T00:00:00+00:00
[2023-08-30T09:10:00.793+0000] {processor.py:176} INFO - Processing /opt/airflow/dags/user_processing.py took 0.516 seconds
[2023-08-30T09:10:30.909+0000] {processor.py:154} INFO - Started process (PID=368) to work on /opt/airflow/dags/user_processing.py
[2023-08-30T09:10:30.915+0000] {processor.py:756} INFO - Processing file /opt/airflow/dags/user_processing.py for tasks to queue
[2023-08-30T09:10:30.916+0000] {logging_mixin.py:120} INFO - [2023-08-30T09:10:30.915+0000] {dagbag.py:537} INFO - Filling up the DagBag from /opt/airflow/dags/user_processing.py
[2023-08-30T09:10:31.184+0000] {processor.py:766} INFO - DAG(s) dict_keys(['user_processing']) retrieved from /opt/airflow/dags/user_processing.py
[2023-08-30T09:10:31.381+0000] {logging_mixin.py:120} INFO - [2023-08-30T09:10:31.381+0000] {dag.py:2585} INFO - Sync 1 DAGs
[2023-08-30T09:10:31.406+0000] {logging_mixin.py:120} INFO - [2023-08-30T09:10:31.406+0000] {dag.py:3340} INFO - Setting next_dagrun for user_processing to 2023-08-30T00:00:00+00:00, run_after=2023-08-31T00:00:00+00:00
[2023-08-30T09:10:31.425+0000] {processor.py:176} INFO - Processing /opt/airflow/dags/user_processing.py took 0.519 seconds
[2023-08-30T09:11:01.815+0000] {processor.py:154} INFO - Started process (PID=433) to work on /opt/airflow/dags/user_processing.py
[2023-08-30T09:11:01.816+0000] {processor.py:756} INFO - Processing file /opt/airflow/dags/user_processing.py for tasks to queue
[2023-08-30T09:11:01.816+0000] {logging_mixin.py:120} INFO - [2023-08-30T09:11:01.816+0000] {dagbag.py:537} INFO - Filling up the DagBag from /opt/airflow/dags/user_processing.py
[2023-08-30T09:11:02.077+0000] {processor.py:766} INFO - DAG(s) dict_keys(['user_processing']) retrieved from /opt/airflow/dags/user_processing.py
[2023-08-30T09:11:02.270+0000] {logging_mixin.py:120} INFO - [2023-08-30T09:11:02.270+0000] {dag.py:2585} INFO - Sync 1 DAGs
[2023-08-30T09:11:02.294+0000] {logging_mixin.py:120} INFO - [2023-08-30T09:11:02.293+0000] {dag.py:3340} INFO - Setting next_dagrun for user_processing to 2023-08-30T00:00:00+00:00, run_after=2023-08-31T00:00:00+00:00
[2023-08-30T09:11:02.312+0000] {processor.py:176} INFO - Processing /opt/airflow/dags/user_processing.py took 0.500 seconds
[2023-08-30T09:11:32.699+0000] {processor.py:154} INFO - Started process (PID=498) to work on /opt/airflow/dags/user_processing.py
[2023-08-30T09:11:32.700+0000] {processor.py:756} INFO - Processing file /opt/airflow/dags/user_processing.py for tasks to queue
[2023-08-30T09:11:32.700+0000] {logging_mixin.py:120} INFO - [2023-08-30T09:11:32.700+0000] {dagbag.py:537} INFO - Filling up the DagBag from /opt/airflow/dags/user_processing.py
[2023-08-30T09:11:32.969+0000] {processor.py:766} INFO - DAG(s) dict_keys(['user_processing']) retrieved from /opt/airflow/dags/user_processing.py
[2023-08-30T09:11:33.163+0000] {logging_mixin.py:120} INFO - [2023-08-30T09:11:33.162+0000] {dag.py:2585} INFO - Sync 1 DAGs
[2023-08-30T09:11:33.188+0000] {logging_mixin.py:120} INFO - [2023-08-30T09:11:33.188+0000] {dag.py:3340} INFO - Setting next_dagrun for user_processing to 2023-08-30T00:00:00+00:00, run_after=2023-08-31T00:00:00+00:00
[2023-08-30T09:11:33.207+0000] {processor.py:176} INFO - Processing /opt/airflow/dags/user_processing.py took 0.511 seconds
[2023-08-30T09:12:03.334+0000] {processor.py:154} INFO - Started process (PID=563) to work on /opt/airflow/dags/user_processing.py
[2023-08-30T09:12:03.335+0000] {processor.py:756} INFO - Processing file /opt/airflow/dags/user_processing.py for tasks to queue
[2023-08-30T09:12:03.335+0000] {logging_mixin.py:120} INFO - [2023-08-30T09:12:03.335+0000] {dagbag.py:537} INFO - Filling up the DagBag from /opt/airflow/dags/user_processing.py
[2023-08-30T09:12:03.631+0000] {processor.py:766} INFO - DAG(s) dict_keys(['user_processing']) retrieved from /opt/airflow/dags/user_processing.py
[2023-08-30T09:12:03.841+0000] {logging_mixin.py:120} INFO - [2023-08-30T09:12:03.840+0000] {dag.py:2585} INFO - Sync 1 DAGs
[2023-08-30T09:12:03.868+0000] {logging_mixin.py:120} INFO - [2023-08-30T09:12:03.868+0000] {dag.py:3340} INFO - Setting next_dagrun for user_processing to 2023-08-30T00:00:00+00:00, run_after=2023-08-31T00:00:00+00:00
[2023-08-30T09:12:03.888+0000] {processor.py:176} INFO - Processing /opt/airflow/dags/user_processing.py took 0.557 seconds
[2023-08-30T09:18:56.109+0000] {processor.py:154} INFO - Started process (PID=41) to work on /opt/airflow/dags/user_processing.py
[2023-08-30T09:18:56.111+0000] {processor.py:756} INFO - Processing file /opt/airflow/dags/user_processing.py for tasks to queue
[2023-08-30T09:18:56.113+0000] {logging_mixin.py:120} INFO - [2023-08-30T09:18:56.112+0000] {dagbag.py:537} INFO - Filling up the DagBag from /opt/airflow/dags/user_processing.py
[2023-08-30T09:18:56.856+0000] {processor.py:766} INFO - DAG(s) dict_keys(['user_processing']) retrieved from /opt/airflow/dags/user_processing.py
[2023-08-30T09:18:57.063+0000] {logging_mixin.py:120} INFO - [2023-08-30T09:18:57.062+0000] {dag.py:2585} INFO - Sync 1 DAGs
[2023-08-30T09:18:57.090+0000] {logging_mixin.py:120} INFO - [2023-08-30T09:18:57.090+0000] {dag.py:3340} INFO - Setting next_dagrun for user_processing to 2023-08-30T00:00:00+00:00, run_after=2023-08-31T00:00:00+00:00
[2023-08-30T09:18:57.111+0000] {processor.py:176} INFO - Processing /opt/airflow/dags/user_processing.py took 1.006 seconds
[2023-08-30T09:19:27.174+0000] {processor.py:154} INFO - Started process (PID=113) to work on /opt/airflow/dags/user_processing.py
[2023-08-30T09:19:27.175+0000] {processor.py:756} INFO - Processing file /opt/airflow/dags/user_processing.py for tasks to queue
[2023-08-30T09:19:27.176+0000] {logging_mixin.py:120} INFO - [2023-08-30T09:19:27.176+0000] {dagbag.py:537} INFO - Filling up the DagBag from /opt/airflow/dags/user_processing.py
[2023-08-30T09:19:27.458+0000] {processor.py:766} INFO - DAG(s) dict_keys(['user_processing']) retrieved from /opt/airflow/dags/user_processing.py
[2023-08-30T09:19:27.727+0000] {logging_mixin.py:120} INFO - [2023-08-30T09:19:27.726+0000] {dag.py:2585} INFO - Sync 1 DAGs
[2023-08-30T09:19:27.751+0000] {logging_mixin.py:120} INFO - [2023-08-30T09:19:27.751+0000] {dag.py:3340} INFO - Setting next_dagrun for user_processing to 2023-08-30T00:00:00+00:00, run_after=2023-08-31T00:00:00+00:00
[2023-08-30T09:19:27.773+0000] {processor.py:176} INFO - Processing /opt/airflow/dags/user_processing.py took 0.602 seconds
[2023-08-30T09:19:58.346+0000] {processor.py:154} INFO - Started process (PID=180) to work on /opt/airflow/dags/user_processing.py
[2023-08-30T09:19:58.352+0000] {processor.py:756} INFO - Processing file /opt/airflow/dags/user_processing.py for tasks to queue
[2023-08-30T09:19:58.353+0000] {logging_mixin.py:120} INFO - [2023-08-30T09:19:58.353+0000] {dagbag.py:537} INFO - Filling up the DagBag from /opt/airflow/dags/user_processing.py
[2023-08-30T09:19:58.627+0000] {processor.py:766} INFO - DAG(s) dict_keys(['user_processing']) retrieved from /opt/airflow/dags/user_processing.py
[2023-08-30T09:19:58.820+0000] {logging_mixin.py:120} INFO - [2023-08-30T09:19:58.820+0000] {dag.py:2585} INFO - Sync 1 DAGs
[2023-08-30T09:19:58.844+0000] {logging_mixin.py:120} INFO - [2023-08-30T09:19:58.844+0000] {dag.py:3340} INFO - Setting next_dagrun for user_processing to 2023-08-30T00:00:00+00:00, run_after=2023-08-31T00:00:00+00:00
[2023-08-30T09:19:58.863+0000] {processor.py:176} INFO - Processing /opt/airflow/dags/user_processing.py took 0.519 seconds
[2023-08-30T09:20:29.310+0000] {processor.py:154} INFO - Started process (PID=243) to work on /opt/airflow/dags/user_processing.py
[2023-08-30T09:20:29.310+0000] {processor.py:756} INFO - Processing file /opt/airflow/dags/user_processing.py for tasks to queue
[2023-08-30T09:20:29.311+0000] {logging_mixin.py:120} INFO - [2023-08-30T09:20:29.311+0000] {dagbag.py:537} INFO - Filling up the DagBag from /opt/airflow/dags/user_processing.py
[2023-08-30T09:20:29.607+0000] {processor.py:766} INFO - DAG(s) dict_keys(['user_processing']) retrieved from /opt/airflow/dags/user_processing.py
[2023-08-30T09:20:29.849+0000] {logging_mixin.py:120} INFO - [2023-08-30T09:20:29.848+0000] {dag.py:2585} INFO - Sync 1 DAGs
[2023-08-30T09:20:29.876+0000] {logging_mixin.py:120} INFO - [2023-08-30T09:20:29.876+0000] {dag.py:3340} INFO - Setting next_dagrun for user_processing to 2023-08-30T00:00:00+00:00, run_after=2023-08-31T00:00:00+00:00
[2023-08-30T09:20:29.896+0000] {processor.py:176} INFO - Processing /opt/airflow/dags/user_processing.py took 0.588 seconds
[2023-08-30T09:21:00.314+0000] {processor.py:154} INFO - Started process (PID=301) to work on /opt/airflow/dags/user_processing.py
[2023-08-30T09:21:00.319+0000] {processor.py:756} INFO - Processing file /opt/airflow/dags/user_processing.py for tasks to queue
[2023-08-30T09:21:00.320+0000] {logging_mixin.py:120} INFO - [2023-08-30T09:21:00.320+0000] {dagbag.py:537} INFO - Filling up the DagBag from /opt/airflow/dags/user_processing.py
[2023-08-30T09:21:00.588+0000] {processor.py:766} INFO - DAG(s) dict_keys(['user_processing']) retrieved from /opt/airflow/dags/user_processing.py
[2023-08-30T09:21:00.783+0000] {logging_mixin.py:120} INFO - [2023-08-30T09:21:00.783+0000] {dag.py:2585} INFO - Sync 1 DAGs
[2023-08-30T09:21:00.806+0000] {logging_mixin.py:120} INFO - [2023-08-30T09:21:00.806+0000] {dag.py:3340} INFO - Setting next_dagrun for user_processing to 2023-08-30T00:00:00+00:00, run_after=2023-08-31T00:00:00+00:00
[2023-08-30T09:21:00.824+0000] {processor.py:176} INFO - Processing /opt/airflow/dags/user_processing.py took 0.512 seconds
[2023-08-30T09:21:31.043+0000] {processor.py:154} INFO - Started process (PID=366) to work on /opt/airflow/dags/user_processing.py
[2023-08-30T09:21:31.046+0000] {processor.py:756} INFO - Processing file /opt/airflow/dags/user_processing.py for tasks to queue
[2023-08-30T09:21:31.046+0000] {logging_mixin.py:120} INFO - [2023-08-30T09:21:31.046+0000] {dagbag.py:537} INFO - Filling up the DagBag from /opt/airflow/dags/user_processing.py
[2023-08-30T09:21:31.311+0000] {processor.py:766} INFO - DAG(s) dict_keys(['user_processing']) retrieved from /opt/airflow/dags/user_processing.py
[2023-08-30T09:21:31.509+0000] {logging_mixin.py:120} INFO - [2023-08-30T09:21:31.509+0000] {dag.py:2585} INFO - Sync 1 DAGs
[2023-08-30T09:21:31.533+0000] {logging_mixin.py:120} INFO - [2023-08-30T09:21:31.533+0000] {dag.py:3340} INFO - Setting next_dagrun for user_processing to 2023-08-30T00:00:00+00:00, run_after=2023-08-31T00:00:00+00:00
[2023-08-30T09:21:31.550+0000] {processor.py:176} INFO - Processing /opt/airflow/dags/user_processing.py took 0.510 seconds
