[2023-09-02T05:52:55.556+0000] {taskinstance.py:1165} INFO - Dependencies all met for <TaskInstance: parallel_dag.extract_b manual__2023-09-02T05:52:54.520901+00:00 [queued]>
[2023-09-02T05:52:55.573+0000] {taskinstance.py:1165} INFO - Dependencies all met for <TaskInstance: parallel_dag.extract_b manual__2023-09-02T05:52:54.520901+00:00 [queued]>
[2023-09-02T05:52:55.573+0000] {taskinstance.py:1362} INFO - 
--------------------------------------------------------------------------------
[2023-09-02T05:52:55.573+0000] {taskinstance.py:1363} INFO - Starting attempt 1 of 1
[2023-09-02T05:52:55.574+0000] {taskinstance.py:1364} INFO - 
--------------------------------------------------------------------------------
[2023-09-02T05:52:55.599+0000] {taskinstance.py:1383} INFO - Executing <Task(BashOperator): extract_b> on 2023-09-02 05:52:54.520901+00:00
[2023-09-02T05:52:55.605+0000] {standard_task_runner.py:55} INFO - Started process 355 to run task
[2023-09-02T05:52:55.611+0000] {standard_task_runner.py:82} INFO - Running: ['***', 'tasks', 'run', 'parallel_dag', 'extract_b', 'manual__2023-09-02T05:52:54.520901+00:00', '--job-id', '152', '--raw', '--subdir', 'DAGS_FOLDER/parallel_dag.py', '--cfg-path', '/tmp/tmpzhbgp10h']
[2023-09-02T05:52:55.612+0000] {standard_task_runner.py:83} INFO - Job 152: Subtask extract_b
[2023-09-02T05:52:55.750+0000] {task_command.py:376} INFO - Running <TaskInstance: parallel_dag.extract_b manual__2023-09-02T05:52:54.520901+00:00 [running]> on host 0f360164c229
[2023-09-02T05:52:56.063+0000] {taskinstance.py:1592} INFO - Exporting the following env vars:
AIRFLOW_CTX_DAG_OWNER=***
AIRFLOW_CTX_DAG_ID=parallel_dag
AIRFLOW_CTX_TASK_ID=extract_b
AIRFLOW_CTX_EXECUTION_DATE=2023-09-02T05:52:54.520901+00:00
AIRFLOW_CTX_TRY_NUMBER=1
AIRFLOW_CTX_DAG_RUN_ID=manual__2023-09-02T05:52:54.520901+00:00
[2023-09-02T05:52:56.067+0000] {subprocess.py:63} INFO - Tmp dir root location: 
 /tmp
[2023-09-02T05:52:56.069+0000] {subprocess.py:75} INFO - Running command: ['/bin/bash', '-c', 'sleep 1']
[2023-09-02T05:52:56.106+0000] {subprocess.py:86} INFO - Output:
[2023-09-02T05:52:57.121+0000] {subprocess.py:97} INFO - Command exited with return code 0
[2023-09-02T05:52:57.265+0000] {taskinstance.py:1406} INFO - Marking task as SUCCESS. dag_id=parallel_dag, task_id=extract_b, execution_date=20230902T055254, start_date=20230902T055255, end_date=20230902T055257
[2023-09-02T05:52:57.356+0000] {local_task_job.py:164} INFO - Task exited with return code 0
[2023-09-02T05:52:57.517+0000] {local_task_job.py:273} INFO - 1 downstream tasks scheduled from follow-on schedule check
