[2023-09-03T07:21:55.267+0000] {taskinstance.py:1165} INFO - Dependencies all met for <TaskInstance: parallel_dag.load_b scheduled__2023-09-02T00:00:00+00:00 [queued]>
[2023-09-03T07:21:55.277+0000] {taskinstance.py:1165} INFO - Dependencies all met for <TaskInstance: parallel_dag.load_b scheduled__2023-09-02T00:00:00+00:00 [queued]>
[2023-09-03T07:21:55.277+0000] {taskinstance.py:1362} INFO - 
--------------------------------------------------------------------------------
[2023-09-03T07:21:55.277+0000] {taskinstance.py:1363} INFO - Starting attempt 1 of 1
[2023-09-03T07:21:55.277+0000] {taskinstance.py:1364} INFO - 
--------------------------------------------------------------------------------
[2023-09-03T07:21:55.299+0000] {taskinstance.py:1383} INFO - Executing <Task(BashOperator): load_b> on 2023-09-02 00:00:00+00:00
[2023-09-03T07:21:55.302+0000] {standard_task_runner.py:55} INFO - Started process 8955 to run task
[2023-09-03T07:21:55.306+0000] {standard_task_runner.py:82} INFO - Running: ['***', 'tasks', 'run', 'parallel_dag', 'load_b', 'scheduled__2023-09-02T00:00:00+00:00', '--job-id', '175', '--raw', '--subdir', 'DAGS_FOLDER/parallel_dag.py', '--cfg-path', '/tmp/tmpyp_ktze4']
[2023-09-03T07:21:55.306+0000] {standard_task_runner.py:83} INFO - Job 175: Subtask load_b
[2023-09-03T07:21:55.366+0000] {task_command.py:376} INFO - Running <TaskInstance: parallel_dag.load_b scheduled__2023-09-02T00:00:00+00:00 [running]> on host 6f35104e1718
[2023-09-03T07:21:55.480+0000] {taskinstance.py:1592} INFO - Exporting the following env vars:
AIRFLOW_CTX_DAG_OWNER=***
AIRFLOW_CTX_DAG_ID=parallel_dag
AIRFLOW_CTX_TASK_ID=load_b
AIRFLOW_CTX_EXECUTION_DATE=2023-09-02T00:00:00+00:00
AIRFLOW_CTX_TRY_NUMBER=1
AIRFLOW_CTX_DAG_RUN_ID=scheduled__2023-09-02T00:00:00+00:00
[2023-09-03T07:21:55.481+0000] {subprocess.py:63} INFO - Tmp dir root location: 
 /tmp
[2023-09-03T07:21:55.482+0000] {subprocess.py:75} INFO - Running command: ['/bin/bash', '-c', 'sleep 1']
[2023-09-03T07:21:55.492+0000] {subprocess.py:86} INFO - Output:
[2023-09-03T07:21:56.497+0000] {subprocess.py:97} INFO - Command exited with return code 0
[2023-09-03T07:21:56.524+0000] {taskinstance.py:1406} INFO - Marking task as SUCCESS. dag_id=parallel_dag, task_id=load_b, execution_date=20230902T000000, start_date=20230903T072155, end_date=20230903T072156
[2023-09-03T07:21:56.564+0000] {local_task_job.py:164} INFO - Task exited with return code 0
[2023-09-03T07:21:56.584+0000] {local_task_job.py:273} INFO - 0 downstream tasks scheduled from follow-on schedule check
