[2023-09-04T09:30:56.008+0000] {taskinstance.py:1165} INFO - Dependencies all met for <TaskInstance: group_dag.downloads.download_c manual__2023-09-04T09:30:54.330805+00:00 [queued]>
[2023-09-04T09:30:56.024+0000] {taskinstance.py:1165} INFO - Dependencies all met for <TaskInstance: group_dag.downloads.download_c manual__2023-09-04T09:30:54.330805+00:00 [queued]>
[2023-09-04T09:30:56.025+0000] {taskinstance.py:1362} INFO - 
--------------------------------------------------------------------------------
[2023-09-04T09:30:56.025+0000] {taskinstance.py:1363} INFO - Starting attempt 1 of 1
[2023-09-04T09:30:56.025+0000] {taskinstance.py:1364} INFO - 
--------------------------------------------------------------------------------
[2023-09-04T09:30:56.043+0000] {taskinstance.py:1383} INFO - Executing <Task(BashOperator): downloads.download_c> on 2023-09-04 09:30:54.330805+00:00
[2023-09-04T09:30:56.047+0000] {standard_task_runner.py:55} INFO - Started process 639 to run task
[2023-09-04T09:30:56.053+0000] {standard_task_runner.py:82} INFO - Running: ['***', 'tasks', 'run', 'group_dag', 'downloads.download_c', 'manual__2023-09-04T09:30:54.330805+00:00', '--job-id', '191', '--raw', '--subdir', 'DAGS_FOLDER/group_dag.py', '--cfg-path', '/tmp/tmp9on_obo8']
[2023-09-04T09:30:56.053+0000] {standard_task_runner.py:83} INFO - Job 191: Subtask downloads.download_c
[2023-09-04T09:30:56.147+0000] {task_command.py:376} INFO - Running <TaskInstance: group_dag.downloads.download_c manual__2023-09-04T09:30:54.330805+00:00 [running]> on host 6f35104e1718
[2023-09-04T09:30:56.228+0000] {taskinstance.py:1592} INFO - Exporting the following env vars:
AIRFLOW_CTX_DAG_OWNER=***
AIRFLOW_CTX_DAG_ID=group_dag
AIRFLOW_CTX_TASK_ID=downloads.download_c
AIRFLOW_CTX_EXECUTION_DATE=2023-09-04T09:30:54.330805+00:00
AIRFLOW_CTX_TRY_NUMBER=1
AIRFLOW_CTX_DAG_RUN_ID=manual__2023-09-04T09:30:54.330805+00:00
[2023-09-04T09:30:56.230+0000] {subprocess.py:63} INFO - Tmp dir root location: 
 /tmp
[2023-09-04T09:30:56.231+0000] {subprocess.py:75} INFO - Running command: ['/bin/bash', '-c', 'sleep 10']
[2023-09-04T09:30:56.241+0000] {subprocess.py:86} INFO - Output:
[2023-09-04T09:31:06.245+0000] {subprocess.py:97} INFO - Command exited with return code 0
[2023-09-04T09:31:06.281+0000] {taskinstance.py:1406} INFO - Marking task as SUCCESS. dag_id=group_dag, task_id=downloads.download_c, execution_date=20230904T093054, start_date=20230904T093056, end_date=20230904T093106
[2023-09-04T09:31:06.315+0000] {local_task_job.py:164} INFO - Task exited with return code 0
[2023-09-04T09:31:06.352+0000] {local_task_job.py:273} INFO - 1 downstream tasks scheduled from follow-on schedule check
