[2023-09-04T09:31:13.772+0000] {taskinstance.py:1165} INFO - Dependencies all met for <TaskInstance: group_dag.transforms.transform_a scheduled__2023-09-03T00:00:00+00:00 [queued]>
[2023-09-04T09:31:13.782+0000] {taskinstance.py:1165} INFO - Dependencies all met for <TaskInstance: group_dag.transforms.transform_a scheduled__2023-09-03T00:00:00+00:00 [queued]>
[2023-09-04T09:31:13.783+0000] {taskinstance.py:1362} INFO - 
--------------------------------------------------------------------------------
[2023-09-04T09:31:13.783+0000] {taskinstance.py:1363} INFO - Starting attempt 1 of 1
[2023-09-04T09:31:13.783+0000] {taskinstance.py:1364} INFO - 
--------------------------------------------------------------------------------
[2023-09-04T09:31:13.811+0000] {taskinstance.py:1383} INFO - Executing <Task(BashOperator): transforms.transform_a> on 2023-09-03 00:00:00+00:00
[2023-09-04T09:31:13.815+0000] {standard_task_runner.py:55} INFO - Started process 674 to run task
[2023-09-04T09:31:13.819+0000] {standard_task_runner.py:82} INFO - Running: ['***', 'tasks', 'run', 'group_dag', 'transforms.transform_a', 'scheduled__2023-09-03T00:00:00+00:00', '--job-id', '197', '--raw', '--subdir', 'DAGS_FOLDER/group_dag.py', '--cfg-path', '/tmp/tmpal35aojt']
[2023-09-04T09:31:13.819+0000] {standard_task_runner.py:83} INFO - Job 197: Subtask transforms.transform_a
[2023-09-04T09:31:13.881+0000] {task_command.py:376} INFO - Running <TaskInstance: group_dag.transforms.transform_a scheduled__2023-09-03T00:00:00+00:00 [running]> on host 6f35104e1718
[2023-09-04T09:31:13.952+0000] {taskinstance.py:1592} INFO - Exporting the following env vars:
AIRFLOW_CTX_DAG_OWNER=***
AIRFLOW_CTX_DAG_ID=group_dag
AIRFLOW_CTX_TASK_ID=transforms.transform_a
AIRFLOW_CTX_EXECUTION_DATE=2023-09-03T00:00:00+00:00
AIRFLOW_CTX_TRY_NUMBER=1
AIRFLOW_CTX_DAG_RUN_ID=scheduled__2023-09-03T00:00:00+00:00
[2023-09-04T09:31:13.953+0000] {subprocess.py:63} INFO - Tmp dir root location: 
 /tmp
[2023-09-04T09:31:13.953+0000] {subprocess.py:75} INFO - Running command: ['/bin/bash', '-c', 'sleep 10']
[2023-09-04T09:31:14.071+0000] {subprocess.py:86} INFO - Output:
[2023-09-04T09:31:24.081+0000] {subprocess.py:97} INFO - Command exited with return code 0
[2023-09-04T09:31:24.107+0000] {taskinstance.py:1406} INFO - Marking task as SUCCESS. dag_id=group_dag, task_id=transforms.transform_a, execution_date=20230903T000000, start_date=20230904T093113, end_date=20230904T093124
[2023-09-04T09:31:24.125+0000] {local_task_job.py:164} INFO - Task exited with return code 0
[2023-09-04T09:31:24.142+0000] {local_task_job.py:273} INFO - 0 downstream tasks scheduled from follow-on schedule check
