[2023-09-10T15:48:00.759+0000] {processor.py:154} INFO - Started process (PID=12611) to work on /opt/airflow/dags/groups/group_transforms.py
[2023-09-10T15:48:00.760+0000] {processor.py:756} INFO - Processing file /opt/airflow/dags/groups/group_transforms.py for tasks to queue
[2023-09-10T15:48:00.761+0000] {logging_mixin.py:120} INFO - [2023-09-10T15:48:00.761+0000] {dagbag.py:537} INFO - Filling up the DagBag from /opt/airflow/dags/groups/group_transforms.py
[2023-09-10T15:48:00.901+0000] {processor.py:768} WARNING - No viable dags retrieved from /opt/airflow/dags/groups/group_transforms.py
[2023-09-10T15:48:00.931+0000] {processor.py:176} INFO - Processing /opt/airflow/dags/groups/group_transforms.py took 0.174 seconds
[2023-09-10T05:45:10.783+0000] {processor.py:154} INFO - Started process (PID=43) to work on /opt/airflow/dags/groups/group_transforms.py
[2023-09-10T05:45:10.785+0000] {processor.py:756} INFO - Processing file /opt/airflow/dags/groups/group_transforms.py for tasks to queue
[2023-09-10T05:45:10.785+0000] {logging_mixin.py:120} INFO - [2023-09-10T05:45:10.785+0000] {dagbag.py:537} INFO - Filling up the DagBag from /opt/airflow/dags/groups/group_transforms.py
[2023-09-10T05:45:10.793+0000] {processor.py:768} WARNING - No viable dags retrieved from /opt/airflow/dags/groups/group_transforms.py
[2023-09-10T05:45:10.812+0000] {processor.py:176} INFO - Processing /opt/airflow/dags/groups/group_transforms.py took 0.033 seconds
[2023-09-10T05:45:41.426+0000] {processor.py:154} INFO - Started process (PID=79) to work on /opt/airflow/dags/groups/group_transforms.py
[2023-09-10T05:45:41.427+0000] {processor.py:756} INFO - Processing file /opt/airflow/dags/groups/group_transforms.py for tasks to queue
[2023-09-10T05:45:41.427+0000] {logging_mixin.py:120} INFO - [2023-09-10T05:45:41.427+0000] {dagbag.py:537} INFO - Filling up the DagBag from /opt/airflow/dags/groups/group_transforms.py
[2023-09-10T05:45:41.432+0000] {processor.py:768} WARNING - No viable dags retrieved from /opt/airflow/dags/groups/group_transforms.py
[2023-09-10T05:45:41.444+0000] {processor.py:176} INFO - Processing /opt/airflow/dags/groups/group_transforms.py took 0.021 seconds
[2023-09-10T05:46:11.898+0000] {processor.py:154} INFO - Started process (PID=116) to work on /opt/airflow/dags/groups/group_transforms.py
[2023-09-10T05:46:11.900+0000] {processor.py:756} INFO - Processing file /opt/airflow/dags/groups/group_transforms.py for tasks to queue
[2023-09-10T05:46:11.900+0000] {logging_mixin.py:120} INFO - [2023-09-10T05:46:11.900+0000] {dagbag.py:537} INFO - Filling up the DagBag from /opt/airflow/dags/groups/group_transforms.py
[2023-09-10T05:46:11.904+0000] {processor.py:768} WARNING - No viable dags retrieved from /opt/airflow/dags/groups/group_transforms.py
[2023-09-10T05:46:11.916+0000] {processor.py:176} INFO - Processing /opt/airflow/dags/groups/group_transforms.py took 0.021 seconds
[2023-09-10T05:46:42.072+0000] {processor.py:154} INFO - Started process (PID=145) to work on /opt/airflow/dags/groups/group_transforms.py
[2023-09-10T05:46:42.072+0000] {processor.py:756} INFO - Processing file /opt/airflow/dags/groups/group_transforms.py for tasks to queue
[2023-09-10T05:46:42.073+0000] {logging_mixin.py:120} INFO - [2023-09-10T05:46:42.073+0000] {dagbag.py:537} INFO - Filling up the DagBag from /opt/airflow/dags/groups/group_transforms.py
[2023-09-10T05:46:42.077+0000] {processor.py:768} WARNING - No viable dags retrieved from /opt/airflow/dags/groups/group_transforms.py
[2023-09-10T05:46:42.089+0000] {processor.py:176} INFO - Processing /opt/airflow/dags/groups/group_transforms.py took 0.021 seconds
[2023-09-10T05:47:12.107+0000] {processor.py:154} INFO - Started process (PID=178) to work on /opt/airflow/dags/groups/group_transforms.py
[2023-09-10T05:47:12.108+0000] {processor.py:756} INFO - Processing file /opt/airflow/dags/groups/group_transforms.py for tasks to queue
[2023-09-10T05:47:12.109+0000] {logging_mixin.py:120} INFO - [2023-09-10T05:47:12.109+0000] {dagbag.py:537} INFO - Filling up the DagBag from /opt/airflow/dags/groups/group_transforms.py
[2023-09-10T05:47:12.112+0000] {processor.py:768} WARNING - No viable dags retrieved from /opt/airflow/dags/groups/group_transforms.py
[2023-09-10T05:47:12.124+0000] {processor.py:176} INFO - Processing /opt/airflow/dags/groups/group_transforms.py took 0.020 seconds
[2023-09-10T05:47:42.658+0000] {processor.py:154} INFO - Started process (PID=214) to work on /opt/airflow/dags/groups/group_transforms.py
[2023-09-10T05:47:42.659+0000] {processor.py:756} INFO - Processing file /opt/airflow/dags/groups/group_transforms.py for tasks to queue
[2023-09-10T05:47:42.659+0000] {logging_mixin.py:120} INFO - [2023-09-10T05:47:42.659+0000] {dagbag.py:537} INFO - Filling up the DagBag from /opt/airflow/dags/groups/group_transforms.py
[2023-09-10T05:47:42.664+0000] {processor.py:768} WARNING - No viable dags retrieved from /opt/airflow/dags/groups/group_transforms.py
[2023-09-10T05:47:42.680+0000] {processor.py:176} INFO - Processing /opt/airflow/dags/groups/group_transforms.py took 0.025 seconds
[2023-09-10T05:48:12.732+0000] {processor.py:154} INFO - Started process (PID=250) to work on /opt/airflow/dags/groups/group_transforms.py
[2023-09-10T05:48:12.733+0000] {processor.py:756} INFO - Processing file /opt/airflow/dags/groups/group_transforms.py for tasks to queue
[2023-09-10T05:48:12.734+0000] {logging_mixin.py:120} INFO - [2023-09-10T05:48:12.734+0000] {dagbag.py:537} INFO - Filling up the DagBag from /opt/airflow/dags/groups/group_transforms.py
[2023-09-10T05:48:12.738+0000] {processor.py:768} WARNING - No viable dags retrieved from /opt/airflow/dags/groups/group_transforms.py
[2023-09-10T05:48:12.751+0000] {processor.py:176} INFO - Processing /opt/airflow/dags/groups/group_transforms.py took 0.022 seconds
