[2023-08-30T09:07:56.737+0000] {processor.py:154} INFO - Started process (PID=62) to work on /home/airflow/.local/lib/python3.7/site-packages/airflow/example_dags/example_branch_labels.py
[2023-08-30T09:07:56.738+0000] {processor.py:756} INFO - Processing file /home/airflow/.local/lib/python3.7/site-packages/airflow/example_dags/example_branch_labels.py for tasks to queue
[2023-08-30T09:07:56.739+0000] {logging_mixin.py:120} INFO - [2023-08-30T09:07:56.739+0000] {dagbag.py:537} INFO - Filling up the DagBag from /home/airflow/.local/lib/python3.7/site-packages/airflow/example_dags/example_branch_labels.py
[2023-08-30T09:07:56.762+0000] {processor.py:766} INFO - DAG(s) dict_keys(['example_branch_labels']) retrieved from /home/airflow/.local/lib/python3.7/site-packages/airflow/example_dags/example_branch_labels.py
[2023-08-30T09:07:56.883+0000] {logging_mixin.py:120} INFO - [2023-08-30T09:07:56.882+0000] {dag.py:2585} INFO - Sync 1 DAGs
[2023-08-30T09:07:56.927+0000] {logging_mixin.py:120} INFO - [2023-08-30T09:07:56.927+0000] {dag.py:3340} INFO - Setting next_dagrun for example_branch_labels to 2023-08-29T00:00:00+00:00, run_after=2023-08-30T00:00:00+00:00
[2023-08-30T09:07:56.958+0000] {processor.py:176} INFO - Processing /home/airflow/.local/lib/python3.7/site-packages/airflow/example_dags/example_branch_labels.py took 0.225 seconds
[2023-08-30T09:08:27.084+0000] {processor.py:154} INFO - Started process (PID=118) to work on /home/airflow/.local/lib/python3.7/site-packages/airflow/example_dags/example_branch_labels.py
[2023-08-30T09:08:27.085+0000] {processor.py:756} INFO - Processing file /home/airflow/.local/lib/python3.7/site-packages/airflow/example_dags/example_branch_labels.py for tasks to queue
[2023-08-30T09:08:27.086+0000] {logging_mixin.py:120} INFO - [2023-08-30T09:08:27.085+0000] {dagbag.py:537} INFO - Filling up the DagBag from /home/airflow/.local/lib/python3.7/site-packages/airflow/example_dags/example_branch_labels.py
[2023-08-30T09:08:27.100+0000] {processor.py:766} INFO - DAG(s) dict_keys(['example_branch_labels']) retrieved from /home/airflow/.local/lib/python3.7/site-packages/airflow/example_dags/example_branch_labels.py
[2023-08-30T09:08:27.136+0000] {logging_mixin.py:120} INFO - [2023-08-30T09:08:27.136+0000] {dag.py:2585} INFO - Sync 1 DAGs
[2023-08-30T09:08:27.162+0000] {logging_mixin.py:120} INFO - [2023-08-30T09:08:27.162+0000] {dag.py:3340} INFO - Setting next_dagrun for example_branch_labels to 2023-08-29T00:00:00+00:00, run_after=2023-08-30T00:00:00+00:00
[2023-08-30T09:08:27.179+0000] {processor.py:176} INFO - Processing /home/airflow/.local/lib/python3.7/site-packages/airflow/example_dags/example_branch_labels.py took 0.098 seconds
[2023-08-30T09:08:58.184+0000] {processor.py:154} INFO - Started process (PID=184) to work on /home/airflow/.local/lib/python3.7/site-packages/airflow/example_dags/example_branch_labels.py
[2023-08-30T09:08:58.185+0000] {processor.py:756} INFO - Processing file /home/airflow/.local/lib/python3.7/site-packages/airflow/example_dags/example_branch_labels.py for tasks to queue
[2023-08-30T09:08:58.185+0000] {logging_mixin.py:120} INFO - [2023-08-30T09:08:58.185+0000] {dagbag.py:537} INFO - Filling up the DagBag from /home/airflow/.local/lib/python3.7/site-packages/airflow/example_dags/example_branch_labels.py
[2023-08-30T09:08:58.197+0000] {processor.py:766} INFO - DAG(s) dict_keys(['example_branch_labels']) retrieved from /home/airflow/.local/lib/python3.7/site-packages/airflow/example_dags/example_branch_labels.py
[2023-08-30T09:08:58.231+0000] {logging_mixin.py:120} INFO - [2023-08-30T09:08:58.231+0000] {dag.py:2585} INFO - Sync 1 DAGs
[2023-08-30T09:08:58.253+0000] {logging_mixin.py:120} INFO - [2023-08-30T09:08:58.253+0000] {dag.py:3340} INFO - Setting next_dagrun for example_branch_labels to 2023-08-29T00:00:00+00:00, run_after=2023-08-30T00:00:00+00:00
[2023-08-30T09:08:58.269+0000] {processor.py:176} INFO - Processing /home/airflow/.local/lib/python3.7/site-packages/airflow/example_dags/example_branch_labels.py took 0.088 seconds
[2023-08-30T09:09:29.213+0000] {processor.py:154} INFO - Started process (PID=249) to work on /home/airflow/.local/lib/python3.7/site-packages/airflow/example_dags/example_branch_labels.py
[2023-08-30T09:09:29.214+0000] {processor.py:756} INFO - Processing file /home/airflow/.local/lib/python3.7/site-packages/airflow/example_dags/example_branch_labels.py for tasks to queue
[2023-08-30T09:09:29.215+0000] {logging_mixin.py:120} INFO - [2023-08-30T09:09:29.215+0000] {dagbag.py:537} INFO - Filling up the DagBag from /home/airflow/.local/lib/python3.7/site-packages/airflow/example_dags/example_branch_labels.py
[2023-08-30T09:09:29.233+0000] {processor.py:766} INFO - DAG(s) dict_keys(['example_branch_labels']) retrieved from /home/airflow/.local/lib/python3.7/site-packages/airflow/example_dags/example_branch_labels.py
[2023-08-30T09:09:29.290+0000] {logging_mixin.py:120} INFO - [2023-08-30T09:09:29.290+0000] {dag.py:2585} INFO - Sync 1 DAGs
[2023-08-30T09:09:29.329+0000] {logging_mixin.py:120} INFO - [2023-08-30T09:09:29.329+0000] {dag.py:3340} INFO - Setting next_dagrun for example_branch_labels to 2023-08-29T00:00:00+00:00, run_after=2023-08-30T00:00:00+00:00
[2023-08-30T09:09:29.360+0000] {processor.py:176} INFO - Processing /home/airflow/.local/lib/python3.7/site-packages/airflow/example_dags/example_branch_labels.py took 0.152 seconds
[2023-08-30T09:10:00.283+0000] {processor.py:154} INFO - Started process (PID=313) to work on /home/airflow/.local/lib/python3.7/site-packages/airflow/example_dags/example_branch_labels.py
[2023-08-30T09:10:00.284+0000] {processor.py:756} INFO - Processing file /home/airflow/.local/lib/python3.7/site-packages/airflow/example_dags/example_branch_labels.py for tasks to queue
[2023-08-30T09:10:00.284+0000] {logging_mixin.py:120} INFO - [2023-08-30T09:10:00.284+0000] {dagbag.py:537} INFO - Filling up the DagBag from /home/airflow/.local/lib/python3.7/site-packages/airflow/example_dags/example_branch_labels.py
[2023-08-30T09:10:00.297+0000] {processor.py:766} INFO - DAG(s) dict_keys(['example_branch_labels']) retrieved from /home/airflow/.local/lib/python3.7/site-packages/airflow/example_dags/example_branch_labels.py
[2023-08-30T09:10:00.332+0000] {logging_mixin.py:120} INFO - [2023-08-30T09:10:00.332+0000] {dag.py:2585} INFO - Sync 1 DAGs
[2023-08-30T09:10:00.355+0000] {logging_mixin.py:120} INFO - [2023-08-30T09:10:00.355+0000] {dag.py:3340} INFO - Setting next_dagrun for example_branch_labels to 2023-08-29T00:00:00+00:00, run_after=2023-08-30T00:00:00+00:00
[2023-08-30T09:10:00.374+0000] {processor.py:176} INFO - Processing /home/airflow/.local/lib/python3.7/site-packages/airflow/example_dags/example_branch_labels.py took 0.093 seconds
[2023-08-30T09:10:30.913+0000] {processor.py:154} INFO - Started process (PID=369) to work on /home/airflow/.local/lib/python3.7/site-packages/airflow/example_dags/example_branch_labels.py
[2023-08-30T09:10:30.915+0000] {processor.py:756} INFO - Processing file /home/airflow/.local/lib/python3.7/site-packages/airflow/example_dags/example_branch_labels.py for tasks to queue
[2023-08-30T09:10:30.916+0000] {logging_mixin.py:120} INFO - [2023-08-30T09:10:30.915+0000] {dagbag.py:537} INFO - Filling up the DagBag from /home/airflow/.local/lib/python3.7/site-packages/airflow/example_dags/example_branch_labels.py
[2023-08-30T09:10:30.929+0000] {processor.py:766} INFO - DAG(s) dict_keys(['example_branch_labels']) retrieved from /home/airflow/.local/lib/python3.7/site-packages/airflow/example_dags/example_branch_labels.py
[2023-08-30T09:10:30.963+0000] {logging_mixin.py:120} INFO - [2023-08-30T09:10:30.963+0000] {dag.py:2585} INFO - Sync 1 DAGs
[2023-08-30T09:10:30.988+0000] {logging_mixin.py:120} INFO - [2023-08-30T09:10:30.988+0000] {dag.py:3340} INFO - Setting next_dagrun for example_branch_labels to 2023-08-29T00:00:00+00:00, run_after=2023-08-30T00:00:00+00:00
[2023-08-30T09:10:31.006+0000] {processor.py:176} INFO - Processing /home/airflow/.local/lib/python3.7/site-packages/airflow/example_dags/example_branch_labels.py took 0.096 seconds
[2023-08-30T09:11:01.818+0000] {processor.py:154} INFO - Started process (PID=434) to work on /home/airflow/.local/lib/python3.7/site-packages/airflow/example_dags/example_branch_labels.py
[2023-08-30T09:11:01.819+0000] {processor.py:756} INFO - Processing file /home/airflow/.local/lib/python3.7/site-packages/airflow/example_dags/example_branch_labels.py for tasks to queue
[2023-08-30T09:11:01.820+0000] {logging_mixin.py:120} INFO - [2023-08-30T09:11:01.820+0000] {dagbag.py:537} INFO - Filling up the DagBag from /home/airflow/.local/lib/python3.7/site-packages/airflow/example_dags/example_branch_labels.py
[2023-08-30T09:11:01.832+0000] {processor.py:766} INFO - DAG(s) dict_keys(['example_branch_labels']) retrieved from /home/airflow/.local/lib/python3.7/site-packages/airflow/example_dags/example_branch_labels.py
[2023-08-30T09:11:01.866+0000] {logging_mixin.py:120} INFO - [2023-08-30T09:11:01.866+0000] {dag.py:2585} INFO - Sync 1 DAGs
[2023-08-30T09:11:01.890+0000] {logging_mixin.py:120} INFO - [2023-08-30T09:11:01.889+0000] {dag.py:3340} INFO - Setting next_dagrun for example_branch_labels to 2023-08-29T00:00:00+00:00, run_after=2023-08-30T00:00:00+00:00
[2023-08-30T09:11:01.950+0000] {processor.py:176} INFO - Processing /home/airflow/.local/lib/python3.7/site-packages/airflow/example_dags/example_branch_labels.py took 0.135 seconds
[2023-08-30T09:11:32.702+0000] {processor.py:154} INFO - Started process (PID=499) to work on /home/airflow/.local/lib/python3.7/site-packages/airflow/example_dags/example_branch_labels.py
[2023-08-30T09:11:32.703+0000] {processor.py:756} INFO - Processing file /home/airflow/.local/lib/python3.7/site-packages/airflow/example_dags/example_branch_labels.py for tasks to queue
[2023-08-30T09:11:32.704+0000] {logging_mixin.py:120} INFO - [2023-08-30T09:11:32.704+0000] {dagbag.py:537} INFO - Filling up the DagBag from /home/airflow/.local/lib/python3.7/site-packages/airflow/example_dags/example_branch_labels.py
[2023-08-30T09:11:32.716+0000] {processor.py:766} INFO - DAG(s) dict_keys(['example_branch_labels']) retrieved from /home/airflow/.local/lib/python3.7/site-packages/airflow/example_dags/example_branch_labels.py
[2023-08-30T09:11:32.750+0000] {logging_mixin.py:120} INFO - [2023-08-30T09:11:32.750+0000] {dag.py:2585} INFO - Sync 1 DAGs
[2023-08-30T09:11:32.773+0000] {logging_mixin.py:120} INFO - [2023-08-30T09:11:32.773+0000] {dag.py:3340} INFO - Setting next_dagrun for example_branch_labels to 2023-08-29T00:00:00+00:00, run_after=2023-08-30T00:00:00+00:00
[2023-08-30T09:11:32.792+0000] {processor.py:176} INFO - Processing /home/airflow/.local/lib/python3.7/site-packages/airflow/example_dags/example_branch_labels.py took 0.092 seconds
[2023-08-30T09:12:03.338+0000] {processor.py:154} INFO - Started process (PID=564) to work on /home/airflow/.local/lib/python3.7/site-packages/airflow/example_dags/example_branch_labels.py
[2023-08-30T09:12:03.339+0000] {processor.py:756} INFO - Processing file /home/airflow/.local/lib/python3.7/site-packages/airflow/example_dags/example_branch_labels.py for tasks to queue
[2023-08-30T09:12:03.339+0000] {logging_mixin.py:120} INFO - [2023-08-30T09:12:03.339+0000] {dagbag.py:537} INFO - Filling up the DagBag from /home/airflow/.local/lib/python3.7/site-packages/airflow/example_dags/example_branch_labels.py
[2023-08-30T09:12:03.353+0000] {processor.py:766} INFO - DAG(s) dict_keys(['example_branch_labels']) retrieved from /home/airflow/.local/lib/python3.7/site-packages/airflow/example_dags/example_branch_labels.py
[2023-08-30T09:12:03.390+0000] {logging_mixin.py:120} INFO - [2023-08-30T09:12:03.389+0000] {dag.py:2585} INFO - Sync 1 DAGs
[2023-08-30T09:12:03.415+0000] {logging_mixin.py:120} INFO - [2023-08-30T09:12:03.415+0000] {dag.py:3340} INFO - Setting next_dagrun for example_branch_labels to 2023-08-29T00:00:00+00:00, run_after=2023-08-30T00:00:00+00:00
[2023-08-30T09:12:03.435+0000] {processor.py:176} INFO - Processing /home/airflow/.local/lib/python3.7/site-packages/airflow/example_dags/example_branch_labels.py took 0.100 seconds
[2023-08-30T09:18:56.800+0000] {processor.py:154} INFO - Started process (PID=48) to work on /home/airflow/.local/lib/python3.7/site-packages/airflow/example_dags/example_branch_labels.py
[2023-08-30T09:18:56.802+0000] {processor.py:756} INFO - Processing file /home/airflow/.local/lib/python3.7/site-packages/airflow/example_dags/example_branch_labels.py for tasks to queue
[2023-08-30T09:18:56.803+0000] {logging_mixin.py:120} INFO - [2023-08-30T09:18:56.803+0000] {dagbag.py:537} INFO - Filling up the DagBag from /home/airflow/.local/lib/python3.7/site-packages/airflow/example_dags/example_branch_labels.py
[2023-08-30T09:18:56.828+0000] {processor.py:766} INFO - DAG(s) dict_keys(['example_branch_labels']) retrieved from /home/airflow/.local/lib/python3.7/site-packages/airflow/example_dags/example_branch_labels.py
[2023-08-30T09:18:56.875+0000] {logging_mixin.py:120} INFO - [2023-08-30T09:18:56.875+0000] {dag.py:2585} INFO - Sync 1 DAGs
[2023-08-30T09:18:56.900+0000] {logging_mixin.py:120} INFO - [2023-08-30T09:18:56.900+0000] {dag.py:3340} INFO - Setting next_dagrun for example_branch_labels to 2023-08-29T00:00:00+00:00, run_after=2023-08-30T00:00:00+00:00
[2023-08-30T09:18:56.917+0000] {processor.py:176} INFO - Processing /home/airflow/.local/lib/python3.7/site-packages/airflow/example_dags/example_branch_labels.py took 0.122 seconds
[2023-08-30T09:19:26.973+0000] {processor.py:154} INFO - Started process (PID=111) to work on /home/airflow/.local/lib/python3.7/site-packages/airflow/example_dags/example_branch_labels.py
[2023-08-30T09:19:26.973+0000] {processor.py:756} INFO - Processing file /home/airflow/.local/lib/python3.7/site-packages/airflow/example_dags/example_branch_labels.py for tasks to queue
[2023-08-30T09:19:26.974+0000] {logging_mixin.py:120} INFO - [2023-08-30T09:19:26.974+0000] {dagbag.py:537} INFO - Filling up the DagBag from /home/airflow/.local/lib/python3.7/site-packages/airflow/example_dags/example_branch_labels.py
[2023-08-30T09:19:26.988+0000] {processor.py:766} INFO - DAG(s) dict_keys(['example_branch_labels']) retrieved from /home/airflow/.local/lib/python3.7/site-packages/airflow/example_dags/example_branch_labels.py
[2023-08-30T09:19:27.024+0000] {logging_mixin.py:120} INFO - [2023-08-30T09:19:27.024+0000] {dag.py:2585} INFO - Sync 1 DAGs
[2023-08-30T09:19:27.049+0000] {logging_mixin.py:120} INFO - [2023-08-30T09:19:27.049+0000] {dag.py:3340} INFO - Setting next_dagrun for example_branch_labels to 2023-08-29T00:00:00+00:00, run_after=2023-08-30T00:00:00+00:00
[2023-08-30T09:19:27.066+0000] {processor.py:176} INFO - Processing /home/airflow/.local/lib/python3.7/site-packages/airflow/example_dags/example_branch_labels.py took 0.096 seconds
[2023-08-30T09:19:57.226+0000] {processor.py:154} INFO - Started process (PID=178) to work on /home/airflow/.local/lib/python3.7/site-packages/airflow/example_dags/example_branch_labels.py
[2023-08-30T09:19:57.227+0000] {processor.py:756} INFO - Processing file /home/airflow/.local/lib/python3.7/site-packages/airflow/example_dags/example_branch_labels.py for tasks to queue
[2023-08-30T09:19:57.227+0000] {logging_mixin.py:120} INFO - [2023-08-30T09:19:57.227+0000] {dagbag.py:537} INFO - Filling up the DagBag from /home/airflow/.local/lib/python3.7/site-packages/airflow/example_dags/example_branch_labels.py
[2023-08-30T09:19:57.240+0000] {processor.py:766} INFO - DAG(s) dict_keys(['example_branch_labels']) retrieved from /home/airflow/.local/lib/python3.7/site-packages/airflow/example_dags/example_branch_labels.py
[2023-08-30T09:19:57.277+0000] {logging_mixin.py:120} INFO - [2023-08-30T09:19:57.276+0000] {dag.py:2585} INFO - Sync 1 DAGs
[2023-08-30T09:19:57.302+0000] {logging_mixin.py:120} INFO - [2023-08-30T09:19:57.302+0000] {dag.py:3340} INFO - Setting next_dagrun for example_branch_labels to 2023-08-29T00:00:00+00:00, run_after=2023-08-30T00:00:00+00:00
[2023-08-30T09:19:57.320+0000] {processor.py:176} INFO - Processing /home/airflow/.local/lib/python3.7/site-packages/airflow/example_dags/example_branch_labels.py took 0.096 seconds
[2023-08-30T09:20:28.201+0000] {processor.py:154} INFO - Started process (PID=234) to work on /home/airflow/.local/lib/python3.7/site-packages/airflow/example_dags/example_branch_labels.py
[2023-08-30T09:20:28.202+0000] {processor.py:756} INFO - Processing file /home/airflow/.local/lib/python3.7/site-packages/airflow/example_dags/example_branch_labels.py for tasks to queue
[2023-08-30T09:20:28.202+0000] {logging_mixin.py:120} INFO - [2023-08-30T09:20:28.202+0000] {dagbag.py:537} INFO - Filling up the DagBag from /home/airflow/.local/lib/python3.7/site-packages/airflow/example_dags/example_branch_labels.py
[2023-08-30T09:20:28.215+0000] {processor.py:766} INFO - DAG(s) dict_keys(['example_branch_labels']) retrieved from /home/airflow/.local/lib/python3.7/site-packages/airflow/example_dags/example_branch_labels.py
[2023-08-30T09:20:28.250+0000] {logging_mixin.py:120} INFO - [2023-08-30T09:20:28.250+0000] {dag.py:2585} INFO - Sync 1 DAGs
[2023-08-30T09:20:28.273+0000] {logging_mixin.py:120} INFO - [2023-08-30T09:20:28.273+0000] {dag.py:3340} INFO - Setting next_dagrun for example_branch_labels to 2023-08-29T00:00:00+00:00, run_after=2023-08-30T00:00:00+00:00
[2023-08-30T09:20:28.290+0000] {processor.py:176} INFO - Processing /home/airflow/.local/lib/python3.7/site-packages/airflow/example_dags/example_branch_labels.py took 0.092 seconds
[2023-08-30T09:20:59.194+0000] {processor.py:154} INFO - Started process (PID=299) to work on /home/airflow/.local/lib/python3.7/site-packages/airflow/example_dags/example_branch_labels.py
[2023-08-30T09:20:59.195+0000] {processor.py:756} INFO - Processing file /home/airflow/.local/lib/python3.7/site-packages/airflow/example_dags/example_branch_labels.py for tasks to queue
[2023-08-30T09:20:59.196+0000] {logging_mixin.py:120} INFO - [2023-08-30T09:20:59.196+0000] {dagbag.py:537} INFO - Filling up the DagBag from /home/airflow/.local/lib/python3.7/site-packages/airflow/example_dags/example_branch_labels.py
[2023-08-30T09:20:59.208+0000] {processor.py:766} INFO - DAG(s) dict_keys(['example_branch_labels']) retrieved from /home/airflow/.local/lib/python3.7/site-packages/airflow/example_dags/example_branch_labels.py
[2023-08-30T09:20:59.243+0000] {logging_mixin.py:120} INFO - [2023-08-30T09:20:59.242+0000] {dag.py:2585} INFO - Sync 1 DAGs
[2023-08-30T09:20:59.267+0000] {logging_mixin.py:120} INFO - [2023-08-30T09:20:59.267+0000] {dag.py:3340} INFO - Setting next_dagrun for example_branch_labels to 2023-08-29T00:00:00+00:00, run_after=2023-08-30T00:00:00+00:00
[2023-08-30T09:20:59.286+0000] {processor.py:176} INFO - Processing /home/airflow/.local/lib/python3.7/site-packages/airflow/example_dags/example_branch_labels.py took 0.094 seconds
[2023-08-30T09:21:29.922+0000] {processor.py:154} INFO - Started process (PID=364) to work on /home/airflow/.local/lib/python3.7/site-packages/airflow/example_dags/example_branch_labels.py
[2023-08-30T09:21:29.922+0000] {processor.py:756} INFO - Processing file /home/airflow/.local/lib/python3.7/site-packages/airflow/example_dags/example_branch_labels.py for tasks to queue
[2023-08-30T09:21:29.923+0000] {logging_mixin.py:120} INFO - [2023-08-30T09:21:29.923+0000] {dagbag.py:537} INFO - Filling up the DagBag from /home/airflow/.local/lib/python3.7/site-packages/airflow/example_dags/example_branch_labels.py
[2023-08-30T09:21:29.936+0000] {processor.py:766} INFO - DAG(s) dict_keys(['example_branch_labels']) retrieved from /home/airflow/.local/lib/python3.7/site-packages/airflow/example_dags/example_branch_labels.py
[2023-08-30T09:21:29.971+0000] {logging_mixin.py:120} INFO - [2023-08-30T09:21:29.971+0000] {dag.py:2585} INFO - Sync 1 DAGs
[2023-08-30T09:21:29.995+0000] {logging_mixin.py:120} INFO - [2023-08-30T09:21:29.995+0000] {dag.py:3340} INFO - Setting next_dagrun for example_branch_labels to 2023-08-29T00:00:00+00:00, run_after=2023-08-30T00:00:00+00:00
[2023-08-30T09:21:30.014+0000] {processor.py:176} INFO - Processing /home/airflow/.local/lib/python3.7/site-packages/airflow/example_dags/example_branch_labels.py took 0.095 seconds
