[2023-08-30T09:07:59.623+0000] {processor.py:154} INFO - Started process (PID=86) to work on /home/airflow/.local/lib/python3.7/site-packages/airflow/example_dags/example_latest_only_with_trigger.py
[2023-08-30T09:07:59.624+0000] {processor.py:756} INFO - Processing file /home/airflow/.local/lib/python3.7/site-packages/airflow/example_dags/example_latest_only_with_trigger.py for tasks to queue
[2023-08-30T09:07:59.624+0000] {logging_mixin.py:120} INFO - [2023-08-30T09:07:59.624+0000] {dagbag.py:537} INFO - Filling up the DagBag from /home/airflow/.local/lib/python3.7/site-packages/airflow/example_dags/example_latest_only_with_trigger.py
[2023-08-30T09:07:59.649+0000] {processor.py:766} INFO - DAG(s) dict_keys(['latest_only_with_trigger']) retrieved from /home/airflow/.local/lib/python3.7/site-packages/airflow/example_dags/example_latest_only_with_trigger.py
[2023-08-30T09:07:59.764+0000] {logging_mixin.py:120} INFO - [2023-08-30T09:07:59.764+0000] {dag.py:2585} INFO - Sync 1 DAGs
[2023-08-30T09:07:59.799+0000] {logging_mixin.py:120} INFO - [2023-08-30T09:07:59.799+0000] {dag.py:3340} INFO - Setting next_dagrun for latest_only_with_trigger to 2023-08-30T05:07:59.798872+00:00, run_after=2023-08-30T09:07:59.798872+00:00
[2023-08-30T09:07:59.839+0000] {processor.py:176} INFO - Processing /home/airflow/.local/lib/python3.7/site-packages/airflow/example_dags/example_latest_only_with_trigger.py took 0.221 seconds
[2023-08-30T09:08:30.178+0000] {processor.py:154} INFO - Started process (PID=151) to work on /home/airflow/.local/lib/python3.7/site-packages/airflow/example_dags/example_latest_only_with_trigger.py
[2023-08-30T09:08:30.180+0000] {processor.py:756} INFO - Processing file /home/airflow/.local/lib/python3.7/site-packages/airflow/example_dags/example_latest_only_with_trigger.py for tasks to queue
[2023-08-30T09:08:30.181+0000] {logging_mixin.py:120} INFO - [2023-08-30T09:08:30.181+0000] {dagbag.py:537} INFO - Filling up the DagBag from /home/airflow/.local/lib/python3.7/site-packages/airflow/example_dags/example_latest_only_with_trigger.py
[2023-08-30T09:08:30.196+0000] {processor.py:766} INFO - DAG(s) dict_keys(['latest_only_with_trigger']) retrieved from /home/airflow/.local/lib/python3.7/site-packages/airflow/example_dags/example_latest_only_with_trigger.py
[2023-08-30T09:08:30.235+0000] {logging_mixin.py:120} INFO - [2023-08-30T09:08:30.235+0000] {dag.py:2585} INFO - Sync 1 DAGs
[2023-08-30T09:08:30.259+0000] {logging_mixin.py:120} INFO - [2023-08-30T09:08:30.259+0000] {dag.py:3340} INFO - Setting next_dagrun for latest_only_with_trigger to 2023-08-30T05:08:30.259472+00:00, run_after=2023-08-30T09:08:30.259472+00:00
[2023-08-30T09:08:30.278+0000] {processor.py:176} INFO - Processing /home/airflow/.local/lib/python3.7/site-packages/airflow/example_dags/example_latest_only_with_trigger.py took 0.104 seconds
[2023-08-30T09:09:01.021+0000] {processor.py:154} INFO - Started process (PID=208) to work on /home/airflow/.local/lib/python3.7/site-packages/airflow/example_dags/example_latest_only_with_trigger.py
[2023-08-30T09:09:01.021+0000] {processor.py:756} INFO - Processing file /home/airflow/.local/lib/python3.7/site-packages/airflow/example_dags/example_latest_only_with_trigger.py for tasks to queue
[2023-08-30T09:09:01.022+0000] {logging_mixin.py:120} INFO - [2023-08-30T09:09:01.022+0000] {dagbag.py:537} INFO - Filling up the DagBag from /home/airflow/.local/lib/python3.7/site-packages/airflow/example_dags/example_latest_only_with_trigger.py
[2023-08-30T09:09:01.034+0000] {processor.py:766} INFO - DAG(s) dict_keys(['latest_only_with_trigger']) retrieved from /home/airflow/.local/lib/python3.7/site-packages/airflow/example_dags/example_latest_only_with_trigger.py
[2023-08-30T09:09:01.069+0000] {logging_mixin.py:120} INFO - [2023-08-30T09:09:01.069+0000] {dag.py:2585} INFO - Sync 1 DAGs
[2023-08-30T09:09:01.091+0000] {logging_mixin.py:120} INFO - [2023-08-30T09:09:01.091+0000] {dag.py:3340} INFO - Setting next_dagrun for latest_only_with_trigger to 2023-08-30T05:09:01.091592+00:00, run_after=2023-08-30T09:09:01.091592+00:00
[2023-08-30T09:09:01.109+0000] {processor.py:176} INFO - Processing /home/airflow/.local/lib/python3.7/site-packages/airflow/example_dags/example_latest_only_with_trigger.py took 0.090 seconds
[2023-08-30T09:09:31.302+0000] {processor.py:154} INFO - Started process (PID=273) to work on /home/airflow/.local/lib/python3.7/site-packages/airflow/example_dags/example_latest_only_with_trigger.py
[2023-08-30T09:09:31.303+0000] {processor.py:756} INFO - Processing file /home/airflow/.local/lib/python3.7/site-packages/airflow/example_dags/example_latest_only_with_trigger.py for tasks to queue
[2023-08-30T09:09:31.304+0000] {logging_mixin.py:120} INFO - [2023-08-30T09:09:31.304+0000] {dagbag.py:537} INFO - Filling up the DagBag from /home/airflow/.local/lib/python3.7/site-packages/airflow/example_dags/example_latest_only_with_trigger.py
[2023-08-30T09:09:31.316+0000] {processor.py:766} INFO - DAG(s) dict_keys(['latest_only_with_trigger']) retrieved from /home/airflow/.local/lib/python3.7/site-packages/airflow/example_dags/example_latest_only_with_trigger.py
[2023-08-30T09:09:31.350+0000] {logging_mixin.py:120} INFO - [2023-08-30T09:09:31.349+0000] {dag.py:2585} INFO - Sync 1 DAGs
[2023-08-30T09:09:31.371+0000] {logging_mixin.py:120} INFO - [2023-08-30T09:09:31.371+0000] {dag.py:3340} INFO - Setting next_dagrun for latest_only_with_trigger to 2023-08-30T05:09:31.371146+00:00, run_after=2023-08-30T09:09:31.371146+00:00
[2023-08-30T09:09:31.388+0000] {processor.py:176} INFO - Processing /home/airflow/.local/lib/python3.7/site-packages/airflow/example_dags/example_latest_only_with_trigger.py took 0.089 seconds
[2023-08-30T09:10:01.963+0000] {processor.py:154} INFO - Started process (PID=338) to work on /home/airflow/.local/lib/python3.7/site-packages/airflow/example_dags/example_latest_only_with_trigger.py
[2023-08-30T09:10:01.964+0000] {processor.py:756} INFO - Processing file /home/airflow/.local/lib/python3.7/site-packages/airflow/example_dags/example_latest_only_with_trigger.py for tasks to queue
[2023-08-30T09:10:01.964+0000] {logging_mixin.py:120} INFO - [2023-08-30T09:10:01.964+0000] {dagbag.py:537} INFO - Filling up the DagBag from /home/airflow/.local/lib/python3.7/site-packages/airflow/example_dags/example_latest_only_with_trigger.py
[2023-08-30T09:10:01.977+0000] {processor.py:766} INFO - DAG(s) dict_keys(['latest_only_with_trigger']) retrieved from /home/airflow/.local/lib/python3.7/site-packages/airflow/example_dags/example_latest_only_with_trigger.py
[2023-08-30T09:10:02.013+0000] {logging_mixin.py:120} INFO - [2023-08-30T09:10:02.013+0000] {dag.py:2585} INFO - Sync 1 DAGs
[2023-08-30T09:10:02.036+0000] {logging_mixin.py:120} INFO - [2023-08-30T09:10:02.036+0000] {dag.py:3340} INFO - Setting next_dagrun for latest_only_with_trigger to 2023-08-30T05:10:02.036027+00:00, run_after=2023-08-30T09:10:02.036027+00:00
[2023-08-30T09:10:02.056+0000] {processor.py:176} INFO - Processing /home/airflow/.local/lib/python3.7/site-packages/airflow/example_dags/example_latest_only_with_trigger.py took 0.096 seconds
[2023-08-30T09:10:32.655+0000] {processor.py:154} INFO - Started process (PID=401) to work on /home/airflow/.local/lib/python3.7/site-packages/airflow/example_dags/example_latest_only_with_trigger.py
[2023-08-30T09:10:32.656+0000] {processor.py:756} INFO - Processing file /home/airflow/.local/lib/python3.7/site-packages/airflow/example_dags/example_latest_only_with_trigger.py for tasks to queue
[2023-08-30T09:10:32.656+0000] {logging_mixin.py:120} INFO - [2023-08-30T09:10:32.656+0000] {dagbag.py:537} INFO - Filling up the DagBag from /home/airflow/.local/lib/python3.7/site-packages/airflow/example_dags/example_latest_only_with_trigger.py
[2023-08-30T09:10:32.669+0000] {processor.py:766} INFO - DAG(s) dict_keys(['latest_only_with_trigger']) retrieved from /home/airflow/.local/lib/python3.7/site-packages/airflow/example_dags/example_latest_only_with_trigger.py
[2023-08-30T09:10:32.706+0000] {logging_mixin.py:120} INFO - [2023-08-30T09:10:32.706+0000] {dag.py:2585} INFO - Sync 1 DAGs
[2023-08-30T09:10:32.732+0000] {logging_mixin.py:120} INFO - [2023-08-30T09:10:32.732+0000] {dag.py:3340} INFO - Setting next_dagrun for latest_only_with_trigger to 2023-08-30T05:10:32.732068+00:00, run_after=2023-08-30T09:10:32.732068+00:00
[2023-08-30T09:10:32.758+0000] {processor.py:176} INFO - Processing /home/airflow/.local/lib/python3.7/site-packages/airflow/example_dags/example_latest_only_with_trigger.py took 0.105 seconds
[2023-08-30T09:11:03.776+0000] {processor.py:154} INFO - Started process (PID=459) to work on /home/airflow/.local/lib/python3.7/site-packages/airflow/example_dags/example_latest_only_with_trigger.py
[2023-08-30T09:11:03.777+0000] {processor.py:756} INFO - Processing file /home/airflow/.local/lib/python3.7/site-packages/airflow/example_dags/example_latest_only_with_trigger.py for tasks to queue
[2023-08-30T09:11:03.777+0000] {logging_mixin.py:120} INFO - [2023-08-30T09:11:03.777+0000] {dagbag.py:537} INFO - Filling up the DagBag from /home/airflow/.local/lib/python3.7/site-packages/airflow/example_dags/example_latest_only_with_trigger.py
[2023-08-30T09:11:03.790+0000] {processor.py:766} INFO - DAG(s) dict_keys(['latest_only_with_trigger']) retrieved from /home/airflow/.local/lib/python3.7/site-packages/airflow/example_dags/example_latest_only_with_trigger.py
[2023-08-30T09:11:03.825+0000] {logging_mixin.py:120} INFO - [2023-08-30T09:11:03.824+0000] {dag.py:2585} INFO - Sync 1 DAGs
[2023-08-30T09:11:03.848+0000] {logging_mixin.py:120} INFO - [2023-08-30T09:11:03.847+0000] {dag.py:3340} INFO - Setting next_dagrun for latest_only_with_trigger to 2023-08-30T05:11:03.847703+00:00, run_after=2023-08-30T09:11:03.847703+00:00
[2023-08-30T09:11:03.865+0000] {processor.py:176} INFO - Processing /home/airflow/.local/lib/python3.7/site-packages/airflow/example_dags/example_latest_only_with_trigger.py took 0.091 seconds
[2023-08-30T09:11:34.400+0000] {processor.py:154} INFO - Started process (PID=524) to work on /home/airflow/.local/lib/python3.7/site-packages/airflow/example_dags/example_latest_only_with_trigger.py
[2023-08-30T09:11:34.401+0000] {processor.py:756} INFO - Processing file /home/airflow/.local/lib/python3.7/site-packages/airflow/example_dags/example_latest_only_with_trigger.py for tasks to queue
[2023-08-30T09:11:34.402+0000] {logging_mixin.py:120} INFO - [2023-08-30T09:11:34.401+0000] {dagbag.py:537} INFO - Filling up the DagBag from /home/airflow/.local/lib/python3.7/site-packages/airflow/example_dags/example_latest_only_with_trigger.py
[2023-08-30T09:11:34.415+0000] {processor.py:766} INFO - DAG(s) dict_keys(['latest_only_with_trigger']) retrieved from /home/airflow/.local/lib/python3.7/site-packages/airflow/example_dags/example_latest_only_with_trigger.py
[2023-08-30T09:11:34.449+0000] {logging_mixin.py:120} INFO - [2023-08-30T09:11:34.449+0000] {dag.py:2585} INFO - Sync 1 DAGs
[2023-08-30T09:11:34.471+0000] {logging_mixin.py:120} INFO - [2023-08-30T09:11:34.471+0000] {dag.py:3340} INFO - Setting next_dagrun for latest_only_with_trigger to 2023-08-30T05:11:34.470912+00:00, run_after=2023-08-30T09:11:34.470912+00:00
[2023-08-30T09:11:34.487+0000] {processor.py:176} INFO - Processing /home/airflow/.local/lib/python3.7/site-packages/airflow/example_dags/example_latest_only_with_trigger.py took 0.090 seconds
[2023-08-30T09:12:05.198+0000] {processor.py:154} INFO - Started process (PID=589) to work on /home/airflow/.local/lib/python3.7/site-packages/airflow/example_dags/example_latest_only_with_trigger.py
[2023-08-30T09:12:05.199+0000] {processor.py:756} INFO - Processing file /home/airflow/.local/lib/python3.7/site-packages/airflow/example_dags/example_latest_only_with_trigger.py for tasks to queue
[2023-08-30T09:12:05.199+0000] {logging_mixin.py:120} INFO - [2023-08-30T09:12:05.199+0000] {dagbag.py:537} INFO - Filling up the DagBag from /home/airflow/.local/lib/python3.7/site-packages/airflow/example_dags/example_latest_only_with_trigger.py
[2023-08-30T09:12:05.211+0000] {processor.py:766} INFO - DAG(s) dict_keys(['latest_only_with_trigger']) retrieved from /home/airflow/.local/lib/python3.7/site-packages/airflow/example_dags/example_latest_only_with_trigger.py
[2023-08-30T09:12:05.244+0000] {logging_mixin.py:120} INFO - [2023-08-30T09:12:05.244+0000] {dag.py:2585} INFO - Sync 1 DAGs
[2023-08-30T09:12:05.267+0000] {logging_mixin.py:120} INFO - [2023-08-30T09:12:05.267+0000] {dag.py:3340} INFO - Setting next_dagrun for latest_only_with_trigger to 2023-08-30T05:12:05.267160+00:00, run_after=2023-08-30T09:12:05.267160+00:00
[2023-08-30T09:12:05.284+0000] {processor.py:176} INFO - Processing /home/airflow/.local/lib/python3.7/site-packages/airflow/example_dags/example_latest_only_with_trigger.py took 0.089 seconds
[2023-08-30T09:18:58.677+0000] {processor.py:154} INFO - Started process (PID=72) to work on /home/airflow/.local/lib/python3.7/site-packages/airflow/example_dags/example_latest_only_with_trigger.py
[2023-08-30T09:18:58.678+0000] {processor.py:756} INFO - Processing file /home/airflow/.local/lib/python3.7/site-packages/airflow/example_dags/example_latest_only_with_trigger.py for tasks to queue
[2023-08-30T09:18:58.679+0000] {logging_mixin.py:120} INFO - [2023-08-30T09:18:58.679+0000] {dagbag.py:537} INFO - Filling up the DagBag from /home/airflow/.local/lib/python3.7/site-packages/airflow/example_dags/example_latest_only_with_trigger.py
[2023-08-30T09:18:58.703+0000] {processor.py:766} INFO - DAG(s) dict_keys(['latest_only_with_trigger']) retrieved from /home/airflow/.local/lib/python3.7/site-packages/airflow/example_dags/example_latest_only_with_trigger.py
[2023-08-30T09:18:58.747+0000] {logging_mixin.py:120} INFO - [2023-08-30T09:18:58.746+0000] {dag.py:2585} INFO - Sync 1 DAGs
[2023-08-30T09:18:58.776+0000] {logging_mixin.py:120} INFO - [2023-08-30T09:18:58.776+0000] {dag.py:3340} INFO - Setting next_dagrun for latest_only_with_trigger to 2023-08-30T05:18:58.775794+00:00, run_after=2023-08-30T09:18:58.775794+00:00
[2023-08-30T09:18:58.801+0000] {processor.py:176} INFO - Processing /home/airflow/.local/lib/python3.7/site-packages/airflow/example_dags/example_latest_only_with_trigger.py took 0.130 seconds
[2023-08-30T09:19:29.224+0000] {processor.py:154} INFO - Started process (PID=137) to work on /home/airflow/.local/lib/python3.7/site-packages/airflow/example_dags/example_latest_only_with_trigger.py
[2023-08-30T09:19:29.225+0000] {processor.py:756} INFO - Processing file /home/airflow/.local/lib/python3.7/site-packages/airflow/example_dags/example_latest_only_with_trigger.py for tasks to queue
[2023-08-30T09:19:29.226+0000] {logging_mixin.py:120} INFO - [2023-08-30T09:19:29.225+0000] {dagbag.py:537} INFO - Filling up the DagBag from /home/airflow/.local/lib/python3.7/site-packages/airflow/example_dags/example_latest_only_with_trigger.py
[2023-08-30T09:19:29.240+0000] {processor.py:766} INFO - DAG(s) dict_keys(['latest_only_with_trigger']) retrieved from /home/airflow/.local/lib/python3.7/site-packages/airflow/example_dags/example_latest_only_with_trigger.py
[2023-08-30T09:19:29.278+0000] {logging_mixin.py:120} INFO - [2023-08-30T09:19:29.278+0000] {dag.py:2585} INFO - Sync 1 DAGs
[2023-08-30T09:19:29.302+0000] {logging_mixin.py:120} INFO - [2023-08-30T09:19:29.302+0000] {dag.py:3340} INFO - Setting next_dagrun for latest_only_with_trigger to 2023-08-30T05:19:29.301808+00:00, run_after=2023-08-30T09:19:29.301808+00:00
[2023-08-30T09:19:29.322+0000] {processor.py:176} INFO - Processing /home/airflow/.local/lib/python3.7/site-packages/airflow/example_dags/example_latest_only_with_trigger.py took 0.102 seconds
[2023-08-30T09:20:00.063+0000] {processor.py:154} INFO - Started process (PID=204) to work on /home/airflow/.local/lib/python3.7/site-packages/airflow/example_dags/example_latest_only_with_trigger.py
[2023-08-30T09:20:00.064+0000] {processor.py:756} INFO - Processing file /home/airflow/.local/lib/python3.7/site-packages/airflow/example_dags/example_latest_only_with_trigger.py for tasks to queue
[2023-08-30T09:20:00.065+0000] {logging_mixin.py:120} INFO - [2023-08-30T09:20:00.065+0000] {dagbag.py:537} INFO - Filling up the DagBag from /home/airflow/.local/lib/python3.7/site-packages/airflow/example_dags/example_latest_only_with_trigger.py
[2023-08-30T09:20:00.076+0000] {processor.py:766} INFO - DAG(s) dict_keys(['latest_only_with_trigger']) retrieved from /home/airflow/.local/lib/python3.7/site-packages/airflow/example_dags/example_latest_only_with_trigger.py
[2023-08-30T09:20:00.110+0000] {logging_mixin.py:120} INFO - [2023-08-30T09:20:00.110+0000] {dag.py:2585} INFO - Sync 1 DAGs
[2023-08-30T09:20:00.132+0000] {logging_mixin.py:120} INFO - [2023-08-30T09:20:00.132+0000] {dag.py:3340} INFO - Setting next_dagrun for latest_only_with_trigger to 2023-08-30T05:20:00.132246+00:00, run_after=2023-08-30T09:20:00.132246+00:00
[2023-08-30T09:20:00.150+0000] {processor.py:176} INFO - Processing /home/airflow/.local/lib/python3.7/site-packages/airflow/example_dags/example_latest_only_with_trigger.py took 0.089 seconds
[2023-08-30T09:20:31.152+0000] {processor.py:154} INFO - Started process (PID=269) to work on /home/airflow/.local/lib/python3.7/site-packages/airflow/example_dags/example_latest_only_with_trigger.py
[2023-08-30T09:20:31.152+0000] {processor.py:756} INFO - Processing file /home/airflow/.local/lib/python3.7/site-packages/airflow/example_dags/example_latest_only_with_trigger.py for tasks to queue
[2023-08-30T09:20:31.153+0000] {logging_mixin.py:120} INFO - [2023-08-30T09:20:31.153+0000] {dagbag.py:537} INFO - Filling up the DagBag from /home/airflow/.local/lib/python3.7/site-packages/airflow/example_dags/example_latest_only_with_trigger.py
[2023-08-30T09:20:31.164+0000] {processor.py:766} INFO - DAG(s) dict_keys(['latest_only_with_trigger']) retrieved from /home/airflow/.local/lib/python3.7/site-packages/airflow/example_dags/example_latest_only_with_trigger.py
[2023-08-30T09:20:31.198+0000] {logging_mixin.py:120} INFO - [2023-08-30T09:20:31.198+0000] {dag.py:2585} INFO - Sync 1 DAGs
[2023-08-30T09:20:31.219+0000] {logging_mixin.py:120} INFO - [2023-08-30T09:20:31.219+0000] {dag.py:3340} INFO - Setting next_dagrun for latest_only_with_trigger to 2023-08-30T05:20:31.219087+00:00, run_after=2023-08-30T09:20:31.219087+00:00
[2023-08-30T09:20:31.237+0000] {processor.py:176} INFO - Processing /home/airflow/.local/lib/python3.7/site-packages/airflow/example_dags/example_latest_only_with_trigger.py took 0.088 seconds
[2023-08-30T09:21:01.984+0000] {processor.py:154} INFO - Started process (PID=325) to work on /home/airflow/.local/lib/python3.7/site-packages/airflow/example_dags/example_latest_only_with_trigger.py
[2023-08-30T09:21:01.985+0000] {processor.py:756} INFO - Processing file /home/airflow/.local/lib/python3.7/site-packages/airflow/example_dags/example_latest_only_with_trigger.py for tasks to queue
[2023-08-30T09:21:01.986+0000] {logging_mixin.py:120} INFO - [2023-08-30T09:21:01.986+0000] {dagbag.py:537} INFO - Filling up the DagBag from /home/airflow/.local/lib/python3.7/site-packages/airflow/example_dags/example_latest_only_with_trigger.py
[2023-08-30T09:21:01.998+0000] {processor.py:766} INFO - DAG(s) dict_keys(['latest_only_with_trigger']) retrieved from /home/airflow/.local/lib/python3.7/site-packages/airflow/example_dags/example_latest_only_with_trigger.py
[2023-08-30T09:21:02.032+0000] {logging_mixin.py:120} INFO - [2023-08-30T09:21:02.032+0000] {dag.py:2585} INFO - Sync 1 DAGs
[2023-08-30T09:21:02.055+0000] {logging_mixin.py:120} INFO - [2023-08-30T09:21:02.055+0000] {dag.py:3340} INFO - Setting next_dagrun for latest_only_with_trigger to 2023-08-30T05:21:02.055501+00:00, run_after=2023-08-30T09:21:02.055501+00:00
[2023-08-30T09:21:02.072+0000] {processor.py:176} INFO - Processing /home/airflow/.local/lib/python3.7/site-packages/airflow/example_dags/example_latest_only_with_trigger.py took 0.090 seconds
[2023-08-30T09:21:32.688+0000] {processor.py:154} INFO - Started process (PID=390) to work on /home/airflow/.local/lib/python3.7/site-packages/airflow/example_dags/example_latest_only_with_trigger.py
[2023-08-30T09:21:32.688+0000] {processor.py:756} INFO - Processing file /home/airflow/.local/lib/python3.7/site-packages/airflow/example_dags/example_latest_only_with_trigger.py for tasks to queue
[2023-08-30T09:21:32.689+0000] {logging_mixin.py:120} INFO - [2023-08-30T09:21:32.689+0000] {dagbag.py:537} INFO - Filling up the DagBag from /home/airflow/.local/lib/python3.7/site-packages/airflow/example_dags/example_latest_only_with_trigger.py
[2023-08-30T09:21:32.701+0000] {processor.py:766} INFO - DAG(s) dict_keys(['latest_only_with_trigger']) retrieved from /home/airflow/.local/lib/python3.7/site-packages/airflow/example_dags/example_latest_only_with_trigger.py
[2023-08-30T09:21:32.735+0000] {logging_mixin.py:120} INFO - [2023-08-30T09:21:32.735+0000] {dag.py:2585} INFO - Sync 1 DAGs
[2023-08-30T09:21:32.760+0000] {logging_mixin.py:120} INFO - [2023-08-30T09:21:32.760+0000] {dag.py:3340} INFO - Setting next_dagrun for latest_only_with_trigger to 2023-08-30T05:21:32.760244+00:00, run_after=2023-08-30T09:21:32.760244+00:00
[2023-08-30T09:21:32.778+0000] {processor.py:176} INFO - Processing /home/airflow/.local/lib/python3.7/site-packages/airflow/example_dags/example_latest_only_with_trigger.py took 0.093 seconds
