[2023-08-30T09:07:55.945+0000] {processor.py:154} INFO - Started process (PID=58) to work on /home/airflow/.local/lib/python3.7/site-packages/airflow/example_dags/example_short_circuit_operator.py
[2023-08-30T09:07:55.945+0000] {processor.py:756} INFO - Processing file /home/airflow/.local/lib/python3.7/site-packages/airflow/example_dags/example_short_circuit_operator.py for tasks to queue
[2023-08-30T09:07:55.946+0000] {logging_mixin.py:120} INFO - [2023-08-30T09:07:55.946+0000] {dagbag.py:537} INFO - Filling up the DagBag from /home/airflow/.local/lib/python3.7/site-packages/airflow/example_dags/example_short_circuit_operator.py
[2023-08-30T09:07:55.968+0000] {processor.py:766} INFO - DAG(s) dict_keys(['example_short_circuit_operator']) retrieved from /home/airflow/.local/lib/python3.7/site-packages/airflow/example_dags/example_short_circuit_operator.py
[2023-08-30T09:07:56.092+0000] {logging_mixin.py:120} INFO - [2023-08-30T09:07:56.092+0000] {dag.py:2585} INFO - Sync 1 DAGs
[2023-08-30T09:07:56.122+0000] {logging_mixin.py:120} INFO - [2023-08-30T09:07:56.122+0000] {dag.py:3340} INFO - Setting next_dagrun for example_short_circuit_operator to 2023-08-29T09:07:56.122460+00:00, run_after=2023-08-30T09:07:56.122460+00:00
[2023-08-30T09:07:56.154+0000] {processor.py:176} INFO - Processing /home/airflow/.local/lib/python3.7/site-packages/airflow/example_dags/example_short_circuit_operator.py took 0.213 seconds
[2023-08-30T09:08:26.701+0000] {processor.py:154} INFO - Started process (PID=112) to work on /home/airflow/.local/lib/python3.7/site-packages/airflow/example_dags/example_short_circuit_operator.py
[2023-08-30T09:08:26.702+0000] {processor.py:756} INFO - Processing file /home/airflow/.local/lib/python3.7/site-packages/airflow/example_dags/example_short_circuit_operator.py for tasks to queue
[2023-08-30T09:08:26.702+0000] {logging_mixin.py:120} INFO - [2023-08-30T09:08:26.702+0000] {dagbag.py:537} INFO - Filling up the DagBag from /home/airflow/.local/lib/python3.7/site-packages/airflow/example_dags/example_short_circuit_operator.py
[2023-08-30T09:08:26.718+0000] {processor.py:766} INFO - DAG(s) dict_keys(['example_short_circuit_operator']) retrieved from /home/airflow/.local/lib/python3.7/site-packages/airflow/example_dags/example_short_circuit_operator.py
[2023-08-30T09:08:26.755+0000] {logging_mixin.py:120} INFO - [2023-08-30T09:08:26.755+0000] {dag.py:2585} INFO - Sync 1 DAGs
[2023-08-30T09:08:26.781+0000] {logging_mixin.py:120} INFO - [2023-08-30T09:08:26.781+0000] {dag.py:3340} INFO - Setting next_dagrun for example_short_circuit_operator to 2023-08-29T09:08:26.781076+00:00, run_after=2023-08-30T09:08:26.781076+00:00
[2023-08-30T09:08:26.800+0000] {processor.py:176} INFO - Processing /home/airflow/.local/lib/python3.7/site-packages/airflow/example_dags/example_short_circuit_operator.py took 0.102 seconds
[2023-08-30T09:08:56.842+0000] {processor.py:154} INFO - Started process (PID=178) to work on /home/airflow/.local/lib/python3.7/site-packages/airflow/example_dags/example_short_circuit_operator.py
[2023-08-30T09:08:56.842+0000] {processor.py:756} INFO - Processing file /home/airflow/.local/lib/python3.7/site-packages/airflow/example_dags/example_short_circuit_operator.py for tasks to queue
[2023-08-30T09:08:56.843+0000] {logging_mixin.py:120} INFO - [2023-08-30T09:08:56.843+0000] {dagbag.py:537} INFO - Filling up the DagBag from /home/airflow/.local/lib/python3.7/site-packages/airflow/example_dags/example_short_circuit_operator.py
[2023-08-30T09:08:56.857+0000] {processor.py:766} INFO - DAG(s) dict_keys(['example_short_circuit_operator']) retrieved from /home/airflow/.local/lib/python3.7/site-packages/airflow/example_dags/example_short_circuit_operator.py
[2023-08-30T09:08:56.893+0000] {logging_mixin.py:120} INFO - [2023-08-30T09:08:56.893+0000] {dag.py:2585} INFO - Sync 1 DAGs
[2023-08-30T09:08:56.914+0000] {logging_mixin.py:120} INFO - [2023-08-30T09:08:56.914+0000] {dag.py:3340} INFO - Setting next_dagrun for example_short_circuit_operator to 2023-08-29T09:08:56.914247+00:00, run_after=2023-08-30T09:08:56.914247+00:00
[2023-08-30T09:08:56.932+0000] {processor.py:176} INFO - Processing /home/airflow/.local/lib/python3.7/site-packages/airflow/example_dags/example_short_circuit_operator.py took 0.093 seconds
[2023-08-30T09:09:27.705+0000] {processor.py:154} INFO - Started process (PID=243) to work on /home/airflow/.local/lib/python3.7/site-packages/airflow/example_dags/example_short_circuit_operator.py
[2023-08-30T09:09:27.706+0000] {processor.py:756} INFO - Processing file /home/airflow/.local/lib/python3.7/site-packages/airflow/example_dags/example_short_circuit_operator.py for tasks to queue
[2023-08-30T09:09:27.707+0000] {logging_mixin.py:120} INFO - [2023-08-30T09:09:27.707+0000] {dagbag.py:537} INFO - Filling up the DagBag from /home/airflow/.local/lib/python3.7/site-packages/airflow/example_dags/example_short_circuit_operator.py
[2023-08-30T09:09:27.730+0000] {processor.py:766} INFO - DAG(s) dict_keys(['example_short_circuit_operator']) retrieved from /home/airflow/.local/lib/python3.7/site-packages/airflow/example_dags/example_short_circuit_operator.py
[2023-08-30T09:09:27.783+0000] {logging_mixin.py:120} INFO - [2023-08-30T09:09:27.782+0000] {dag.py:2585} INFO - Sync 1 DAGs
[2023-08-30T09:09:27.816+0000] {logging_mixin.py:120} INFO - [2023-08-30T09:09:27.815+0000] {dag.py:3340} INFO - Setting next_dagrun for example_short_circuit_operator to 2023-08-29T09:09:27.815483+00:00, run_after=2023-08-30T09:09:27.815483+00:00
[2023-08-30T09:09:27.842+0000] {processor.py:176} INFO - Processing /home/airflow/.local/lib/python3.7/site-packages/airflow/example_dags/example_short_circuit_operator.py took 0.142 seconds
[2023-08-30T09:09:58.031+0000] {processor.py:154} INFO - Started process (PID=299) to work on /home/airflow/.local/lib/python3.7/site-packages/airflow/example_dags/example_short_circuit_operator.py
[2023-08-30T09:09:58.031+0000] {processor.py:756} INFO - Processing file /home/airflow/.local/lib/python3.7/site-packages/airflow/example_dags/example_short_circuit_operator.py for tasks to queue
[2023-08-30T09:09:58.032+0000] {logging_mixin.py:120} INFO - [2023-08-30T09:09:58.032+0000] {dagbag.py:537} INFO - Filling up the DagBag from /home/airflow/.local/lib/python3.7/site-packages/airflow/example_dags/example_short_circuit_operator.py
[2023-08-30T09:09:58.045+0000] {processor.py:766} INFO - DAG(s) dict_keys(['example_short_circuit_operator']) retrieved from /home/airflow/.local/lib/python3.7/site-packages/airflow/example_dags/example_short_circuit_operator.py
[2023-08-30T09:09:58.081+0000] {logging_mixin.py:120} INFO - [2023-08-30T09:09:58.081+0000] {dag.py:2585} INFO - Sync 1 DAGs
[2023-08-30T09:09:58.102+0000] {logging_mixin.py:120} INFO - [2023-08-30T09:09:58.102+0000] {dag.py:3340} INFO - Setting next_dagrun for example_short_circuit_operator to 2023-08-29T09:09:58.102420+00:00, run_after=2023-08-30T09:09:58.102420+00:00
[2023-08-30T09:09:58.120+0000] {processor.py:176} INFO - Processing /home/airflow/.local/lib/python3.7/site-packages/airflow/example_dags/example_short_circuit_operator.py took 0.092 seconds
[2023-08-30T09:10:28.654+0000] {processor.py:154} INFO - Started process (PID=364) to work on /home/airflow/.local/lib/python3.7/site-packages/airflow/example_dags/example_short_circuit_operator.py
[2023-08-30T09:10:28.657+0000] {processor.py:756} INFO - Processing file /home/airflow/.local/lib/python3.7/site-packages/airflow/example_dags/example_short_circuit_operator.py for tasks to queue
[2023-08-30T09:10:28.658+0000] {logging_mixin.py:120} INFO - [2023-08-30T09:10:28.658+0000] {dagbag.py:537} INFO - Filling up the DagBag from /home/airflow/.local/lib/python3.7/site-packages/airflow/example_dags/example_short_circuit_operator.py
[2023-08-30T09:10:28.672+0000] {processor.py:766} INFO - DAG(s) dict_keys(['example_short_circuit_operator']) retrieved from /home/airflow/.local/lib/python3.7/site-packages/airflow/example_dags/example_short_circuit_operator.py
[2023-08-30T09:10:28.707+0000] {logging_mixin.py:120} INFO - [2023-08-30T09:10:28.707+0000] {dag.py:2585} INFO - Sync 1 DAGs
[2023-08-30T09:10:28.729+0000] {logging_mixin.py:120} INFO - [2023-08-30T09:10:28.729+0000] {dag.py:3340} INFO - Setting next_dagrun for example_short_circuit_operator to 2023-08-29T09:10:28.729414+00:00, run_after=2023-08-30T09:10:28.729414+00:00
[2023-08-30T09:10:28.746+0000] {processor.py:176} INFO - Processing /home/airflow/.local/lib/python3.7/site-packages/airflow/example_dags/example_short_circuit_operator.py took 0.095 seconds
[2023-08-30T09:10:59.550+0000] {processor.py:154} INFO - Started process (PID=429) to work on /home/airflow/.local/lib/python3.7/site-packages/airflow/example_dags/example_short_circuit_operator.py
[2023-08-30T09:10:59.551+0000] {processor.py:756} INFO - Processing file /home/airflow/.local/lib/python3.7/site-packages/airflow/example_dags/example_short_circuit_operator.py for tasks to queue
[2023-08-30T09:10:59.551+0000] {logging_mixin.py:120} INFO - [2023-08-30T09:10:59.551+0000] {dagbag.py:537} INFO - Filling up the DagBag from /home/airflow/.local/lib/python3.7/site-packages/airflow/example_dags/example_short_circuit_operator.py
[2023-08-30T09:10:59.565+0000] {processor.py:766} INFO - DAG(s) dict_keys(['example_short_circuit_operator']) retrieved from /home/airflow/.local/lib/python3.7/site-packages/airflow/example_dags/example_short_circuit_operator.py
[2023-08-30T09:10:59.600+0000] {logging_mixin.py:120} INFO - [2023-08-30T09:10:59.600+0000] {dag.py:2585} INFO - Sync 1 DAGs
[2023-08-30T09:10:59.622+0000] {logging_mixin.py:120} INFO - [2023-08-30T09:10:59.622+0000] {dag.py:3340} INFO - Setting next_dagrun for example_short_circuit_operator to 2023-08-29T09:10:59.621750+00:00, run_after=2023-08-30T09:10:59.621750+00:00
[2023-08-30T09:10:59.646+0000] {processor.py:176} INFO - Processing /home/airflow/.local/lib/python3.7/site-packages/airflow/example_dags/example_short_circuit_operator.py took 0.098 seconds
[2023-08-30T09:11:30.445+0000] {processor.py:154} INFO - Started process (PID=494) to work on /home/airflow/.local/lib/python3.7/site-packages/airflow/example_dags/example_short_circuit_operator.py
[2023-08-30T09:11:30.448+0000] {processor.py:756} INFO - Processing file /home/airflow/.local/lib/python3.7/site-packages/airflow/example_dags/example_short_circuit_operator.py for tasks to queue
[2023-08-30T09:11:30.449+0000] {logging_mixin.py:120} INFO - [2023-08-30T09:11:30.448+0000] {dagbag.py:537} INFO - Filling up the DagBag from /home/airflow/.local/lib/python3.7/site-packages/airflow/example_dags/example_short_circuit_operator.py
[2023-08-30T09:11:30.462+0000] {processor.py:766} INFO - DAG(s) dict_keys(['example_short_circuit_operator']) retrieved from /home/airflow/.local/lib/python3.7/site-packages/airflow/example_dags/example_short_circuit_operator.py
[2023-08-30T09:11:30.498+0000] {logging_mixin.py:120} INFO - [2023-08-30T09:11:30.498+0000] {dag.py:2585} INFO - Sync 1 DAGs
[2023-08-30T09:11:30.519+0000] {logging_mixin.py:120} INFO - [2023-08-30T09:11:30.519+0000] {dag.py:3340} INFO - Setting next_dagrun for example_short_circuit_operator to 2023-08-29T09:11:30.518974+00:00, run_after=2023-08-30T09:11:30.518974+00:00
[2023-08-30T09:11:30.536+0000] {processor.py:176} INFO - Processing /home/airflow/.local/lib/python3.7/site-packages/airflow/example_dags/example_short_circuit_operator.py took 0.094 seconds
[2023-08-30T09:12:01.069+0000] {processor.py:154} INFO - Started process (PID=550) to work on /home/airflow/.local/lib/python3.7/site-packages/airflow/example_dags/example_short_circuit_operator.py
[2023-08-30T09:12:01.070+0000] {processor.py:756} INFO - Processing file /home/airflow/.local/lib/python3.7/site-packages/airflow/example_dags/example_short_circuit_operator.py for tasks to queue
[2023-08-30T09:12:01.070+0000] {logging_mixin.py:120} INFO - [2023-08-30T09:12:01.070+0000] {dagbag.py:537} INFO - Filling up the DagBag from /home/airflow/.local/lib/python3.7/site-packages/airflow/example_dags/example_short_circuit_operator.py
[2023-08-30T09:12:01.085+0000] {processor.py:766} INFO - DAG(s) dict_keys(['example_short_circuit_operator']) retrieved from /home/airflow/.local/lib/python3.7/site-packages/airflow/example_dags/example_short_circuit_operator.py
[2023-08-30T09:12:01.120+0000] {logging_mixin.py:120} INFO - [2023-08-30T09:12:01.120+0000] {dag.py:2585} INFO - Sync 1 DAGs
[2023-08-30T09:12:01.145+0000] {logging_mixin.py:120} INFO - [2023-08-30T09:12:01.145+0000] {dag.py:3340} INFO - Setting next_dagrun for example_short_circuit_operator to 2023-08-29T09:12:01.145417+00:00, run_after=2023-08-30T09:12:01.145417+00:00
[2023-08-30T09:12:01.164+0000] {processor.py:176} INFO - Processing /home/airflow/.local/lib/python3.7/site-packages/airflow/example_dags/example_short_circuit_operator.py took 0.098 seconds
[2023-08-30T09:18:56.283+0000] {processor.py:154} INFO - Started process (PID=43) to work on /home/airflow/.local/lib/python3.7/site-packages/airflow/example_dags/example_short_circuit_operator.py
[2023-08-30T09:18:56.284+0000] {processor.py:756} INFO - Processing file /home/airflow/.local/lib/python3.7/site-packages/airflow/example_dags/example_short_circuit_operator.py for tasks to queue
[2023-08-30T09:18:56.285+0000] {logging_mixin.py:120} INFO - [2023-08-30T09:18:56.285+0000] {dagbag.py:537} INFO - Filling up the DagBag from /home/airflow/.local/lib/python3.7/site-packages/airflow/example_dags/example_short_circuit_operator.py
[2023-08-30T09:18:56.302+0000] {processor.py:766} INFO - DAG(s) dict_keys(['example_short_circuit_operator']) retrieved from /home/airflow/.local/lib/python3.7/site-packages/airflow/example_dags/example_short_circuit_operator.py
[2023-08-30T09:18:56.339+0000] {logging_mixin.py:120} INFO - [2023-08-30T09:18:56.339+0000] {dag.py:2585} INFO - Sync 1 DAGs
[2023-08-30T09:18:56.365+0000] {logging_mixin.py:120} INFO - [2023-08-30T09:18:56.365+0000] {dag.py:3340} INFO - Setting next_dagrun for example_short_circuit_operator to 2023-08-29T09:18:56.364376+00:00, run_after=2023-08-30T09:18:56.364376+00:00
[2023-08-30T09:18:56.387+0000] {processor.py:176} INFO - Processing /home/airflow/.local/lib/python3.7/site-packages/airflow/example_dags/example_short_circuit_operator.py took 0.106 seconds
[2023-08-30T09:19:26.737+0000] {processor.py:154} INFO - Started process (PID=107) to work on /home/airflow/.local/lib/python3.7/site-packages/airflow/example_dags/example_short_circuit_operator.py
[2023-08-30T09:19:26.739+0000] {processor.py:756} INFO - Processing file /home/airflow/.local/lib/python3.7/site-packages/airflow/example_dags/example_short_circuit_operator.py for tasks to queue
[2023-08-30T09:19:26.740+0000] {logging_mixin.py:120} INFO - [2023-08-30T09:19:26.739+0000] {dagbag.py:537} INFO - Filling up the DagBag from /home/airflow/.local/lib/python3.7/site-packages/airflow/example_dags/example_short_circuit_operator.py
[2023-08-30T09:19:26.755+0000] {processor.py:766} INFO - DAG(s) dict_keys(['example_short_circuit_operator']) retrieved from /home/airflow/.local/lib/python3.7/site-packages/airflow/example_dags/example_short_circuit_operator.py
[2023-08-30T09:19:26.790+0000] {logging_mixin.py:120} INFO - [2023-08-30T09:19:26.790+0000] {dag.py:2585} INFO - Sync 1 DAGs
[2023-08-30T09:19:26.812+0000] {logging_mixin.py:120} INFO - [2023-08-30T09:19:26.812+0000] {dag.py:3340} INFO - Setting next_dagrun for example_short_circuit_operator to 2023-08-29T09:19:26.812061+00:00, run_after=2023-08-30T09:19:26.812061+00:00
[2023-08-30T09:19:26.829+0000] {processor.py:176} INFO - Processing /home/airflow/.local/lib/python3.7/site-packages/airflow/example_dags/example_short_circuit_operator.py took 0.094 seconds
[2023-08-30T09:19:56.981+0000] {processor.py:154} INFO - Started process (PID=174) to work on /home/airflow/.local/lib/python3.7/site-packages/airflow/example_dags/example_short_circuit_operator.py
[2023-08-30T09:19:56.982+0000] {processor.py:756} INFO - Processing file /home/airflow/.local/lib/python3.7/site-packages/airflow/example_dags/example_short_circuit_operator.py for tasks to queue
[2023-08-30T09:19:56.983+0000] {logging_mixin.py:120} INFO - [2023-08-30T09:19:56.983+0000] {dagbag.py:537} INFO - Filling up the DagBag from /home/airflow/.local/lib/python3.7/site-packages/airflow/example_dags/example_short_circuit_operator.py
[2023-08-30T09:19:56.997+0000] {processor.py:766} INFO - DAG(s) dict_keys(['example_short_circuit_operator']) retrieved from /home/airflow/.local/lib/python3.7/site-packages/airflow/example_dags/example_short_circuit_operator.py
[2023-08-30T09:19:57.035+0000] {logging_mixin.py:120} INFO - [2023-08-30T09:19:57.035+0000] {dag.py:2585} INFO - Sync 1 DAGs
[2023-08-30T09:19:57.059+0000] {logging_mixin.py:120} INFO - [2023-08-30T09:19:57.059+0000] {dag.py:3340} INFO - Setting next_dagrun for example_short_circuit_operator to 2023-08-29T09:19:57.058993+00:00, run_after=2023-08-30T09:19:57.058993+00:00
[2023-08-30T09:19:57.078+0000] {processor.py:176} INFO - Processing /home/airflow/.local/lib/python3.7/site-packages/airflow/example_dags/example_short_circuit_operator.py took 0.100 seconds
[2023-08-30T09:20:27.961+0000] {processor.py:154} INFO - Started process (PID=230) to work on /home/airflow/.local/lib/python3.7/site-packages/airflow/example_dags/example_short_circuit_operator.py
[2023-08-30T09:20:27.963+0000] {processor.py:756} INFO - Processing file /home/airflow/.local/lib/python3.7/site-packages/airflow/example_dags/example_short_circuit_operator.py for tasks to queue
[2023-08-30T09:20:27.963+0000] {logging_mixin.py:120} INFO - [2023-08-30T09:20:27.963+0000] {dagbag.py:537} INFO - Filling up the DagBag from /home/airflow/.local/lib/python3.7/site-packages/airflow/example_dags/example_short_circuit_operator.py
[2023-08-30T09:20:27.978+0000] {processor.py:766} INFO - DAG(s) dict_keys(['example_short_circuit_operator']) retrieved from /home/airflow/.local/lib/python3.7/site-packages/airflow/example_dags/example_short_circuit_operator.py
[2023-08-30T09:20:28.015+0000] {logging_mixin.py:120} INFO - [2023-08-30T09:20:28.015+0000] {dag.py:2585} INFO - Sync 1 DAGs
[2023-08-30T09:20:28.037+0000] {logging_mixin.py:120} INFO - [2023-08-30T09:20:28.036+0000] {dag.py:3340} INFO - Setting next_dagrun for example_short_circuit_operator to 2023-08-29T09:20:28.036708+00:00, run_after=2023-08-30T09:20:28.036708+00:00
[2023-08-30T09:20:28.054+0000] {processor.py:176} INFO - Processing /home/airflow/.local/lib/python3.7/site-packages/airflow/example_dags/example_short_circuit_operator.py took 0.095 seconds
[2023-08-30T09:20:58.960+0000] {processor.py:154} INFO - Started process (PID=295) to work on /home/airflow/.local/lib/python3.7/site-packages/airflow/example_dags/example_short_circuit_operator.py
[2023-08-30T09:20:58.963+0000] {processor.py:756} INFO - Processing file /home/airflow/.local/lib/python3.7/site-packages/airflow/example_dags/example_short_circuit_operator.py for tasks to queue
[2023-08-30T09:20:58.963+0000] {logging_mixin.py:120} INFO - [2023-08-30T09:20:58.963+0000] {dagbag.py:537} INFO - Filling up the DagBag from /home/airflow/.local/lib/python3.7/site-packages/airflow/example_dags/example_short_circuit_operator.py
[2023-08-30T09:20:58.977+0000] {processor.py:766} INFO - DAG(s) dict_keys(['example_short_circuit_operator']) retrieved from /home/airflow/.local/lib/python3.7/site-packages/airflow/example_dags/example_short_circuit_operator.py
[2023-08-30T09:20:59.012+0000] {logging_mixin.py:120} INFO - [2023-08-30T09:20:59.012+0000] {dag.py:2585} INFO - Sync 1 DAGs
[2023-08-30T09:20:59.033+0000] {logging_mixin.py:120} INFO - [2023-08-30T09:20:59.033+0000] {dag.py:3340} INFO - Setting next_dagrun for example_short_circuit_operator to 2023-08-29T09:20:59.033640+00:00, run_after=2023-08-30T09:20:59.033640+00:00
[2023-08-30T09:20:59.051+0000] {processor.py:176} INFO - Processing /home/airflow/.local/lib/python3.7/site-packages/airflow/example_dags/example_short_circuit_operator.py took 0.094 seconds
[2023-08-30T09:21:29.686+0000] {processor.py:154} INFO - Started process (PID=360) to work on /home/airflow/.local/lib/python3.7/site-packages/airflow/example_dags/example_short_circuit_operator.py
[2023-08-30T09:21:29.686+0000] {processor.py:756} INFO - Processing file /home/airflow/.local/lib/python3.7/site-packages/airflow/example_dags/example_short_circuit_operator.py for tasks to queue
[2023-08-30T09:21:29.687+0000] {logging_mixin.py:120} INFO - [2023-08-30T09:21:29.687+0000] {dagbag.py:537} INFO - Filling up the DagBag from /home/airflow/.local/lib/python3.7/site-packages/airflow/example_dags/example_short_circuit_operator.py
[2023-08-30T09:21:29.701+0000] {processor.py:766} INFO - DAG(s) dict_keys(['example_short_circuit_operator']) retrieved from /home/airflow/.local/lib/python3.7/site-packages/airflow/example_dags/example_short_circuit_operator.py
[2023-08-30T09:21:29.736+0000] {logging_mixin.py:120} INFO - [2023-08-30T09:21:29.736+0000] {dag.py:2585} INFO - Sync 1 DAGs
[2023-08-30T09:21:29.759+0000] {logging_mixin.py:120} INFO - [2023-08-30T09:21:29.759+0000] {dag.py:3340} INFO - Setting next_dagrun for example_short_circuit_operator to 2023-08-29T09:21:29.759399+00:00, run_after=2023-08-30T09:21:29.759399+00:00
[2023-08-30T09:21:29.777+0000] {processor.py:176} INFO - Processing /home/airflow/.local/lib/python3.7/site-packages/airflow/example_dags/example_short_circuit_operator.py took 0.093 seconds
