[2023-08-30T09:07:57.211+0000] {processor.py:154} INFO - Started process (PID=66) to work on /home/airflow/.local/lib/python3.7/site-packages/airflow/example_dags/example_datasets.py
[2023-08-30T09:07:57.212+0000] {processor.py:756} INFO - Processing file /home/airflow/.local/lib/python3.7/site-packages/airflow/example_dags/example_datasets.py for tasks to queue
[2023-08-30T09:07:57.213+0000] {logging_mixin.py:120} INFO - [2023-08-30T09:07:57.213+0000] {dagbag.py:537} INFO - Filling up the DagBag from /home/airflow/.local/lib/python3.7/site-packages/airflow/example_dags/example_datasets.py
[2023-08-30T09:07:57.232+0000] {processor.py:766} INFO - DAG(s) dict_keys(['dataset_consumes_1_and_2', 'dataset_produces_1', 'dataset_consumes_unknown_never_scheduled', 'dataset_consumes_1_never_scheduled', 'dataset_produces_2', 'dataset_consumes_1']) retrieved from /home/airflow/.local/lib/python3.7/site-packages/airflow/example_dags/example_datasets.py
[2023-08-30T09:07:57.424+0000] {logging_mixin.py:120} INFO - [2023-08-30T09:07:57.424+0000] {dag.py:2585} INFO - Sync 6 DAGs
[2023-08-30T09:07:57.467+0000] {logging_mixin.py:120} INFO - [2023-08-30T09:07:57.467+0000] {dag.py:3340} INFO - Setting next_dagrun for dataset_consumes_1 to None, run_after=None
[2023-08-30T09:07:57.472+0000] {logging_mixin.py:120} INFO - [2023-08-30T09:07:57.472+0000] {dag.py:3340} INFO - Setting next_dagrun for dataset_consumes_1_and_2 to None, run_after=None
[2023-08-30T09:07:57.474+0000] {logging_mixin.py:120} INFO - [2023-08-30T09:07:57.474+0000] {dag.py:3340} INFO - Setting next_dagrun for dataset_consumes_1_never_scheduled to None, run_after=None
[2023-08-30T09:07:57.476+0000] {logging_mixin.py:120} INFO - [2023-08-30T09:07:57.476+0000] {dag.py:3340} INFO - Setting next_dagrun for dataset_consumes_unknown_never_scheduled to None, run_after=None
[2023-08-30T09:07:57.481+0000] {logging_mixin.py:120} INFO - [2023-08-30T09:07:57.481+0000] {dag.py:3340} INFO - Setting next_dagrun for dataset_produces_1 to 2023-08-29T00:00:00+00:00, run_after=2023-08-30T00:00:00+00:00
[2023-08-30T09:07:57.483+0000] {logging_mixin.py:120} INFO - [2023-08-30T09:07:57.483+0000] {dag.py:3340} INFO - Setting next_dagrun for dataset_produces_2 to None, run_after=None
[2023-08-30T09:07:57.532+0000] {processor.py:176} INFO - Processing /home/airflow/.local/lib/python3.7/site-packages/airflow/example_dags/example_datasets.py took 0.324 seconds
[2023-08-30T09:08:27.644+0000] {processor.py:154} INFO - Started process (PID=129) to work on /home/airflow/.local/lib/python3.7/site-packages/airflow/example_dags/example_datasets.py
[2023-08-30T09:08:27.644+0000] {processor.py:756} INFO - Processing file /home/airflow/.local/lib/python3.7/site-packages/airflow/example_dags/example_datasets.py for tasks to queue
[2023-08-30T09:08:27.645+0000] {logging_mixin.py:120} INFO - [2023-08-30T09:08:27.645+0000] {dagbag.py:537} INFO - Filling up the DagBag from /home/airflow/.local/lib/python3.7/site-packages/airflow/example_dags/example_datasets.py
[2023-08-30T09:08:27.663+0000] {processor.py:766} INFO - DAG(s) dict_keys(['dataset_consumes_1_and_2', 'dataset_consumes_1', 'dataset_produces_2', 'dataset_produces_1', 'dataset_consumes_unknown_never_scheduled', 'dataset_consumes_1_never_scheduled']) retrieved from /home/airflow/.local/lib/python3.7/site-packages/airflow/example_dags/example_datasets.py
[2023-08-30T09:08:27.722+0000] {logging_mixin.py:120} INFO - [2023-08-30T09:08:27.721+0000] {dag.py:2585} INFO - Sync 6 DAGs
[2023-08-30T09:08:27.750+0000] {logging_mixin.py:120} INFO - [2023-08-30T09:08:27.750+0000] {dag.py:3340} INFO - Setting next_dagrun for dataset_consumes_1 to None, run_after=None
[2023-08-30T09:08:27.754+0000] {logging_mixin.py:120} INFO - [2023-08-30T09:08:27.754+0000] {dag.py:3340} INFO - Setting next_dagrun for dataset_consumes_1_and_2 to None, run_after=None
[2023-08-30T09:08:27.755+0000] {logging_mixin.py:120} INFO - [2023-08-30T09:08:27.755+0000] {dag.py:3340} INFO - Setting next_dagrun for dataset_consumes_1_never_scheduled to None, run_after=None
[2023-08-30T09:08:27.757+0000] {logging_mixin.py:120} INFO - [2023-08-30T09:08:27.756+0000] {dag.py:3340} INFO - Setting next_dagrun for dataset_consumes_unknown_never_scheduled to None, run_after=None
[2023-08-30T09:08:27.760+0000] {logging_mixin.py:120} INFO - [2023-08-30T09:08:27.760+0000] {dag.py:3340} INFO - Setting next_dagrun for dataset_produces_1 to 2023-08-29T00:00:00+00:00, run_after=2023-08-30T00:00:00+00:00
[2023-08-30T09:08:27.761+0000] {logging_mixin.py:120} INFO - [2023-08-30T09:08:27.761+0000] {dag.py:3340} INFO - Setting next_dagrun for dataset_produces_2 to None, run_after=None
[2023-08-30T09:08:27.795+0000] {processor.py:176} INFO - Processing /home/airflow/.local/lib/python3.7/site-packages/airflow/example_dags/example_datasets.py took 0.154 seconds
[2023-08-30T09:08:58.610+0000] {processor.py:154} INFO - Started process (PID=188) to work on /home/airflow/.local/lib/python3.7/site-packages/airflow/example_dags/example_datasets.py
[2023-08-30T09:08:58.611+0000] {processor.py:756} INFO - Processing file /home/airflow/.local/lib/python3.7/site-packages/airflow/example_dags/example_datasets.py for tasks to queue
[2023-08-30T09:08:58.612+0000] {logging_mixin.py:120} INFO - [2023-08-30T09:08:58.612+0000] {dagbag.py:537} INFO - Filling up the DagBag from /home/airflow/.local/lib/python3.7/site-packages/airflow/example_dags/example_datasets.py
[2023-08-30T09:08:58.626+0000] {processor.py:766} INFO - DAG(s) dict_keys(['dataset_produces_1', 'dataset_consumes_unknown_never_scheduled', 'dataset_consumes_1_never_scheduled', 'dataset_produces_2', 'dataset_consumes_1_and_2', 'dataset_consumes_1']) retrieved from /home/airflow/.local/lib/python3.7/site-packages/airflow/example_dags/example_datasets.py
[2023-08-30T09:08:58.676+0000] {logging_mixin.py:120} INFO - [2023-08-30T09:08:58.676+0000] {dag.py:2585} INFO - Sync 6 DAGs
[2023-08-30T09:08:58.700+0000] {logging_mixin.py:120} INFO - [2023-08-30T09:08:58.699+0000] {dag.py:3340} INFO - Setting next_dagrun for dataset_consumes_1 to None, run_after=None
[2023-08-30T09:08:58.702+0000] {logging_mixin.py:120} INFO - [2023-08-30T09:08:58.702+0000] {dag.py:3340} INFO - Setting next_dagrun for dataset_consumes_1_and_2 to None, run_after=None
[2023-08-30T09:08:58.703+0000] {logging_mixin.py:120} INFO - [2023-08-30T09:08:58.703+0000] {dag.py:3340} INFO - Setting next_dagrun for dataset_consumes_1_never_scheduled to None, run_after=None
[2023-08-30T09:08:58.704+0000] {logging_mixin.py:120} INFO - [2023-08-30T09:08:58.704+0000] {dag.py:3340} INFO - Setting next_dagrun for dataset_consumes_unknown_never_scheduled to None, run_after=None
[2023-08-30T09:08:58.707+0000] {logging_mixin.py:120} INFO - [2023-08-30T09:08:58.707+0000] {dag.py:3340} INFO - Setting next_dagrun for dataset_produces_1 to 2023-08-29T00:00:00+00:00, run_after=2023-08-30T00:00:00+00:00
[2023-08-30T09:08:58.708+0000] {logging_mixin.py:120} INFO - [2023-08-30T09:08:58.708+0000] {dag.py:3340} INFO - Setting next_dagrun for dataset_produces_2 to None, run_after=None
[2023-08-30T09:08:58.733+0000] {processor.py:176} INFO - Processing /home/airflow/.local/lib/python3.7/site-packages/airflow/example_dags/example_datasets.py took 0.126 seconds
[2023-08-30T09:09:29.879+0000] {processor.py:154} INFO - Started process (PID=253) to work on /home/airflow/.local/lib/python3.7/site-packages/airflow/example_dags/example_datasets.py
[2023-08-30T09:09:29.880+0000] {processor.py:756} INFO - Processing file /home/airflow/.local/lib/python3.7/site-packages/airflow/example_dags/example_datasets.py for tasks to queue
[2023-08-30T09:09:29.881+0000] {logging_mixin.py:120} INFO - [2023-08-30T09:09:29.881+0000] {dagbag.py:537} INFO - Filling up the DagBag from /home/airflow/.local/lib/python3.7/site-packages/airflow/example_dags/example_datasets.py
[2023-08-30T09:09:29.902+0000] {processor.py:766} INFO - DAG(s) dict_keys(['dataset_consumes_1', 'dataset_consumes_1_never_scheduled', 'dataset_produces_2', 'dataset_produces_1', 'dataset_consumes_1_and_2', 'dataset_consumes_unknown_never_scheduled']) retrieved from /home/airflow/.local/lib/python3.7/site-packages/airflow/example_dags/example_datasets.py
[2023-08-30T09:09:29.977+0000] {logging_mixin.py:120} INFO - [2023-08-30T09:09:29.977+0000] {dag.py:2585} INFO - Sync 6 DAGs
[2023-08-30T09:09:30.012+0000] {logging_mixin.py:120} INFO - [2023-08-30T09:09:30.011+0000] {dag.py:3340} INFO - Setting next_dagrun for dataset_consumes_1 to None, run_after=None
[2023-08-30T09:09:30.016+0000] {logging_mixin.py:120} INFO - [2023-08-30T09:09:30.016+0000] {dag.py:3340} INFO - Setting next_dagrun for dataset_consumes_1_and_2 to None, run_after=None
[2023-08-30T09:09:30.018+0000] {logging_mixin.py:120} INFO - [2023-08-30T09:09:30.018+0000] {dag.py:3340} INFO - Setting next_dagrun for dataset_consumes_1_never_scheduled to None, run_after=None
[2023-08-30T09:09:30.019+0000] {logging_mixin.py:120} INFO - [2023-08-30T09:09:30.019+0000] {dag.py:3340} INFO - Setting next_dagrun for dataset_consumes_unknown_never_scheduled to None, run_after=None
[2023-08-30T09:09:30.023+0000] {logging_mixin.py:120} INFO - [2023-08-30T09:09:30.023+0000] {dag.py:3340} INFO - Setting next_dagrun for dataset_produces_1 to 2023-08-29T00:00:00+00:00, run_after=2023-08-30T00:00:00+00:00
[2023-08-30T09:09:30.025+0000] {logging_mixin.py:120} INFO - [2023-08-30T09:09:30.025+0000] {dag.py:3340} INFO - Setting next_dagrun for dataset_produces_2 to None, run_after=None
[2023-08-30T09:09:30.063+0000] {processor.py:176} INFO - Processing /home/airflow/.local/lib/python3.7/site-packages/airflow/example_dags/example_datasets.py took 0.188 seconds
[2023-08-30T09:10:00.757+0000] {processor.py:154} INFO - Started process (PID=318) to work on /home/airflow/.local/lib/python3.7/site-packages/airflow/example_dags/example_datasets.py
[2023-08-30T09:10:00.758+0000] {processor.py:756} INFO - Processing file /home/airflow/.local/lib/python3.7/site-packages/airflow/example_dags/example_datasets.py for tasks to queue
[2023-08-30T09:10:00.758+0000] {logging_mixin.py:120} INFO - [2023-08-30T09:10:00.758+0000] {dagbag.py:537} INFO - Filling up the DagBag from /home/airflow/.local/lib/python3.7/site-packages/airflow/example_dags/example_datasets.py
[2023-08-30T09:10:00.772+0000] {processor.py:766} INFO - DAG(s) dict_keys(['dataset_consumes_1_and_2', 'dataset_consumes_unknown_never_scheduled', 'dataset_consumes_1', 'dataset_consumes_1_never_scheduled', 'dataset_produces_1', 'dataset_produces_2']) retrieved from /home/airflow/.local/lib/python3.7/site-packages/airflow/example_dags/example_datasets.py
[2023-08-30T09:10:00.821+0000] {logging_mixin.py:120} INFO - [2023-08-30T09:10:00.821+0000] {dag.py:2585} INFO - Sync 6 DAGs
[2023-08-30T09:10:00.845+0000] {logging_mixin.py:120} INFO - [2023-08-30T09:10:00.845+0000] {dag.py:3340} INFO - Setting next_dagrun for dataset_consumes_1 to None, run_after=None
[2023-08-30T09:10:00.850+0000] {logging_mixin.py:120} INFO - [2023-08-30T09:10:00.850+0000] {dag.py:3340} INFO - Setting next_dagrun for dataset_consumes_1_and_2 to None, run_after=None
[2023-08-30T09:10:00.851+0000] {logging_mixin.py:120} INFO - [2023-08-30T09:10:00.851+0000] {dag.py:3340} INFO - Setting next_dagrun for dataset_consumes_1_never_scheduled to None, run_after=None
[2023-08-30T09:10:00.852+0000] {logging_mixin.py:120} INFO - [2023-08-30T09:10:00.852+0000] {dag.py:3340} INFO - Setting next_dagrun for dataset_consumes_unknown_never_scheduled to None, run_after=None
[2023-08-30T09:10:00.854+0000] {logging_mixin.py:120} INFO - [2023-08-30T09:10:00.854+0000] {dag.py:3340} INFO - Setting next_dagrun for dataset_produces_1 to 2023-08-29T00:00:00+00:00, run_after=2023-08-30T00:00:00+00:00
[2023-08-30T09:10:00.855+0000] {logging_mixin.py:120} INFO - [2023-08-30T09:10:00.855+0000] {dag.py:3340} INFO - Setting next_dagrun for dataset_produces_2 to None, run_after=None
[2023-08-30T09:10:00.882+0000] {processor.py:176} INFO - Processing /home/airflow/.local/lib/python3.7/site-packages/airflow/example_dags/example_datasets.py took 0.127 seconds
[2023-08-30T09:10:31.390+0000] {processor.py:154} INFO - Started process (PID=374) to work on /home/airflow/.local/lib/python3.7/site-packages/airflow/example_dags/example_datasets.py
[2023-08-30T09:10:31.391+0000] {processor.py:756} INFO - Processing file /home/airflow/.local/lib/python3.7/site-packages/airflow/example_dags/example_datasets.py for tasks to queue
[2023-08-30T09:10:31.391+0000] {logging_mixin.py:120} INFO - [2023-08-30T09:10:31.391+0000] {dagbag.py:537} INFO - Filling up the DagBag from /home/airflow/.local/lib/python3.7/site-packages/airflow/example_dags/example_datasets.py
[2023-08-30T09:10:31.405+0000] {processor.py:766} INFO - DAG(s) dict_keys(['dataset_consumes_1_never_scheduled', 'dataset_consumes_1', 'dataset_produces_1', 'dataset_produces_2', 'dataset_consumes_1_and_2', 'dataset_consumes_unknown_never_scheduled']) retrieved from /home/airflow/.local/lib/python3.7/site-packages/airflow/example_dags/example_datasets.py
[2023-08-30T09:10:31.456+0000] {logging_mixin.py:120} INFO - [2023-08-30T09:10:31.456+0000] {dag.py:2585} INFO - Sync 6 DAGs
[2023-08-30T09:10:31.481+0000] {logging_mixin.py:120} INFO - [2023-08-30T09:10:31.480+0000] {dag.py:3340} INFO - Setting next_dagrun for dataset_consumes_1 to None, run_after=None
[2023-08-30T09:10:31.484+0000] {logging_mixin.py:120} INFO - [2023-08-30T09:10:31.484+0000] {dag.py:3340} INFO - Setting next_dagrun for dataset_consumes_1_and_2 to None, run_after=None
[2023-08-30T09:10:31.485+0000] {logging_mixin.py:120} INFO - [2023-08-30T09:10:31.485+0000] {dag.py:3340} INFO - Setting next_dagrun for dataset_consumes_1_never_scheduled to None, run_after=None
[2023-08-30T09:10:31.486+0000] {logging_mixin.py:120} INFO - [2023-08-30T09:10:31.486+0000] {dag.py:3340} INFO - Setting next_dagrun for dataset_consumes_unknown_never_scheduled to None, run_after=None
[2023-08-30T09:10:31.488+0000] {logging_mixin.py:120} INFO - [2023-08-30T09:10:31.488+0000] {dag.py:3340} INFO - Setting next_dagrun for dataset_produces_1 to 2023-08-29T00:00:00+00:00, run_after=2023-08-30T00:00:00+00:00
[2023-08-30T09:10:31.489+0000] {logging_mixin.py:120} INFO - [2023-08-30T09:10:31.489+0000] {dag.py:3340} INFO - Setting next_dagrun for dataset_produces_2 to None, run_after=None
[2023-08-30T09:10:31.516+0000] {processor.py:176} INFO - Processing /home/airflow/.local/lib/python3.7/site-packages/airflow/example_dags/example_datasets.py took 0.129 seconds
[2023-08-30T09:11:02.329+0000] {processor.py:154} INFO - Started process (PID=439) to work on /home/airflow/.local/lib/python3.7/site-packages/airflow/example_dags/example_datasets.py
[2023-08-30T09:11:02.329+0000] {processor.py:756} INFO - Processing file /home/airflow/.local/lib/python3.7/site-packages/airflow/example_dags/example_datasets.py for tasks to queue
[2023-08-30T09:11:02.330+0000] {logging_mixin.py:120} INFO - [2023-08-30T09:11:02.330+0000] {dagbag.py:537} INFO - Filling up the DagBag from /home/airflow/.local/lib/python3.7/site-packages/airflow/example_dags/example_datasets.py
[2023-08-30T09:11:02.343+0000] {processor.py:766} INFO - DAG(s) dict_keys(['dataset_consumes_unknown_never_scheduled', 'dataset_produces_1', 'dataset_produces_2', 'dataset_consumes_1', 'dataset_consumes_1_never_scheduled', 'dataset_consumes_1_and_2']) retrieved from /home/airflow/.local/lib/python3.7/site-packages/airflow/example_dags/example_datasets.py
[2023-08-30T09:11:02.390+0000] {logging_mixin.py:120} INFO - [2023-08-30T09:11:02.390+0000] {dag.py:2585} INFO - Sync 6 DAGs
[2023-08-30T09:11:02.412+0000] {logging_mixin.py:120} INFO - [2023-08-30T09:11:02.412+0000] {dag.py:3340} INFO - Setting next_dagrun for dataset_consumes_1 to None, run_after=None
[2023-08-30T09:11:02.415+0000] {logging_mixin.py:120} INFO - [2023-08-30T09:11:02.415+0000] {dag.py:3340} INFO - Setting next_dagrun for dataset_consumes_1_and_2 to None, run_after=None
[2023-08-30T09:11:02.416+0000] {logging_mixin.py:120} INFO - [2023-08-30T09:11:02.415+0000] {dag.py:3340} INFO - Setting next_dagrun for dataset_consumes_1_never_scheduled to None, run_after=None
[2023-08-30T09:11:02.417+0000] {logging_mixin.py:120} INFO - [2023-08-30T09:11:02.416+0000] {dag.py:3340} INFO - Setting next_dagrun for dataset_consumes_unknown_never_scheduled to None, run_after=None
[2023-08-30T09:11:02.419+0000] {logging_mixin.py:120} INFO - [2023-08-30T09:11:02.419+0000] {dag.py:3340} INFO - Setting next_dagrun for dataset_produces_1 to 2023-08-29T00:00:00+00:00, run_after=2023-08-30T00:00:00+00:00
[2023-08-30T09:11:02.420+0000] {logging_mixin.py:120} INFO - [2023-08-30T09:11:02.420+0000] {dag.py:3340} INFO - Setting next_dagrun for dataset_produces_2 to None, run_after=None
[2023-08-30T09:11:02.446+0000] {processor.py:176} INFO - Processing /home/airflow/.local/lib/python3.7/site-packages/airflow/example_dags/example_datasets.py took 0.120 seconds
[2023-08-30T09:11:33.174+0000] {processor.py:154} INFO - Started process (PID=504) to work on /home/airflow/.local/lib/python3.7/site-packages/airflow/example_dags/example_datasets.py
[2023-08-30T09:11:33.174+0000] {processor.py:756} INFO - Processing file /home/airflow/.local/lib/python3.7/site-packages/airflow/example_dags/example_datasets.py for tasks to queue
[2023-08-30T09:11:33.175+0000] {logging_mixin.py:120} INFO - [2023-08-30T09:11:33.175+0000] {dagbag.py:537} INFO - Filling up the DagBag from /home/airflow/.local/lib/python3.7/site-packages/airflow/example_dags/example_datasets.py
[2023-08-30T09:11:33.188+0000] {processor.py:766} INFO - DAG(s) dict_keys(['dataset_produces_2', 'dataset_consumes_1_never_scheduled', 'dataset_produces_1', 'dataset_consumes_1_and_2', 'dataset_consumes_1', 'dataset_consumes_unknown_never_scheduled']) retrieved from /home/airflow/.local/lib/python3.7/site-packages/airflow/example_dags/example_datasets.py
[2023-08-30T09:11:33.239+0000] {logging_mixin.py:120} INFO - [2023-08-30T09:11:33.238+0000] {dag.py:2585} INFO - Sync 6 DAGs
[2023-08-30T09:11:33.262+0000] {logging_mixin.py:120} INFO - [2023-08-30T09:11:33.261+0000] {dag.py:3340} INFO - Setting next_dagrun for dataset_consumes_1 to None, run_after=None
[2023-08-30T09:11:33.264+0000] {logging_mixin.py:120} INFO - [2023-08-30T09:11:33.264+0000] {dag.py:3340} INFO - Setting next_dagrun for dataset_consumes_1_and_2 to None, run_after=None
[2023-08-30T09:11:33.265+0000] {logging_mixin.py:120} INFO - [2023-08-30T09:11:33.265+0000] {dag.py:3340} INFO - Setting next_dagrun for dataset_consumes_1_never_scheduled to None, run_after=None
[2023-08-30T09:11:33.266+0000] {logging_mixin.py:120} INFO - [2023-08-30T09:11:33.266+0000] {dag.py:3340} INFO - Setting next_dagrun for dataset_consumes_unknown_never_scheduled to None, run_after=None
[2023-08-30T09:11:33.269+0000] {logging_mixin.py:120} INFO - [2023-08-30T09:11:33.269+0000] {dag.py:3340} INFO - Setting next_dagrun for dataset_produces_1 to 2023-08-29T00:00:00+00:00, run_after=2023-08-30T00:00:00+00:00
[2023-08-30T09:11:33.270+0000] {logging_mixin.py:120} INFO - [2023-08-30T09:11:33.270+0000] {dag.py:3340} INFO - Setting next_dagrun for dataset_produces_2 to None, run_after=None
[2023-08-30T09:11:33.296+0000] {processor.py:176} INFO - Processing /home/airflow/.local/lib/python3.7/site-packages/airflow/example_dags/example_datasets.py took 0.125 seconds
[2023-08-30T09:12:03.897+0000] {processor.py:154} INFO - Started process (PID=569) to work on /home/airflow/.local/lib/python3.7/site-packages/airflow/example_dags/example_datasets.py
[2023-08-30T09:12:03.898+0000] {processor.py:756} INFO - Processing file /home/airflow/.local/lib/python3.7/site-packages/airflow/example_dags/example_datasets.py for tasks to queue
[2023-08-30T09:12:03.899+0000] {logging_mixin.py:120} INFO - [2023-08-30T09:12:03.899+0000] {dagbag.py:537} INFO - Filling up the DagBag from /home/airflow/.local/lib/python3.7/site-packages/airflow/example_dags/example_datasets.py
[2023-08-30T09:12:03.915+0000] {processor.py:766} INFO - DAG(s) dict_keys(['dataset_consumes_1', 'dataset_consumes_1_and_2', 'dataset_produces_1', 'dataset_consumes_1_never_scheduled', 'dataset_produces_2', 'dataset_consumes_unknown_never_scheduled']) retrieved from /home/airflow/.local/lib/python3.7/site-packages/airflow/example_dags/example_datasets.py
[2023-08-30T09:12:03.969+0000] {logging_mixin.py:120} INFO - [2023-08-30T09:12:03.969+0000] {dag.py:2585} INFO - Sync 6 DAGs
[2023-08-30T09:12:03.995+0000] {logging_mixin.py:120} INFO - [2023-08-30T09:12:03.995+0000] {dag.py:3340} INFO - Setting next_dagrun for dataset_consumes_1 to None, run_after=None
[2023-08-30T09:12:03.999+0000] {logging_mixin.py:120} INFO - [2023-08-30T09:12:03.999+0000] {dag.py:3340} INFO - Setting next_dagrun for dataset_consumes_1_and_2 to None, run_after=None
[2023-08-30T09:12:04.001+0000] {logging_mixin.py:120} INFO - [2023-08-30T09:12:04.001+0000] {dag.py:3340} INFO - Setting next_dagrun for dataset_consumes_1_never_scheduled to None, run_after=None
[2023-08-30T09:12:04.002+0000] {logging_mixin.py:120} INFO - [2023-08-30T09:12:04.002+0000] {dag.py:3340} INFO - Setting next_dagrun for dataset_consumes_unknown_never_scheduled to None, run_after=None
[2023-08-30T09:12:04.005+0000] {logging_mixin.py:120} INFO - [2023-08-30T09:12:04.005+0000] {dag.py:3340} INFO - Setting next_dagrun for dataset_produces_1 to 2023-08-29T00:00:00+00:00, run_after=2023-08-30T00:00:00+00:00
[2023-08-30T09:12:04.007+0000] {logging_mixin.py:120} INFO - [2023-08-30T09:12:04.006+0000] {dag.py:3340} INFO - Setting next_dagrun for dataset_produces_2 to None, run_after=None
[2023-08-30T09:12:04.038+0000] {processor.py:176} INFO - Processing /home/airflow/.local/lib/python3.7/site-packages/airflow/example_dags/example_datasets.py took 0.144 seconds
[2023-08-30T09:18:57.237+0000] {processor.py:154} INFO - Started process (PID=52) to work on /home/airflow/.local/lib/python3.7/site-packages/airflow/example_dags/example_datasets.py
[2023-08-30T09:18:57.238+0000] {processor.py:756} INFO - Processing file /home/airflow/.local/lib/python3.7/site-packages/airflow/example_dags/example_datasets.py for tasks to queue
[2023-08-30T09:18:57.239+0000] {logging_mixin.py:120} INFO - [2023-08-30T09:18:57.239+0000] {dagbag.py:537} INFO - Filling up the DagBag from /home/airflow/.local/lib/python3.7/site-packages/airflow/example_dags/example_datasets.py
[2023-08-30T09:18:57.254+0000] {processor.py:766} INFO - DAG(s) dict_keys(['dataset_produces_2', 'dataset_consumes_1_never_scheduled', 'dataset_consumes_1', 'dataset_produces_1', 'dataset_consumes_1_and_2', 'dataset_consumes_unknown_never_scheduled']) retrieved from /home/airflow/.local/lib/python3.7/site-packages/airflow/example_dags/example_datasets.py
[2023-08-30T09:18:57.365+0000] {logging_mixin.py:120} INFO - [2023-08-30T09:18:57.365+0000] {dag.py:2585} INFO - Sync 6 DAGs
[2023-08-30T09:18:57.394+0000] {logging_mixin.py:120} INFO - [2023-08-30T09:18:57.393+0000] {dag.py:3340} INFO - Setting next_dagrun for dataset_consumes_1 to None, run_after=None
[2023-08-30T09:18:57.396+0000] {logging_mixin.py:120} INFO - [2023-08-30T09:18:57.396+0000] {dag.py:3340} INFO - Setting next_dagrun for dataset_consumes_1_and_2 to None, run_after=None
[2023-08-30T09:18:57.397+0000] {logging_mixin.py:120} INFO - [2023-08-30T09:18:57.397+0000] {dag.py:3340} INFO - Setting next_dagrun for dataset_consumes_1_never_scheduled to None, run_after=None
[2023-08-30T09:18:57.399+0000] {logging_mixin.py:120} INFO - [2023-08-30T09:18:57.398+0000] {dag.py:3340} INFO - Setting next_dagrun for dataset_consumes_unknown_never_scheduled to None, run_after=None
[2023-08-30T09:18:57.401+0000] {logging_mixin.py:120} INFO - [2023-08-30T09:18:57.401+0000] {dag.py:3340} INFO - Setting next_dagrun for dataset_produces_1 to 2023-08-29T00:00:00+00:00, run_after=2023-08-30T00:00:00+00:00
[2023-08-30T09:18:57.402+0000] {logging_mixin.py:120} INFO - [2023-08-30T09:18:57.402+0000] {dag.py:3340} INFO - Setting next_dagrun for dataset_produces_2 to None, run_after=None
[2023-08-30T09:18:57.433+0000] {processor.py:176} INFO - Processing /home/airflow/.local/lib/python3.7/site-packages/airflow/example_dags/example_datasets.py took 0.199 seconds
[2023-08-30T09:19:27.905+0000] {processor.py:154} INFO - Started process (PID=117) to work on /home/airflow/.local/lib/python3.7/site-packages/airflow/example_dags/example_datasets.py
[2023-08-30T09:19:27.906+0000] {processor.py:756} INFO - Processing file /home/airflow/.local/lib/python3.7/site-packages/airflow/example_dags/example_datasets.py for tasks to queue
[2023-08-30T09:19:27.907+0000] {logging_mixin.py:120} INFO - [2023-08-30T09:19:27.907+0000] {dagbag.py:537} INFO - Filling up the DagBag from /home/airflow/.local/lib/python3.7/site-packages/airflow/example_dags/example_datasets.py
[2023-08-30T09:19:27.923+0000] {processor.py:766} INFO - DAG(s) dict_keys(['dataset_produces_1', 'dataset_consumes_1', 'dataset_consumes_1_never_scheduled', 'dataset_consumes_1_and_2', 'dataset_produces_2', 'dataset_consumes_unknown_never_scheduled']) retrieved from /home/airflow/.local/lib/python3.7/site-packages/airflow/example_dags/example_datasets.py
[2023-08-30T09:19:27.973+0000] {logging_mixin.py:120} INFO - [2023-08-30T09:19:27.972+0000] {dag.py:2585} INFO - Sync 6 DAGs
[2023-08-30T09:19:27.997+0000] {logging_mixin.py:120} INFO - [2023-08-30T09:19:27.997+0000] {dag.py:3340} INFO - Setting next_dagrun for dataset_consumes_1 to None, run_after=None
[2023-08-30T09:19:28.001+0000] {logging_mixin.py:120} INFO - [2023-08-30T09:19:28.000+0000] {dag.py:3340} INFO - Setting next_dagrun for dataset_consumes_1_and_2 to None, run_after=None
[2023-08-30T09:19:28.002+0000] {logging_mixin.py:120} INFO - [2023-08-30T09:19:28.001+0000] {dag.py:3340} INFO - Setting next_dagrun for dataset_consumes_1_never_scheduled to None, run_after=None
[2023-08-30T09:19:28.002+0000] {logging_mixin.py:120} INFO - [2023-08-30T09:19:28.002+0000] {dag.py:3340} INFO - Setting next_dagrun for dataset_consumes_unknown_never_scheduled to None, run_after=None
[2023-08-30T09:19:28.005+0000] {logging_mixin.py:120} INFO - [2023-08-30T09:19:28.005+0000] {dag.py:3340} INFO - Setting next_dagrun for dataset_produces_1 to 2023-08-29T00:00:00+00:00, run_after=2023-08-30T00:00:00+00:00
[2023-08-30T09:19:28.006+0000] {logging_mixin.py:120} INFO - [2023-08-30T09:19:28.006+0000] {dag.py:3340} INFO - Setting next_dagrun for dataset_produces_2 to None, run_after=None
[2023-08-30T09:19:28.032+0000] {processor.py:176} INFO - Processing /home/airflow/.local/lib/python3.7/site-packages/airflow/example_dags/example_datasets.py took 0.129 seconds
[2023-08-30T09:19:58.609+0000] {processor.py:154} INFO - Started process (PID=184) to work on /home/airflow/.local/lib/python3.7/site-packages/airflow/example_dags/example_datasets.py
[2023-08-30T09:19:58.610+0000] {processor.py:756} INFO - Processing file /home/airflow/.local/lib/python3.7/site-packages/airflow/example_dags/example_datasets.py for tasks to queue
[2023-08-30T09:19:58.611+0000] {logging_mixin.py:120} INFO - [2023-08-30T09:19:58.611+0000] {dagbag.py:537} INFO - Filling up the DagBag from /home/airflow/.local/lib/python3.7/site-packages/airflow/example_dags/example_datasets.py
[2023-08-30T09:19:58.625+0000] {processor.py:766} INFO - DAG(s) dict_keys(['dataset_consumes_1_and_2', 'dataset_consumes_unknown_never_scheduled', 'dataset_produces_1', 'dataset_consumes_1', 'dataset_consumes_1_never_scheduled', 'dataset_produces_2']) retrieved from /home/airflow/.local/lib/python3.7/site-packages/airflow/example_dags/example_datasets.py
[2023-08-30T09:19:58.673+0000] {logging_mixin.py:120} INFO - [2023-08-30T09:19:58.673+0000] {dag.py:2585} INFO - Sync 6 DAGs
[2023-08-30T09:19:58.697+0000] {logging_mixin.py:120} INFO - [2023-08-30T09:19:58.697+0000] {dag.py:3340} INFO - Setting next_dagrun for dataset_consumes_1 to None, run_after=None
[2023-08-30T09:19:58.700+0000] {logging_mixin.py:120} INFO - [2023-08-30T09:19:58.700+0000] {dag.py:3340} INFO - Setting next_dagrun for dataset_consumes_1_and_2 to None, run_after=None
[2023-08-30T09:19:58.701+0000] {logging_mixin.py:120} INFO - [2023-08-30T09:19:58.701+0000] {dag.py:3340} INFO - Setting next_dagrun for dataset_consumes_1_never_scheduled to None, run_after=None
[2023-08-30T09:19:58.702+0000] {logging_mixin.py:120} INFO - [2023-08-30T09:19:58.702+0000] {dag.py:3340} INFO - Setting next_dagrun for dataset_consumes_unknown_never_scheduled to None, run_after=None
[2023-08-30T09:19:58.705+0000] {logging_mixin.py:120} INFO - [2023-08-30T09:19:58.704+0000] {dag.py:3340} INFO - Setting next_dagrun for dataset_produces_1 to 2023-08-29T00:00:00+00:00, run_after=2023-08-30T00:00:00+00:00
[2023-08-30T09:19:58.705+0000] {logging_mixin.py:120} INFO - [2023-08-30T09:19:58.705+0000] {dag.py:3340} INFO - Setting next_dagrun for dataset_produces_2 to None, run_after=None
[2023-08-30T09:19:58.731+0000] {processor.py:176} INFO - Processing /home/airflow/.local/lib/python3.7/site-packages/airflow/example_dags/example_datasets.py took 0.124 seconds
[2023-08-30T09:20:29.615+0000] {processor.py:154} INFO - Started process (PID=249) to work on /home/airflow/.local/lib/python3.7/site-packages/airflow/example_dags/example_datasets.py
[2023-08-30T09:20:29.615+0000] {processor.py:756} INFO - Processing file /home/airflow/.local/lib/python3.7/site-packages/airflow/example_dags/example_datasets.py for tasks to queue
[2023-08-30T09:20:29.616+0000] {logging_mixin.py:120} INFO - [2023-08-30T09:20:29.616+0000] {dagbag.py:537} INFO - Filling up the DagBag from /home/airflow/.local/lib/python3.7/site-packages/airflow/example_dags/example_datasets.py
[2023-08-30T09:20:29.631+0000] {processor.py:766} INFO - DAG(s) dict_keys(['dataset_produces_2', 'dataset_consumes_1', 'dataset_produces_1', 'dataset_consumes_1_and_2', 'dataset_consumes_unknown_never_scheduled', 'dataset_consumes_1_never_scheduled']) retrieved from /home/airflow/.local/lib/python3.7/site-packages/airflow/example_dags/example_datasets.py
[2023-08-30T09:20:29.686+0000] {logging_mixin.py:120} INFO - [2023-08-30T09:20:29.686+0000] {dag.py:2585} INFO - Sync 6 DAGs
[2023-08-30T09:20:29.711+0000] {logging_mixin.py:120} INFO - [2023-08-30T09:20:29.711+0000] {dag.py:3340} INFO - Setting next_dagrun for dataset_consumes_1 to None, run_after=None
[2023-08-30T09:20:29.714+0000] {logging_mixin.py:120} INFO - [2023-08-30T09:20:29.714+0000] {dag.py:3340} INFO - Setting next_dagrun for dataset_consumes_1_and_2 to None, run_after=None
[2023-08-30T09:20:29.715+0000] {logging_mixin.py:120} INFO - [2023-08-30T09:20:29.715+0000] {dag.py:3340} INFO - Setting next_dagrun for dataset_consumes_1_never_scheduled to None, run_after=None
[2023-08-30T09:20:29.716+0000] {logging_mixin.py:120} INFO - [2023-08-30T09:20:29.716+0000] {dag.py:3340} INFO - Setting next_dagrun for dataset_consumes_unknown_never_scheduled to None, run_after=None
[2023-08-30T09:20:29.719+0000] {logging_mixin.py:120} INFO - [2023-08-30T09:20:29.718+0000] {dag.py:3340} INFO - Setting next_dagrun for dataset_produces_1 to 2023-08-29T00:00:00+00:00, run_after=2023-08-30T00:00:00+00:00
[2023-08-30T09:20:29.720+0000] {logging_mixin.py:120} INFO - [2023-08-30T09:20:29.720+0000] {dag.py:3340} INFO - Setting next_dagrun for dataset_produces_2 to None, run_after=None
[2023-08-30T09:20:29.749+0000] {processor.py:176} INFO - Processing /home/airflow/.local/lib/python3.7/site-packages/airflow/example_dags/example_datasets.py took 0.137 seconds
[2023-08-30T09:21:00.576+0000] {processor.py:154} INFO - Started process (PID=305) to work on /home/airflow/.local/lib/python3.7/site-packages/airflow/example_dags/example_datasets.py
[2023-08-30T09:21:00.577+0000] {processor.py:756} INFO - Processing file /home/airflow/.local/lib/python3.7/site-packages/airflow/example_dags/example_datasets.py for tasks to queue
[2023-08-30T09:21:00.577+0000] {logging_mixin.py:120} INFO - [2023-08-30T09:21:00.577+0000] {dagbag.py:537} INFO - Filling up the DagBag from /home/airflow/.local/lib/python3.7/site-packages/airflow/example_dags/example_datasets.py
[2023-08-30T09:21:00.591+0000] {processor.py:766} INFO - DAG(s) dict_keys(['dataset_consumes_1_and_2', 'dataset_produces_2', 'dataset_consumes_1', 'dataset_consumes_1_never_scheduled', 'dataset_consumes_unknown_never_scheduled', 'dataset_produces_1']) retrieved from /home/airflow/.local/lib/python3.7/site-packages/airflow/example_dags/example_datasets.py
[2023-08-30T09:21:00.640+0000] {logging_mixin.py:120} INFO - [2023-08-30T09:21:00.639+0000] {dag.py:2585} INFO - Sync 6 DAGs
[2023-08-30T09:21:00.663+0000] {logging_mixin.py:120} INFO - [2023-08-30T09:21:00.663+0000] {dag.py:3340} INFO - Setting next_dagrun for dataset_consumes_1 to None, run_after=None
[2023-08-30T09:21:00.667+0000] {logging_mixin.py:120} INFO - [2023-08-30T09:21:00.667+0000] {dag.py:3340} INFO - Setting next_dagrun for dataset_consumes_1_and_2 to None, run_after=None
[2023-08-30T09:21:00.668+0000] {logging_mixin.py:120} INFO - [2023-08-30T09:21:00.668+0000] {dag.py:3340} INFO - Setting next_dagrun for dataset_consumes_1_never_scheduled to None, run_after=None
[2023-08-30T09:21:00.669+0000] {logging_mixin.py:120} INFO - [2023-08-30T09:21:00.669+0000] {dag.py:3340} INFO - Setting next_dagrun for dataset_consumes_unknown_never_scheduled to None, run_after=None
[2023-08-30T09:21:00.671+0000] {logging_mixin.py:120} INFO - [2023-08-30T09:21:00.671+0000] {dag.py:3340} INFO - Setting next_dagrun for dataset_produces_1 to 2023-08-29T00:00:00+00:00, run_after=2023-08-30T00:00:00+00:00
[2023-08-30T09:21:00.672+0000] {logging_mixin.py:120} INFO - [2023-08-30T09:21:00.672+0000] {dag.py:3340} INFO - Setting next_dagrun for dataset_produces_2 to None, run_after=None
[2023-08-30T09:21:00.697+0000] {processor.py:176} INFO - Processing /home/airflow/.local/lib/python3.7/site-packages/airflow/example_dags/example_datasets.py took 0.123 seconds
[2023-08-30T09:21:31.300+0000] {processor.py:154} INFO - Started process (PID=370) to work on /home/airflow/.local/lib/python3.7/site-packages/airflow/example_dags/example_datasets.py
[2023-08-30T09:21:31.301+0000] {processor.py:756} INFO - Processing file /home/airflow/.local/lib/python3.7/site-packages/airflow/example_dags/example_datasets.py for tasks to queue
[2023-08-30T09:21:31.301+0000] {logging_mixin.py:120} INFO - [2023-08-30T09:21:31.301+0000] {dagbag.py:537} INFO - Filling up the DagBag from /home/airflow/.local/lib/python3.7/site-packages/airflow/example_dags/example_datasets.py
[2023-08-30T09:21:31.315+0000] {processor.py:766} INFO - DAG(s) dict_keys(['dataset_consumes_1_and_2', 'dataset_produces_2', 'dataset_consumes_1', 'dataset_consumes_1_never_scheduled', 'dataset_consumes_unknown_never_scheduled', 'dataset_produces_1']) retrieved from /home/airflow/.local/lib/python3.7/site-packages/airflow/example_dags/example_datasets.py
[2023-08-30T09:21:31.362+0000] {logging_mixin.py:120} INFO - [2023-08-30T09:21:31.362+0000] {dag.py:2585} INFO - Sync 6 DAGs
[2023-08-30T09:21:31.385+0000] {logging_mixin.py:120} INFO - [2023-08-30T09:21:31.385+0000] {dag.py:3340} INFO - Setting next_dagrun for dataset_consumes_1 to None, run_after=None
[2023-08-30T09:21:31.387+0000] {logging_mixin.py:120} INFO - [2023-08-30T09:21:31.387+0000] {dag.py:3340} INFO - Setting next_dagrun for dataset_consumes_1_and_2 to None, run_after=None
[2023-08-30T09:21:31.391+0000] {logging_mixin.py:120} INFO - [2023-08-30T09:21:31.388+0000] {dag.py:3340} INFO - Setting next_dagrun for dataset_consumes_1_never_scheduled to None, run_after=None
[2023-08-30T09:21:31.393+0000] {logging_mixin.py:120} INFO - [2023-08-30T09:21:31.393+0000] {dag.py:3340} INFO - Setting next_dagrun for dataset_consumes_unknown_never_scheduled to None, run_after=None
[2023-08-30T09:21:31.397+0000] {logging_mixin.py:120} INFO - [2023-08-30T09:21:31.397+0000] {dag.py:3340} INFO - Setting next_dagrun for dataset_produces_1 to 2023-08-29T00:00:00+00:00, run_after=2023-08-30T00:00:00+00:00
[2023-08-30T09:21:31.400+0000] {logging_mixin.py:120} INFO - [2023-08-30T09:21:31.400+0000] {dag.py:3340} INFO - Setting next_dagrun for dataset_produces_2 to None, run_after=None
[2023-08-30T09:21:31.425+0000] {processor.py:176} INFO - Processing /home/airflow/.local/lib/python3.7/site-packages/airflow/example_dags/example_datasets.py took 0.127 seconds
