[2023-08-30T09:07:58.359+0000] {processor.py:154} INFO - Started process (PID=76) to work on /home/airflow/.local/lib/python3.7/site-packages/airflow/example_dags/example_sla_dag.py
[2023-08-30T09:07:58.360+0000] {processor.py:756} INFO - Processing file /home/airflow/.local/lib/python3.7/site-packages/airflow/example_dags/example_sla_dag.py for tasks to queue
[2023-08-30T09:07:58.361+0000] {logging_mixin.py:120} INFO - [2023-08-30T09:07:58.361+0000] {dagbag.py:537} INFO - Filling up the DagBag from /home/airflow/.local/lib/python3.7/site-packages/airflow/example_dags/example_sla_dag.py
[2023-08-30T09:07:58.397+0000] {processor.py:766} INFO - DAG(s) dict_keys(['example_sla_dag']) retrieved from /home/airflow/.local/lib/python3.7/site-packages/airflow/example_dags/example_sla_dag.py
[2023-08-30T09:07:58.503+0000] {logging_mixin.py:120} INFO - [2023-08-30T09:07:58.503+0000] {dag.py:2585} INFO - Sync 1 DAGs
[2023-08-30T09:07:58.533+0000] {logging_mixin.py:120} INFO - [2023-08-30T09:07:58.533+0000] {dag.py:3340} INFO - Setting next_dagrun for example_sla_dag to 2023-08-30T09:04:00+00:00, run_after=2023-08-30T09:06:00+00:00
[2023-08-30T09:07:58.560+0000] {processor.py:176} INFO - Processing /home/airflow/.local/lib/python3.7/site-packages/airflow/example_dags/example_sla_dag.py took 0.205 seconds
[2023-08-30T09:08:29.295+0000] {processor.py:154} INFO - Started process (PID=141) to work on /home/airflow/.local/lib/python3.7/site-packages/airflow/example_dags/example_sla_dag.py
[2023-08-30T09:08:29.296+0000] {processor.py:756} INFO - Processing file /home/airflow/.local/lib/python3.7/site-packages/airflow/example_dags/example_sla_dag.py for tasks to queue
[2023-08-30T09:08:29.296+0000] {logging_mixin.py:120} INFO - [2023-08-30T09:08:29.296+0000] {dagbag.py:537} INFO - Filling up the DagBag from /home/airflow/.local/lib/python3.7/site-packages/airflow/example_dags/example_sla_dag.py
[2023-08-30T09:08:29.318+0000] {processor.py:766} INFO - DAG(s) dict_keys(['example_sla_dag']) retrieved from /home/airflow/.local/lib/python3.7/site-packages/airflow/example_dags/example_sla_dag.py
[2023-08-30T09:08:29.352+0000] {logging_mixin.py:120} INFO - [2023-08-30T09:08:29.351+0000] {dag.py:2585} INFO - Sync 1 DAGs
[2023-08-30T09:08:29.378+0000] {logging_mixin.py:120} INFO - [2023-08-30T09:08:29.378+0000] {dag.py:3340} INFO - Setting next_dagrun for example_sla_dag to 2023-08-30T09:06:00+00:00, run_after=2023-08-30T09:08:00+00:00
[2023-08-30T09:08:29.396+0000] {processor.py:176} INFO - Processing /home/airflow/.local/lib/python3.7/site-packages/airflow/example_dags/example_sla_dag.py took 0.103 seconds
[2023-08-30T09:09:00.174+0000] {processor.py:154} INFO - Started process (PID=198) to work on /home/airflow/.local/lib/python3.7/site-packages/airflow/example_dags/example_sla_dag.py
[2023-08-30T09:09:00.174+0000] {processor.py:756} INFO - Processing file /home/airflow/.local/lib/python3.7/site-packages/airflow/example_dags/example_sla_dag.py for tasks to queue
[2023-08-30T09:09:00.175+0000] {logging_mixin.py:120} INFO - [2023-08-30T09:09:00.175+0000] {dagbag.py:537} INFO - Filling up the DagBag from /home/airflow/.local/lib/python3.7/site-packages/airflow/example_dags/example_sla_dag.py
[2023-08-30T09:09:00.194+0000] {processor.py:766} INFO - DAG(s) dict_keys(['example_sla_dag']) retrieved from /home/airflow/.local/lib/python3.7/site-packages/airflow/example_dags/example_sla_dag.py
[2023-08-30T09:09:00.228+0000] {logging_mixin.py:120} INFO - [2023-08-30T09:09:00.228+0000] {dag.py:2585} INFO - Sync 1 DAGs
[2023-08-30T09:09:00.253+0000] {logging_mixin.py:120} INFO - [2023-08-30T09:09:00.253+0000] {dag.py:3340} INFO - Setting next_dagrun for example_sla_dag to 2023-08-30T09:06:00+00:00, run_after=2023-08-30T09:08:00+00:00
[2023-08-30T09:09:00.320+0000] {processor.py:176} INFO - Processing /home/airflow/.local/lib/python3.7/site-packages/airflow/example_dags/example_sla_dag.py took 0.148 seconds
[2023-08-30T09:09:30.621+0000] {processor.py:154} INFO - Started process (PID=263) to work on /home/airflow/.local/lib/python3.7/site-packages/airflow/example_dags/example_sla_dag.py
[2023-08-30T09:09:30.622+0000] {processor.py:756} INFO - Processing file /home/airflow/.local/lib/python3.7/site-packages/airflow/example_dags/example_sla_dag.py for tasks to queue
[2023-08-30T09:09:30.622+0000] {logging_mixin.py:120} INFO - [2023-08-30T09:09:30.622+0000] {dagbag.py:537} INFO - Filling up the DagBag from /home/airflow/.local/lib/python3.7/site-packages/airflow/example_dags/example_sla_dag.py
[2023-08-30T09:09:30.641+0000] {processor.py:766} INFO - DAG(s) dict_keys(['example_sla_dag']) retrieved from /home/airflow/.local/lib/python3.7/site-packages/airflow/example_dags/example_sla_dag.py
[2023-08-30T09:09:30.674+0000] {logging_mixin.py:120} INFO - [2023-08-30T09:09:30.674+0000] {dag.py:2585} INFO - Sync 1 DAGs
[2023-08-30T09:09:30.700+0000] {logging_mixin.py:120} INFO - [2023-08-30T09:09:30.700+0000] {dag.py:3340} INFO - Setting next_dagrun for example_sla_dag to 2023-08-30T09:06:00+00:00, run_after=2023-08-30T09:08:00+00:00
[2023-08-30T09:09:30.716+0000] {processor.py:176} INFO - Processing /home/airflow/.local/lib/python3.7/site-packages/airflow/example_dags/example_sla_dag.py took 0.099 seconds
[2023-08-30T09:10:01.315+0000] {processor.py:154} INFO - Started process (PID=328) to work on /home/airflow/.local/lib/python3.7/site-packages/airflow/example_dags/example_sla_dag.py
[2023-08-30T09:10:01.316+0000] {processor.py:756} INFO - Processing file /home/airflow/.local/lib/python3.7/site-packages/airflow/example_dags/example_sla_dag.py for tasks to queue
[2023-08-30T09:10:01.316+0000] {logging_mixin.py:120} INFO - [2023-08-30T09:10:01.316+0000] {dagbag.py:537} INFO - Filling up the DagBag from /home/airflow/.local/lib/python3.7/site-packages/airflow/example_dags/example_sla_dag.py
[2023-08-30T09:10:01.336+0000] {processor.py:766} INFO - DAG(s) dict_keys(['example_sla_dag']) retrieved from /home/airflow/.local/lib/python3.7/site-packages/airflow/example_dags/example_sla_dag.py
[2023-08-30T09:10:01.370+0000] {logging_mixin.py:120} INFO - [2023-08-30T09:10:01.369+0000] {dag.py:2585} INFO - Sync 1 DAGs
[2023-08-30T09:10:01.396+0000] {logging_mixin.py:120} INFO - [2023-08-30T09:10:01.396+0000] {dag.py:3340} INFO - Setting next_dagrun for example_sla_dag to 2023-08-30T09:08:00+00:00, run_after=2023-08-30T09:10:00+00:00
[2023-08-30T09:10:01.414+0000] {processor.py:176} INFO - Processing /home/airflow/.local/lib/python3.7/site-packages/airflow/example_dags/example_sla_dag.py took 0.101 seconds
[2023-08-30T09:10:31.949+0000] {processor.py:154} INFO - Started process (PID=384) to work on /home/airflow/.local/lib/python3.7/site-packages/airflow/example_dags/example_sla_dag.py
[2023-08-30T09:10:31.951+0000] {processor.py:756} INFO - Processing file /home/airflow/.local/lib/python3.7/site-packages/airflow/example_dags/example_sla_dag.py for tasks to queue
[2023-08-30T09:10:31.951+0000] {logging_mixin.py:120} INFO - [2023-08-30T09:10:31.951+0000] {dagbag.py:537} INFO - Filling up the DagBag from /home/airflow/.local/lib/python3.7/site-packages/airflow/example_dags/example_sla_dag.py
[2023-08-30T09:10:31.970+0000] {processor.py:766} INFO - DAG(s) dict_keys(['example_sla_dag']) retrieved from /home/airflow/.local/lib/python3.7/site-packages/airflow/example_dags/example_sla_dag.py
[2023-08-30T09:10:32.004+0000] {logging_mixin.py:120} INFO - [2023-08-30T09:10:32.004+0000] {dag.py:2585} INFO - Sync 1 DAGs
[2023-08-30T09:10:32.030+0000] {logging_mixin.py:120} INFO - [2023-08-30T09:10:32.030+0000] {dag.py:3340} INFO - Setting next_dagrun for example_sla_dag to 2023-08-30T09:08:00+00:00, run_after=2023-08-30T09:10:00+00:00
[2023-08-30T09:10:32.047+0000] {processor.py:176} INFO - Processing /home/airflow/.local/lib/python3.7/site-packages/airflow/example_dags/example_sla_dag.py took 0.100 seconds
[2023-08-30T09:11:02.984+0000] {processor.py:154} INFO - Started process (PID=449) to work on /home/airflow/.local/lib/python3.7/site-packages/airflow/example_dags/example_sla_dag.py
[2023-08-30T09:11:02.984+0000] {processor.py:756} INFO - Processing file /home/airflow/.local/lib/python3.7/site-packages/airflow/example_dags/example_sla_dag.py for tasks to queue
[2023-08-30T09:11:02.985+0000] {logging_mixin.py:120} INFO - [2023-08-30T09:11:02.985+0000] {dagbag.py:537} INFO - Filling up the DagBag from /home/airflow/.local/lib/python3.7/site-packages/airflow/example_dags/example_sla_dag.py
[2023-08-30T09:11:03.003+0000] {processor.py:766} INFO - DAG(s) dict_keys(['example_sla_dag']) retrieved from /home/airflow/.local/lib/python3.7/site-packages/airflow/example_dags/example_sla_dag.py
[2023-08-30T09:11:03.037+0000] {logging_mixin.py:120} INFO - [2023-08-30T09:11:03.037+0000] {dag.py:2585} INFO - Sync 1 DAGs
[2023-08-30T09:11:03.062+0000] {logging_mixin.py:120} INFO - [2023-08-30T09:11:03.062+0000] {dag.py:3340} INFO - Setting next_dagrun for example_sla_dag to 2023-08-30T09:08:00+00:00, run_after=2023-08-30T09:10:00+00:00
[2023-08-30T09:11:03.079+0000] {processor.py:176} INFO - Processing /home/airflow/.local/lib/python3.7/site-packages/airflow/example_dags/example_sla_dag.py took 0.098 seconds
[2023-08-30T09:11:33.726+0000] {processor.py:154} INFO - Started process (PID=514) to work on /home/airflow/.local/lib/python3.7/site-packages/airflow/example_dags/example_sla_dag.py
[2023-08-30T09:11:33.727+0000] {processor.py:756} INFO - Processing file /home/airflow/.local/lib/python3.7/site-packages/airflow/example_dags/example_sla_dag.py for tasks to queue
[2023-08-30T09:11:33.728+0000] {logging_mixin.py:120} INFO - [2023-08-30T09:11:33.727+0000] {dagbag.py:537} INFO - Filling up the DagBag from /home/airflow/.local/lib/python3.7/site-packages/airflow/example_dags/example_sla_dag.py
[2023-08-30T09:11:33.746+0000] {processor.py:766} INFO - DAG(s) dict_keys(['example_sla_dag']) retrieved from /home/airflow/.local/lib/python3.7/site-packages/airflow/example_dags/example_sla_dag.py
[2023-08-30T09:11:33.781+0000] {logging_mixin.py:120} INFO - [2023-08-30T09:11:33.781+0000] {dag.py:2585} INFO - Sync 1 DAGs
[2023-08-30T09:11:33.806+0000] {logging_mixin.py:120} INFO - [2023-08-30T09:11:33.806+0000] {dag.py:3340} INFO - Setting next_dagrun for example_sla_dag to 2023-08-30T09:08:00+00:00, run_after=2023-08-30T09:10:00+00:00
[2023-08-30T09:11:33.824+0000] {processor.py:176} INFO - Processing /home/airflow/.local/lib/python3.7/site-packages/airflow/example_dags/example_sla_dag.py took 0.100 seconds
[2023-08-30T09:12:04.485+0000] {processor.py:154} INFO - Started process (PID=579) to work on /home/airflow/.local/lib/python3.7/site-packages/airflow/example_dags/example_sla_dag.py
[2023-08-30T09:12:04.486+0000] {processor.py:756} INFO - Processing file /home/airflow/.local/lib/python3.7/site-packages/airflow/example_dags/example_sla_dag.py for tasks to queue
[2023-08-30T09:12:04.486+0000] {logging_mixin.py:120} INFO - [2023-08-30T09:12:04.486+0000] {dagbag.py:537} INFO - Filling up the DagBag from /home/airflow/.local/lib/python3.7/site-packages/airflow/example_dags/example_sla_dag.py
[2023-08-30T09:12:04.505+0000] {processor.py:766} INFO - DAG(s) dict_keys(['example_sla_dag']) retrieved from /home/airflow/.local/lib/python3.7/site-packages/airflow/example_dags/example_sla_dag.py
[2023-08-30T09:12:04.539+0000] {logging_mixin.py:120} INFO - [2023-08-30T09:12:04.539+0000] {dag.py:2585} INFO - Sync 1 DAGs
[2023-08-30T09:12:04.565+0000] {logging_mixin.py:120} INFO - [2023-08-30T09:12:04.565+0000] {dag.py:3340} INFO - Setting next_dagrun for example_sla_dag to 2023-08-30T09:10:00+00:00, run_after=2023-08-30T09:12:00+00:00
[2023-08-30T09:12:04.582+0000] {processor.py:176} INFO - Processing /home/airflow/.local/lib/python3.7/site-packages/airflow/example_dags/example_sla_dag.py took 0.100 seconds
[2023-08-30T09:18:57.869+0000] {processor.py:154} INFO - Started process (PID=62) to work on /home/airflow/.local/lib/python3.7/site-packages/airflow/example_dags/example_sla_dag.py
[2023-08-30T09:18:57.871+0000] {processor.py:756} INFO - Processing file /home/airflow/.local/lib/python3.7/site-packages/airflow/example_dags/example_sla_dag.py for tasks to queue
[2023-08-30T09:18:57.871+0000] {logging_mixin.py:120} INFO - [2023-08-30T09:18:57.871+0000] {dagbag.py:537} INFO - Filling up the DagBag from /home/airflow/.local/lib/python3.7/site-packages/airflow/example_dags/example_sla_dag.py
[2023-08-30T09:18:57.896+0000] {processor.py:766} INFO - DAG(s) dict_keys(['example_sla_dag']) retrieved from /home/airflow/.local/lib/python3.7/site-packages/airflow/example_dags/example_sla_dag.py
[2023-08-30T09:18:57.930+0000] {logging_mixin.py:120} INFO - [2023-08-30T09:18:57.930+0000] {dag.py:2585} INFO - Sync 1 DAGs
[2023-08-30T09:18:57.959+0000] {logging_mixin.py:120} INFO - [2023-08-30T09:18:57.958+0000] {dag.py:3340} INFO - Setting next_dagrun for example_sla_dag to 2023-08-30T09:16:00+00:00, run_after=2023-08-30T09:18:00+00:00
[2023-08-30T09:18:57.977+0000] {processor.py:176} INFO - Processing /home/airflow/.local/lib/python3.7/site-packages/airflow/example_dags/example_sla_dag.py took 0.111 seconds
[2023-08-30T09:19:28.483+0000] {processor.py:154} INFO - Started process (PID=127) to work on /home/airflow/.local/lib/python3.7/site-packages/airflow/example_dags/example_sla_dag.py
[2023-08-30T09:19:28.484+0000] {processor.py:756} INFO - Processing file /home/airflow/.local/lib/python3.7/site-packages/airflow/example_dags/example_sla_dag.py for tasks to queue
[2023-08-30T09:19:28.487+0000] {logging_mixin.py:120} INFO - [2023-08-30T09:19:28.486+0000] {dagbag.py:537} INFO - Filling up the DagBag from /home/airflow/.local/lib/python3.7/site-packages/airflow/example_dags/example_sla_dag.py
[2023-08-30T09:19:28.506+0000] {processor.py:766} INFO - DAG(s) dict_keys(['example_sla_dag']) retrieved from /home/airflow/.local/lib/python3.7/site-packages/airflow/example_dags/example_sla_dag.py
[2023-08-30T09:19:28.540+0000] {logging_mixin.py:120} INFO - [2023-08-30T09:19:28.540+0000] {dag.py:2585} INFO - Sync 1 DAGs
[2023-08-30T09:19:28.567+0000] {logging_mixin.py:120} INFO - [2023-08-30T09:19:28.567+0000] {dag.py:3340} INFO - Setting next_dagrun for example_sla_dag to 2023-08-30T09:16:00+00:00, run_after=2023-08-30T09:18:00+00:00
[2023-08-30T09:19:28.584+0000] {processor.py:176} INFO - Processing /home/airflow/.local/lib/python3.7/site-packages/airflow/example_dags/example_sla_dag.py took 0.104 seconds
[2023-08-30T09:19:59.271+0000] {processor.py:154} INFO - Started process (PID=194) to work on /home/airflow/.local/lib/python3.7/site-packages/airflow/example_dags/example_sla_dag.py
[2023-08-30T09:19:59.272+0000] {processor.py:756} INFO - Processing file /home/airflow/.local/lib/python3.7/site-packages/airflow/example_dags/example_sla_dag.py for tasks to queue
[2023-08-30T09:19:59.272+0000] {logging_mixin.py:120} INFO - [2023-08-30T09:19:59.272+0000] {dagbag.py:537} INFO - Filling up the DagBag from /home/airflow/.local/lib/python3.7/site-packages/airflow/example_dags/example_sla_dag.py
[2023-08-30T09:19:59.291+0000] {processor.py:766} INFO - DAG(s) dict_keys(['example_sla_dag']) retrieved from /home/airflow/.local/lib/python3.7/site-packages/airflow/example_dags/example_sla_dag.py
[2023-08-30T09:19:59.326+0000] {logging_mixin.py:120} INFO - [2023-08-30T09:19:59.326+0000] {dag.py:2585} INFO - Sync 1 DAGs
[2023-08-30T09:19:59.352+0000] {logging_mixin.py:120} INFO - [2023-08-30T09:19:59.352+0000] {dag.py:3340} INFO - Setting next_dagrun for example_sla_dag to 2023-08-30T09:16:00+00:00, run_after=2023-08-30T09:18:00+00:00
[2023-08-30T09:19:59.370+0000] {processor.py:176} INFO - Processing /home/airflow/.local/lib/python3.7/site-packages/airflow/example_dags/example_sla_dag.py took 0.102 seconds
[2023-08-30T09:20:30.340+0000] {processor.py:154} INFO - Started process (PID=259) to work on /home/airflow/.local/lib/python3.7/site-packages/airflow/example_dags/example_sla_dag.py
[2023-08-30T09:20:30.341+0000] {processor.py:756} INFO - Processing file /home/airflow/.local/lib/python3.7/site-packages/airflow/example_dags/example_sla_dag.py for tasks to queue
[2023-08-30T09:20:30.342+0000] {logging_mixin.py:120} INFO - [2023-08-30T09:20:30.342+0000] {dagbag.py:537} INFO - Filling up the DagBag from /home/airflow/.local/lib/python3.7/site-packages/airflow/example_dags/example_sla_dag.py
[2023-08-30T09:20:30.363+0000] {processor.py:766} INFO - DAG(s) dict_keys(['example_sla_dag']) retrieved from /home/airflow/.local/lib/python3.7/site-packages/airflow/example_dags/example_sla_dag.py
[2023-08-30T09:20:30.404+0000] {logging_mixin.py:120} INFO - [2023-08-30T09:20:30.404+0000] {dag.py:2585} INFO - Sync 1 DAGs
[2023-08-30T09:20:30.437+0000] {logging_mixin.py:120} INFO - [2023-08-30T09:20:30.437+0000] {dag.py:3340} INFO - Setting next_dagrun for example_sla_dag to 2023-08-30T09:18:00+00:00, run_after=2023-08-30T09:20:00+00:00
[2023-08-30T09:20:30.457+0000] {processor.py:176} INFO - Processing /home/airflow/.local/lib/python3.7/site-packages/airflow/example_dags/example_sla_dag.py took 0.120 seconds
[2023-08-30T09:21:01.360+0000] {processor.py:154} INFO - Started process (PID=315) to work on /home/airflow/.local/lib/python3.7/site-packages/airflow/example_dags/example_sla_dag.py
[2023-08-30T09:21:01.361+0000] {processor.py:756} INFO - Processing file /home/airflow/.local/lib/python3.7/site-packages/airflow/example_dags/example_sla_dag.py for tasks to queue
[2023-08-30T09:21:01.362+0000] {logging_mixin.py:120} INFO - [2023-08-30T09:21:01.362+0000] {dagbag.py:537} INFO - Filling up the DagBag from /home/airflow/.local/lib/python3.7/site-packages/airflow/example_dags/example_sla_dag.py
[2023-08-30T09:21:01.382+0000] {processor.py:766} INFO - DAG(s) dict_keys(['example_sla_dag']) retrieved from /home/airflow/.local/lib/python3.7/site-packages/airflow/example_dags/example_sla_dag.py
[2023-08-30T09:21:01.414+0000] {logging_mixin.py:120} INFO - [2023-08-30T09:21:01.414+0000] {dag.py:2585} INFO - Sync 1 DAGs
[2023-08-30T09:21:01.440+0000] {logging_mixin.py:120} INFO - [2023-08-30T09:21:01.440+0000] {dag.py:3340} INFO - Setting next_dagrun for example_sla_dag to 2023-08-30T09:18:00+00:00, run_after=2023-08-30T09:20:00+00:00
[2023-08-30T09:21:01.458+0000] {processor.py:176} INFO - Processing /home/airflow/.local/lib/python3.7/site-packages/airflow/example_dags/example_sla_dag.py took 0.100 seconds
[2023-08-30T09:21:32.054+0000] {processor.py:154} INFO - Started process (PID=380) to work on /home/airflow/.local/lib/python3.7/site-packages/airflow/example_dags/example_sla_dag.py
[2023-08-30T09:21:32.054+0000] {processor.py:756} INFO - Processing file /home/airflow/.local/lib/python3.7/site-packages/airflow/example_dags/example_sla_dag.py for tasks to queue
[2023-08-30T09:21:32.055+0000] {logging_mixin.py:120} INFO - [2023-08-30T09:21:32.055+0000] {dagbag.py:537} INFO - Filling up the DagBag from /home/airflow/.local/lib/python3.7/site-packages/airflow/example_dags/example_sla_dag.py
[2023-08-30T09:21:32.074+0000] {processor.py:766} INFO - DAG(s) dict_keys(['example_sla_dag']) retrieved from /home/airflow/.local/lib/python3.7/site-packages/airflow/example_dags/example_sla_dag.py
[2023-08-30T09:21:32.108+0000] {logging_mixin.py:120} INFO - [2023-08-30T09:21:32.107+0000] {dag.py:2585} INFO - Sync 1 DAGs
[2023-08-30T09:21:32.134+0000] {logging_mixin.py:120} INFO - [2023-08-30T09:21:32.134+0000] {dag.py:3340} INFO - Setting next_dagrun for example_sla_dag to 2023-08-30T09:18:00+00:00, run_after=2023-08-30T09:20:00+00:00
[2023-08-30T09:21:32.151+0000] {processor.py:176} INFO - Processing /home/airflow/.local/lib/python3.7/site-packages/airflow/example_dags/example_sla_dag.py took 0.100 seconds
