[2023-08-30T09:07:56.979+0000] {processor.py:154} INFO - Started process (PID=64) to work on /home/airflow/.local/lib/python3.7/site-packages/airflow/example_dags/example_dag_decorator.py
[2023-08-30T09:07:56.980+0000] {processor.py:756} INFO - Processing file /home/airflow/.local/lib/python3.7/site-packages/airflow/example_dags/example_dag_decorator.py for tasks to queue
[2023-08-30T09:07:56.981+0000] {logging_mixin.py:120} INFO - [2023-08-30T09:07:56.981+0000] {dagbag.py:537} INFO - Filling up the DagBag from /home/airflow/.local/lib/python3.7/site-packages/airflow/example_dags/example_dag_decorator.py
[2023-08-30T09:07:57.002+0000] {logging_mixin.py:120} INFO - [2023-08-30T09:07:57.002+0000] {taskmixin.py:205} WARNING - Dependency <Task(_PythonDecoratedOperator): prepare_email>, send_email already registered for DAG: example_dag_decorator
[2023-08-30T09:07:57.002+0000] {logging_mixin.py:120} INFO - [2023-08-30T09:07:57.002+0000] {taskmixin.py:205} WARNING - Dependency <Task(EmailOperator): send_email>, prepare_email already registered for DAG: example_dag_decorator
[2023-08-30T09:07:57.018+0000] {processor.py:766} INFO - DAG(s) dict_keys(['example_dag_decorator']) retrieved from /home/airflow/.local/lib/python3.7/site-packages/airflow/example_dags/example_dag_decorator.py
[2023-08-30T09:07:57.138+0000] {logging_mixin.py:120} INFO - [2023-08-30T09:07:57.138+0000] {dag.py:2585} INFO - Sync 1 DAGs
[2023-08-30T09:07:57.167+0000] {logging_mixin.py:120} INFO - [2023-08-30T09:07:57.167+0000] {dag.py:3340} INFO - Setting next_dagrun for example_dag_decorator to None, run_after=None
[2023-08-30T09:07:57.192+0000] {processor.py:176} INFO - Processing /home/airflow/.local/lib/python3.7/site-packages/airflow/example_dags/example_dag_decorator.py took 0.216 seconds
[2023-08-30T09:08:27.406+0000] {processor.py:154} INFO - Started process (PID=120) to work on /home/airflow/.local/lib/python3.7/site-packages/airflow/example_dags/example_dag_decorator.py
[2023-08-30T09:08:27.407+0000] {processor.py:756} INFO - Processing file /home/airflow/.local/lib/python3.7/site-packages/airflow/example_dags/example_dag_decorator.py for tasks to queue
[2023-08-30T09:08:27.407+0000] {logging_mixin.py:120} INFO - [2023-08-30T09:08:27.407+0000] {dagbag.py:537} INFO - Filling up the DagBag from /home/airflow/.local/lib/python3.7/site-packages/airflow/example_dags/example_dag_decorator.py
[2023-08-30T09:08:27.428+0000] {logging_mixin.py:120} INFO - [2023-08-30T09:08:27.428+0000] {taskmixin.py:205} WARNING - Dependency <Task(_PythonDecoratedOperator): prepare_email>, send_email already registered for DAG: example_dag_decorator
[2023-08-30T09:08:27.429+0000] {logging_mixin.py:120} INFO - [2023-08-30T09:08:27.429+0000] {taskmixin.py:205} WARNING - Dependency <Task(EmailOperator): send_email>, prepare_email already registered for DAG: example_dag_decorator
[2023-08-30T09:08:27.441+0000] {processor.py:766} INFO - DAG(s) dict_keys(['example_dag_decorator']) retrieved from /home/airflow/.local/lib/python3.7/site-packages/airflow/example_dags/example_dag_decorator.py
[2023-08-30T09:08:27.576+0000] {logging_mixin.py:120} INFO - [2023-08-30T09:08:27.576+0000] {dag.py:2585} INFO - Sync 1 DAGs
[2023-08-30T09:08:27.601+0000] {logging_mixin.py:120} INFO - [2023-08-30T09:08:27.601+0000] {dag.py:3340} INFO - Setting next_dagrun for example_dag_decorator to None, run_after=None
[2023-08-30T09:08:27.624+0000] {processor.py:176} INFO - Processing /home/airflow/.local/lib/python3.7/site-packages/airflow/example_dags/example_dag_decorator.py took 0.221 seconds
[2023-08-30T09:08:58.398+0000] {processor.py:154} INFO - Started process (PID=186) to work on /home/airflow/.local/lib/python3.7/site-packages/airflow/example_dags/example_dag_decorator.py
[2023-08-30T09:08:58.399+0000] {processor.py:756} INFO - Processing file /home/airflow/.local/lib/python3.7/site-packages/airflow/example_dags/example_dag_decorator.py for tasks to queue
[2023-08-30T09:08:58.400+0000] {logging_mixin.py:120} INFO - [2023-08-30T09:08:58.399+0000] {dagbag.py:537} INFO - Filling up the DagBag from /home/airflow/.local/lib/python3.7/site-packages/airflow/example_dags/example_dag_decorator.py
[2023-08-30T09:08:58.413+0000] {logging_mixin.py:120} INFO - [2023-08-30T09:08:58.413+0000] {taskmixin.py:205} WARNING - Dependency <Task(_PythonDecoratedOperator): prepare_email>, send_email already registered for DAG: example_dag_decorator
[2023-08-30T09:08:58.413+0000] {logging_mixin.py:120} INFO - [2023-08-30T09:08:58.413+0000] {taskmixin.py:205} WARNING - Dependency <Task(EmailOperator): send_email>, prepare_email already registered for DAG: example_dag_decorator
[2023-08-30T09:08:58.424+0000] {processor.py:766} INFO - DAG(s) dict_keys(['example_dag_decorator']) retrieved from /home/airflow/.local/lib/python3.7/site-packages/airflow/example_dags/example_dag_decorator.py
[2023-08-30T09:08:58.497+0000] {logging_mixin.py:120} INFO - [2023-08-30T09:08:58.497+0000] {dag.py:2585} INFO - Sync 1 DAGs
[2023-08-30T09:08:58.520+0000] {logging_mixin.py:120} INFO - [2023-08-30T09:08:58.519+0000] {dag.py:3340} INFO - Setting next_dagrun for example_dag_decorator to None, run_after=None
[2023-08-30T09:08:58.540+0000] {processor.py:176} INFO - Processing /home/airflow/.local/lib/python3.7/site-packages/airflow/example_dags/example_dag_decorator.py took 0.144 seconds
[2023-08-30T09:09:29.552+0000] {processor.py:154} INFO - Started process (PID=251) to work on /home/airflow/.local/lib/python3.7/site-packages/airflow/example_dags/example_dag_decorator.py
[2023-08-30T09:09:29.558+0000] {processor.py:756} INFO - Processing file /home/airflow/.local/lib/python3.7/site-packages/airflow/example_dags/example_dag_decorator.py for tasks to queue
[2023-08-30T09:09:29.559+0000] {logging_mixin.py:120} INFO - [2023-08-30T09:09:29.559+0000] {dagbag.py:537} INFO - Filling up the DagBag from /home/airflow/.local/lib/python3.7/site-packages/airflow/example_dags/example_dag_decorator.py
[2023-08-30T09:09:29.579+0000] {logging_mixin.py:120} INFO - [2023-08-30T09:09:29.579+0000] {taskmixin.py:205} WARNING - Dependency <Task(_PythonDecoratedOperator): prepare_email>, send_email already registered for DAG: example_dag_decorator
[2023-08-30T09:09:29.580+0000] {logging_mixin.py:120} INFO - [2023-08-30T09:09:29.579+0000] {taskmixin.py:205} WARNING - Dependency <Task(EmailOperator): send_email>, prepare_email already registered for DAG: example_dag_decorator
[2023-08-30T09:09:29.596+0000] {processor.py:766} INFO - DAG(s) dict_keys(['example_dag_decorator']) retrieved from /home/airflow/.local/lib/python3.7/site-packages/airflow/example_dags/example_dag_decorator.py
[2023-08-30T09:09:29.719+0000] {logging_mixin.py:120} INFO - [2023-08-30T09:09:29.718+0000] {dag.py:2585} INFO - Sync 1 DAGs
[2023-08-30T09:09:29.753+0000] {logging_mixin.py:120} INFO - [2023-08-30T09:09:29.753+0000] {dag.py:3340} INFO - Setting next_dagrun for example_dag_decorator to None, run_after=None
[2023-08-30T09:09:29.779+0000] {processor.py:176} INFO - Processing /home/airflow/.local/lib/python3.7/site-packages/airflow/example_dags/example_dag_decorator.py took 0.231 seconds
[2023-08-30T09:10:00.499+0000] {processor.py:154} INFO - Started process (PID=316) to work on /home/airflow/.local/lib/python3.7/site-packages/airflow/example_dags/example_dag_decorator.py
[2023-08-30T09:10:00.500+0000] {processor.py:756} INFO - Processing file /home/airflow/.local/lib/python3.7/site-packages/airflow/example_dags/example_dag_decorator.py for tasks to queue
[2023-08-30T09:10:00.501+0000] {logging_mixin.py:120} INFO - [2023-08-30T09:10:00.501+0000] {dagbag.py:537} INFO - Filling up the DagBag from /home/airflow/.local/lib/python3.7/site-packages/airflow/example_dags/example_dag_decorator.py
[2023-08-30T09:10:00.514+0000] {logging_mixin.py:120} INFO - [2023-08-30T09:10:00.514+0000] {taskmixin.py:205} WARNING - Dependency <Task(_PythonDecoratedOperator): prepare_email>, send_email already registered for DAG: example_dag_decorator
[2023-08-30T09:10:00.514+0000] {logging_mixin.py:120} INFO - [2023-08-30T09:10:00.514+0000] {taskmixin.py:205} WARNING - Dependency <Task(EmailOperator): send_email>, prepare_email already registered for DAG: example_dag_decorator
[2023-08-30T09:10:00.525+0000] {processor.py:766} INFO - DAG(s) dict_keys(['example_dag_decorator']) retrieved from /home/airflow/.local/lib/python3.7/site-packages/airflow/example_dags/example_dag_decorator.py
[2023-08-30T09:10:00.598+0000] {logging_mixin.py:120} INFO - [2023-08-30T09:10:00.597+0000] {dag.py:2585} INFO - Sync 1 DAGs
[2023-08-30T09:10:00.618+0000] {logging_mixin.py:120} INFO - [2023-08-30T09:10:00.618+0000] {dag.py:3340} INFO - Setting next_dagrun for example_dag_decorator to None, run_after=None
[2023-08-30T09:10:00.640+0000] {processor.py:176} INFO - Processing /home/airflow/.local/lib/python3.7/site-packages/airflow/example_dags/example_dag_decorator.py took 0.143 seconds
[2023-08-30T09:10:31.134+0000] {processor.py:154} INFO - Started process (PID=372) to work on /home/airflow/.local/lib/python3.7/site-packages/airflow/example_dags/example_dag_decorator.py
[2023-08-30T09:10:31.135+0000] {processor.py:756} INFO - Processing file /home/airflow/.local/lib/python3.7/site-packages/airflow/example_dags/example_dag_decorator.py for tasks to queue
[2023-08-30T09:10:31.135+0000] {logging_mixin.py:120} INFO - [2023-08-30T09:10:31.135+0000] {dagbag.py:537} INFO - Filling up the DagBag from /home/airflow/.local/lib/python3.7/site-packages/airflow/example_dags/example_dag_decorator.py
[2023-08-30T09:10:31.148+0000] {logging_mixin.py:120} INFO - [2023-08-30T09:10:31.148+0000] {taskmixin.py:205} WARNING - Dependency <Task(_PythonDecoratedOperator): prepare_email>, send_email already registered for DAG: example_dag_decorator
[2023-08-30T09:10:31.148+0000] {logging_mixin.py:120} INFO - [2023-08-30T09:10:31.148+0000] {taskmixin.py:205} WARNING - Dependency <Task(EmailOperator): send_email>, prepare_email already registered for DAG: example_dag_decorator
[2023-08-30T09:10:31.159+0000] {processor.py:766} INFO - DAG(s) dict_keys(['example_dag_decorator']) retrieved from /home/airflow/.local/lib/python3.7/site-packages/airflow/example_dags/example_dag_decorator.py
[2023-08-30T09:10:31.231+0000] {logging_mixin.py:120} INFO - [2023-08-30T09:10:31.231+0000] {dag.py:2585} INFO - Sync 1 DAGs
[2023-08-30T09:10:31.252+0000] {logging_mixin.py:120} INFO - [2023-08-30T09:10:31.252+0000] {dag.py:3340} INFO - Setting next_dagrun for example_dag_decorator to None, run_after=None
[2023-08-30T09:10:31.272+0000] {processor.py:176} INFO - Processing /home/airflow/.local/lib/python3.7/site-packages/airflow/example_dags/example_dag_decorator.py took 0.141 seconds
[2023-08-30T09:11:02.079+0000] {processor.py:154} INFO - Started process (PID=437) to work on /home/airflow/.local/lib/python3.7/site-packages/airflow/example_dags/example_dag_decorator.py
[2023-08-30T09:11:02.080+0000] {processor.py:756} INFO - Processing file /home/airflow/.local/lib/python3.7/site-packages/airflow/example_dags/example_dag_decorator.py for tasks to queue
[2023-08-30T09:11:02.080+0000] {logging_mixin.py:120} INFO - [2023-08-30T09:11:02.080+0000] {dagbag.py:537} INFO - Filling up the DagBag from /home/airflow/.local/lib/python3.7/site-packages/airflow/example_dags/example_dag_decorator.py
[2023-08-30T09:11:02.093+0000] {logging_mixin.py:120} INFO - [2023-08-30T09:11:02.093+0000] {taskmixin.py:205} WARNING - Dependency <Task(_PythonDecoratedOperator): prepare_email>, send_email already registered for DAG: example_dag_decorator
[2023-08-30T09:11:02.093+0000] {logging_mixin.py:120} INFO - [2023-08-30T09:11:02.093+0000] {taskmixin.py:205} WARNING - Dependency <Task(EmailOperator): send_email>, prepare_email already registered for DAG: example_dag_decorator
[2023-08-30T09:11:02.103+0000] {processor.py:766} INFO - DAG(s) dict_keys(['example_dag_decorator']) retrieved from /home/airflow/.local/lib/python3.7/site-packages/airflow/example_dags/example_dag_decorator.py
[2023-08-30T09:11:02.174+0000] {logging_mixin.py:120} INFO - [2023-08-30T09:11:02.174+0000] {dag.py:2585} INFO - Sync 1 DAGs
[2023-08-30T09:11:02.196+0000] {logging_mixin.py:120} INFO - [2023-08-30T09:11:02.196+0000] {dag.py:3340} INFO - Setting next_dagrun for example_dag_decorator to None, run_after=None
[2023-08-30T09:11:02.216+0000] {processor.py:176} INFO - Processing /home/airflow/.local/lib/python3.7/site-packages/airflow/example_dags/example_dag_decorator.py took 0.140 seconds
[2023-08-30T09:11:32.919+0000] {processor.py:154} INFO - Started process (PID=502) to work on /home/airflow/.local/lib/python3.7/site-packages/airflow/example_dags/example_dag_decorator.py
[2023-08-30T09:11:32.920+0000] {processor.py:756} INFO - Processing file /home/airflow/.local/lib/python3.7/site-packages/airflow/example_dags/example_dag_decorator.py for tasks to queue
[2023-08-30T09:11:32.921+0000] {logging_mixin.py:120} INFO - [2023-08-30T09:11:32.921+0000] {dagbag.py:537} INFO - Filling up the DagBag from /home/airflow/.local/lib/python3.7/site-packages/airflow/example_dags/example_dag_decorator.py
[2023-08-30T09:11:32.933+0000] {logging_mixin.py:120} INFO - [2023-08-30T09:11:32.933+0000] {taskmixin.py:205} WARNING - Dependency <Task(_PythonDecoratedOperator): prepare_email>, send_email already registered for DAG: example_dag_decorator
[2023-08-30T09:11:32.934+0000] {logging_mixin.py:120} INFO - [2023-08-30T09:11:32.934+0000] {taskmixin.py:205} WARNING - Dependency <Task(EmailOperator): send_email>, prepare_email already registered for DAG: example_dag_decorator
[2023-08-30T09:11:32.944+0000] {processor.py:766} INFO - DAG(s) dict_keys(['example_dag_decorator']) retrieved from /home/airflow/.local/lib/python3.7/site-packages/airflow/example_dags/example_dag_decorator.py
[2023-08-30T09:11:33.019+0000] {logging_mixin.py:120} INFO - [2023-08-30T09:11:33.018+0000] {dag.py:2585} INFO - Sync 1 DAGs
[2023-08-30T09:11:33.038+0000] {logging_mixin.py:120} INFO - [2023-08-30T09:11:33.038+0000] {dag.py:3340} INFO - Setting next_dagrun for example_dag_decorator to None, run_after=None
[2023-08-30T09:11:33.057+0000] {processor.py:176} INFO - Processing /home/airflow/.local/lib/python3.7/site-packages/airflow/example_dags/example_dag_decorator.py took 0.140 seconds
[2023-08-30T09:12:03.580+0000] {processor.py:154} INFO - Started process (PID=567) to work on /home/airflow/.local/lib/python3.7/site-packages/airflow/example_dags/example_dag_decorator.py
[2023-08-30T09:12:03.581+0000] {processor.py:756} INFO - Processing file /home/airflow/.local/lib/python3.7/site-packages/airflow/example_dags/example_dag_decorator.py for tasks to queue
[2023-08-30T09:12:03.581+0000] {logging_mixin.py:120} INFO - [2023-08-30T09:12:03.581+0000] {dagbag.py:537} INFO - Filling up the DagBag from /home/airflow/.local/lib/python3.7/site-packages/airflow/example_dags/example_dag_decorator.py
[2023-08-30T09:12:03.596+0000] {logging_mixin.py:120} INFO - [2023-08-30T09:12:03.595+0000] {taskmixin.py:205} WARNING - Dependency <Task(_PythonDecoratedOperator): prepare_email>, send_email already registered for DAG: example_dag_decorator
[2023-08-30T09:12:03.596+0000] {logging_mixin.py:120} INFO - [2023-08-30T09:12:03.596+0000] {taskmixin.py:205} WARNING - Dependency <Task(EmailOperator): send_email>, prepare_email already registered for DAG: example_dag_decorator
[2023-08-30T09:12:03.608+0000] {processor.py:766} INFO - DAG(s) dict_keys(['example_dag_decorator']) retrieved from /home/airflow/.local/lib/python3.7/site-packages/airflow/example_dags/example_dag_decorator.py
[2023-08-30T09:12:03.688+0000] {logging_mixin.py:120} INFO - [2023-08-30T09:12:03.688+0000] {dag.py:2585} INFO - Sync 1 DAGs
[2023-08-30T09:12:03.713+0000] {logging_mixin.py:120} INFO - [2023-08-30T09:12:03.713+0000] {dag.py:3340} INFO - Setting next_dagrun for example_dag_decorator to None, run_after=None
[2023-08-30T09:12:03.767+0000] {processor.py:176} INFO - Processing /home/airflow/.local/lib/python3.7/site-packages/airflow/example_dags/example_dag_decorator.py took 0.189 seconds
[2023-08-30T09:18:57.057+0000] {processor.py:154} INFO - Started process (PID=50) to work on /home/airflow/.local/lib/python3.7/site-packages/airflow/example_dags/example_dag_decorator.py
[2023-08-30T09:18:57.057+0000] {processor.py:756} INFO - Processing file /home/airflow/.local/lib/python3.7/site-packages/airflow/example_dags/example_dag_decorator.py for tasks to queue
[2023-08-30T09:18:57.058+0000] {logging_mixin.py:120} INFO - [2023-08-30T09:18:57.058+0000] {dagbag.py:537} INFO - Filling up the DagBag from /home/airflow/.local/lib/python3.7/site-packages/airflow/example_dags/example_dag_decorator.py
[2023-08-30T09:18:57.073+0000] {logging_mixin.py:120} INFO - [2023-08-30T09:18:57.073+0000] {taskmixin.py:205} WARNING - Dependency <Task(_PythonDecoratedOperator): prepare_email>, send_email already registered for DAG: example_dag_decorator
[2023-08-30T09:18:57.073+0000] {logging_mixin.py:120} INFO - [2023-08-30T09:18:57.073+0000] {taskmixin.py:205} WARNING - Dependency <Task(EmailOperator): send_email>, prepare_email already registered for DAG: example_dag_decorator
[2023-08-30T09:18:57.087+0000] {processor.py:766} INFO - DAG(s) dict_keys(['example_dag_decorator']) retrieved from /home/airflow/.local/lib/python3.7/site-packages/airflow/example_dags/example_dag_decorator.py
[2023-08-30T09:18:57.173+0000] {logging_mixin.py:120} INFO - [2023-08-30T09:18:57.173+0000] {dag.py:2585} INFO - Sync 1 DAGs
[2023-08-30T09:18:57.198+0000] {logging_mixin.py:120} INFO - [2023-08-30T09:18:57.197+0000] {dag.py:3340} INFO - Setting next_dagrun for example_dag_decorator to None, run_after=None
[2023-08-30T09:18:57.220+0000] {processor.py:176} INFO - Processing /home/airflow/.local/lib/python3.7/site-packages/airflow/example_dags/example_dag_decorator.py took 0.166 seconds
[2023-08-30T09:19:27.791+0000] {processor.py:154} INFO - Started process (PID=115) to work on /home/airflow/.local/lib/python3.7/site-packages/airflow/example_dags/example_dag_decorator.py
[2023-08-30T09:19:27.792+0000] {processor.py:756} INFO - Processing file /home/airflow/.local/lib/python3.7/site-packages/airflow/example_dags/example_dag_decorator.py for tasks to queue
[2023-08-30T09:19:27.793+0000] {logging_mixin.py:120} INFO - [2023-08-30T09:19:27.793+0000] {dagbag.py:537} INFO - Filling up the DagBag from /home/airflow/.local/lib/python3.7/site-packages/airflow/example_dags/example_dag_decorator.py
[2023-08-30T09:19:27.808+0000] {logging_mixin.py:120} INFO - [2023-08-30T09:19:27.808+0000] {taskmixin.py:205} WARNING - Dependency <Task(_PythonDecoratedOperator): prepare_email>, send_email already registered for DAG: example_dag_decorator
[2023-08-30T09:19:27.808+0000] {logging_mixin.py:120} INFO - [2023-08-30T09:19:27.808+0000] {taskmixin.py:205} WARNING - Dependency <Task(EmailOperator): send_email>, prepare_email already registered for DAG: example_dag_decorator
[2023-08-30T09:19:27.819+0000] {processor.py:766} INFO - DAG(s) dict_keys(['example_dag_decorator']) retrieved from /home/airflow/.local/lib/python3.7/site-packages/airflow/example_dags/example_dag_decorator.py
[2023-08-30T09:19:27.895+0000] {logging_mixin.py:120} INFO - [2023-08-30T09:19:27.894+0000] {dag.py:2585} INFO - Sync 1 DAGs
[2023-08-30T09:19:27.916+0000] {logging_mixin.py:120} INFO - [2023-08-30T09:19:27.916+0000] {dag.py:3340} INFO - Setting next_dagrun for example_dag_decorator to None, run_after=None
[2023-08-30T09:19:27.936+0000] {processor.py:176} INFO - Processing /home/airflow/.local/lib/python3.7/site-packages/airflow/example_dags/example_dag_decorator.py took 0.147 seconds
[2023-08-30T09:19:58.349+0000] {processor.py:154} INFO - Started process (PID=181) to work on /home/airflow/.local/lib/python3.7/site-packages/airflow/example_dags/example_dag_decorator.py
[2023-08-30T09:19:58.352+0000] {processor.py:756} INFO - Processing file /home/airflow/.local/lib/python3.7/site-packages/airflow/example_dags/example_dag_decorator.py for tasks to queue
[2023-08-30T09:19:58.353+0000] {logging_mixin.py:120} INFO - [2023-08-30T09:19:58.353+0000] {dagbag.py:537} INFO - Filling up the DagBag from /home/airflow/.local/lib/python3.7/site-packages/airflow/example_dags/example_dag_decorator.py
[2023-08-30T09:19:58.366+0000] {logging_mixin.py:120} INFO - [2023-08-30T09:19:58.366+0000] {taskmixin.py:205} WARNING - Dependency <Task(_PythonDecoratedOperator): prepare_email>, send_email already registered for DAG: example_dag_decorator
[2023-08-30T09:19:58.366+0000] {logging_mixin.py:120} INFO - [2023-08-30T09:19:58.366+0000] {taskmixin.py:205} WARNING - Dependency <Task(EmailOperator): send_email>, prepare_email already registered for DAG: example_dag_decorator
[2023-08-30T09:19:58.376+0000] {processor.py:766} INFO - DAG(s) dict_keys(['example_dag_decorator']) retrieved from /home/airflow/.local/lib/python3.7/site-packages/airflow/example_dags/example_dag_decorator.py
[2023-08-30T09:19:58.450+0000] {logging_mixin.py:120} INFO - [2023-08-30T09:19:58.450+0000] {dag.py:2585} INFO - Sync 1 DAGs
[2023-08-30T09:19:58.471+0000] {logging_mixin.py:120} INFO - [2023-08-30T09:19:58.471+0000] {dag.py:3340} INFO - Setting next_dagrun for example_dag_decorator to None, run_after=None
[2023-08-30T09:19:58.494+0000] {processor.py:176} INFO - Processing /home/airflow/.local/lib/python3.7/site-packages/airflow/example_dags/example_dag_decorator.py took 0.148 seconds
[2023-08-30T09:20:29.313+0000] {processor.py:154} INFO - Started process (PID=244) to work on /home/airflow/.local/lib/python3.7/site-packages/airflow/example_dags/example_dag_decorator.py
[2023-08-30T09:20:29.314+0000] {processor.py:756} INFO - Processing file /home/airflow/.local/lib/python3.7/site-packages/airflow/example_dags/example_dag_decorator.py for tasks to queue
[2023-08-30T09:20:29.314+0000] {logging_mixin.py:120} INFO - [2023-08-30T09:20:29.314+0000] {dagbag.py:537} INFO - Filling up the DagBag from /home/airflow/.local/lib/python3.7/site-packages/airflow/example_dags/example_dag_decorator.py
[2023-08-30T09:20:29.331+0000] {logging_mixin.py:120} INFO - [2023-08-30T09:20:29.331+0000] {taskmixin.py:205} WARNING - Dependency <Task(_PythonDecoratedOperator): prepare_email>, send_email already registered for DAG: example_dag_decorator
[2023-08-30T09:20:29.331+0000] {logging_mixin.py:120} INFO - [2023-08-30T09:20:29.331+0000] {taskmixin.py:205} WARNING - Dependency <Task(EmailOperator): send_email>, prepare_email already registered for DAG: example_dag_decorator
[2023-08-30T09:20:29.346+0000] {processor.py:766} INFO - DAG(s) dict_keys(['example_dag_decorator']) retrieved from /home/airflow/.local/lib/python3.7/site-packages/airflow/example_dags/example_dag_decorator.py
[2023-08-30T09:20:29.432+0000] {logging_mixin.py:120} INFO - [2023-08-30T09:20:29.432+0000] {dag.py:2585} INFO - Sync 1 DAGs
[2023-08-30T09:20:29.455+0000] {logging_mixin.py:120} INFO - [2023-08-30T09:20:29.454+0000] {dag.py:3340} INFO - Setting next_dagrun for example_dag_decorator to None, run_after=None
[2023-08-30T09:20:29.480+0000] {processor.py:176} INFO - Processing /home/airflow/.local/lib/python3.7/site-packages/airflow/example_dags/example_dag_decorator.py took 0.169 seconds
[2023-08-30T09:21:00.317+0000] {processor.py:154} INFO - Started process (PID=302) to work on /home/airflow/.local/lib/python3.7/site-packages/airflow/example_dags/example_dag_decorator.py
[2023-08-30T09:21:00.319+0000] {processor.py:756} INFO - Processing file /home/airflow/.local/lib/python3.7/site-packages/airflow/example_dags/example_dag_decorator.py for tasks to queue
[2023-08-30T09:21:00.320+0000] {logging_mixin.py:120} INFO - [2023-08-30T09:21:00.320+0000] {dagbag.py:537} INFO - Filling up the DagBag from /home/airflow/.local/lib/python3.7/site-packages/airflow/example_dags/example_dag_decorator.py
[2023-08-30T09:21:00.333+0000] {logging_mixin.py:120} INFO - [2023-08-30T09:21:00.333+0000] {taskmixin.py:205} WARNING - Dependency <Task(_PythonDecoratedOperator): prepare_email>, send_email already registered for DAG: example_dag_decorator
[2023-08-30T09:21:00.333+0000] {logging_mixin.py:120} INFO - [2023-08-30T09:21:00.333+0000] {taskmixin.py:205} WARNING - Dependency <Task(EmailOperator): send_email>, prepare_email already registered for DAG: example_dag_decorator
[2023-08-30T09:21:00.343+0000] {processor.py:766} INFO - DAG(s) dict_keys(['example_dag_decorator']) retrieved from /home/airflow/.local/lib/python3.7/site-packages/airflow/example_dags/example_dag_decorator.py
[2023-08-30T09:21:00.415+0000] {logging_mixin.py:120} INFO - [2023-08-30T09:21:00.415+0000] {dag.py:2585} INFO - Sync 1 DAGs
[2023-08-30T09:21:00.437+0000] {logging_mixin.py:120} INFO - [2023-08-30T09:21:00.437+0000] {dag.py:3340} INFO - Setting next_dagrun for example_dag_decorator to None, run_after=None
[2023-08-30T09:21:00.456+0000] {processor.py:176} INFO - Processing /home/airflow/.local/lib/python3.7/site-packages/airflow/example_dags/example_dag_decorator.py took 0.141 seconds
[2023-08-30T09:21:31.047+0000] {processor.py:154} INFO - Started process (PID=367) to work on /home/airflow/.local/lib/python3.7/site-packages/airflow/example_dags/example_dag_decorator.py
[2023-08-30T09:21:31.047+0000] {processor.py:756} INFO - Processing file /home/airflow/.local/lib/python3.7/site-packages/airflow/example_dags/example_dag_decorator.py for tasks to queue
[2023-08-30T09:21:31.048+0000] {logging_mixin.py:120} INFO - [2023-08-30T09:21:31.048+0000] {dagbag.py:537} INFO - Filling up the DagBag from /home/airflow/.local/lib/python3.7/site-packages/airflow/example_dags/example_dag_decorator.py
[2023-08-30T09:21:31.060+0000] {logging_mixin.py:120} INFO - [2023-08-30T09:21:31.060+0000] {taskmixin.py:205} WARNING - Dependency <Task(_PythonDecoratedOperator): prepare_email>, send_email already registered for DAG: example_dag_decorator
[2023-08-30T09:21:31.060+0000] {logging_mixin.py:120} INFO - [2023-08-30T09:21:31.060+0000] {taskmixin.py:205} WARNING - Dependency <Task(EmailOperator): send_email>, prepare_email already registered for DAG: example_dag_decorator
[2023-08-30T09:21:31.070+0000] {processor.py:766} INFO - DAG(s) dict_keys(['example_dag_decorator']) retrieved from /home/airflow/.local/lib/python3.7/site-packages/airflow/example_dags/example_dag_decorator.py
[2023-08-30T09:21:31.139+0000] {logging_mixin.py:120} INFO - [2023-08-30T09:21:31.139+0000] {dag.py:2585} INFO - Sync 1 DAGs
[2023-08-30T09:21:31.162+0000] {logging_mixin.py:120} INFO - [2023-08-30T09:21:31.162+0000] {dag.py:3340} INFO - Setting next_dagrun for example_dag_decorator to None, run_after=None
[2023-08-30T09:21:31.182+0000] {processor.py:176} INFO - Processing /home/airflow/.local/lib/python3.7/site-packages/airflow/example_dags/example_dag_decorator.py took 0.139 seconds
