[2023-08-30T09:07:57.935+0000] {processor.py:154} INFO - Started process (PID=72) to work on /home/airflow/.local/lib/python3.7/site-packages/airflow/example_dags/example_branch_day_of_week_operator.py
[2023-08-30T09:07:57.936+0000] {processor.py:756} INFO - Processing file /home/airflow/.local/lib/python3.7/site-packages/airflow/example_dags/example_branch_day_of_week_operator.py for tasks to queue
[2023-08-30T09:07:57.937+0000] {logging_mixin.py:120} INFO - [2023-08-30T09:07:57.937+0000] {dagbag.py:537} INFO - Filling up the DagBag from /home/airflow/.local/lib/python3.7/site-packages/airflow/example_dags/example_branch_day_of_week_operator.py
[2023-08-30T09:07:57.955+0000] {processor.py:766} INFO - DAG(s) dict_keys(['example_weekday_branch_operator']) retrieved from /home/airflow/.local/lib/python3.7/site-packages/airflow/example_dags/example_branch_day_of_week_operator.py
[2023-08-30T09:07:58.052+0000] {logging_mixin.py:120} INFO - [2023-08-30T09:07:58.052+0000] {dag.py:2585} INFO - Sync 1 DAGs
[2023-08-30T09:07:58.092+0000] {logging_mixin.py:120} INFO - [2023-08-30T09:07:58.092+0000] {dag.py:3340} INFO - Setting next_dagrun for example_weekday_branch_operator to 2023-08-29T00:00:00+00:00, run_after=2023-08-30T00:00:00+00:00
[2023-08-30T09:07:58.133+0000] {processor.py:176} INFO - Processing /home/airflow/.local/lib/python3.7/site-packages/airflow/example_dags/example_branch_day_of_week_operator.py took 0.201 seconds
[2023-08-30T09:08:29.075+0000] {processor.py:154} INFO - Started process (PID=137) to work on /home/airflow/.local/lib/python3.7/site-packages/airflow/example_dags/example_branch_day_of_week_operator.py
[2023-08-30T09:08:29.075+0000] {processor.py:756} INFO - Processing file /home/airflow/.local/lib/python3.7/site-packages/airflow/example_dags/example_branch_day_of_week_operator.py for tasks to queue
[2023-08-30T09:08:29.076+0000] {logging_mixin.py:120} INFO - [2023-08-30T09:08:29.076+0000] {dagbag.py:537} INFO - Filling up the DagBag from /home/airflow/.local/lib/python3.7/site-packages/airflow/example_dags/example_branch_day_of_week_operator.py
[2023-08-30T09:08:29.091+0000] {processor.py:766} INFO - DAG(s) dict_keys(['example_weekday_branch_operator']) retrieved from /home/airflow/.local/lib/python3.7/site-packages/airflow/example_dags/example_branch_day_of_week_operator.py
[2023-08-30T09:08:29.127+0000] {logging_mixin.py:120} INFO - [2023-08-30T09:08:29.127+0000] {dag.py:2585} INFO - Sync 1 DAGs
[2023-08-30T09:08:29.154+0000] {logging_mixin.py:120} INFO - [2023-08-30T09:08:29.154+0000] {dag.py:3340} INFO - Setting next_dagrun for example_weekday_branch_operator to 2023-08-29T00:00:00+00:00, run_after=2023-08-30T00:00:00+00:00
[2023-08-30T09:08:29.172+0000] {processor.py:176} INFO - Processing /home/airflow/.local/lib/python3.7/site-packages/airflow/example_dags/example_branch_day_of_week_operator.py took 0.100 seconds
[2023-08-30T09:08:59.957+0000] {processor.py:154} INFO - Started process (PID=194) to work on /home/airflow/.local/lib/python3.7/site-packages/airflow/example_dags/example_branch_day_of_week_operator.py
[2023-08-30T09:08:59.958+0000] {processor.py:756} INFO - Processing file /home/airflow/.local/lib/python3.7/site-packages/airflow/example_dags/example_branch_day_of_week_operator.py for tasks to queue
[2023-08-30T09:08:59.959+0000] {logging_mixin.py:120} INFO - [2023-08-30T09:08:59.959+0000] {dagbag.py:537} INFO - Filling up the DagBag from /home/airflow/.local/lib/python3.7/site-packages/airflow/example_dags/example_branch_day_of_week_operator.py
[2023-08-30T09:08:59.973+0000] {processor.py:766} INFO - DAG(s) dict_keys(['example_weekday_branch_operator']) retrieved from /home/airflow/.local/lib/python3.7/site-packages/airflow/example_dags/example_branch_day_of_week_operator.py
[2023-08-30T09:09:00.007+0000] {logging_mixin.py:120} INFO - [2023-08-30T09:09:00.007+0000] {dag.py:2585} INFO - Sync 1 DAGs
[2023-08-30T09:09:00.035+0000] {logging_mixin.py:120} INFO - [2023-08-30T09:09:00.034+0000] {dag.py:3340} INFO - Setting next_dagrun for example_weekday_branch_operator to 2023-08-29T00:00:00+00:00, run_after=2023-08-30T00:00:00+00:00
[2023-08-30T09:09:00.053+0000] {processor.py:176} INFO - Processing /home/airflow/.local/lib/python3.7/site-packages/airflow/example_dags/example_branch_day_of_week_operator.py took 0.099 seconds
[2023-08-30T09:09:30.395+0000] {processor.py:154} INFO - Started process (PID=259) to work on /home/airflow/.local/lib/python3.7/site-packages/airflow/example_dags/example_branch_day_of_week_operator.py
[2023-08-30T09:09:30.396+0000] {processor.py:756} INFO - Processing file /home/airflow/.local/lib/python3.7/site-packages/airflow/example_dags/example_branch_day_of_week_operator.py for tasks to queue
[2023-08-30T09:09:30.397+0000] {logging_mixin.py:120} INFO - [2023-08-30T09:09:30.397+0000] {dagbag.py:537} INFO - Filling up the DagBag from /home/airflow/.local/lib/python3.7/site-packages/airflow/example_dags/example_branch_day_of_week_operator.py
[2023-08-30T09:09:30.412+0000] {processor.py:766} INFO - DAG(s) dict_keys(['example_weekday_branch_operator']) retrieved from /home/airflow/.local/lib/python3.7/site-packages/airflow/example_dags/example_branch_day_of_week_operator.py
[2023-08-30T09:09:30.451+0000] {logging_mixin.py:120} INFO - [2023-08-30T09:09:30.451+0000] {dag.py:2585} INFO - Sync 1 DAGs
[2023-08-30T09:09:30.477+0000] {logging_mixin.py:120} INFO - [2023-08-30T09:09:30.477+0000] {dag.py:3340} INFO - Setting next_dagrun for example_weekday_branch_operator to 2023-08-29T00:00:00+00:00, run_after=2023-08-30T00:00:00+00:00
[2023-08-30T09:09:30.497+0000] {processor.py:176} INFO - Processing /home/airflow/.local/lib/python3.7/site-packages/airflow/example_dags/example_branch_day_of_week_operator.py took 0.104 seconds
[2023-08-30T09:10:01.103+0000] {processor.py:154} INFO - Started process (PID=324) to work on /home/airflow/.local/lib/python3.7/site-packages/airflow/example_dags/example_branch_day_of_week_operator.py
[2023-08-30T09:10:01.104+0000] {processor.py:756} INFO - Processing file /home/airflow/.local/lib/python3.7/site-packages/airflow/example_dags/example_branch_day_of_week_operator.py for tasks to queue
[2023-08-30T09:10:01.104+0000] {logging_mixin.py:120} INFO - [2023-08-30T09:10:01.104+0000] {dagbag.py:537} INFO - Filling up the DagBag from /home/airflow/.local/lib/python3.7/site-packages/airflow/example_dags/example_branch_day_of_week_operator.py
[2023-08-30T09:10:01.118+0000] {processor.py:766} INFO - DAG(s) dict_keys(['example_weekday_branch_operator']) retrieved from /home/airflow/.local/lib/python3.7/site-packages/airflow/example_dags/example_branch_day_of_week_operator.py
[2023-08-30T09:10:01.154+0000] {logging_mixin.py:120} INFO - [2023-08-30T09:10:01.154+0000] {dag.py:2585} INFO - Sync 1 DAGs
[2023-08-30T09:10:01.177+0000] {logging_mixin.py:120} INFO - [2023-08-30T09:10:01.176+0000] {dag.py:3340} INFO - Setting next_dagrun for example_weekday_branch_operator to 2023-08-29T00:00:00+00:00, run_after=2023-08-30T00:00:00+00:00
[2023-08-30T09:10:01.195+0000] {processor.py:176} INFO - Processing /home/airflow/.local/lib/python3.7/site-packages/airflow/example_dags/example_branch_day_of_week_operator.py took 0.095 seconds
[2023-08-30T09:10:31.737+0000] {processor.py:154} INFO - Started process (PID=380) to work on /home/airflow/.local/lib/python3.7/site-packages/airflow/example_dags/example_branch_day_of_week_operator.py
[2023-08-30T09:10:31.738+0000] {processor.py:756} INFO - Processing file /home/airflow/.local/lib/python3.7/site-packages/airflow/example_dags/example_branch_day_of_week_operator.py for tasks to queue
[2023-08-30T09:10:31.738+0000] {logging_mixin.py:120} INFO - [2023-08-30T09:10:31.738+0000] {dagbag.py:537} INFO - Filling up the DagBag from /home/airflow/.local/lib/python3.7/site-packages/airflow/example_dags/example_branch_day_of_week_operator.py
[2023-08-30T09:10:31.751+0000] {processor.py:766} INFO - DAG(s) dict_keys(['example_weekday_branch_operator']) retrieved from /home/airflow/.local/lib/python3.7/site-packages/airflow/example_dags/example_branch_day_of_week_operator.py
[2023-08-30T09:10:31.786+0000] {logging_mixin.py:120} INFO - [2023-08-30T09:10:31.786+0000] {dag.py:2585} INFO - Sync 1 DAGs
[2023-08-30T09:10:31.811+0000] {logging_mixin.py:120} INFO - [2023-08-30T09:10:31.811+0000] {dag.py:3340} INFO - Setting next_dagrun for example_weekday_branch_operator to 2023-08-29T00:00:00+00:00, run_after=2023-08-30T00:00:00+00:00
[2023-08-30T09:10:31.829+0000] {processor.py:176} INFO - Processing /home/airflow/.local/lib/python3.7/site-packages/airflow/example_dags/example_branch_day_of_week_operator.py took 0.095 seconds
[2023-08-30T09:11:02.775+0000] {processor.py:154} INFO - Started process (PID=445) to work on /home/airflow/.local/lib/python3.7/site-packages/airflow/example_dags/example_branch_day_of_week_operator.py
[2023-08-30T09:11:02.775+0000] {processor.py:756} INFO - Processing file /home/airflow/.local/lib/python3.7/site-packages/airflow/example_dags/example_branch_day_of_week_operator.py for tasks to queue
[2023-08-30T09:11:02.776+0000] {logging_mixin.py:120} INFO - [2023-08-30T09:11:02.776+0000] {dagbag.py:537} INFO - Filling up the DagBag from /home/airflow/.local/lib/python3.7/site-packages/airflow/example_dags/example_branch_day_of_week_operator.py
[2023-08-30T09:11:02.789+0000] {processor.py:766} INFO - DAG(s) dict_keys(['example_weekday_branch_operator']) retrieved from /home/airflow/.local/lib/python3.7/site-packages/airflow/example_dags/example_branch_day_of_week_operator.py
[2023-08-30T09:11:02.826+0000] {logging_mixin.py:120} INFO - [2023-08-30T09:11:02.826+0000] {dag.py:2585} INFO - Sync 1 DAGs
[2023-08-30T09:11:02.850+0000] {logging_mixin.py:120} INFO - [2023-08-30T09:11:02.850+0000] {dag.py:3340} INFO - Setting next_dagrun for example_weekday_branch_operator to 2023-08-29T00:00:00+00:00, run_after=2023-08-30T00:00:00+00:00
[2023-08-30T09:11:02.867+0000] {processor.py:176} INFO - Processing /home/airflow/.local/lib/python3.7/site-packages/airflow/example_dags/example_branch_day_of_week_operator.py took 0.095 seconds
[2023-08-30T09:11:33.517+0000] {processor.py:154} INFO - Started process (PID=510) to work on /home/airflow/.local/lib/python3.7/site-packages/airflow/example_dags/example_branch_day_of_week_operator.py
[2023-08-30T09:11:33.518+0000] {processor.py:756} INFO - Processing file /home/airflow/.local/lib/python3.7/site-packages/airflow/example_dags/example_branch_day_of_week_operator.py for tasks to queue
[2023-08-30T09:11:33.519+0000] {logging_mixin.py:120} INFO - [2023-08-30T09:11:33.519+0000] {dagbag.py:537} INFO - Filling up the DagBag from /home/airflow/.local/lib/python3.7/site-packages/airflow/example_dags/example_branch_day_of_week_operator.py
[2023-08-30T09:11:33.532+0000] {processor.py:766} INFO - DAG(s) dict_keys(['example_weekday_branch_operator']) retrieved from /home/airflow/.local/lib/python3.7/site-packages/airflow/example_dags/example_branch_day_of_week_operator.py
[2023-08-30T09:11:33.568+0000] {logging_mixin.py:120} INFO - [2023-08-30T09:11:33.568+0000] {dag.py:2585} INFO - Sync 1 DAGs
[2023-08-30T09:11:33.592+0000] {logging_mixin.py:120} INFO - [2023-08-30T09:11:33.592+0000] {dag.py:3340} INFO - Setting next_dagrun for example_weekday_branch_operator to 2023-08-29T00:00:00+00:00, run_after=2023-08-30T00:00:00+00:00
[2023-08-30T09:11:33.610+0000] {processor.py:176} INFO - Processing /home/airflow/.local/lib/python3.7/site-packages/airflow/example_dags/example_branch_day_of_week_operator.py took 0.095 seconds
[2023-08-30T09:12:04.276+0000] {processor.py:154} INFO - Started process (PID=575) to work on /home/airflow/.local/lib/python3.7/site-packages/airflow/example_dags/example_branch_day_of_week_operator.py
[2023-08-30T09:12:04.276+0000] {processor.py:756} INFO - Processing file /home/airflow/.local/lib/python3.7/site-packages/airflow/example_dags/example_branch_day_of_week_operator.py for tasks to queue
[2023-08-30T09:12:04.277+0000] {logging_mixin.py:120} INFO - [2023-08-30T09:12:04.277+0000] {dagbag.py:537} INFO - Filling up the DagBag from /home/airflow/.local/lib/python3.7/site-packages/airflow/example_dags/example_branch_day_of_week_operator.py
[2023-08-30T09:12:04.291+0000] {processor.py:766} INFO - DAG(s) dict_keys(['example_weekday_branch_operator']) retrieved from /home/airflow/.local/lib/python3.7/site-packages/airflow/example_dags/example_branch_day_of_week_operator.py
[2023-08-30T09:12:04.325+0000] {logging_mixin.py:120} INFO - [2023-08-30T09:12:04.325+0000] {dag.py:2585} INFO - Sync 1 DAGs
[2023-08-30T09:12:04.348+0000] {logging_mixin.py:120} INFO - [2023-08-30T09:12:04.348+0000] {dag.py:3340} INFO - Setting next_dagrun for example_weekday_branch_operator to 2023-08-29T00:00:00+00:00, run_after=2023-08-30T00:00:00+00:00
[2023-08-30T09:12:04.367+0000] {processor.py:176} INFO - Processing /home/airflow/.local/lib/python3.7/site-packages/airflow/example_dags/example_branch_day_of_week_operator.py took 0.094 seconds
[2023-08-30T09:18:57.618+0000] {processor.py:154} INFO - Started process (PID=58) to work on /home/airflow/.local/lib/python3.7/site-packages/airflow/example_dags/example_branch_day_of_week_operator.py
[2023-08-30T09:18:57.620+0000] {processor.py:756} INFO - Processing file /home/airflow/.local/lib/python3.7/site-packages/airflow/example_dags/example_branch_day_of_week_operator.py for tasks to queue
[2023-08-30T09:18:57.620+0000] {logging_mixin.py:120} INFO - [2023-08-30T09:18:57.620+0000] {dagbag.py:537} INFO - Filling up the DagBag from /home/airflow/.local/lib/python3.7/site-packages/airflow/example_dags/example_branch_day_of_week_operator.py
[2023-08-30T09:18:57.636+0000] {processor.py:766} INFO - DAG(s) dict_keys(['example_weekday_branch_operator']) retrieved from /home/airflow/.local/lib/python3.7/site-packages/airflow/example_dags/example_branch_day_of_week_operator.py
[2023-08-30T09:18:57.673+0000] {logging_mixin.py:120} INFO - [2023-08-30T09:18:57.673+0000] {dag.py:2585} INFO - Sync 1 DAGs
[2023-08-30T09:18:57.699+0000] {logging_mixin.py:120} INFO - [2023-08-30T09:18:57.699+0000] {dag.py:3340} INFO - Setting next_dagrun for example_weekday_branch_operator to 2023-08-29T00:00:00+00:00, run_after=2023-08-30T00:00:00+00:00
[2023-08-30T09:18:57.731+0000] {processor.py:176} INFO - Processing /home/airflow/.local/lib/python3.7/site-packages/airflow/example_dags/example_branch_day_of_week_operator.py took 0.115 seconds
[2023-08-30T09:19:28.261+0000] {processor.py:154} INFO - Started process (PID=123) to work on /home/airflow/.local/lib/python3.7/site-packages/airflow/example_dags/example_branch_day_of_week_operator.py
[2023-08-30T09:19:28.264+0000] {processor.py:756} INFO - Processing file /home/airflow/.local/lib/python3.7/site-packages/airflow/example_dags/example_branch_day_of_week_operator.py for tasks to queue
[2023-08-30T09:19:28.265+0000] {logging_mixin.py:120} INFO - [2023-08-30T09:19:28.265+0000] {dagbag.py:537} INFO - Filling up the DagBag from /home/airflow/.local/lib/python3.7/site-packages/airflow/example_dags/example_branch_day_of_week_operator.py
[2023-08-30T09:19:28.281+0000] {processor.py:766} INFO - DAG(s) dict_keys(['example_weekday_branch_operator']) retrieved from /home/airflow/.local/lib/python3.7/site-packages/airflow/example_dags/example_branch_day_of_week_operator.py
[2023-08-30T09:19:28.315+0000] {logging_mixin.py:120} INFO - [2023-08-30T09:19:28.315+0000] {dag.py:2585} INFO - Sync 1 DAGs
[2023-08-30T09:19:28.340+0000] {logging_mixin.py:120} INFO - [2023-08-30T09:19:28.340+0000] {dag.py:3340} INFO - Setting next_dagrun for example_weekday_branch_operator to 2023-08-29T00:00:00+00:00, run_after=2023-08-30T00:00:00+00:00
[2023-08-30T09:19:28.358+0000] {processor.py:176} INFO - Processing /home/airflow/.local/lib/python3.7/site-packages/airflow/example_dags/example_branch_day_of_week_operator.py took 0.100 seconds
[2023-08-30T09:19:59.065+0000] {processor.py:154} INFO - Started process (PID=190) to work on /home/airflow/.local/lib/python3.7/site-packages/airflow/example_dags/example_branch_day_of_week_operator.py
[2023-08-30T09:19:59.066+0000] {processor.py:756} INFO - Processing file /home/airflow/.local/lib/python3.7/site-packages/airflow/example_dags/example_branch_day_of_week_operator.py for tasks to queue
[2023-08-30T09:19:59.067+0000] {logging_mixin.py:120} INFO - [2023-08-30T09:19:59.067+0000] {dagbag.py:537} INFO - Filling up the DagBag from /home/airflow/.local/lib/python3.7/site-packages/airflow/example_dags/example_branch_day_of_week_operator.py
[2023-08-30T09:19:59.081+0000] {processor.py:766} INFO - DAG(s) dict_keys(['example_weekday_branch_operator']) retrieved from /home/airflow/.local/lib/python3.7/site-packages/airflow/example_dags/example_branch_day_of_week_operator.py
[2023-08-30T09:19:59.116+0000] {logging_mixin.py:120} INFO - [2023-08-30T09:19:59.115+0000] {dag.py:2585} INFO - Sync 1 DAGs
[2023-08-30T09:19:59.139+0000] {logging_mixin.py:120} INFO - [2023-08-30T09:19:59.139+0000] {dag.py:3340} INFO - Setting next_dagrun for example_weekday_branch_operator to 2023-08-29T00:00:00+00:00, run_after=2023-08-30T00:00:00+00:00
[2023-08-30T09:19:59.157+0000] {processor.py:176} INFO - Processing /home/airflow/.local/lib/python3.7/site-packages/airflow/example_dags/example_branch_day_of_week_operator.py took 0.094 seconds
[2023-08-30T09:20:30.111+0000] {processor.py:154} INFO - Started process (PID=255) to work on /home/airflow/.local/lib/python3.7/site-packages/airflow/example_dags/example_branch_day_of_week_operator.py
[2023-08-30T09:20:30.112+0000] {processor.py:756} INFO - Processing file /home/airflow/.local/lib/python3.7/site-packages/airflow/example_dags/example_branch_day_of_week_operator.py for tasks to queue
[2023-08-30T09:20:30.112+0000] {logging_mixin.py:120} INFO - [2023-08-30T09:20:30.112+0000] {dagbag.py:537} INFO - Filling up the DagBag from /home/airflow/.local/lib/python3.7/site-packages/airflow/example_dags/example_branch_day_of_week_operator.py
[2023-08-30T09:20:30.126+0000] {processor.py:766} INFO - DAG(s) dict_keys(['example_weekday_branch_operator']) retrieved from /home/airflow/.local/lib/python3.7/site-packages/airflow/example_dags/example_branch_day_of_week_operator.py
[2023-08-30T09:20:30.164+0000] {logging_mixin.py:120} INFO - [2023-08-30T09:20:30.164+0000] {dag.py:2585} INFO - Sync 1 DAGs
[2023-08-30T09:20:30.190+0000] {logging_mixin.py:120} INFO - [2023-08-30T09:20:30.190+0000] {dag.py:3340} INFO - Setting next_dagrun for example_weekday_branch_operator to 2023-08-29T00:00:00+00:00, run_after=2023-08-30T00:00:00+00:00
[2023-08-30T09:20:30.209+0000] {processor.py:176} INFO - Processing /home/airflow/.local/lib/python3.7/site-packages/airflow/example_dags/example_branch_day_of_week_operator.py took 0.102 seconds
[2023-08-30T09:21:01.149+0000] {processor.py:154} INFO - Started process (PID=311) to work on /home/airflow/.local/lib/python3.7/site-packages/airflow/example_dags/example_branch_day_of_week_operator.py
[2023-08-30T09:21:01.151+0000] {processor.py:756} INFO - Processing file /home/airflow/.local/lib/python3.7/site-packages/airflow/example_dags/example_branch_day_of_week_operator.py for tasks to queue
[2023-08-30T09:21:01.151+0000] {logging_mixin.py:120} INFO - [2023-08-30T09:21:01.151+0000] {dagbag.py:537} INFO - Filling up the DagBag from /home/airflow/.local/lib/python3.7/site-packages/airflow/example_dags/example_branch_day_of_week_operator.py
[2023-08-30T09:21:01.166+0000] {processor.py:766} INFO - DAG(s) dict_keys(['example_weekday_branch_operator']) retrieved from /home/airflow/.local/lib/python3.7/site-packages/airflow/example_dags/example_branch_day_of_week_operator.py
[2023-08-30T09:21:01.200+0000] {logging_mixin.py:120} INFO - [2023-08-30T09:21:01.200+0000] {dag.py:2585} INFO - Sync 1 DAGs
[2023-08-30T09:21:01.224+0000] {logging_mixin.py:120} INFO - [2023-08-30T09:21:01.224+0000] {dag.py:3340} INFO - Setting next_dagrun for example_weekday_branch_operator to 2023-08-29T00:00:00+00:00, run_after=2023-08-30T00:00:00+00:00
[2023-08-30T09:21:01.242+0000] {processor.py:176} INFO - Processing /home/airflow/.local/lib/python3.7/site-packages/airflow/example_dags/example_branch_day_of_week_operator.py took 0.097 seconds
[2023-08-30T09:21:31.839+0000] {processor.py:154} INFO - Started process (PID=376) to work on /home/airflow/.local/lib/python3.7/site-packages/airflow/example_dags/example_branch_day_of_week_operator.py
[2023-08-30T09:21:31.840+0000] {processor.py:756} INFO - Processing file /home/airflow/.local/lib/python3.7/site-packages/airflow/example_dags/example_branch_day_of_week_operator.py for tasks to queue
[2023-08-30T09:21:31.841+0000] {logging_mixin.py:120} INFO - [2023-08-30T09:21:31.841+0000] {dagbag.py:537} INFO - Filling up the DagBag from /home/airflow/.local/lib/python3.7/site-packages/airflow/example_dags/example_branch_day_of_week_operator.py
[2023-08-30T09:21:31.860+0000] {processor.py:766} INFO - DAG(s) dict_keys(['example_weekday_branch_operator']) retrieved from /home/airflow/.local/lib/python3.7/site-packages/airflow/example_dags/example_branch_day_of_week_operator.py
[2023-08-30T09:21:31.895+0000] {logging_mixin.py:120} INFO - [2023-08-30T09:21:31.894+0000] {dag.py:2585} INFO - Sync 1 DAGs
[2023-08-30T09:21:31.920+0000] {logging_mixin.py:120} INFO - [2023-08-30T09:21:31.919+0000] {dag.py:3340} INFO - Setting next_dagrun for example_weekday_branch_operator to 2023-08-29T00:00:00+00:00, run_after=2023-08-30T00:00:00+00:00
[2023-08-30T09:21:31.938+0000] {processor.py:176} INFO - Processing /home/airflow/.local/lib/python3.7/site-packages/airflow/example_dags/example_branch_day_of_week_operator.py took 0.104 seconds
