[2023-08-30T09:07:59.034+0000] {processor.py:154} INFO - Started process (PID=81) to work on /home/airflow/.local/lib/python3.7/site-packages/airflow/example_dags/example_branch_datetime_operator.py
[2023-08-30T09:07:59.035+0000] {processor.py:756} INFO - Processing file /home/airflow/.local/lib/python3.7/site-packages/airflow/example_dags/example_branch_datetime_operator.py for tasks to queue
[2023-08-30T09:07:59.036+0000] {logging_mixin.py:120} INFO - [2023-08-30T09:07:59.036+0000] {dagbag.py:537} INFO - Filling up the DagBag from /home/airflow/.local/lib/python3.7/site-packages/airflow/example_dags/example_branch_datetime_operator.py
[2023-08-30T09:07:59.060+0000] {processor.py:766} INFO - DAG(s) dict_keys(['example_branch_datetime_operator_3', 'example_branch_datetime_operator_2', 'example_branch_datetime_operator']) retrieved from /home/airflow/.local/lib/python3.7/site-packages/airflow/example_dags/example_branch_datetime_operator.py
[2023-08-30T09:07:59.207+0000] {logging_mixin.py:120} INFO - [2023-08-30T09:07:59.207+0000] {dag.py:2585} INFO - Sync 3 DAGs
[2023-08-30T09:07:59.237+0000] {logging_mixin.py:120} INFO - [2023-08-30T09:07:59.237+0000] {dag.py:3340} INFO - Setting next_dagrun for example_branch_datetime_operator to 2023-08-29T00:00:00+00:00, run_after=2023-08-30T00:00:00+00:00
[2023-08-30T09:07:59.243+0000] {logging_mixin.py:120} INFO - [2023-08-30T09:07:59.242+0000] {dag.py:3340} INFO - Setting next_dagrun for example_branch_datetime_operator_2 to 2023-08-29T00:00:00+00:00, run_after=2023-08-30T00:00:00+00:00
[2023-08-30T09:07:59.246+0000] {logging_mixin.py:120} INFO - [2023-08-30T09:07:59.246+0000] {dag.py:3340} INFO - Setting next_dagrun for example_branch_datetime_operator_3 to 2023-08-29T00:00:00+00:00, run_after=2023-08-30T00:00:00+00:00
[2023-08-30T09:07:59.274+0000] {processor.py:176} INFO - Processing /home/airflow/.local/lib/python3.7/site-packages/airflow/example_dags/example_branch_datetime_operator.py took 0.245 seconds
[2023-08-30T09:08:29.648+0000] {processor.py:154} INFO - Started process (PID=146) to work on /home/airflow/.local/lib/python3.7/site-packages/airflow/example_dags/example_branch_datetime_operator.py
[2023-08-30T09:08:29.649+0000] {processor.py:756} INFO - Processing file /home/airflow/.local/lib/python3.7/site-packages/airflow/example_dags/example_branch_datetime_operator.py for tasks to queue
[2023-08-30T09:08:29.650+0000] {logging_mixin.py:120} INFO - [2023-08-30T09:08:29.649+0000] {dagbag.py:537} INFO - Filling up the DagBag from /home/airflow/.local/lib/python3.7/site-packages/airflow/example_dags/example_branch_datetime_operator.py
[2023-08-30T09:08:29.678+0000] {processor.py:766} INFO - DAG(s) dict_keys(['example_branch_datetime_operator_3', 'example_branch_datetime_operator_2', 'example_branch_datetime_operator']) retrieved from /home/airflow/.local/lib/python3.7/site-packages/airflow/example_dags/example_branch_datetime_operator.py
[2023-08-30T09:08:29.758+0000] {logging_mixin.py:120} INFO - [2023-08-30T09:08:29.758+0000] {dag.py:2585} INFO - Sync 3 DAGs
[2023-08-30T09:08:29.786+0000] {logging_mixin.py:120} INFO - [2023-08-30T09:08:29.786+0000] {dag.py:3340} INFO - Setting next_dagrun for example_branch_datetime_operator to 2023-08-29T00:00:00+00:00, run_after=2023-08-30T00:00:00+00:00
[2023-08-30T09:08:29.791+0000] {logging_mixin.py:120} INFO - [2023-08-30T09:08:29.790+0000] {dag.py:3340} INFO - Setting next_dagrun for example_branch_datetime_operator_2 to 2023-08-29T00:00:00+00:00, run_after=2023-08-30T00:00:00+00:00
[2023-08-30T09:08:29.793+0000] {logging_mixin.py:120} INFO - [2023-08-30T09:08:29.793+0000] {dag.py:3340} INFO - Setting next_dagrun for example_branch_datetime_operator_3 to 2023-08-29T00:00:00+00:00, run_after=2023-08-30T00:00:00+00:00
[2023-08-30T09:08:29.816+0000] {processor.py:176} INFO - Processing /home/airflow/.local/lib/python3.7/site-packages/airflow/example_dags/example_branch_datetime_operator.py took 0.172 seconds
[2023-08-30T09:09:00.454+0000] {processor.py:154} INFO - Started process (PID=202) to work on /home/airflow/.local/lib/python3.7/site-packages/airflow/example_dags/example_branch_datetime_operator.py
[2023-08-30T09:09:00.455+0000] {processor.py:756} INFO - Processing file /home/airflow/.local/lib/python3.7/site-packages/airflow/example_dags/example_branch_datetime_operator.py for tasks to queue
[2023-08-30T09:09:00.455+0000] {logging_mixin.py:120} INFO - [2023-08-30T09:09:00.455+0000] {dagbag.py:537} INFO - Filling up the DagBag from /home/airflow/.local/lib/python3.7/site-packages/airflow/example_dags/example_branch_datetime_operator.py
[2023-08-30T09:09:00.471+0000] {processor.py:766} INFO - DAG(s) dict_keys(['example_branch_datetime_operator_2', 'example_branch_datetime_operator', 'example_branch_datetime_operator_3']) retrieved from /home/airflow/.local/lib/python3.7/site-packages/airflow/example_dags/example_branch_datetime_operator.py
[2023-08-30T09:09:00.513+0000] {logging_mixin.py:120} INFO - [2023-08-30T09:09:00.513+0000] {dag.py:2585} INFO - Sync 3 DAGs
[2023-08-30T09:09:00.537+0000] {logging_mixin.py:120} INFO - [2023-08-30T09:09:00.537+0000] {dag.py:3340} INFO - Setting next_dagrun for example_branch_datetime_operator to 2023-08-29T00:00:00+00:00, run_after=2023-08-30T00:00:00+00:00
[2023-08-30T09:09:00.542+0000] {logging_mixin.py:120} INFO - [2023-08-30T09:09:00.542+0000] {dag.py:3340} INFO - Setting next_dagrun for example_branch_datetime_operator_2 to 2023-08-29T00:00:00+00:00, run_after=2023-08-30T00:00:00+00:00
[2023-08-30T09:09:00.544+0000] {logging_mixin.py:120} INFO - [2023-08-30T09:09:00.544+0000] {dag.py:3340} INFO - Setting next_dagrun for example_branch_datetime_operator_3 to 2023-08-29T00:00:00+00:00, run_after=2023-08-30T00:00:00+00:00
[2023-08-30T09:09:00.560+0000] {processor.py:176} INFO - Processing /home/airflow/.local/lib/python3.7/site-packages/airflow/example_dags/example_branch_datetime_operator.py took 0.109 seconds
[2023-08-30T09:09:30.849+0000] {processor.py:154} INFO - Started process (PID=267) to work on /home/airflow/.local/lib/python3.7/site-packages/airflow/example_dags/example_branch_datetime_operator.py
[2023-08-30T09:09:30.850+0000] {processor.py:756} INFO - Processing file /home/airflow/.local/lib/python3.7/site-packages/airflow/example_dags/example_branch_datetime_operator.py for tasks to queue
[2023-08-30T09:09:30.851+0000] {logging_mixin.py:120} INFO - [2023-08-30T09:09:30.851+0000] {dagbag.py:537} INFO - Filling up the DagBag from /home/airflow/.local/lib/python3.7/site-packages/airflow/example_dags/example_branch_datetime_operator.py
[2023-08-30T09:09:30.866+0000] {processor.py:766} INFO - DAG(s) dict_keys(['example_branch_datetime_operator_2', 'example_branch_datetime_operator_3', 'example_branch_datetime_operator']) retrieved from /home/airflow/.local/lib/python3.7/site-packages/airflow/example_dags/example_branch_datetime_operator.py
[2023-08-30T09:09:30.908+0000] {logging_mixin.py:120} INFO - [2023-08-30T09:09:30.908+0000] {dag.py:2585} INFO - Sync 3 DAGs
[2023-08-30T09:09:30.932+0000] {logging_mixin.py:120} INFO - [2023-08-30T09:09:30.932+0000] {dag.py:3340} INFO - Setting next_dagrun for example_branch_datetime_operator to 2023-08-29T00:00:00+00:00, run_after=2023-08-30T00:00:00+00:00
[2023-08-30T09:09:30.936+0000] {logging_mixin.py:120} INFO - [2023-08-30T09:09:30.936+0000] {dag.py:3340} INFO - Setting next_dagrun for example_branch_datetime_operator_2 to 2023-08-29T00:00:00+00:00, run_after=2023-08-30T00:00:00+00:00
[2023-08-30T09:09:30.938+0000] {logging_mixin.py:120} INFO - [2023-08-30T09:09:30.938+0000] {dag.py:3340} INFO - Setting next_dagrun for example_branch_datetime_operator_3 to 2023-08-29T00:00:00+00:00, run_after=2023-08-30T00:00:00+00:00
[2023-08-30T09:09:30.954+0000] {processor.py:176} INFO - Processing /home/airflow/.local/lib/python3.7/site-packages/airflow/example_dags/example_branch_datetime_operator.py took 0.107 seconds
[2023-08-30T09:10:01.604+0000] {processor.py:154} INFO - Started process (PID=333) to work on /home/airflow/.local/lib/python3.7/site-packages/airflow/example_dags/example_branch_datetime_operator.py
[2023-08-30T09:10:01.604+0000] {processor.py:756} INFO - Processing file /home/airflow/.local/lib/python3.7/site-packages/airflow/example_dags/example_branch_datetime_operator.py for tasks to queue
[2023-08-30T09:10:01.605+0000] {logging_mixin.py:120} INFO - [2023-08-30T09:10:01.605+0000] {dagbag.py:537} INFO - Filling up the DagBag from /home/airflow/.local/lib/python3.7/site-packages/airflow/example_dags/example_branch_datetime_operator.py
[2023-08-30T09:10:01.620+0000] {processor.py:766} INFO - DAG(s) dict_keys(['example_branch_datetime_operator', 'example_branch_datetime_operator_2', 'example_branch_datetime_operator_3']) retrieved from /home/airflow/.local/lib/python3.7/site-packages/airflow/example_dags/example_branch_datetime_operator.py
[2023-08-30T09:10:01.663+0000] {logging_mixin.py:120} INFO - [2023-08-30T09:10:01.663+0000] {dag.py:2585} INFO - Sync 3 DAGs
[2023-08-30T09:10:01.687+0000] {logging_mixin.py:120} INFO - [2023-08-30T09:10:01.687+0000] {dag.py:3340} INFO - Setting next_dagrun for example_branch_datetime_operator to 2023-08-29T00:00:00+00:00, run_after=2023-08-30T00:00:00+00:00
[2023-08-30T09:10:01.692+0000] {logging_mixin.py:120} INFO - [2023-08-30T09:10:01.692+0000] {dag.py:3340} INFO - Setting next_dagrun for example_branch_datetime_operator_2 to 2023-08-29T00:00:00+00:00, run_after=2023-08-30T00:00:00+00:00
[2023-08-30T09:10:01.695+0000] {logging_mixin.py:120} INFO - [2023-08-30T09:10:01.695+0000] {dag.py:3340} INFO - Setting next_dagrun for example_branch_datetime_operator_3 to 2023-08-29T00:00:00+00:00, run_after=2023-08-30T00:00:00+00:00
[2023-08-30T09:10:01.711+0000] {processor.py:176} INFO - Processing /home/airflow/.local/lib/python3.7/site-packages/airflow/example_dags/example_branch_datetime_operator.py took 0.110 seconds
[2023-08-30T09:10:32.299+0000] {processor.py:154} INFO - Started process (PID=389) to work on /home/airflow/.local/lib/python3.7/site-packages/airflow/example_dags/example_branch_datetime_operator.py
[2023-08-30T09:10:32.301+0000] {processor.py:756} INFO - Processing file /home/airflow/.local/lib/python3.7/site-packages/airflow/example_dags/example_branch_datetime_operator.py for tasks to queue
[2023-08-30T09:10:32.301+0000] {logging_mixin.py:120} INFO - [2023-08-30T09:10:32.301+0000] {dagbag.py:537} INFO - Filling up the DagBag from /home/airflow/.local/lib/python3.7/site-packages/airflow/example_dags/example_branch_datetime_operator.py
[2023-08-30T09:10:32.316+0000] {processor.py:766} INFO - DAG(s) dict_keys(['example_branch_datetime_operator_3', 'example_branch_datetime_operator_2', 'example_branch_datetime_operator']) retrieved from /home/airflow/.local/lib/python3.7/site-packages/airflow/example_dags/example_branch_datetime_operator.py
[2023-08-30T09:10:32.357+0000] {logging_mixin.py:120} INFO - [2023-08-30T09:10:32.357+0000] {dag.py:2585} INFO - Sync 3 DAGs
[2023-08-30T09:10:32.383+0000] {logging_mixin.py:120} INFO - [2023-08-30T09:10:32.383+0000] {dag.py:3340} INFO - Setting next_dagrun for example_branch_datetime_operator to 2023-08-29T00:00:00+00:00, run_after=2023-08-30T00:00:00+00:00
[2023-08-30T09:10:32.388+0000] {logging_mixin.py:120} INFO - [2023-08-30T09:10:32.387+0000] {dag.py:3340} INFO - Setting next_dagrun for example_branch_datetime_operator_2 to 2023-08-29T00:00:00+00:00, run_after=2023-08-30T00:00:00+00:00
[2023-08-30T09:10:32.390+0000] {logging_mixin.py:120} INFO - [2023-08-30T09:10:32.390+0000] {dag.py:3340} INFO - Setting next_dagrun for example_branch_datetime_operator_3 to 2023-08-29T00:00:00+00:00, run_after=2023-08-30T00:00:00+00:00
[2023-08-30T09:10:32.406+0000] {processor.py:176} INFO - Processing /home/airflow/.local/lib/python3.7/site-packages/airflow/example_dags/example_branch_datetime_operator.py took 0.109 seconds
[2023-08-30T09:11:03.425+0000] {processor.py:154} INFO - Started process (PID=454) to work on /home/airflow/.local/lib/python3.7/site-packages/airflow/example_dags/example_branch_datetime_operator.py
[2023-08-30T09:11:03.426+0000] {processor.py:756} INFO - Processing file /home/airflow/.local/lib/python3.7/site-packages/airflow/example_dags/example_branch_datetime_operator.py for tasks to queue
[2023-08-30T09:11:03.426+0000] {logging_mixin.py:120} INFO - [2023-08-30T09:11:03.426+0000] {dagbag.py:537} INFO - Filling up the DagBag from /home/airflow/.local/lib/python3.7/site-packages/airflow/example_dags/example_branch_datetime_operator.py
[2023-08-30T09:11:03.442+0000] {processor.py:766} INFO - DAG(s) dict_keys(['example_branch_datetime_operator_3', 'example_branch_datetime_operator', 'example_branch_datetime_operator_2']) retrieved from /home/airflow/.local/lib/python3.7/site-packages/airflow/example_dags/example_branch_datetime_operator.py
[2023-08-30T09:11:03.482+0000] {logging_mixin.py:120} INFO - [2023-08-30T09:11:03.482+0000] {dag.py:2585} INFO - Sync 3 DAGs
[2023-08-30T09:11:03.506+0000] {logging_mixin.py:120} INFO - [2023-08-30T09:11:03.506+0000] {dag.py:3340} INFO - Setting next_dagrun for example_branch_datetime_operator to 2023-08-29T00:00:00+00:00, run_after=2023-08-30T00:00:00+00:00
[2023-08-30T09:11:03.510+0000] {logging_mixin.py:120} INFO - [2023-08-30T09:11:03.510+0000] {dag.py:3340} INFO - Setting next_dagrun for example_branch_datetime_operator_2 to 2023-08-29T00:00:00+00:00, run_after=2023-08-30T00:00:00+00:00
[2023-08-30T09:11:03.513+0000] {logging_mixin.py:120} INFO - [2023-08-30T09:11:03.513+0000] {dag.py:3340} INFO - Setting next_dagrun for example_branch_datetime_operator_3 to 2023-08-29T00:00:00+00:00, run_after=2023-08-30T00:00:00+00:00
[2023-08-30T09:11:03.529+0000] {processor.py:176} INFO - Processing /home/airflow/.local/lib/python3.7/site-packages/airflow/example_dags/example_branch_datetime_operator.py took 0.106 seconds
[2023-08-30T09:11:34.008+0000] {processor.py:154} INFO - Started process (PID=519) to work on /home/airflow/.local/lib/python3.7/site-packages/airflow/example_dags/example_branch_datetime_operator.py
[2023-08-30T09:11:34.009+0000] {processor.py:756} INFO - Processing file /home/airflow/.local/lib/python3.7/site-packages/airflow/example_dags/example_branch_datetime_operator.py for tasks to queue
[2023-08-30T09:11:34.010+0000] {logging_mixin.py:120} INFO - [2023-08-30T09:11:34.010+0000] {dagbag.py:537} INFO - Filling up the DagBag from /home/airflow/.local/lib/python3.7/site-packages/airflow/example_dags/example_branch_datetime_operator.py
[2023-08-30T09:11:34.025+0000] {processor.py:766} INFO - DAG(s) dict_keys(['example_branch_datetime_operator_2', 'example_branch_datetime_operator_3', 'example_branch_datetime_operator']) retrieved from /home/airflow/.local/lib/python3.7/site-packages/airflow/example_dags/example_branch_datetime_operator.py
[2023-08-30T09:11:34.066+0000] {logging_mixin.py:120} INFO - [2023-08-30T09:11:34.066+0000] {dag.py:2585} INFO - Sync 3 DAGs
[2023-08-30T09:11:34.092+0000] {logging_mixin.py:120} INFO - [2023-08-30T09:11:34.091+0000] {dag.py:3340} INFO - Setting next_dagrun for example_branch_datetime_operator to 2023-08-29T00:00:00+00:00, run_after=2023-08-30T00:00:00+00:00
[2023-08-30T09:11:34.096+0000] {logging_mixin.py:120} INFO - [2023-08-30T09:11:34.096+0000] {dag.py:3340} INFO - Setting next_dagrun for example_branch_datetime_operator_2 to 2023-08-29T00:00:00+00:00, run_after=2023-08-30T00:00:00+00:00
[2023-08-30T09:11:34.098+0000] {logging_mixin.py:120} INFO - [2023-08-30T09:11:34.098+0000] {dag.py:3340} INFO - Setting next_dagrun for example_branch_datetime_operator_3 to 2023-08-29T00:00:00+00:00, run_after=2023-08-30T00:00:00+00:00
[2023-08-30T09:11:34.115+0000] {processor.py:176} INFO - Processing /home/airflow/.local/lib/python3.7/site-packages/airflow/example_dags/example_branch_datetime_operator.py took 0.109 seconds
[2023-08-30T09:12:04.884+0000] {processor.py:154} INFO - Started process (PID=584) to work on /home/airflow/.local/lib/python3.7/site-packages/airflow/example_dags/example_branch_datetime_operator.py
[2023-08-30T09:12:04.884+0000] {processor.py:756} INFO - Processing file /home/airflow/.local/lib/python3.7/site-packages/airflow/example_dags/example_branch_datetime_operator.py for tasks to queue
[2023-08-30T09:12:04.885+0000] {logging_mixin.py:120} INFO - [2023-08-30T09:12:04.885+0000] {dagbag.py:537} INFO - Filling up the DagBag from /home/airflow/.local/lib/python3.7/site-packages/airflow/example_dags/example_branch_datetime_operator.py
[2023-08-30T09:12:04.902+0000] {processor.py:766} INFO - DAG(s) dict_keys(['example_branch_datetime_operator', 'example_branch_datetime_operator_3', 'example_branch_datetime_operator_2']) retrieved from /home/airflow/.local/lib/python3.7/site-packages/airflow/example_dags/example_branch_datetime_operator.py
[2023-08-30T09:12:04.945+0000] {logging_mixin.py:120} INFO - [2023-08-30T09:12:04.945+0000] {dag.py:2585} INFO - Sync 3 DAGs
[2023-08-30T09:12:04.970+0000] {logging_mixin.py:120} INFO - [2023-08-30T09:12:04.969+0000] {dag.py:3340} INFO - Setting next_dagrun for example_branch_datetime_operator to 2023-08-29T00:00:00+00:00, run_after=2023-08-30T00:00:00+00:00
[2023-08-30T09:12:04.974+0000] {logging_mixin.py:120} INFO - [2023-08-30T09:12:04.974+0000] {dag.py:3340} INFO - Setting next_dagrun for example_branch_datetime_operator_2 to 2023-08-29T00:00:00+00:00, run_after=2023-08-30T00:00:00+00:00
[2023-08-30T09:12:04.977+0000] {logging_mixin.py:120} INFO - [2023-08-30T09:12:04.976+0000] {dag.py:3340} INFO - Setting next_dagrun for example_branch_datetime_operator_3 to 2023-08-29T00:00:00+00:00, run_after=2023-08-30T00:00:00+00:00
[2023-08-30T09:12:04.994+0000] {processor.py:176} INFO - Processing /home/airflow/.local/lib/python3.7/site-packages/airflow/example_dags/example_branch_datetime_operator.py took 0.114 seconds
[2023-08-30T09:18:58.271+0000] {processor.py:154} INFO - Started process (PID=67) to work on /home/airflow/.local/lib/python3.7/site-packages/airflow/example_dags/example_branch_datetime_operator.py
[2023-08-30T09:18:58.272+0000] {processor.py:756} INFO - Processing file /home/airflow/.local/lib/python3.7/site-packages/airflow/example_dags/example_branch_datetime_operator.py for tasks to queue
[2023-08-30T09:18:58.272+0000] {logging_mixin.py:120} INFO - [2023-08-30T09:18:58.272+0000] {dagbag.py:537} INFO - Filling up the DagBag from /home/airflow/.local/lib/python3.7/site-packages/airflow/example_dags/example_branch_datetime_operator.py
[2023-08-30T09:18:58.291+0000] {processor.py:766} INFO - DAG(s) dict_keys(['example_branch_datetime_operator_2', 'example_branch_datetime_operator_3', 'example_branch_datetime_operator']) retrieved from /home/airflow/.local/lib/python3.7/site-packages/airflow/example_dags/example_branch_datetime_operator.py
[2023-08-30T09:18:58.334+0000] {logging_mixin.py:120} INFO - [2023-08-30T09:18:58.334+0000] {dag.py:2585} INFO - Sync 3 DAGs
[2023-08-30T09:18:58.361+0000] {logging_mixin.py:120} INFO - [2023-08-30T09:18:58.361+0000] {dag.py:3340} INFO - Setting next_dagrun for example_branch_datetime_operator to 2023-08-29T00:00:00+00:00, run_after=2023-08-30T00:00:00+00:00
[2023-08-30T09:18:58.366+0000] {logging_mixin.py:120} INFO - [2023-08-30T09:18:58.366+0000] {dag.py:3340} INFO - Setting next_dagrun for example_branch_datetime_operator_2 to 2023-08-29T00:00:00+00:00, run_after=2023-08-30T00:00:00+00:00
[2023-08-30T09:18:58.369+0000] {logging_mixin.py:120} INFO - [2023-08-30T09:18:58.369+0000] {dag.py:3340} INFO - Setting next_dagrun for example_branch_datetime_operator_3 to 2023-08-29T00:00:00+00:00, run_after=2023-08-30T00:00:00+00:00
[2023-08-30T09:18:58.388+0000] {processor.py:176} INFO - Processing /home/airflow/.local/lib/python3.7/site-packages/airflow/example_dags/example_branch_datetime_operator.py took 0.120 seconds
[2023-08-30T09:19:28.777+0000] {processor.py:154} INFO - Started process (PID=132) to work on /home/airflow/.local/lib/python3.7/site-packages/airflow/example_dags/example_branch_datetime_operator.py
[2023-08-30T09:19:28.778+0000] {processor.py:756} INFO - Processing file /home/airflow/.local/lib/python3.7/site-packages/airflow/example_dags/example_branch_datetime_operator.py for tasks to queue
[2023-08-30T09:19:28.779+0000] {logging_mixin.py:120} INFO - [2023-08-30T09:19:28.779+0000] {dagbag.py:537} INFO - Filling up the DagBag from /home/airflow/.local/lib/python3.7/site-packages/airflow/example_dags/example_branch_datetime_operator.py
[2023-08-30T09:19:28.794+0000] {processor.py:766} INFO - DAG(s) dict_keys(['example_branch_datetime_operator', 'example_branch_datetime_operator_2', 'example_branch_datetime_operator_3']) retrieved from /home/airflow/.local/lib/python3.7/site-packages/airflow/example_dags/example_branch_datetime_operator.py
[2023-08-30T09:19:28.836+0000] {logging_mixin.py:120} INFO - [2023-08-30T09:19:28.836+0000] {dag.py:2585} INFO - Sync 3 DAGs
[2023-08-30T09:19:28.861+0000] {logging_mixin.py:120} INFO - [2023-08-30T09:19:28.861+0000] {dag.py:3340} INFO - Setting next_dagrun for example_branch_datetime_operator to 2023-08-29T00:00:00+00:00, run_after=2023-08-30T00:00:00+00:00
[2023-08-30T09:19:28.866+0000] {logging_mixin.py:120} INFO - [2023-08-30T09:19:28.866+0000] {dag.py:3340} INFO - Setting next_dagrun for example_branch_datetime_operator_2 to 2023-08-29T00:00:00+00:00, run_after=2023-08-30T00:00:00+00:00
[2023-08-30T09:19:28.868+0000] {logging_mixin.py:120} INFO - [2023-08-30T09:19:28.868+0000] {dag.py:3340} INFO - Setting next_dagrun for example_branch_datetime_operator_3 to 2023-08-29T00:00:00+00:00, run_after=2023-08-30T00:00:00+00:00
[2023-08-30T09:19:28.885+0000] {processor.py:176} INFO - Processing /home/airflow/.local/lib/python3.7/site-packages/airflow/example_dags/example_branch_datetime_operator.py took 0.110 seconds
[2023-08-30T09:19:59.617+0000] {processor.py:154} INFO - Started process (PID=199) to work on /home/airflow/.local/lib/python3.7/site-packages/airflow/example_dags/example_branch_datetime_operator.py
[2023-08-30T09:19:59.618+0000] {processor.py:756} INFO - Processing file /home/airflow/.local/lib/python3.7/site-packages/airflow/example_dags/example_branch_datetime_operator.py for tasks to queue
[2023-08-30T09:19:59.619+0000] {logging_mixin.py:120} INFO - [2023-08-30T09:19:59.619+0000] {dagbag.py:537} INFO - Filling up the DagBag from /home/airflow/.local/lib/python3.7/site-packages/airflow/example_dags/example_branch_datetime_operator.py
[2023-08-30T09:19:59.634+0000] {processor.py:766} INFO - DAG(s) dict_keys(['example_branch_datetime_operator_3', 'example_branch_datetime_operator_2', 'example_branch_datetime_operator']) retrieved from /home/airflow/.local/lib/python3.7/site-packages/airflow/example_dags/example_branch_datetime_operator.py
[2023-08-30T09:19:59.676+0000] {logging_mixin.py:120} INFO - [2023-08-30T09:19:59.675+0000] {dag.py:2585} INFO - Sync 3 DAGs
[2023-08-30T09:19:59.700+0000] {logging_mixin.py:120} INFO - [2023-08-30T09:19:59.700+0000] {dag.py:3340} INFO - Setting next_dagrun for example_branch_datetime_operator to 2023-08-29T00:00:00+00:00, run_after=2023-08-30T00:00:00+00:00
[2023-08-30T09:19:59.704+0000] {logging_mixin.py:120} INFO - [2023-08-30T09:19:59.704+0000] {dag.py:3340} INFO - Setting next_dagrun for example_branch_datetime_operator_2 to 2023-08-29T00:00:00+00:00, run_after=2023-08-30T00:00:00+00:00
[2023-08-30T09:19:59.707+0000] {logging_mixin.py:120} INFO - [2023-08-30T09:19:59.707+0000] {dag.py:3340} INFO - Setting next_dagrun for example_branch_datetime_operator_3 to 2023-08-29T00:00:00+00:00, run_after=2023-08-30T00:00:00+00:00
[2023-08-30T09:19:59.723+0000] {processor.py:176} INFO - Processing /home/airflow/.local/lib/python3.7/site-packages/airflow/example_dags/example_branch_datetime_operator.py took 0.108 seconds
[2023-08-30T09:20:30.805+0000] {processor.py:154} INFO - Started process (PID=264) to work on /home/airflow/.local/lib/python3.7/site-packages/airflow/example_dags/example_branch_datetime_operator.py
[2023-08-30T09:20:30.806+0000] {processor.py:756} INFO - Processing file /home/airflow/.local/lib/python3.7/site-packages/airflow/example_dags/example_branch_datetime_operator.py for tasks to queue
[2023-08-30T09:20:30.806+0000] {logging_mixin.py:120} INFO - [2023-08-30T09:20:30.806+0000] {dagbag.py:537} INFO - Filling up the DagBag from /home/airflow/.local/lib/python3.7/site-packages/airflow/example_dags/example_branch_datetime_operator.py
[2023-08-30T09:20:30.822+0000] {processor.py:766} INFO - DAG(s) dict_keys(['example_branch_datetime_operator_2', 'example_branch_datetime_operator_3', 'example_branch_datetime_operator']) retrieved from /home/airflow/.local/lib/python3.7/site-packages/airflow/example_dags/example_branch_datetime_operator.py
[2023-08-30T09:20:30.862+0000] {logging_mixin.py:120} INFO - [2023-08-30T09:20:30.862+0000] {dag.py:2585} INFO - Sync 3 DAGs
[2023-08-30T09:20:30.886+0000] {logging_mixin.py:120} INFO - [2023-08-30T09:20:30.885+0000] {dag.py:3340} INFO - Setting next_dagrun for example_branch_datetime_operator to 2023-08-29T00:00:00+00:00, run_after=2023-08-30T00:00:00+00:00
[2023-08-30T09:20:30.890+0000] {logging_mixin.py:120} INFO - [2023-08-30T09:20:30.890+0000] {dag.py:3340} INFO - Setting next_dagrun for example_branch_datetime_operator_2 to 2023-08-29T00:00:00+00:00, run_after=2023-08-30T00:00:00+00:00
[2023-08-30T09:20:30.892+0000] {logging_mixin.py:120} INFO - [2023-08-30T09:20:30.892+0000] {dag.py:3340} INFO - Setting next_dagrun for example_branch_datetime_operator_3 to 2023-08-29T00:00:00+00:00, run_after=2023-08-30T00:00:00+00:00
[2023-08-30T09:20:30.908+0000] {processor.py:176} INFO - Processing /home/airflow/.local/lib/python3.7/site-packages/airflow/example_dags/example_branch_datetime_operator.py took 0.105 seconds
[2023-08-30T09:21:01.703+0000] {processor.py:154} INFO - Started process (PID=320) to work on /home/airflow/.local/lib/python3.7/site-packages/airflow/example_dags/example_branch_datetime_operator.py
[2023-08-30T09:21:01.704+0000] {processor.py:756} INFO - Processing file /home/airflow/.local/lib/python3.7/site-packages/airflow/example_dags/example_branch_datetime_operator.py for tasks to queue
[2023-08-30T09:21:01.704+0000] {logging_mixin.py:120} INFO - [2023-08-30T09:21:01.704+0000] {dagbag.py:537} INFO - Filling up the DagBag from /home/airflow/.local/lib/python3.7/site-packages/airflow/example_dags/example_branch_datetime_operator.py
[2023-08-30T09:21:01.720+0000] {processor.py:766} INFO - DAG(s) dict_keys(['example_branch_datetime_operator_2', 'example_branch_datetime_operator_3', 'example_branch_datetime_operator']) retrieved from /home/airflow/.local/lib/python3.7/site-packages/airflow/example_dags/example_branch_datetime_operator.py
[2023-08-30T09:21:01.760+0000] {logging_mixin.py:120} INFO - [2023-08-30T09:21:01.760+0000] {dag.py:2585} INFO - Sync 3 DAGs
[2023-08-30T09:21:01.783+0000] {logging_mixin.py:120} INFO - [2023-08-30T09:21:01.783+0000] {dag.py:3340} INFO - Setting next_dagrun for example_branch_datetime_operator to 2023-08-29T00:00:00+00:00, run_after=2023-08-30T00:00:00+00:00
[2023-08-30T09:21:01.788+0000] {logging_mixin.py:120} INFO - [2023-08-30T09:21:01.788+0000] {dag.py:3340} INFO - Setting next_dagrun for example_branch_datetime_operator_2 to 2023-08-29T00:00:00+00:00, run_after=2023-08-30T00:00:00+00:00
[2023-08-30T09:21:01.791+0000] {logging_mixin.py:120} INFO - [2023-08-30T09:21:01.791+0000] {dag.py:3340} INFO - Setting next_dagrun for example_branch_datetime_operator_3 to 2023-08-29T00:00:00+00:00, run_after=2023-08-30T00:00:00+00:00
[2023-08-30T09:21:01.807+0000] {processor.py:176} INFO - Processing /home/airflow/.local/lib/python3.7/site-packages/airflow/example_dags/example_branch_datetime_operator.py took 0.106 seconds
[2023-08-30T09:21:32.396+0000] {processor.py:154} INFO - Started process (PID=385) to work on /home/airflow/.local/lib/python3.7/site-packages/airflow/example_dags/example_branch_datetime_operator.py
[2023-08-30T09:21:32.397+0000] {processor.py:756} INFO - Processing file /home/airflow/.local/lib/python3.7/site-packages/airflow/example_dags/example_branch_datetime_operator.py for tasks to queue
[2023-08-30T09:21:32.397+0000] {logging_mixin.py:120} INFO - [2023-08-30T09:21:32.397+0000] {dagbag.py:537} INFO - Filling up the DagBag from /home/airflow/.local/lib/python3.7/site-packages/airflow/example_dags/example_branch_datetime_operator.py
[2023-08-30T09:21:32.414+0000] {processor.py:766} INFO - DAG(s) dict_keys(['example_branch_datetime_operator_3', 'example_branch_datetime_operator', 'example_branch_datetime_operator_2']) retrieved from /home/airflow/.local/lib/python3.7/site-packages/airflow/example_dags/example_branch_datetime_operator.py
[2023-08-30T09:21:32.454+0000] {logging_mixin.py:120} INFO - [2023-08-30T09:21:32.454+0000] {dag.py:2585} INFO - Sync 3 DAGs
[2023-08-30T09:21:32.479+0000] {logging_mixin.py:120} INFO - [2023-08-30T09:21:32.479+0000] {dag.py:3340} INFO - Setting next_dagrun for example_branch_datetime_operator to 2023-08-29T00:00:00+00:00, run_after=2023-08-30T00:00:00+00:00
[2023-08-30T09:21:32.483+0000] {logging_mixin.py:120} INFO - [2023-08-30T09:21:32.483+0000] {dag.py:3340} INFO - Setting next_dagrun for example_branch_datetime_operator_2 to 2023-08-29T00:00:00+00:00, run_after=2023-08-30T00:00:00+00:00
[2023-08-30T09:21:32.485+0000] {logging_mixin.py:120} INFO - [2023-08-30T09:21:32.485+0000] {dag.py:3340} INFO - Setting next_dagrun for example_branch_datetime_operator_3 to 2023-08-29T00:00:00+00:00, run_after=2023-08-30T00:00:00+00:00
[2023-08-30T09:21:32.500+0000] {processor.py:176} INFO - Processing /home/airflow/.local/lib/python3.7/site-packages/airflow/example_dags/example_branch_datetime_operator.py took 0.106 seconds
