[2023-08-30T09:07:56.427+0000] {processor.py:154} INFO - Started process (PID=60) to work on /home/airflow/.local/lib/python3.7/site-packages/airflow/example_dags/example_kubernetes_executor.py
[2023-08-30T09:07:56.427+0000] {processor.py:756} INFO - Processing file /home/airflow/.local/lib/python3.7/site-packages/airflow/example_dags/example_kubernetes_executor.py for tasks to queue
[2023-08-30T09:07:56.429+0000] {logging_mixin.py:120} INFO - [2023-08-30T09:07:56.428+0000] {dagbag.py:537} INFO - Filling up the DagBag from /home/airflow/.local/lib/python3.7/site-packages/airflow/example_dags/example_kubernetes_executor.py
[2023-08-30T09:07:56.476+0000] {processor.py:766} INFO - DAG(s) dict_keys(['example_kubernetes_executor']) retrieved from /home/airflow/.local/lib/python3.7/site-packages/airflow/example_dags/example_kubernetes_executor.py
[2023-08-30T09:07:56.596+0000] {logging_mixin.py:120} INFO - [2023-08-30T09:07:56.596+0000] {dag.py:2585} INFO - Sync 1 DAGs
[2023-08-30T09:07:56.627+0000] {logging_mixin.py:120} INFO - [2023-08-30T09:07:56.627+0000] {dag.py:3340} INFO - Setting next_dagrun for example_kubernetes_executor to None, run_after=None
[2023-08-30T09:07:56.660+0000] {processor.py:176} INFO - Processing /home/airflow/.local/lib/python3.7/site-packages/airflow/example_dags/example_kubernetes_executor.py took 0.238 seconds
[2023-08-30T09:08:26.828+0000] {processor.py:154} INFO - Started process (PID=114) to work on /home/airflow/.local/lib/python3.7/site-packages/airflow/example_dags/example_kubernetes_executor.py
[2023-08-30T09:08:26.829+0000] {processor.py:756} INFO - Processing file /home/airflow/.local/lib/python3.7/site-packages/airflow/example_dags/example_kubernetes_executor.py for tasks to queue
[2023-08-30T09:08:26.830+0000] {logging_mixin.py:120} INFO - [2023-08-30T09:08:26.829+0000] {dagbag.py:537} INFO - Filling up the DagBag from /home/airflow/.local/lib/python3.7/site-packages/airflow/example_dags/example_kubernetes_executor.py
[2023-08-30T09:08:26.860+0000] {processor.py:766} INFO - DAG(s) dict_keys(['example_kubernetes_executor']) retrieved from /home/airflow/.local/lib/python3.7/site-packages/airflow/example_dags/example_kubernetes_executor.py
[2023-08-30T09:08:26.898+0000] {logging_mixin.py:120} INFO - [2023-08-30T09:08:26.898+0000] {dag.py:2585} INFO - Sync 1 DAGs
[2023-08-30T09:08:26.922+0000] {logging_mixin.py:120} INFO - [2023-08-30T09:08:26.922+0000] {dag.py:3340} INFO - Setting next_dagrun for example_kubernetes_executor to None, run_after=None
[2023-08-30T09:08:26.940+0000] {processor.py:176} INFO - Processing /home/airflow/.local/lib/python3.7/site-packages/airflow/example_dags/example_kubernetes_executor.py took 0.114 seconds
[2023-08-30T09:08:56.957+0000] {processor.py:154} INFO - Started process (PID=180) to work on /home/airflow/.local/lib/python3.7/site-packages/airflow/example_dags/example_kubernetes_executor.py
[2023-08-30T09:08:56.958+0000] {processor.py:756} INFO - Processing file /home/airflow/.local/lib/python3.7/site-packages/airflow/example_dags/example_kubernetes_executor.py for tasks to queue
[2023-08-30T09:08:56.958+0000] {logging_mixin.py:120} INFO - [2023-08-30T09:08:56.958+0000] {dagbag.py:537} INFO - Filling up the DagBag from /home/airflow/.local/lib/python3.7/site-packages/airflow/example_dags/example_kubernetes_executor.py
[2023-08-30T09:08:56.985+0000] {processor.py:766} INFO - DAG(s) dict_keys(['example_kubernetes_executor']) retrieved from /home/airflow/.local/lib/python3.7/site-packages/airflow/example_dags/example_kubernetes_executor.py
[2023-08-30T09:08:57.024+0000] {logging_mixin.py:120} INFO - [2023-08-30T09:08:57.024+0000] {dag.py:2585} INFO - Sync 1 DAGs
[2023-08-30T09:08:57.047+0000] {logging_mixin.py:120} INFO - [2023-08-30T09:08:57.047+0000] {dag.py:3340} INFO - Setting next_dagrun for example_kubernetes_executor to None, run_after=None
[2023-08-30T09:08:57.064+0000] {processor.py:176} INFO - Processing /home/airflow/.local/lib/python3.7/site-packages/airflow/example_dags/example_kubernetes_executor.py took 0.110 seconds
[2023-08-30T09:09:27.882+0000] {processor.py:154} INFO - Started process (PID=245) to work on /home/airflow/.local/lib/python3.7/site-packages/airflow/example_dags/example_kubernetes_executor.py
[2023-08-30T09:09:27.883+0000] {processor.py:756} INFO - Processing file /home/airflow/.local/lib/python3.7/site-packages/airflow/example_dags/example_kubernetes_executor.py for tasks to queue
[2023-08-30T09:09:27.884+0000] {logging_mixin.py:120} INFO - [2023-08-30T09:09:27.884+0000] {dagbag.py:537} INFO - Filling up the DagBag from /home/airflow/.local/lib/python3.7/site-packages/airflow/example_dags/example_kubernetes_executor.py
[2023-08-30T09:09:27.921+0000] {processor.py:766} INFO - DAG(s) dict_keys(['example_kubernetes_executor']) retrieved from /home/airflow/.local/lib/python3.7/site-packages/airflow/example_dags/example_kubernetes_executor.py
[2023-08-30T09:09:27.975+0000] {logging_mixin.py:120} INFO - [2023-08-30T09:09:27.975+0000] {dag.py:2585} INFO - Sync 1 DAGs
[2023-08-30T09:09:28.010+0000] {logging_mixin.py:120} INFO - [2023-08-30T09:09:28.010+0000] {dag.py:3340} INFO - Setting next_dagrun for example_kubernetes_executor to None, run_after=None
[2023-08-30T09:09:28.036+0000] {processor.py:176} INFO - Processing /home/airflow/.local/lib/python3.7/site-packages/airflow/example_dags/example_kubernetes_executor.py took 0.157 seconds
[2023-08-30T09:09:58.146+0000] {processor.py:154} INFO - Started process (PID=301) to work on /home/airflow/.local/lib/python3.7/site-packages/airflow/example_dags/example_kubernetes_executor.py
[2023-08-30T09:09:58.146+0000] {processor.py:756} INFO - Processing file /home/airflow/.local/lib/python3.7/site-packages/airflow/example_dags/example_kubernetes_executor.py for tasks to queue
[2023-08-30T09:09:58.147+0000] {logging_mixin.py:120} INFO - [2023-08-30T09:09:58.147+0000] {dagbag.py:537} INFO - Filling up the DagBag from /home/airflow/.local/lib/python3.7/site-packages/airflow/example_dags/example_kubernetes_executor.py
[2023-08-30T09:09:58.172+0000] {processor.py:766} INFO - DAG(s) dict_keys(['example_kubernetes_executor']) retrieved from /home/airflow/.local/lib/python3.7/site-packages/airflow/example_dags/example_kubernetes_executor.py
[2023-08-30T09:09:58.207+0000] {logging_mixin.py:120} INFO - [2023-08-30T09:09:58.207+0000] {dag.py:2585} INFO - Sync 1 DAGs
[2023-08-30T09:09:58.230+0000] {logging_mixin.py:120} INFO - [2023-08-30T09:09:58.230+0000] {dag.py:3340} INFO - Setting next_dagrun for example_kubernetes_executor to None, run_after=None
[2023-08-30T09:09:58.248+0000] {processor.py:176} INFO - Processing /home/airflow/.local/lib/python3.7/site-packages/airflow/example_dags/example_kubernetes_executor.py took 0.105 seconds
[2023-08-30T09:10:28.775+0000] {processor.py:154} INFO - Started process (PID=366) to work on /home/airflow/.local/lib/python3.7/site-packages/airflow/example_dags/example_kubernetes_executor.py
[2023-08-30T09:10:28.776+0000] {processor.py:756} INFO - Processing file /home/airflow/.local/lib/python3.7/site-packages/airflow/example_dags/example_kubernetes_executor.py for tasks to queue
[2023-08-30T09:10:28.776+0000] {logging_mixin.py:120} INFO - [2023-08-30T09:10:28.776+0000] {dagbag.py:537} INFO - Filling up the DagBag from /home/airflow/.local/lib/python3.7/site-packages/airflow/example_dags/example_kubernetes_executor.py
[2023-08-30T09:10:28.800+0000] {processor.py:766} INFO - DAG(s) dict_keys(['example_kubernetes_executor']) retrieved from /home/airflow/.local/lib/python3.7/site-packages/airflow/example_dags/example_kubernetes_executor.py
[2023-08-30T09:10:28.834+0000] {logging_mixin.py:120} INFO - [2023-08-30T09:10:28.834+0000] {dag.py:2585} INFO - Sync 1 DAGs
[2023-08-30T09:10:28.858+0000] {logging_mixin.py:120} INFO - [2023-08-30T09:10:28.857+0000] {dag.py:3340} INFO - Setting next_dagrun for example_kubernetes_executor to None, run_after=None
[2023-08-30T09:10:28.874+0000] {processor.py:176} INFO - Processing /home/airflow/.local/lib/python3.7/site-packages/airflow/example_dags/example_kubernetes_executor.py took 0.102 seconds
[2023-08-30T09:10:59.675+0000] {processor.py:154} INFO - Started process (PID=431) to work on /home/airflow/.local/lib/python3.7/site-packages/airflow/example_dags/example_kubernetes_executor.py
[2023-08-30T09:10:59.676+0000] {processor.py:756} INFO - Processing file /home/airflow/.local/lib/python3.7/site-packages/airflow/example_dags/example_kubernetes_executor.py for tasks to queue
[2023-08-30T09:10:59.676+0000] {logging_mixin.py:120} INFO - [2023-08-30T09:10:59.676+0000] {dagbag.py:537} INFO - Filling up the DagBag from /home/airflow/.local/lib/python3.7/site-packages/airflow/example_dags/example_kubernetes_executor.py
[2023-08-30T09:10:59.707+0000] {processor.py:766} INFO - DAG(s) dict_keys(['example_kubernetes_executor']) retrieved from /home/airflow/.local/lib/python3.7/site-packages/airflow/example_dags/example_kubernetes_executor.py
[2023-08-30T09:10:59.746+0000] {logging_mixin.py:120} INFO - [2023-08-30T09:10:59.746+0000] {dag.py:2585} INFO - Sync 1 DAGs
[2023-08-30T09:10:59.771+0000] {logging_mixin.py:120} INFO - [2023-08-30T09:10:59.771+0000] {dag.py:3340} INFO - Setting next_dagrun for example_kubernetes_executor to None, run_after=None
[2023-08-30T09:10:59.790+0000] {processor.py:176} INFO - Processing /home/airflow/.local/lib/python3.7/site-packages/airflow/example_dags/example_kubernetes_executor.py took 0.119 seconds
[2023-08-30T09:11:30.564+0000] {processor.py:154} INFO - Started process (PID=496) to work on /home/airflow/.local/lib/python3.7/site-packages/airflow/example_dags/example_kubernetes_executor.py
[2023-08-30T09:11:30.565+0000] {processor.py:756} INFO - Processing file /home/airflow/.local/lib/python3.7/site-packages/airflow/example_dags/example_kubernetes_executor.py for tasks to queue
[2023-08-30T09:11:30.566+0000] {logging_mixin.py:120} INFO - [2023-08-30T09:11:30.565+0000] {dagbag.py:537} INFO - Filling up the DagBag from /home/airflow/.local/lib/python3.7/site-packages/airflow/example_dags/example_kubernetes_executor.py
[2023-08-30T09:11:30.590+0000] {processor.py:766} INFO - DAG(s) dict_keys(['example_kubernetes_executor']) retrieved from /home/airflow/.local/lib/python3.7/site-packages/airflow/example_dags/example_kubernetes_executor.py
[2023-08-30T09:11:30.626+0000] {logging_mixin.py:120} INFO - [2023-08-30T09:11:30.626+0000] {dag.py:2585} INFO - Sync 1 DAGs
[2023-08-30T09:11:30.647+0000] {logging_mixin.py:120} INFO - [2023-08-30T09:11:30.647+0000] {dag.py:3340} INFO - Setting next_dagrun for example_kubernetes_executor to None, run_after=None
[2023-08-30T09:11:30.664+0000] {processor.py:176} INFO - Processing /home/airflow/.local/lib/python3.7/site-packages/airflow/example_dags/example_kubernetes_executor.py took 0.102 seconds
[2023-08-30T09:12:01.197+0000] {processor.py:154} INFO - Started process (PID=552) to work on /home/airflow/.local/lib/python3.7/site-packages/airflow/example_dags/example_kubernetes_executor.py
[2023-08-30T09:12:01.198+0000] {processor.py:756} INFO - Processing file /home/airflow/.local/lib/python3.7/site-packages/airflow/example_dags/example_kubernetes_executor.py for tasks to queue
[2023-08-30T09:12:01.198+0000] {logging_mixin.py:120} INFO - [2023-08-30T09:12:01.198+0000] {dagbag.py:537} INFO - Filling up the DagBag from /home/airflow/.local/lib/python3.7/site-packages/airflow/example_dags/example_kubernetes_executor.py
[2023-08-30T09:12:01.225+0000] {processor.py:766} INFO - DAG(s) dict_keys(['example_kubernetes_executor']) retrieved from /home/airflow/.local/lib/python3.7/site-packages/airflow/example_dags/example_kubernetes_executor.py
[2023-08-30T09:12:01.261+0000] {logging_mixin.py:120} INFO - [2023-08-30T09:12:01.261+0000] {dag.py:2585} INFO - Sync 1 DAGs
[2023-08-30T09:12:01.283+0000] {logging_mixin.py:120} INFO - [2023-08-30T09:12:01.283+0000] {dag.py:3340} INFO - Setting next_dagrun for example_kubernetes_executor to None, run_after=None
[2023-08-30T09:12:01.301+0000] {processor.py:176} INFO - Processing /home/airflow/.local/lib/python3.7/site-packages/airflow/example_dags/example_kubernetes_executor.py took 0.108 seconds
[2023-08-30T09:18:56.522+0000] {processor.py:154} INFO - Started process (PID=46) to work on /home/airflow/.local/lib/python3.7/site-packages/airflow/example_dags/example_kubernetes_executor.py
[2023-08-30T09:18:56.523+0000] {processor.py:756} INFO - Processing file /home/airflow/.local/lib/python3.7/site-packages/airflow/example_dags/example_kubernetes_executor.py for tasks to queue
[2023-08-30T09:18:56.524+0000] {logging_mixin.py:120} INFO - [2023-08-30T09:18:56.524+0000] {dagbag.py:537} INFO - Filling up the DagBag from /home/airflow/.local/lib/python3.7/site-packages/airflow/example_dags/example_kubernetes_executor.py
[2023-08-30T09:18:56.551+0000] {processor.py:766} INFO - DAG(s) dict_keys(['example_kubernetes_executor']) retrieved from /home/airflow/.local/lib/python3.7/site-packages/airflow/example_dags/example_kubernetes_executor.py
[2023-08-30T09:18:56.591+0000] {logging_mixin.py:120} INFO - [2023-08-30T09:18:56.591+0000] {dag.py:2585} INFO - Sync 1 DAGs
[2023-08-30T09:18:56.616+0000] {logging_mixin.py:120} INFO - [2023-08-30T09:18:56.615+0000] {dag.py:3340} INFO - Setting next_dagrun for example_kubernetes_executor to None, run_after=None
[2023-08-30T09:18:56.637+0000] {processor.py:176} INFO - Processing /home/airflow/.local/lib/python3.7/site-packages/airflow/example_dags/example_kubernetes_executor.py took 0.117 seconds
[2023-08-30T09:19:26.856+0000] {processor.py:154} INFO - Started process (PID=109) to work on /home/airflow/.local/lib/python3.7/site-packages/airflow/example_dags/example_kubernetes_executor.py
[2023-08-30T09:19:26.857+0000] {processor.py:756} INFO - Processing file /home/airflow/.local/lib/python3.7/site-packages/airflow/example_dags/example_kubernetes_executor.py for tasks to queue
[2023-08-30T09:19:26.857+0000] {logging_mixin.py:120} INFO - [2023-08-30T09:19:26.857+0000] {dagbag.py:537} INFO - Filling up the DagBag from /home/airflow/.local/lib/python3.7/site-packages/airflow/example_dags/example_kubernetes_executor.py
[2023-08-30T09:19:26.883+0000] {processor.py:766} INFO - DAG(s) dict_keys(['example_kubernetes_executor']) retrieved from /home/airflow/.local/lib/python3.7/site-packages/airflow/example_dags/example_kubernetes_executor.py
[2023-08-30T09:19:26.919+0000] {logging_mixin.py:120} INFO - [2023-08-30T09:19:26.919+0000] {dag.py:2585} INFO - Sync 1 DAGs
[2023-08-30T09:19:26.940+0000] {logging_mixin.py:120} INFO - [2023-08-30T09:19:26.940+0000] {dag.py:3340} INFO - Setting next_dagrun for example_kubernetes_executor to None, run_after=None
[2023-08-30T09:19:26.957+0000] {processor.py:176} INFO - Processing /home/airflow/.local/lib/python3.7/site-packages/airflow/example_dags/example_kubernetes_executor.py took 0.104 seconds
[2023-08-30T09:19:57.104+0000] {processor.py:154} INFO - Started process (PID=176) to work on /home/airflow/.local/lib/python3.7/site-packages/airflow/example_dags/example_kubernetes_executor.py
[2023-08-30T09:19:57.105+0000] {processor.py:756} INFO - Processing file /home/airflow/.local/lib/python3.7/site-packages/airflow/example_dags/example_kubernetes_executor.py for tasks to queue
[2023-08-30T09:19:57.105+0000] {logging_mixin.py:120} INFO - [2023-08-30T09:19:57.105+0000] {dagbag.py:537} INFO - Filling up the DagBag from /home/airflow/.local/lib/python3.7/site-packages/airflow/example_dags/example_kubernetes_executor.py
[2023-08-30T09:19:57.132+0000] {processor.py:766} INFO - DAG(s) dict_keys(['example_kubernetes_executor']) retrieved from /home/airflow/.local/lib/python3.7/site-packages/airflow/example_dags/example_kubernetes_executor.py
[2023-08-30T09:19:57.169+0000] {logging_mixin.py:120} INFO - [2023-08-30T09:19:57.169+0000] {dag.py:2585} INFO - Sync 1 DAGs
[2023-08-30T09:19:57.192+0000] {logging_mixin.py:120} INFO - [2023-08-30T09:19:57.192+0000] {dag.py:3340} INFO - Setting next_dagrun for example_kubernetes_executor to None, run_after=None
[2023-08-30T09:19:57.211+0000] {processor.py:176} INFO - Processing /home/airflow/.local/lib/python3.7/site-packages/airflow/example_dags/example_kubernetes_executor.py took 0.109 seconds
[2023-08-30T09:20:28.083+0000] {processor.py:154} INFO - Started process (PID=232) to work on /home/airflow/.local/lib/python3.7/site-packages/airflow/example_dags/example_kubernetes_executor.py
[2023-08-30T09:20:28.084+0000] {processor.py:756} INFO - Processing file /home/airflow/.local/lib/python3.7/site-packages/airflow/example_dags/example_kubernetes_executor.py for tasks to queue
[2023-08-30T09:20:28.085+0000] {logging_mixin.py:120} INFO - [2023-08-30T09:20:28.084+0000] {dagbag.py:537} INFO - Filling up the DagBag from /home/airflow/.local/lib/python3.7/site-packages/airflow/example_dags/example_kubernetes_executor.py
[2023-08-30T09:20:28.110+0000] {processor.py:766} INFO - DAG(s) dict_keys(['example_kubernetes_executor']) retrieved from /home/airflow/.local/lib/python3.7/site-packages/airflow/example_dags/example_kubernetes_executor.py
[2023-08-30T09:20:28.145+0000] {logging_mixin.py:120} INFO - [2023-08-30T09:20:28.145+0000] {dag.py:2585} INFO - Sync 1 DAGs
[2023-08-30T09:20:28.167+0000] {logging_mixin.py:120} INFO - [2023-08-30T09:20:28.167+0000] {dag.py:3340} INFO - Setting next_dagrun for example_kubernetes_executor to None, run_after=None
[2023-08-30T09:20:28.185+0000] {processor.py:176} INFO - Processing /home/airflow/.local/lib/python3.7/site-packages/airflow/example_dags/example_kubernetes_executor.py took 0.104 seconds
[2023-08-30T09:20:59.079+0000] {processor.py:154} INFO - Started process (PID=297) to work on /home/airflow/.local/lib/python3.7/site-packages/airflow/example_dags/example_kubernetes_executor.py
[2023-08-30T09:20:59.080+0000] {processor.py:756} INFO - Processing file /home/airflow/.local/lib/python3.7/site-packages/airflow/example_dags/example_kubernetes_executor.py for tasks to queue
[2023-08-30T09:20:59.080+0000] {logging_mixin.py:120} INFO - [2023-08-30T09:20:59.080+0000] {dagbag.py:537} INFO - Filling up the DagBag from /home/airflow/.local/lib/python3.7/site-packages/airflow/example_dags/example_kubernetes_executor.py
[2023-08-30T09:20:59.105+0000] {processor.py:766} INFO - DAG(s) dict_keys(['example_kubernetes_executor']) retrieved from /home/airflow/.local/lib/python3.7/site-packages/airflow/example_dags/example_kubernetes_executor.py
[2023-08-30T09:20:59.140+0000] {logging_mixin.py:120} INFO - [2023-08-30T09:20:59.139+0000] {dag.py:2585} INFO - Sync 1 DAGs
[2023-08-30T09:20:59.162+0000] {logging_mixin.py:120} INFO - [2023-08-30T09:20:59.162+0000] {dag.py:3340} INFO - Setting next_dagrun for example_kubernetes_executor to None, run_after=None
[2023-08-30T09:20:59.179+0000] {processor.py:176} INFO - Processing /home/airflow/.local/lib/python3.7/site-packages/airflow/example_dags/example_kubernetes_executor.py took 0.103 seconds
[2023-08-30T09:21:29.802+0000] {processor.py:154} INFO - Started process (PID=362) to work on /home/airflow/.local/lib/python3.7/site-packages/airflow/example_dags/example_kubernetes_executor.py
[2023-08-30T09:21:29.803+0000] {processor.py:756} INFO - Processing file /home/airflow/.local/lib/python3.7/site-packages/airflow/example_dags/example_kubernetes_executor.py for tasks to queue
[2023-08-30T09:21:29.804+0000] {logging_mixin.py:120} INFO - [2023-08-30T09:21:29.804+0000] {dagbag.py:537} INFO - Filling up the DagBag from /home/airflow/.local/lib/python3.7/site-packages/airflow/example_dags/example_kubernetes_executor.py
[2023-08-30T09:21:29.828+0000] {processor.py:766} INFO - DAG(s) dict_keys(['example_kubernetes_executor']) retrieved from /home/airflow/.local/lib/python3.7/site-packages/airflow/example_dags/example_kubernetes_executor.py
[2023-08-30T09:21:29.865+0000] {logging_mixin.py:120} INFO - [2023-08-30T09:21:29.865+0000] {dag.py:2585} INFO - Sync 1 DAGs
[2023-08-30T09:21:29.889+0000] {logging_mixin.py:120} INFO - [2023-08-30T09:21:29.889+0000] {dag.py:3340} INFO - Setting next_dagrun for example_kubernetes_executor to None, run_after=None
[2023-08-30T09:21:29.906+0000] {processor.py:176} INFO - Processing /home/airflow/.local/lib/python3.7/site-packages/airflow/example_dags/example_kubernetes_executor.py took 0.106 seconds
