[2023-08-30T09:07:59.100+0000] {processor.py:154} INFO - Started process (PID=82) to work on /home/airflow/.local/lib/python3.7/site-packages/airflow/example_dags/example_task_group_decorator.py
[2023-08-30T09:07:59.102+0000] {processor.py:756} INFO - Processing file /home/airflow/.local/lib/python3.7/site-packages/airflow/example_dags/example_task_group_decorator.py for tasks to queue
[2023-08-30T09:07:59.102+0000] {logging_mixin.py:120} INFO - [2023-08-30T09:07:59.102+0000] {dagbag.py:537} INFO - Filling up the DagBag from /home/airflow/.local/lib/python3.7/site-packages/airflow/example_dags/example_task_group_decorator.py
[2023-08-30T09:07:59.138+0000] {processor.py:766} INFO - DAG(s) dict_keys(['example_task_group_decorator']) retrieved from /home/airflow/.local/lib/python3.7/site-packages/airflow/example_dags/example_task_group_decorator.py
[2023-08-30T09:07:59.240+0000] {logging_mixin.py:120} INFO - [2023-08-30T09:07:59.240+0000] {dag.py:2585} INFO - Sync 1 DAGs
[2023-08-30T09:07:59.269+0000] {logging_mixin.py:120} INFO - [2023-08-30T09:07:59.269+0000] {dag.py:3340} INFO - Setting next_dagrun for example_task_group_decorator to 2023-08-29T09:07:59.269085+00:00, run_after=2023-08-30T09:07:59.269085+00:00
[2023-08-30T09:07:59.297+0000] {processor.py:176} INFO - Processing /home/airflow/.local/lib/python3.7/site-packages/airflow/example_dags/example_task_group_decorator.py took 0.200 seconds
[2023-08-30T09:08:29.833+0000] {processor.py:154} INFO - Started process (PID=147) to work on /home/airflow/.local/lib/python3.7/site-packages/airflow/example_dags/example_task_group_decorator.py
[2023-08-30T09:08:29.834+0000] {processor.py:756} INFO - Processing file /home/airflow/.local/lib/python3.7/site-packages/airflow/example_dags/example_task_group_decorator.py for tasks to queue
[2023-08-30T09:08:29.835+0000] {logging_mixin.py:120} INFO - [2023-08-30T09:08:29.835+0000] {dagbag.py:537} INFO - Filling up the DagBag from /home/airflow/.local/lib/python3.7/site-packages/airflow/example_dags/example_task_group_decorator.py
[2023-08-30T09:08:29.860+0000] {processor.py:766} INFO - DAG(s) dict_keys(['example_task_group_decorator']) retrieved from /home/airflow/.local/lib/python3.7/site-packages/airflow/example_dags/example_task_group_decorator.py
[2023-08-30T09:08:29.901+0000] {logging_mixin.py:120} INFO - [2023-08-30T09:08:29.901+0000] {dag.py:2585} INFO - Sync 1 DAGs
[2023-08-30T09:08:29.923+0000] {logging_mixin.py:120} INFO - [2023-08-30T09:08:29.923+0000] {dag.py:3340} INFO - Setting next_dagrun for example_task_group_decorator to 2023-08-29T09:08:29.923622+00:00, run_after=2023-08-30T09:08:29.923622+00:00
[2023-08-30T09:08:29.942+0000] {processor.py:176} INFO - Processing /home/airflow/.local/lib/python3.7/site-packages/airflow/example_dags/example_task_group_decorator.py took 0.113 seconds
[2023-08-30T09:09:00.546+0000] {processor.py:154} INFO - Started process (PID=203) to work on /home/airflow/.local/lib/python3.7/site-packages/airflow/example_dags/example_task_group_decorator.py
[2023-08-30T09:09:00.547+0000] {processor.py:756} INFO - Processing file /home/airflow/.local/lib/python3.7/site-packages/airflow/example_dags/example_task_group_decorator.py for tasks to queue
[2023-08-30T09:09:00.547+0000] {logging_mixin.py:120} INFO - [2023-08-30T09:09:00.547+0000] {dagbag.py:537} INFO - Filling up the DagBag from /home/airflow/.local/lib/python3.7/site-packages/airflow/example_dags/example_task_group_decorator.py
[2023-08-30T09:09:00.572+0000] {processor.py:766} INFO - DAG(s) dict_keys(['example_task_group_decorator']) retrieved from /home/airflow/.local/lib/python3.7/site-packages/airflow/example_dags/example_task_group_decorator.py
[2023-08-30T09:09:00.608+0000] {logging_mixin.py:120} INFO - [2023-08-30T09:09:00.608+0000] {dag.py:2585} INFO - Sync 1 DAGs
[2023-08-30T09:09:00.630+0000] {logging_mixin.py:120} INFO - [2023-08-30T09:09:00.630+0000] {dag.py:3340} INFO - Setting next_dagrun for example_task_group_decorator to 2023-08-29T09:09:00.630512+00:00, run_after=2023-08-30T09:09:00.630512+00:00
[2023-08-30T09:09:00.647+0000] {processor.py:176} INFO - Processing /home/airflow/.local/lib/python3.7/site-packages/airflow/example_dags/example_task_group_decorator.py took 0.104 seconds
[2023-08-30T09:09:30.919+0000] {processor.py:154} INFO - Started process (PID=268) to work on /home/airflow/.local/lib/python3.7/site-packages/airflow/example_dags/example_task_group_decorator.py
[2023-08-30T09:09:30.920+0000] {processor.py:756} INFO - Processing file /home/airflow/.local/lib/python3.7/site-packages/airflow/example_dags/example_task_group_decorator.py for tasks to queue
[2023-08-30T09:09:30.920+0000] {logging_mixin.py:120} INFO - [2023-08-30T09:09:30.920+0000] {dagbag.py:537} INFO - Filling up the DagBag from /home/airflow/.local/lib/python3.7/site-packages/airflow/example_dags/example_task_group_decorator.py
[2023-08-30T09:09:30.944+0000] {processor.py:766} INFO - DAG(s) dict_keys(['example_task_group_decorator']) retrieved from /home/airflow/.local/lib/python3.7/site-packages/airflow/example_dags/example_task_group_decorator.py
[2023-08-30T09:09:30.981+0000] {logging_mixin.py:120} INFO - [2023-08-30T09:09:30.981+0000] {dag.py:2585} INFO - Sync 1 DAGs
[2023-08-30T09:09:31.002+0000] {logging_mixin.py:120} INFO - [2023-08-30T09:09:31.002+0000] {dag.py:3340} INFO - Setting next_dagrun for example_task_group_decorator to 2023-08-29T09:09:31.002386+00:00, run_after=2023-08-30T09:09:31.002386+00:00
[2023-08-30T09:09:31.019+0000] {processor.py:176} INFO - Processing /home/airflow/.local/lib/python3.7/site-packages/airflow/example_dags/example_task_group_decorator.py took 0.103 seconds
[2023-08-30T09:10:01.725+0000] {processor.py:154} INFO - Started process (PID=334) to work on /home/airflow/.local/lib/python3.7/site-packages/airflow/example_dags/example_task_group_decorator.py
[2023-08-30T09:10:01.726+0000] {processor.py:756} INFO - Processing file /home/airflow/.local/lib/python3.7/site-packages/airflow/example_dags/example_task_group_decorator.py for tasks to queue
[2023-08-30T09:10:01.726+0000] {logging_mixin.py:120} INFO - [2023-08-30T09:10:01.726+0000] {dagbag.py:537} INFO - Filling up the DagBag from /home/airflow/.local/lib/python3.7/site-packages/airflow/example_dags/example_task_group_decorator.py
[2023-08-30T09:10:01.752+0000] {processor.py:766} INFO - DAG(s) dict_keys(['example_task_group_decorator']) retrieved from /home/airflow/.local/lib/python3.7/site-packages/airflow/example_dags/example_task_group_decorator.py
[2023-08-30T09:10:01.789+0000] {logging_mixin.py:120} INFO - [2023-08-30T09:10:01.789+0000] {dag.py:2585} INFO - Sync 1 DAGs
[2023-08-30T09:10:01.811+0000] {logging_mixin.py:120} INFO - [2023-08-30T09:10:01.811+0000] {dag.py:3340} INFO - Setting next_dagrun for example_task_group_decorator to 2023-08-29T09:10:01.811452+00:00, run_after=2023-08-30T09:10:01.811452+00:00
[2023-08-30T09:10:01.831+0000] {processor.py:176} INFO - Processing /home/airflow/.local/lib/python3.7/site-packages/airflow/example_dags/example_task_group_decorator.py took 0.108 seconds
[2023-08-30T09:10:32.386+0000] {processor.py:154} INFO - Started process (PID=390) to work on /home/airflow/.local/lib/python3.7/site-packages/airflow/example_dags/example_task_group_decorator.py
[2023-08-30T09:10:32.387+0000] {processor.py:756} INFO - Processing file /home/airflow/.local/lib/python3.7/site-packages/airflow/example_dags/example_task_group_decorator.py for tasks to queue
[2023-08-30T09:10:32.388+0000] {logging_mixin.py:120} INFO - [2023-08-30T09:10:32.387+0000] {dagbag.py:537} INFO - Filling up the DagBag from /home/airflow/.local/lib/python3.7/site-packages/airflow/example_dags/example_task_group_decorator.py
[2023-08-30T09:10:32.412+0000] {processor.py:766} INFO - DAG(s) dict_keys(['example_task_group_decorator']) retrieved from /home/airflow/.local/lib/python3.7/site-packages/airflow/example_dags/example_task_group_decorator.py
[2023-08-30T09:10:32.456+0000] {logging_mixin.py:120} INFO - [2023-08-30T09:10:32.456+0000] {dag.py:2585} INFO - Sync 1 DAGs
[2023-08-30T09:10:32.478+0000] {logging_mixin.py:120} INFO - [2023-08-30T09:10:32.478+0000] {dag.py:3340} INFO - Setting next_dagrun for example_task_group_decorator to 2023-08-29T09:10:32.478616+00:00, run_after=2023-08-30T09:10:32.478616+00:00
[2023-08-30T09:10:32.497+0000] {processor.py:176} INFO - Processing /home/airflow/.local/lib/python3.7/site-packages/airflow/example_dags/example_task_group_decorator.py took 0.113 seconds
[2023-08-30T09:11:03.468+0000] {processor.py:154} INFO - Started process (PID=455) to work on /home/airflow/.local/lib/python3.7/site-packages/airflow/example_dags/example_task_group_decorator.py
[2023-08-30T09:11:03.469+0000] {processor.py:756} INFO - Processing file /home/airflow/.local/lib/python3.7/site-packages/airflow/example_dags/example_task_group_decorator.py for tasks to queue
[2023-08-30T09:11:03.469+0000] {logging_mixin.py:120} INFO - [2023-08-30T09:11:03.469+0000] {dagbag.py:537} INFO - Filling up the DagBag from /home/airflow/.local/lib/python3.7/site-packages/airflow/example_dags/example_task_group_decorator.py
[2023-08-30T09:11:03.493+0000] {processor.py:766} INFO - DAG(s) dict_keys(['example_task_group_decorator']) retrieved from /home/airflow/.local/lib/python3.7/site-packages/airflow/example_dags/example_task_group_decorator.py
[2023-08-30T09:11:03.530+0000] {logging_mixin.py:120} INFO - [2023-08-30T09:11:03.530+0000] {dag.py:2585} INFO - Sync 1 DAGs
[2023-08-30T09:11:03.560+0000] {logging_mixin.py:120} INFO - [2023-08-30T09:11:03.559+0000] {dag.py:3340} INFO - Setting next_dagrun for example_task_group_decorator to 2023-08-29T09:11:03.559362+00:00, run_after=2023-08-30T09:11:03.559362+00:00
[2023-08-30T09:11:03.581+0000] {processor.py:176} INFO - Processing /home/airflow/.local/lib/python3.7/site-packages/airflow/example_dags/example_task_group_decorator.py took 0.115 seconds
[2023-08-30T09:11:34.129+0000] {processor.py:154} INFO - Started process (PID=520) to work on /home/airflow/.local/lib/python3.7/site-packages/airflow/example_dags/example_task_group_decorator.py
[2023-08-30T09:11:34.130+0000] {processor.py:756} INFO - Processing file /home/airflow/.local/lib/python3.7/site-packages/airflow/example_dags/example_task_group_decorator.py for tasks to queue
[2023-08-30T09:11:34.130+0000] {logging_mixin.py:120} INFO - [2023-08-30T09:11:34.130+0000] {dagbag.py:537} INFO - Filling up the DagBag from /home/airflow/.local/lib/python3.7/site-packages/airflow/example_dags/example_task_group_decorator.py
[2023-08-30T09:11:34.161+0000] {processor.py:766} INFO - DAG(s) dict_keys(['example_task_group_decorator']) retrieved from /home/airflow/.local/lib/python3.7/site-packages/airflow/example_dags/example_task_group_decorator.py
[2023-08-30T09:11:34.229+0000] {logging_mixin.py:120} INFO - [2023-08-30T09:11:34.229+0000] {dag.py:2585} INFO - Sync 1 DAGs
[2023-08-30T09:11:34.254+0000] {logging_mixin.py:120} INFO - [2023-08-30T09:11:34.254+0000] {dag.py:3340} INFO - Setting next_dagrun for example_task_group_decorator to 2023-08-29T09:11:34.254090+00:00, run_after=2023-08-30T09:11:34.254090+00:00
[2023-08-30T09:11:34.273+0000] {processor.py:176} INFO - Processing /home/airflow/.local/lib/python3.7/site-packages/airflow/example_dags/example_task_group_decorator.py took 0.147 seconds
[2023-08-30T09:12:04.933+0000] {processor.py:154} INFO - Started process (PID=585) to work on /home/airflow/.local/lib/python3.7/site-packages/airflow/example_dags/example_task_group_decorator.py
[2023-08-30T09:12:04.933+0000] {processor.py:756} INFO - Processing file /home/airflow/.local/lib/python3.7/site-packages/airflow/example_dags/example_task_group_decorator.py for tasks to queue
[2023-08-30T09:12:04.934+0000] {logging_mixin.py:120} INFO - [2023-08-30T09:12:04.934+0000] {dagbag.py:537} INFO - Filling up the DagBag from /home/airflow/.local/lib/python3.7/site-packages/airflow/example_dags/example_task_group_decorator.py
[2023-08-30T09:12:04.959+0000] {processor.py:766} INFO - DAG(s) dict_keys(['example_task_group_decorator']) retrieved from /home/airflow/.local/lib/python3.7/site-packages/airflow/example_dags/example_task_group_decorator.py
[2023-08-30T09:12:04.995+0000] {logging_mixin.py:120} INFO - [2023-08-30T09:12:04.995+0000] {dag.py:2585} INFO - Sync 1 DAGs
[2023-08-30T09:12:05.021+0000] {logging_mixin.py:120} INFO - [2023-08-30T09:12:05.021+0000] {dag.py:3340} INFO - Setting next_dagrun for example_task_group_decorator to 2023-08-29T09:12:05.021176+00:00, run_after=2023-08-30T09:12:05.021176+00:00
[2023-08-30T09:12:05.039+0000] {processor.py:176} INFO - Processing /home/airflow/.local/lib/python3.7/site-packages/airflow/example_dags/example_task_group_decorator.py took 0.109 seconds
[2023-08-30T09:18:58.381+0000] {processor.py:154} INFO - Started process (PID=68) to work on /home/airflow/.local/lib/python3.7/site-packages/airflow/example_dags/example_task_group_decorator.py
[2023-08-30T09:18:58.382+0000] {processor.py:756} INFO - Processing file /home/airflow/.local/lib/python3.7/site-packages/airflow/example_dags/example_task_group_decorator.py for tasks to queue
[2023-08-30T09:18:58.383+0000] {logging_mixin.py:120} INFO - [2023-08-30T09:18:58.383+0000] {dagbag.py:537} INFO - Filling up the DagBag from /home/airflow/.local/lib/python3.7/site-packages/airflow/example_dags/example_task_group_decorator.py
[2023-08-30T09:18:58.411+0000] {processor.py:766} INFO - DAG(s) dict_keys(['example_task_group_decorator']) retrieved from /home/airflow/.local/lib/python3.7/site-packages/airflow/example_dags/example_task_group_decorator.py
[2023-08-30T09:18:58.450+0000] {logging_mixin.py:120} INFO - [2023-08-30T09:18:58.450+0000] {dag.py:2585} INFO - Sync 1 DAGs
[2023-08-30T09:18:58.474+0000] {logging_mixin.py:120} INFO - [2023-08-30T09:18:58.474+0000] {dag.py:3340} INFO - Setting next_dagrun for example_task_group_decorator to 2023-08-29T09:18:58.474610+00:00, run_after=2023-08-30T09:18:58.474610+00:00
[2023-08-30T09:18:58.493+0000] {processor.py:176} INFO - Processing /home/airflow/.local/lib/python3.7/site-packages/airflow/example_dags/example_task_group_decorator.py took 0.115 seconds
[2023-08-30T09:19:28.901+0000] {processor.py:154} INFO - Started process (PID=133) to work on /home/airflow/.local/lib/python3.7/site-packages/airflow/example_dags/example_task_group_decorator.py
[2023-08-30T09:19:28.902+0000] {processor.py:756} INFO - Processing file /home/airflow/.local/lib/python3.7/site-packages/airflow/example_dags/example_task_group_decorator.py for tasks to queue
[2023-08-30T09:19:28.902+0000] {logging_mixin.py:120} INFO - [2023-08-30T09:19:28.902+0000] {dagbag.py:537} INFO - Filling up the DagBag from /home/airflow/.local/lib/python3.7/site-packages/airflow/example_dags/example_task_group_decorator.py
[2023-08-30T09:19:28.927+0000] {processor.py:766} INFO - DAG(s) dict_keys(['example_task_group_decorator']) retrieved from /home/airflow/.local/lib/python3.7/site-packages/airflow/example_dags/example_task_group_decorator.py
[2023-08-30T09:19:28.966+0000] {logging_mixin.py:120} INFO - [2023-08-30T09:19:28.966+0000] {dag.py:2585} INFO - Sync 1 DAGs
[2023-08-30T09:19:28.989+0000] {logging_mixin.py:120} INFO - [2023-08-30T09:19:28.989+0000] {dag.py:3340} INFO - Setting next_dagrun for example_task_group_decorator to 2023-08-29T09:19:28.989314+00:00, run_after=2023-08-30T09:19:28.989314+00:00
[2023-08-30T09:19:29.008+0000] {processor.py:176} INFO - Processing /home/airflow/.local/lib/python3.7/site-packages/airflow/example_dags/example_task_group_decorator.py took 0.111 seconds
[2023-08-30T09:19:59.703+0000] {processor.py:154} INFO - Started process (PID=200) to work on /home/airflow/.local/lib/python3.7/site-packages/airflow/example_dags/example_task_group_decorator.py
[2023-08-30T09:19:59.704+0000] {processor.py:756} INFO - Processing file /home/airflow/.local/lib/python3.7/site-packages/airflow/example_dags/example_task_group_decorator.py for tasks to queue
[2023-08-30T09:19:59.704+0000] {logging_mixin.py:120} INFO - [2023-08-30T09:19:59.704+0000] {dagbag.py:537} INFO - Filling up the DagBag from /home/airflow/.local/lib/python3.7/site-packages/airflow/example_dags/example_task_group_decorator.py
[2023-08-30T09:19:59.734+0000] {processor.py:766} INFO - DAG(s) dict_keys(['example_task_group_decorator']) retrieved from /home/airflow/.local/lib/python3.7/site-packages/airflow/example_dags/example_task_group_decorator.py
[2023-08-30T09:19:59.898+0000] {logging_mixin.py:120} INFO - [2023-08-30T09:19:59.898+0000] {dag.py:2585} INFO - Sync 1 DAGs
[2023-08-30T09:19:59.920+0000] {logging_mixin.py:120} INFO - [2023-08-30T09:19:59.919+0000] {dag.py:3340} INFO - Setting next_dagrun for example_task_group_decorator to 2023-08-29T09:19:59.919791+00:00, run_after=2023-08-30T09:19:59.919791+00:00
[2023-08-30T09:19:59.938+0000] {processor.py:176} INFO - Processing /home/airflow/.local/lib/python3.7/site-packages/airflow/example_dags/example_task_group_decorator.py took 0.238 seconds
[2023-08-30T09:20:30.923+0000] {processor.py:154} INFO - Started process (PID=265) to work on /home/airflow/.local/lib/python3.7/site-packages/airflow/example_dags/example_task_group_decorator.py
[2023-08-30T09:20:30.923+0000] {processor.py:756} INFO - Processing file /home/airflow/.local/lib/python3.7/site-packages/airflow/example_dags/example_task_group_decorator.py for tasks to queue
[2023-08-30T09:20:30.924+0000] {logging_mixin.py:120} INFO - [2023-08-30T09:20:30.924+0000] {dagbag.py:537} INFO - Filling up the DagBag from /home/airflow/.local/lib/python3.7/site-packages/airflow/example_dags/example_task_group_decorator.py
[2023-08-30T09:20:30.949+0000] {processor.py:766} INFO - DAG(s) dict_keys(['example_task_group_decorator']) retrieved from /home/airflow/.local/lib/python3.7/site-packages/airflow/example_dags/example_task_group_decorator.py
[2023-08-30T09:20:30.989+0000] {logging_mixin.py:120} INFO - [2023-08-30T09:20:30.989+0000] {dag.py:2585} INFO - Sync 1 DAGs
[2023-08-30T09:20:31.011+0000] {logging_mixin.py:120} INFO - [2023-08-30T09:20:31.011+0000] {dag.py:3340} INFO - Setting next_dagrun for example_task_group_decorator to 2023-08-29T09:20:31.011485+00:00, run_after=2023-08-30T09:20:31.011485+00:00
[2023-08-30T09:20:31.030+0000] {processor.py:176} INFO - Processing /home/airflow/.local/lib/python3.7/site-packages/airflow/example_dags/example_task_group_decorator.py took 0.110 seconds
[2023-08-30T09:21:01.761+0000] {processor.py:154} INFO - Started process (PID=321) to work on /home/airflow/.local/lib/python3.7/site-packages/airflow/example_dags/example_task_group_decorator.py
[2023-08-30T09:21:01.761+0000] {processor.py:756} INFO - Processing file /home/airflow/.local/lib/python3.7/site-packages/airflow/example_dags/example_task_group_decorator.py for tasks to queue
[2023-08-30T09:21:01.762+0000] {logging_mixin.py:120} INFO - [2023-08-30T09:21:01.762+0000] {dagbag.py:537} INFO - Filling up the DagBag from /home/airflow/.local/lib/python3.7/site-packages/airflow/example_dags/example_task_group_decorator.py
[2023-08-30T09:21:01.786+0000] {processor.py:766} INFO - DAG(s) dict_keys(['example_task_group_decorator']) retrieved from /home/airflow/.local/lib/python3.7/site-packages/airflow/example_dags/example_task_group_decorator.py
[2023-08-30T09:21:01.822+0000] {logging_mixin.py:120} INFO - [2023-08-30T09:21:01.822+0000] {dag.py:2585} INFO - Sync 1 DAGs
[2023-08-30T09:21:01.845+0000] {logging_mixin.py:120} INFO - [2023-08-30T09:21:01.844+0000] {dag.py:3340} INFO - Setting next_dagrun for example_task_group_decorator to 2023-08-29T09:21:01.844744+00:00, run_after=2023-08-30T09:21:01.844744+00:00
[2023-08-30T09:21:01.862+0000] {processor.py:176} INFO - Processing /home/airflow/.local/lib/python3.7/site-packages/airflow/example_dags/example_task_group_decorator.py took 0.104 seconds
[2023-08-30T09:21:32.462+0000] {processor.py:154} INFO - Started process (PID=386) to work on /home/airflow/.local/lib/python3.7/site-packages/airflow/example_dags/example_task_group_decorator.py
[2023-08-30T09:21:32.462+0000] {processor.py:756} INFO - Processing file /home/airflow/.local/lib/python3.7/site-packages/airflow/example_dags/example_task_group_decorator.py for tasks to queue
[2023-08-30T09:21:32.463+0000] {logging_mixin.py:120} INFO - [2023-08-30T09:21:32.463+0000] {dagbag.py:537} INFO - Filling up the DagBag from /home/airflow/.local/lib/python3.7/site-packages/airflow/example_dags/example_task_group_decorator.py
[2023-08-30T09:21:32.487+0000] {processor.py:766} INFO - DAG(s) dict_keys(['example_task_group_decorator']) retrieved from /home/airflow/.local/lib/python3.7/site-packages/airflow/example_dags/example_task_group_decorator.py
[2023-08-30T09:21:32.525+0000] {logging_mixin.py:120} INFO - [2023-08-30T09:21:32.525+0000] {dag.py:2585} INFO - Sync 1 DAGs
[2023-08-30T09:21:32.547+0000] {logging_mixin.py:120} INFO - [2023-08-30T09:21:32.547+0000] {dag.py:3340} INFO - Setting next_dagrun for example_task_group_decorator to 2023-08-29T09:21:32.546825+00:00, run_after=2023-08-30T09:21:32.546825+00:00
[2023-08-30T09:21:32.565+0000] {processor.py:176} INFO - Processing /home/airflow/.local/lib/python3.7/site-packages/airflow/example_dags/example_task_group_decorator.py took 0.106 seconds
