[2023-08-30T09:07:59.298+0000] {processor.py:154} INFO - Started process (PID=83) to work on /home/airflow/.local/lib/python3.7/site-packages/airflow/example_dags/example_branch_python_dop_operator_3.py
[2023-08-30T09:07:59.299+0000] {processor.py:756} INFO - Processing file /home/airflow/.local/lib/python3.7/site-packages/airflow/example_dags/example_branch_python_dop_operator_3.py for tasks to queue
[2023-08-30T09:07:59.301+0000] {logging_mixin.py:120} INFO - [2023-08-30T09:07:59.300+0000] {dagbag.py:537} INFO - Filling up the DagBag from /home/airflow/.local/lib/python3.7/site-packages/airflow/example_dags/example_branch_python_dop_operator_3.py
[2023-08-30T09:07:59.335+0000] {processor.py:766} INFO - DAG(s) dict_keys(['example_branch_dop_operator_v3']) retrieved from /home/airflow/.local/lib/python3.7/site-packages/airflow/example_dags/example_branch_python_dop_operator_3.py
[2023-08-30T09:07:59.522+0000] {logging_mixin.py:120} INFO - [2023-08-30T09:07:59.521+0000] {dag.py:2585} INFO - Sync 1 DAGs
[2023-08-30T09:07:59.567+0000] {logging_mixin.py:120} INFO - [2023-08-30T09:07:59.567+0000] {dag.py:3340} INFO - Setting next_dagrun for example_branch_dop_operator_v3 to 2023-08-30T09:06:00+00:00, run_after=2023-08-30T09:07:00+00:00
[2023-08-30T09:07:59.599+0000] {processor.py:176} INFO - Processing /home/airflow/.local/lib/python3.7/site-packages/airflow/example_dags/example_branch_python_dop_operator_3.py took 0.307 seconds
[2023-08-30T09:08:29.960+0000] {processor.py:154} INFO - Started process (PID=148) to work on /home/airflow/.local/lib/python3.7/site-packages/airflow/example_dags/example_branch_python_dop_operator_3.py
[2023-08-30T09:08:29.960+0000] {processor.py:756} INFO - Processing file /home/airflow/.local/lib/python3.7/site-packages/airflow/example_dags/example_branch_python_dop_operator_3.py for tasks to queue
[2023-08-30T09:08:29.961+0000] {logging_mixin.py:120} INFO - [2023-08-30T09:08:29.961+0000] {dagbag.py:537} INFO - Filling up the DagBag from /home/airflow/.local/lib/python3.7/site-packages/airflow/example_dags/example_branch_python_dop_operator_3.py
[2023-08-30T09:08:29.982+0000] {processor.py:766} INFO - DAG(s) dict_keys(['example_branch_dop_operator_v3']) retrieved from /home/airflow/.local/lib/python3.7/site-packages/airflow/example_dags/example_branch_python_dop_operator_3.py
[2023-08-30T09:08:30.022+0000] {logging_mixin.py:120} INFO - [2023-08-30T09:08:30.022+0000] {dag.py:2585} INFO - Sync 1 DAGs
[2023-08-30T09:08:30.050+0000] {logging_mixin.py:120} INFO - [2023-08-30T09:08:30.049+0000] {dag.py:3340} INFO - Setting next_dagrun for example_branch_dop_operator_v3 to 2023-08-30T09:07:00+00:00, run_after=2023-08-30T09:08:00+00:00
[2023-08-30T09:08:30.068+0000] {processor.py:176} INFO - Processing /home/airflow/.local/lib/python3.7/site-packages/airflow/example_dags/example_branch_python_dop_operator_3.py took 0.112 seconds
[2023-08-30T09:09:00.662+0000] {processor.py:154} INFO - Started process (PID=205) to work on /home/airflow/.local/lib/python3.7/site-packages/airflow/example_dags/example_branch_python_dop_operator_3.py
[2023-08-30T09:09:00.663+0000] {processor.py:756} INFO - Processing file /home/airflow/.local/lib/python3.7/site-packages/airflow/example_dags/example_branch_python_dop_operator_3.py for tasks to queue
[2023-08-30T09:09:00.663+0000] {logging_mixin.py:120} INFO - [2023-08-30T09:09:00.663+0000] {dagbag.py:537} INFO - Filling up the DagBag from /home/airflow/.local/lib/python3.7/site-packages/airflow/example_dags/example_branch_python_dop_operator_3.py
[2023-08-30T09:09:00.684+0000] {processor.py:766} INFO - DAG(s) dict_keys(['example_branch_dop_operator_v3']) retrieved from /home/airflow/.local/lib/python3.7/site-packages/airflow/example_dags/example_branch_python_dop_operator_3.py
[2023-08-30T09:09:00.718+0000] {logging_mixin.py:120} INFO - [2023-08-30T09:09:00.718+0000] {dag.py:2585} INFO - Sync 1 DAGs
[2023-08-30T09:09:00.744+0000] {logging_mixin.py:120} INFO - [2023-08-30T09:09:00.744+0000] {dag.py:3340} INFO - Setting next_dagrun for example_branch_dop_operator_v3 to 2023-08-30T09:08:00+00:00, run_after=2023-08-30T09:09:00+00:00
[2023-08-30T09:09:00.761+0000] {processor.py:176} INFO - Processing /home/airflow/.local/lib/python3.7/site-packages/airflow/example_dags/example_branch_python_dop_operator_3.py took 0.101 seconds
[2023-08-30T09:09:31.033+0000] {processor.py:154} INFO - Started process (PID=270) to work on /home/airflow/.local/lib/python3.7/site-packages/airflow/example_dags/example_branch_python_dop_operator_3.py
[2023-08-30T09:09:31.034+0000] {processor.py:756} INFO - Processing file /home/airflow/.local/lib/python3.7/site-packages/airflow/example_dags/example_branch_python_dop_operator_3.py for tasks to queue
[2023-08-30T09:09:31.035+0000] {logging_mixin.py:120} INFO - [2023-08-30T09:09:31.035+0000] {dagbag.py:537} INFO - Filling up the DagBag from /home/airflow/.local/lib/python3.7/site-packages/airflow/example_dags/example_branch_python_dop_operator_3.py
[2023-08-30T09:09:31.054+0000] {processor.py:766} INFO - DAG(s) dict_keys(['example_branch_dop_operator_v3']) retrieved from /home/airflow/.local/lib/python3.7/site-packages/airflow/example_dags/example_branch_python_dop_operator_3.py
[2023-08-30T09:09:31.088+0000] {logging_mixin.py:120} INFO - [2023-08-30T09:09:31.088+0000] {dag.py:2585} INFO - Sync 1 DAGs
[2023-08-30T09:09:31.114+0000] {logging_mixin.py:120} INFO - [2023-08-30T09:09:31.114+0000] {dag.py:3340} INFO - Setting next_dagrun for example_branch_dop_operator_v3 to 2023-08-30T09:08:00+00:00, run_after=2023-08-30T09:09:00+00:00
[2023-08-30T09:09:31.131+0000] {processor.py:176} INFO - Processing /home/airflow/.local/lib/python3.7/site-packages/airflow/example_dags/example_branch_python_dop_operator_3.py took 0.100 seconds
[2023-08-30T09:10:01.818+0000] {processor.py:154} INFO - Started process (PID=335) to work on /home/airflow/.local/lib/python3.7/site-packages/airflow/example_dags/example_branch_python_dop_operator_3.py
[2023-08-30T09:10:01.819+0000] {processor.py:756} INFO - Processing file /home/airflow/.local/lib/python3.7/site-packages/airflow/example_dags/example_branch_python_dop_operator_3.py for tasks to queue
[2023-08-30T09:10:01.819+0000] {logging_mixin.py:120} INFO - [2023-08-30T09:10:01.819+0000] {dagbag.py:537} INFO - Filling up the DagBag from /home/airflow/.local/lib/python3.7/site-packages/airflow/example_dags/example_branch_python_dop_operator_3.py
[2023-08-30T09:10:01.842+0000] {processor.py:766} INFO - DAG(s) dict_keys(['example_branch_dop_operator_v3']) retrieved from /home/airflow/.local/lib/python3.7/site-packages/airflow/example_dags/example_branch_python_dop_operator_3.py
[2023-08-30T09:10:01.878+0000] {logging_mixin.py:120} INFO - [2023-08-30T09:10:01.878+0000] {dag.py:2585} INFO - Sync 1 DAGs
[2023-08-30T09:10:01.908+0000] {logging_mixin.py:120} INFO - [2023-08-30T09:10:01.908+0000] {dag.py:3340} INFO - Setting next_dagrun for example_branch_dop_operator_v3 to 2023-08-30T09:09:00+00:00, run_after=2023-08-30T09:10:00+00:00
[2023-08-30T09:10:01.927+0000] {processor.py:176} INFO - Processing /home/airflow/.local/lib/python3.7/site-packages/airflow/example_dags/example_branch_python_dop_operator_3.py took 0.111 seconds
[2023-08-30T09:10:32.422+0000] {processor.py:154} INFO - Started process (PID=391) to work on /home/airflow/.local/lib/python3.7/site-packages/airflow/example_dags/example_branch_python_dop_operator_3.py
[2023-08-30T09:10:32.424+0000] {processor.py:756} INFO - Processing file /home/airflow/.local/lib/python3.7/site-packages/airflow/example_dags/example_branch_python_dop_operator_3.py for tasks to queue
[2023-08-30T09:10:32.425+0000] {logging_mixin.py:120} INFO - [2023-08-30T09:10:32.425+0000] {dagbag.py:537} INFO - Filling up the DagBag from /home/airflow/.local/lib/python3.7/site-packages/airflow/example_dags/example_branch_python_dop_operator_3.py
[2023-08-30T09:10:32.452+0000] {processor.py:766} INFO - DAG(s) dict_keys(['example_branch_dop_operator_v3']) retrieved from /home/airflow/.local/lib/python3.7/site-packages/airflow/example_dags/example_branch_python_dop_operator_3.py
[2023-08-30T09:10:32.540+0000] {logging_mixin.py:120} INFO - [2023-08-30T09:10:32.539+0000] {dag.py:2585} INFO - Sync 1 DAGs
[2023-08-30T09:10:32.570+0000] {logging_mixin.py:120} INFO - [2023-08-30T09:10:32.570+0000] {dag.py:3340} INFO - Setting next_dagrun for example_branch_dop_operator_v3 to 2023-08-30T09:09:00+00:00, run_after=2023-08-30T09:10:00+00:00
[2023-08-30T09:10:32.595+0000] {processor.py:176} INFO - Processing /home/airflow/.local/lib/python3.7/site-packages/airflow/example_dags/example_branch_python_dop_operator_3.py took 0.175 seconds
[2023-08-30T09:11:03.545+0000] {processor.py:154} INFO - Started process (PID=456) to work on /home/airflow/.local/lib/python3.7/site-packages/airflow/example_dags/example_branch_python_dop_operator_3.py
[2023-08-30T09:11:03.546+0000] {processor.py:756} INFO - Processing file /home/airflow/.local/lib/python3.7/site-packages/airflow/example_dags/example_branch_python_dop_operator_3.py for tasks to queue
[2023-08-30T09:11:03.547+0000] {logging_mixin.py:120} INFO - [2023-08-30T09:11:03.546+0000] {dagbag.py:537} INFO - Filling up the DagBag from /home/airflow/.local/lib/python3.7/site-packages/airflow/example_dags/example_branch_python_dop_operator_3.py
[2023-08-30T09:11:03.575+0000] {processor.py:766} INFO - DAG(s) dict_keys(['example_branch_dop_operator_v3']) retrieved from /home/airflow/.local/lib/python3.7/site-packages/airflow/example_dags/example_branch_python_dop_operator_3.py
[2023-08-30T09:11:03.671+0000] {logging_mixin.py:120} INFO - [2023-08-30T09:11:03.671+0000] {dag.py:2585} INFO - Sync 1 DAGs
[2023-08-30T09:11:03.702+0000] {logging_mixin.py:120} INFO - [2023-08-30T09:11:03.702+0000] {dag.py:3340} INFO - Setting next_dagrun for example_branch_dop_operator_v3 to 2023-08-30T09:10:00+00:00, run_after=2023-08-30T09:11:00+00:00
[2023-08-30T09:11:03.720+0000] {processor.py:176} INFO - Processing /home/airflow/.local/lib/python3.7/site-packages/airflow/example_dags/example_branch_python_dop_operator_3.py took 0.179 seconds
[2023-08-30T09:11:34.240+0000] {processor.py:154} INFO - Started process (PID=521) to work on /home/airflow/.local/lib/python3.7/site-packages/airflow/example_dags/example_branch_python_dop_operator_3.py
[2023-08-30T09:11:34.241+0000] {processor.py:756} INFO - Processing file /home/airflow/.local/lib/python3.7/site-packages/airflow/example_dags/example_branch_python_dop_operator_3.py for tasks to queue
[2023-08-30T09:11:34.242+0000] {logging_mixin.py:120} INFO - [2023-08-30T09:11:34.242+0000] {dagbag.py:537} INFO - Filling up the DagBag from /home/airflow/.local/lib/python3.7/site-packages/airflow/example_dags/example_branch_python_dop_operator_3.py
[2023-08-30T09:11:34.266+0000] {processor.py:766} INFO - DAG(s) dict_keys(['example_branch_dop_operator_v3']) retrieved from /home/airflow/.local/lib/python3.7/site-packages/airflow/example_dags/example_branch_python_dop_operator_3.py
[2023-08-30T09:11:34.300+0000] {logging_mixin.py:120} INFO - [2023-08-30T09:11:34.300+0000] {dag.py:2585} INFO - Sync 1 DAGs
[2023-08-30T09:11:34.328+0000] {logging_mixin.py:120} INFO - [2023-08-30T09:11:34.328+0000] {dag.py:3340} INFO - Setting next_dagrun for example_branch_dop_operator_v3 to 2023-08-30T09:10:00+00:00, run_after=2023-08-30T09:11:00+00:00
[2023-08-30T09:11:34.347+0000] {processor.py:176} INFO - Processing /home/airflow/.local/lib/python3.7/site-packages/airflow/example_dags/example_branch_python_dop_operator_3.py took 0.110 seconds
[2023-08-30T09:12:05.010+0000] {processor.py:154} INFO - Started process (PID=586) to work on /home/airflow/.local/lib/python3.7/site-packages/airflow/example_dags/example_branch_python_dop_operator_3.py
[2023-08-30T09:12:05.011+0000] {processor.py:756} INFO - Processing file /home/airflow/.local/lib/python3.7/site-packages/airflow/example_dags/example_branch_python_dop_operator_3.py for tasks to queue
[2023-08-30T09:12:05.011+0000] {logging_mixin.py:120} INFO - [2023-08-30T09:12:05.011+0000] {dagbag.py:537} INFO - Filling up the DagBag from /home/airflow/.local/lib/python3.7/site-packages/airflow/example_dags/example_branch_python_dop_operator_3.py
[2023-08-30T09:12:05.032+0000] {processor.py:766} INFO - DAG(s) dict_keys(['example_branch_dop_operator_v3']) retrieved from /home/airflow/.local/lib/python3.7/site-packages/airflow/example_dags/example_branch_python_dop_operator_3.py
[2023-08-30T09:12:05.066+0000] {logging_mixin.py:120} INFO - [2023-08-30T09:12:05.066+0000] {dag.py:2585} INFO - Sync 1 DAGs
[2023-08-30T09:12:05.115+0000] {logging_mixin.py:120} INFO - [2023-08-30T09:12:05.115+0000] {dag.py:3340} INFO - Setting next_dagrun for example_branch_dop_operator_v3 to 2023-08-30T09:11:00+00:00, run_after=2023-08-30T09:12:00+00:00
[2023-08-30T09:12:05.141+0000] {processor.py:176} INFO - Processing /home/airflow/.local/lib/python3.7/site-packages/airflow/example_dags/example_branch_python_dop_operator_3.py took 0.133 seconds
[2023-08-30T09:18:58.404+0000] {processor.py:154} INFO - Started process (PID=69) to work on /home/airflow/.local/lib/python3.7/site-packages/airflow/example_dags/example_branch_python_dop_operator_3.py
[2023-08-30T09:18:58.405+0000] {processor.py:756} INFO - Processing file /home/airflow/.local/lib/python3.7/site-packages/airflow/example_dags/example_branch_python_dop_operator_3.py for tasks to queue
[2023-08-30T09:18:58.406+0000] {logging_mixin.py:120} INFO - [2023-08-30T09:18:58.405+0000] {dagbag.py:537} INFO - Filling up the DagBag from /home/airflow/.local/lib/python3.7/site-packages/airflow/example_dags/example_branch_python_dop_operator_3.py
[2023-08-30T09:18:58.429+0000] {processor.py:766} INFO - DAG(s) dict_keys(['example_branch_dop_operator_v3']) retrieved from /home/airflow/.local/lib/python3.7/site-packages/airflow/example_dags/example_branch_python_dop_operator_3.py
[2023-08-30T09:18:58.465+0000] {logging_mixin.py:120} INFO - [2023-08-30T09:18:58.465+0000] {dag.py:2585} INFO - Sync 1 DAGs
[2023-08-30T09:18:58.499+0000] {logging_mixin.py:120} INFO - [2023-08-30T09:18:58.499+0000] {dag.py:3340} INFO - Setting next_dagrun for example_branch_dop_operator_v3 to 2023-08-30T09:17:00+00:00, run_after=2023-08-30T09:18:00+00:00
[2023-08-30T09:18:58.521+0000] {processor.py:176} INFO - Processing /home/airflow/.local/lib/python3.7/site-packages/airflow/example_dags/example_branch_python_dop_operator_3.py took 0.119 seconds
[2023-08-30T09:19:29.008+0000] {processor.py:154} INFO - Started process (PID=134) to work on /home/airflow/.local/lib/python3.7/site-packages/airflow/example_dags/example_branch_python_dop_operator_3.py
[2023-08-30T09:19:29.009+0000] {processor.py:756} INFO - Processing file /home/airflow/.local/lib/python3.7/site-packages/airflow/example_dags/example_branch_python_dop_operator_3.py for tasks to queue
[2023-08-30T09:19:29.009+0000] {logging_mixin.py:120} INFO - [2023-08-30T09:19:29.009+0000] {dagbag.py:537} INFO - Filling up the DagBag from /home/airflow/.local/lib/python3.7/site-packages/airflow/example_dags/example_branch_python_dop_operator_3.py
[2023-08-30T09:19:29.030+0000] {processor.py:766} INFO - DAG(s) dict_keys(['example_branch_dop_operator_v3']) retrieved from /home/airflow/.local/lib/python3.7/site-packages/airflow/example_dags/example_branch_python_dop_operator_3.py
[2023-08-30T09:19:29.065+0000] {logging_mixin.py:120} INFO - [2023-08-30T09:19:29.065+0000] {dag.py:2585} INFO - Sync 1 DAGs
[2023-08-30T09:19:29.094+0000] {logging_mixin.py:120} INFO - [2023-08-30T09:19:29.094+0000] {dag.py:3340} INFO - Setting next_dagrun for example_branch_dop_operator_v3 to 2023-08-30T09:18:00+00:00, run_after=2023-08-30T09:19:00+00:00
[2023-08-30T09:19:29.117+0000] {processor.py:176} INFO - Processing /home/airflow/.local/lib/python3.7/site-packages/airflow/example_dags/example_branch_python_dop_operator_3.py took 0.112 seconds
[2023-08-30T09:19:59.745+0000] {processor.py:154} INFO - Started process (PID=201) to work on /home/airflow/.local/lib/python3.7/site-packages/airflow/example_dags/example_branch_python_dop_operator_3.py
[2023-08-30T09:19:59.746+0000] {processor.py:756} INFO - Processing file /home/airflow/.local/lib/python3.7/site-packages/airflow/example_dags/example_branch_python_dop_operator_3.py for tasks to queue
[2023-08-30T09:19:59.747+0000] {logging_mixin.py:120} INFO - [2023-08-30T09:19:59.746+0000] {dagbag.py:537} INFO - Filling up the DagBag from /home/airflow/.local/lib/python3.7/site-packages/airflow/example_dags/example_branch_python_dop_operator_3.py
[2023-08-30T09:19:59.766+0000] {processor.py:766} INFO - DAG(s) dict_keys(['example_branch_dop_operator_v3']) retrieved from /home/airflow/.local/lib/python3.7/site-packages/airflow/example_dags/example_branch_python_dop_operator_3.py
[2023-08-30T09:19:59.895+0000] {logging_mixin.py:120} INFO - [2023-08-30T09:19:59.895+0000] {dag.py:2585} INFO - Sync 1 DAGs
[2023-08-30T09:19:59.922+0000] {logging_mixin.py:120} INFO - [2023-08-30T09:19:59.922+0000] {dag.py:3340} INFO - Setting next_dagrun for example_branch_dop_operator_v3 to 2023-08-30T09:18:00+00:00, run_after=2023-08-30T09:19:00+00:00
[2023-08-30T09:19:59.940+0000] {processor.py:176} INFO - Processing /home/airflow/.local/lib/python3.7/site-packages/airflow/example_dags/example_branch_python_dop_operator_3.py took 0.198 seconds
[2023-08-30T09:20:30.933+0000] {processor.py:154} INFO - Started process (PID=266) to work on /home/airflow/.local/lib/python3.7/site-packages/airflow/example_dags/example_branch_python_dop_operator_3.py
[2023-08-30T09:20:30.933+0000] {processor.py:756} INFO - Processing file /home/airflow/.local/lib/python3.7/site-packages/airflow/example_dags/example_branch_python_dop_operator_3.py for tasks to queue
[2023-08-30T09:20:30.934+0000] {logging_mixin.py:120} INFO - [2023-08-30T09:20:30.933+0000] {dagbag.py:537} INFO - Filling up the DagBag from /home/airflow/.local/lib/python3.7/site-packages/airflow/example_dags/example_branch_python_dop_operator_3.py
[2023-08-30T09:20:30.953+0000] {processor.py:766} INFO - DAG(s) dict_keys(['example_branch_dop_operator_v3']) retrieved from /home/airflow/.local/lib/python3.7/site-packages/airflow/example_dags/example_branch_python_dop_operator_3.py
[2023-08-30T09:20:30.991+0000] {logging_mixin.py:120} INFO - [2023-08-30T09:20:30.991+0000] {dag.py:2585} INFO - Sync 1 DAGs
[2023-08-30T09:20:31.019+0000] {logging_mixin.py:120} INFO - [2023-08-30T09:20:31.019+0000] {dag.py:3340} INFO - Setting next_dagrun for example_branch_dop_operator_v3 to 2023-08-30T09:19:00+00:00, run_after=2023-08-30T09:20:00+00:00
[2023-08-30T09:20:31.038+0000] {processor.py:176} INFO - Processing /home/airflow/.local/lib/python3.7/site-packages/airflow/example_dags/example_branch_python_dop_operator_3.py took 0.108 seconds
[2023-08-30T09:21:01.821+0000] {processor.py:154} INFO - Started process (PID=322) to work on /home/airflow/.local/lib/python3.7/site-packages/airflow/example_dags/example_branch_python_dop_operator_3.py
[2023-08-30T09:21:01.825+0000] {processor.py:756} INFO - Processing file /home/airflow/.local/lib/python3.7/site-packages/airflow/example_dags/example_branch_python_dop_operator_3.py for tasks to queue
[2023-08-30T09:21:01.825+0000] {logging_mixin.py:120} INFO - [2023-08-30T09:21:01.825+0000] {dagbag.py:537} INFO - Filling up the DagBag from /home/airflow/.local/lib/python3.7/site-packages/airflow/example_dags/example_branch_python_dop_operator_3.py
[2023-08-30T09:21:01.845+0000] {processor.py:766} INFO - DAG(s) dict_keys(['example_branch_dop_operator_v3']) retrieved from /home/airflow/.local/lib/python3.7/site-packages/airflow/example_dags/example_branch_python_dop_operator_3.py
[2023-08-30T09:21:01.881+0000] {logging_mixin.py:120} INFO - [2023-08-30T09:21:01.880+0000] {dag.py:2585} INFO - Sync 1 DAGs
[2023-08-30T09:21:01.909+0000] {logging_mixin.py:120} INFO - [2023-08-30T09:21:01.909+0000] {dag.py:3340} INFO - Setting next_dagrun for example_branch_dop_operator_v3 to 2023-08-30T09:20:00+00:00, run_after=2023-08-30T09:21:00+00:00
[2023-08-30T09:21:01.927+0000] {processor.py:176} INFO - Processing /home/airflow/.local/lib/python3.7/site-packages/airflow/example_dags/example_branch_python_dop_operator_3.py took 0.108 seconds
[2023-08-30T09:21:32.515+0000] {processor.py:154} INFO - Started process (PID=387) to work on /home/airflow/.local/lib/python3.7/site-packages/airflow/example_dags/example_branch_python_dop_operator_3.py
[2023-08-30T09:21:32.515+0000] {processor.py:756} INFO - Processing file /home/airflow/.local/lib/python3.7/site-packages/airflow/example_dags/example_branch_python_dop_operator_3.py for tasks to queue
[2023-08-30T09:21:32.516+0000] {logging_mixin.py:120} INFO - [2023-08-30T09:21:32.516+0000] {dagbag.py:537} INFO - Filling up the DagBag from /home/airflow/.local/lib/python3.7/site-packages/airflow/example_dags/example_branch_python_dop_operator_3.py
[2023-08-30T09:21:32.536+0000] {processor.py:766} INFO - DAG(s) dict_keys(['example_branch_dop_operator_v3']) retrieved from /home/airflow/.local/lib/python3.7/site-packages/airflow/example_dags/example_branch_python_dop_operator_3.py
[2023-08-30T09:21:32.571+0000] {logging_mixin.py:120} INFO - [2023-08-30T09:21:32.570+0000] {dag.py:2585} INFO - Sync 1 DAGs
[2023-08-30T09:21:32.598+0000] {logging_mixin.py:120} INFO - [2023-08-30T09:21:32.598+0000] {dag.py:3340} INFO - Setting next_dagrun for example_branch_dop_operator_v3 to 2023-08-30T09:20:00+00:00, run_after=2023-08-30T09:21:00+00:00
[2023-08-30T09:21:32.616+0000] {processor.py:176} INFO - Processing /home/airflow/.local/lib/python3.7/site-packages/airflow/example_dags/example_branch_python_dop_operator_3.py took 0.104 seconds
