[2023-08-30T09:07:57.359+0000] {processor.py:154} INFO - Started process (PID=67) to work on /home/airflow/.local/lib/python3.7/site-packages/airflow/example_dags/example_complex.py
[2023-08-30T09:07:57.360+0000] {processor.py:756} INFO - Processing file /home/airflow/.local/lib/python3.7/site-packages/airflow/example_dags/example_complex.py for tasks to queue
[2023-08-30T09:07:57.361+0000] {logging_mixin.py:120} INFO - [2023-08-30T09:07:57.361+0000] {dagbag.py:537} INFO - Filling up the DagBag from /home/airflow/.local/lib/python3.7/site-packages/airflow/example_dags/example_complex.py
[2023-08-30T09:07:57.376+0000] {logging_mixin.py:120} INFO - [2023-08-30T09:07:57.375+0000] {taskmixin.py:205} WARNING - Dependency <Task(BashOperator): create_entry_group>, delete_entry_group already registered for DAG: example_complex
[2023-08-30T09:07:57.376+0000] {logging_mixin.py:120} INFO - [2023-08-30T09:07:57.376+0000] {taskmixin.py:205} WARNING - Dependency <Task(BashOperator): delete_entry_group>, create_entry_group already registered for DAG: example_complex
[2023-08-30T09:07:57.376+0000] {logging_mixin.py:120} INFO - [2023-08-30T09:07:57.376+0000] {taskmixin.py:205} WARNING - Dependency <Task(BashOperator): create_entry_gcs>, delete_entry already registered for DAG: example_complex
[2023-08-30T09:07:57.376+0000] {logging_mixin.py:120} INFO - [2023-08-30T09:07:57.376+0000] {taskmixin.py:205} WARNING - Dependency <Task(BashOperator): delete_entry>, create_entry_gcs already registered for DAG: example_complex
[2023-08-30T09:07:57.377+0000] {logging_mixin.py:120} INFO - [2023-08-30T09:07:57.376+0000] {taskmixin.py:205} WARNING - Dependency <Task(BashOperator): create_tag>, delete_tag already registered for DAG: example_complex
[2023-08-30T09:07:57.377+0000] {logging_mixin.py:120} INFO - [2023-08-30T09:07:57.377+0000] {taskmixin.py:205} WARNING - Dependency <Task(BashOperator): delete_tag>, create_tag already registered for DAG: example_complex
[2023-08-30T09:07:57.386+0000] {processor.py:766} INFO - DAG(s) dict_keys(['example_complex']) retrieved from /home/airflow/.local/lib/python3.7/site-packages/airflow/example_dags/example_complex.py
[2023-08-30T09:07:57.507+0000] {logging_mixin.py:120} INFO - [2023-08-30T09:07:57.507+0000] {dag.py:2585} INFO - Sync 1 DAGs
[2023-08-30T09:07:57.543+0000] {logging_mixin.py:120} INFO - [2023-08-30T09:07:57.542+0000] {dag.py:3340} INFO - Setting next_dagrun for example_complex to None, run_after=None
[2023-08-30T09:07:57.574+0000] {processor.py:176} INFO - Processing /home/airflow/.local/lib/python3.7/site-packages/airflow/example_dags/example_complex.py took 0.218 seconds
[2023-08-30T09:08:27.727+0000] {processor.py:154} INFO - Started process (PID=130) to work on /home/airflow/.local/lib/python3.7/site-packages/airflow/example_dags/example_complex.py
[2023-08-30T09:08:27.728+0000] {processor.py:756} INFO - Processing file /home/airflow/.local/lib/python3.7/site-packages/airflow/example_dags/example_complex.py for tasks to queue
[2023-08-30T09:08:27.729+0000] {logging_mixin.py:120} INFO - [2023-08-30T09:08:27.728+0000] {dagbag.py:537} INFO - Filling up the DagBag from /home/airflow/.local/lib/python3.7/site-packages/airflow/example_dags/example_complex.py
[2023-08-30T09:08:27.743+0000] {logging_mixin.py:120} INFO - [2023-08-30T09:08:27.743+0000] {taskmixin.py:205} WARNING - Dependency <Task(BashOperator): create_entry_group>, delete_entry_group already registered for DAG: example_complex
[2023-08-30T09:08:27.743+0000] {logging_mixin.py:120} INFO - [2023-08-30T09:08:27.743+0000] {taskmixin.py:205} WARNING - Dependency <Task(BashOperator): delete_entry_group>, create_entry_group already registered for DAG: example_complex
[2023-08-30T09:08:27.743+0000] {logging_mixin.py:120} INFO - [2023-08-30T09:08:27.743+0000] {taskmixin.py:205} WARNING - Dependency <Task(BashOperator): create_entry_gcs>, delete_entry already registered for DAG: example_complex
[2023-08-30T09:08:27.744+0000] {logging_mixin.py:120} INFO - [2023-08-30T09:08:27.743+0000] {taskmixin.py:205} WARNING - Dependency <Task(BashOperator): delete_entry>, create_entry_gcs already registered for DAG: example_complex
[2023-08-30T09:08:27.744+0000] {logging_mixin.py:120} INFO - [2023-08-30T09:08:27.744+0000] {taskmixin.py:205} WARNING - Dependency <Task(BashOperator): create_tag>, delete_tag already registered for DAG: example_complex
[2023-08-30T09:08:27.744+0000] {logging_mixin.py:120} INFO - [2023-08-30T09:08:27.744+0000] {taskmixin.py:205} WARNING - Dependency <Task(BashOperator): delete_tag>, create_tag already registered for DAG: example_complex
[2023-08-30T09:08:27.752+0000] {processor.py:766} INFO - DAG(s) dict_keys(['example_complex']) retrieved from /home/airflow/.local/lib/python3.7/site-packages/airflow/example_dags/example_complex.py
[2023-08-30T09:08:27.801+0000] {logging_mixin.py:120} INFO - [2023-08-30T09:08:27.801+0000] {dag.py:2585} INFO - Sync 1 DAGs
[2023-08-30T09:08:27.828+0000] {logging_mixin.py:120} INFO - [2023-08-30T09:08:27.828+0000] {dag.py:3340} INFO - Setting next_dagrun for example_complex to None, run_after=None
[2023-08-30T09:08:27.849+0000] {processor.py:176} INFO - Processing /home/airflow/.local/lib/python3.7/site-packages/airflow/example_dags/example_complex.py took 0.125 seconds
[2023-08-30T09:08:58.662+0000] {processor.py:154} INFO - Started process (PID=189) to work on /home/airflow/.local/lib/python3.7/site-packages/airflow/example_dags/example_complex.py
[2023-08-30T09:08:58.663+0000] {processor.py:756} INFO - Processing file /home/airflow/.local/lib/python3.7/site-packages/airflow/example_dags/example_complex.py for tasks to queue
[2023-08-30T09:08:58.663+0000] {logging_mixin.py:120} INFO - [2023-08-30T09:08:58.663+0000] {dagbag.py:537} INFO - Filling up the DagBag from /home/airflow/.local/lib/python3.7/site-packages/airflow/example_dags/example_complex.py
[2023-08-30T09:08:58.674+0000] {logging_mixin.py:120} INFO - [2023-08-30T09:08:58.674+0000] {taskmixin.py:205} WARNING - Dependency <Task(BashOperator): create_entry_group>, delete_entry_group already registered for DAG: example_complex
[2023-08-30T09:08:58.674+0000] {logging_mixin.py:120} INFO - [2023-08-30T09:08:58.674+0000] {taskmixin.py:205} WARNING - Dependency <Task(BashOperator): delete_entry_group>, create_entry_group already registered for DAG: example_complex
[2023-08-30T09:08:58.674+0000] {logging_mixin.py:120} INFO - [2023-08-30T09:08:58.674+0000] {taskmixin.py:205} WARNING - Dependency <Task(BashOperator): create_entry_gcs>, delete_entry already registered for DAG: example_complex
[2023-08-30T09:08:58.675+0000] {logging_mixin.py:120} INFO - [2023-08-30T09:08:58.675+0000] {taskmixin.py:205} WARNING - Dependency <Task(BashOperator): delete_entry>, create_entry_gcs already registered for DAG: example_complex
[2023-08-30T09:08:58.675+0000] {logging_mixin.py:120} INFO - [2023-08-30T09:08:58.675+0000] {taskmixin.py:205} WARNING - Dependency <Task(BashOperator): create_tag>, delete_tag already registered for DAG: example_complex
[2023-08-30T09:08:58.675+0000] {logging_mixin.py:120} INFO - [2023-08-30T09:08:58.675+0000] {taskmixin.py:205} WARNING - Dependency <Task(BashOperator): delete_tag>, create_tag already registered for DAG: example_complex
[2023-08-30T09:08:58.682+0000] {processor.py:766} INFO - DAG(s) dict_keys(['example_complex']) retrieved from /home/airflow/.local/lib/python3.7/site-packages/airflow/example_dags/example_complex.py
[2023-08-30T09:08:58.723+0000] {logging_mixin.py:120} INFO - [2023-08-30T09:08:58.723+0000] {dag.py:2585} INFO - Sync 1 DAGs
[2023-08-30T09:08:58.745+0000] {logging_mixin.py:120} INFO - [2023-08-30T09:08:58.745+0000] {dag.py:3340} INFO - Setting next_dagrun for example_complex to None, run_after=None
[2023-08-30T09:08:58.762+0000] {processor.py:176} INFO - Processing /home/airflow/.local/lib/python3.7/site-packages/airflow/example_dags/example_complex.py took 0.103 seconds
[2023-08-30T09:09:29.961+0000] {processor.py:154} INFO - Started process (PID=254) to work on /home/airflow/.local/lib/python3.7/site-packages/airflow/example_dags/example_complex.py
[2023-08-30T09:09:29.963+0000] {processor.py:756} INFO - Processing file /home/airflow/.local/lib/python3.7/site-packages/airflow/example_dags/example_complex.py for tasks to queue
[2023-08-30T09:09:29.963+0000] {logging_mixin.py:120} INFO - [2023-08-30T09:09:29.963+0000] {dagbag.py:537} INFO - Filling up the DagBag from /home/airflow/.local/lib/python3.7/site-packages/airflow/example_dags/example_complex.py
[2023-08-30T09:09:29.980+0000] {logging_mixin.py:120} INFO - [2023-08-30T09:09:29.980+0000] {taskmixin.py:205} WARNING - Dependency <Task(BashOperator): create_entry_group>, delete_entry_group already registered for DAG: example_complex
[2023-08-30T09:09:29.980+0000] {logging_mixin.py:120} INFO - [2023-08-30T09:09:29.980+0000] {taskmixin.py:205} WARNING - Dependency <Task(BashOperator): delete_entry_group>, create_entry_group already registered for DAG: example_complex
[2023-08-30T09:09:29.981+0000] {logging_mixin.py:120} INFO - [2023-08-30T09:09:29.981+0000] {taskmixin.py:205} WARNING - Dependency <Task(BashOperator): create_entry_gcs>, delete_entry already registered for DAG: example_complex
[2023-08-30T09:09:29.981+0000] {logging_mixin.py:120} INFO - [2023-08-30T09:09:29.981+0000] {taskmixin.py:205} WARNING - Dependency <Task(BashOperator): delete_entry>, create_entry_gcs already registered for DAG: example_complex
[2023-08-30T09:09:29.981+0000] {logging_mixin.py:120} INFO - [2023-08-30T09:09:29.981+0000] {taskmixin.py:205} WARNING - Dependency <Task(BashOperator): create_tag>, delete_tag already registered for DAG: example_complex
[2023-08-30T09:09:29.982+0000] {logging_mixin.py:120} INFO - [2023-08-30T09:09:29.982+0000] {taskmixin.py:205} WARNING - Dependency <Task(BashOperator): delete_tag>, create_tag already registered for DAG: example_complex
[2023-08-30T09:09:29.992+0000] {processor.py:766} INFO - DAG(s) dict_keys(['example_complex']) retrieved from /home/airflow/.local/lib/python3.7/site-packages/airflow/example_dags/example_complex.py
[2023-08-30T09:09:30.053+0000] {logging_mixin.py:120} INFO - [2023-08-30T09:09:30.053+0000] {dag.py:2585} INFO - Sync 1 DAGs
[2023-08-30T09:09:30.087+0000] {logging_mixin.py:120} INFO - [2023-08-30T09:09:30.087+0000] {dag.py:3340} INFO - Setting next_dagrun for example_complex to None, run_after=None
[2023-08-30T09:09:30.117+0000] {processor.py:176} INFO - Processing /home/airflow/.local/lib/python3.7/site-packages/airflow/example_dags/example_complex.py took 0.160 seconds
[2023-08-30T09:10:00.810+0000] {processor.py:154} INFO - Started process (PID=319) to work on /home/airflow/.local/lib/python3.7/site-packages/airflow/example_dags/example_complex.py
[2023-08-30T09:10:00.811+0000] {processor.py:756} INFO - Processing file /home/airflow/.local/lib/python3.7/site-packages/airflow/example_dags/example_complex.py for tasks to queue
[2023-08-30T09:10:00.812+0000] {logging_mixin.py:120} INFO - [2023-08-30T09:10:00.812+0000] {dagbag.py:537} INFO - Filling up the DagBag from /home/airflow/.local/lib/python3.7/site-packages/airflow/example_dags/example_complex.py
[2023-08-30T09:10:00.824+0000] {logging_mixin.py:120} INFO - [2023-08-30T09:10:00.824+0000] {taskmixin.py:205} WARNING - Dependency <Task(BashOperator): create_entry_group>, delete_entry_group already registered for DAG: example_complex
[2023-08-30T09:10:00.824+0000] {logging_mixin.py:120} INFO - [2023-08-30T09:10:00.824+0000] {taskmixin.py:205} WARNING - Dependency <Task(BashOperator): delete_entry_group>, create_entry_group already registered for DAG: example_complex
[2023-08-30T09:10:00.824+0000] {logging_mixin.py:120} INFO - [2023-08-30T09:10:00.824+0000] {taskmixin.py:205} WARNING - Dependency <Task(BashOperator): create_entry_gcs>, delete_entry already registered for DAG: example_complex
[2023-08-30T09:10:00.824+0000] {logging_mixin.py:120} INFO - [2023-08-30T09:10:00.824+0000] {taskmixin.py:205} WARNING - Dependency <Task(BashOperator): delete_entry>, create_entry_gcs already registered for DAG: example_complex
[2023-08-30T09:10:00.825+0000] {logging_mixin.py:120} INFO - [2023-08-30T09:10:00.825+0000] {taskmixin.py:205} WARNING - Dependency <Task(BashOperator): create_tag>, delete_tag already registered for DAG: example_complex
[2023-08-30T09:10:00.825+0000] {logging_mixin.py:120} INFO - [2023-08-30T09:10:00.825+0000] {taskmixin.py:205} WARNING - Dependency <Task(BashOperator): delete_tag>, create_tag already registered for DAG: example_complex
[2023-08-30T09:10:00.832+0000] {processor.py:766} INFO - DAG(s) dict_keys(['example_complex']) retrieved from /home/airflow/.local/lib/python3.7/site-packages/airflow/example_dags/example_complex.py
[2023-08-30T09:10:00.874+0000] {logging_mixin.py:120} INFO - [2023-08-30T09:10:00.874+0000] {dag.py:2585} INFO - Sync 1 DAGs
[2023-08-30T09:10:00.897+0000] {logging_mixin.py:120} INFO - [2023-08-30T09:10:00.896+0000] {dag.py:3340} INFO - Setting next_dagrun for example_complex to None, run_after=None
[2023-08-30T09:10:00.916+0000] {processor.py:176} INFO - Processing /home/airflow/.local/lib/python3.7/site-packages/airflow/example_dags/example_complex.py took 0.108 seconds
[2023-08-30T09:10:31.444+0000] {processor.py:154} INFO - Started process (PID=375) to work on /home/airflow/.local/lib/python3.7/site-packages/airflow/example_dags/example_complex.py
[2023-08-30T09:10:31.444+0000] {processor.py:756} INFO - Processing file /home/airflow/.local/lib/python3.7/site-packages/airflow/example_dags/example_complex.py for tasks to queue
[2023-08-30T09:10:31.445+0000] {logging_mixin.py:120} INFO - [2023-08-30T09:10:31.445+0000] {dagbag.py:537} INFO - Filling up the DagBag from /home/airflow/.local/lib/python3.7/site-packages/airflow/example_dags/example_complex.py
[2023-08-30T09:10:31.455+0000] {logging_mixin.py:120} INFO - [2023-08-30T09:10:31.455+0000] {taskmixin.py:205} WARNING - Dependency <Task(BashOperator): create_entry_group>, delete_entry_group already registered for DAG: example_complex
[2023-08-30T09:10:31.455+0000] {logging_mixin.py:120} INFO - [2023-08-30T09:10:31.455+0000] {taskmixin.py:205} WARNING - Dependency <Task(BashOperator): delete_entry_group>, create_entry_group already registered for DAG: example_complex
[2023-08-30T09:10:31.455+0000] {logging_mixin.py:120} INFO - [2023-08-30T09:10:31.455+0000] {taskmixin.py:205} WARNING - Dependency <Task(BashOperator): create_entry_gcs>, delete_entry already registered for DAG: example_complex
[2023-08-30T09:10:31.456+0000] {logging_mixin.py:120} INFO - [2023-08-30T09:10:31.456+0000] {taskmixin.py:205} WARNING - Dependency <Task(BashOperator): delete_entry>, create_entry_gcs already registered for DAG: example_complex
[2023-08-30T09:10:31.456+0000] {logging_mixin.py:120} INFO - [2023-08-30T09:10:31.456+0000] {taskmixin.py:205} WARNING - Dependency <Task(BashOperator): create_tag>, delete_tag already registered for DAG: example_complex
[2023-08-30T09:10:31.456+0000] {logging_mixin.py:120} INFO - [2023-08-30T09:10:31.456+0000] {taskmixin.py:205} WARNING - Dependency <Task(BashOperator): delete_tag>, create_tag already registered for DAG: example_complex
[2023-08-30T09:10:31.463+0000] {processor.py:766} INFO - DAG(s) dict_keys(['example_complex']) retrieved from /home/airflow/.local/lib/python3.7/site-packages/airflow/example_dags/example_complex.py
[2023-08-30T09:10:31.504+0000] {logging_mixin.py:120} INFO - [2023-08-30T09:10:31.504+0000] {dag.py:2585} INFO - Sync 1 DAGs
[2023-08-30T09:10:31.527+0000] {logging_mixin.py:120} INFO - [2023-08-30T09:10:31.527+0000] {dag.py:3340} INFO - Setting next_dagrun for example_complex to None, run_after=None
[2023-08-30T09:10:31.546+0000] {processor.py:176} INFO - Processing /home/airflow/.local/lib/python3.7/site-packages/airflow/example_dags/example_complex.py took 0.105 seconds
[2023-08-30T09:11:02.460+0000] {processor.py:154} INFO - Started process (PID=440) to work on /home/airflow/.local/lib/python3.7/site-packages/airflow/example_dags/example_complex.py
[2023-08-30T09:11:02.461+0000] {processor.py:756} INFO - Processing file /home/airflow/.local/lib/python3.7/site-packages/airflow/example_dags/example_complex.py for tasks to queue
[2023-08-30T09:11:02.461+0000] {logging_mixin.py:120} INFO - [2023-08-30T09:11:02.461+0000] {dagbag.py:537} INFO - Filling up the DagBag from /home/airflow/.local/lib/python3.7/site-packages/airflow/example_dags/example_complex.py
[2023-08-30T09:11:02.472+0000] {logging_mixin.py:120} INFO - [2023-08-30T09:11:02.471+0000] {taskmixin.py:205} WARNING - Dependency <Task(BashOperator): create_entry_group>, delete_entry_group already registered for DAG: example_complex
[2023-08-30T09:11:02.472+0000] {logging_mixin.py:120} INFO - [2023-08-30T09:11:02.472+0000] {taskmixin.py:205} WARNING - Dependency <Task(BashOperator): delete_entry_group>, create_entry_group already registered for DAG: example_complex
[2023-08-30T09:11:02.472+0000] {logging_mixin.py:120} INFO - [2023-08-30T09:11:02.472+0000] {taskmixin.py:205} WARNING - Dependency <Task(BashOperator): create_entry_gcs>, delete_entry already registered for DAG: example_complex
[2023-08-30T09:11:02.472+0000] {logging_mixin.py:120} INFO - [2023-08-30T09:11:02.472+0000] {taskmixin.py:205} WARNING - Dependency <Task(BashOperator): delete_entry>, create_entry_gcs already registered for DAG: example_complex
[2023-08-30T09:11:02.472+0000] {logging_mixin.py:120} INFO - [2023-08-30T09:11:02.472+0000] {taskmixin.py:205} WARNING - Dependency <Task(BashOperator): create_tag>, delete_tag already registered for DAG: example_complex
[2023-08-30T09:11:02.473+0000] {logging_mixin.py:120} INFO - [2023-08-30T09:11:02.473+0000] {taskmixin.py:205} WARNING - Dependency <Task(BashOperator): delete_tag>, create_tag already registered for DAG: example_complex
[2023-08-30T09:11:02.479+0000] {processor.py:766} INFO - DAG(s) dict_keys(['example_complex']) retrieved from /home/airflow/.local/lib/python3.7/site-packages/airflow/example_dags/example_complex.py
[2023-08-30T09:11:02.519+0000] {logging_mixin.py:120} INFO - [2023-08-30T09:11:02.519+0000] {dag.py:2585} INFO - Sync 1 DAGs
[2023-08-30T09:11:02.539+0000] {logging_mixin.py:120} INFO - [2023-08-30T09:11:02.539+0000] {dag.py:3340} INFO - Setting next_dagrun for example_complex to None, run_after=None
[2023-08-30T09:11:02.556+0000] {processor.py:176} INFO - Processing /home/airflow/.local/lib/python3.7/site-packages/airflow/example_dags/example_complex.py took 0.099 seconds
[2023-08-30T09:11:33.226+0000] {processor.py:154} INFO - Started process (PID=505) to work on /home/airflow/.local/lib/python3.7/site-packages/airflow/example_dags/example_complex.py
[2023-08-30T09:11:33.226+0000] {processor.py:756} INFO - Processing file /home/airflow/.local/lib/python3.7/site-packages/airflow/example_dags/example_complex.py for tasks to queue
[2023-08-30T09:11:33.227+0000] {logging_mixin.py:120} INFO - [2023-08-30T09:11:33.227+0000] {dagbag.py:537} INFO - Filling up the DagBag from /home/airflow/.local/lib/python3.7/site-packages/airflow/example_dags/example_complex.py
[2023-08-30T09:11:33.237+0000] {logging_mixin.py:120} INFO - [2023-08-30T09:11:33.237+0000] {taskmixin.py:205} WARNING - Dependency <Task(BashOperator): create_entry_group>, delete_entry_group already registered for DAG: example_complex
[2023-08-30T09:11:33.237+0000] {logging_mixin.py:120} INFO - [2023-08-30T09:11:33.237+0000] {taskmixin.py:205} WARNING - Dependency <Task(BashOperator): delete_entry_group>, create_entry_group already registered for DAG: example_complex
[2023-08-30T09:11:33.237+0000] {logging_mixin.py:120} INFO - [2023-08-30T09:11:33.237+0000] {taskmixin.py:205} WARNING - Dependency <Task(BashOperator): create_entry_gcs>, delete_entry already registered for DAG: example_complex
[2023-08-30T09:11:33.237+0000] {logging_mixin.py:120} INFO - [2023-08-30T09:11:33.237+0000] {taskmixin.py:205} WARNING - Dependency <Task(BashOperator): delete_entry>, create_entry_gcs already registered for DAG: example_complex
[2023-08-30T09:11:33.238+0000] {logging_mixin.py:120} INFO - [2023-08-30T09:11:33.238+0000] {taskmixin.py:205} WARNING - Dependency <Task(BashOperator): create_tag>, delete_tag already registered for DAG: example_complex
[2023-08-30T09:11:33.238+0000] {logging_mixin.py:120} INFO - [2023-08-30T09:11:33.238+0000] {taskmixin.py:205} WARNING - Dependency <Task(BashOperator): delete_tag>, create_tag already registered for DAG: example_complex
[2023-08-30T09:11:33.244+0000] {processor.py:766} INFO - DAG(s) dict_keys(['example_complex']) retrieved from /home/airflow/.local/lib/python3.7/site-packages/airflow/example_dags/example_complex.py
[2023-08-30T09:11:33.286+0000] {logging_mixin.py:120} INFO - [2023-08-30T09:11:33.285+0000] {dag.py:2585} INFO - Sync 1 DAGs
[2023-08-30T09:11:33.307+0000] {logging_mixin.py:120} INFO - [2023-08-30T09:11:33.307+0000] {dag.py:3340} INFO - Setting next_dagrun for example_complex to None, run_after=None
[2023-08-30T09:11:33.325+0000] {processor.py:176} INFO - Processing /home/airflow/.local/lib/python3.7/site-packages/airflow/example_dags/example_complex.py took 0.102 seconds
[2023-08-30T09:12:03.909+0000] {processor.py:154} INFO - Started process (PID=570) to work on /home/airflow/.local/lib/python3.7/site-packages/airflow/example_dags/example_complex.py
[2023-08-30T09:12:03.910+0000] {processor.py:756} INFO - Processing file /home/airflow/.local/lib/python3.7/site-packages/airflow/example_dags/example_complex.py for tasks to queue
[2023-08-30T09:12:03.910+0000] {logging_mixin.py:120} INFO - [2023-08-30T09:12:03.910+0000] {dagbag.py:537} INFO - Filling up the DagBag from /home/airflow/.local/lib/python3.7/site-packages/airflow/example_dags/example_complex.py
[2023-08-30T09:12:03.922+0000] {logging_mixin.py:120} INFO - [2023-08-30T09:12:03.921+0000] {taskmixin.py:205} WARNING - Dependency <Task(BashOperator): create_entry_group>, delete_entry_group already registered for DAG: example_complex
[2023-08-30T09:12:03.922+0000] {logging_mixin.py:120} INFO - [2023-08-30T09:12:03.922+0000] {taskmixin.py:205} WARNING - Dependency <Task(BashOperator): delete_entry_group>, create_entry_group already registered for DAG: example_complex
[2023-08-30T09:12:03.922+0000] {logging_mixin.py:120} INFO - [2023-08-30T09:12:03.922+0000] {taskmixin.py:205} WARNING - Dependency <Task(BashOperator): create_entry_gcs>, delete_entry already registered for DAG: example_complex
[2023-08-30T09:12:03.922+0000] {logging_mixin.py:120} INFO - [2023-08-30T09:12:03.922+0000] {taskmixin.py:205} WARNING - Dependency <Task(BashOperator): delete_entry>, create_entry_gcs already registered for DAG: example_complex
[2023-08-30T09:12:03.923+0000] {logging_mixin.py:120} INFO - [2023-08-30T09:12:03.923+0000] {taskmixin.py:205} WARNING - Dependency <Task(BashOperator): create_tag>, delete_tag already registered for DAG: example_complex
[2023-08-30T09:12:03.923+0000] {logging_mixin.py:120} INFO - [2023-08-30T09:12:03.923+0000] {taskmixin.py:205} WARNING - Dependency <Task(BashOperator): delete_tag>, create_tag already registered for DAG: example_complex
[2023-08-30T09:12:03.930+0000] {processor.py:766} INFO - DAG(s) dict_keys(['example_complex']) retrieved from /home/airflow/.local/lib/python3.7/site-packages/airflow/example_dags/example_complex.py
[2023-08-30T09:12:03.976+0000] {logging_mixin.py:120} INFO - [2023-08-30T09:12:03.976+0000] {dag.py:2585} INFO - Sync 1 DAGs
[2023-08-30T09:12:04.001+0000] {logging_mixin.py:120} INFO - [2023-08-30T09:12:04.000+0000] {dag.py:3340} INFO - Setting next_dagrun for example_complex to None, run_after=None
[2023-08-30T09:12:04.021+0000] {processor.py:176} INFO - Processing /home/airflow/.local/lib/python3.7/site-packages/airflow/example_dags/example_complex.py took 0.115 seconds
[2023-08-30T09:18:57.254+0000] {processor.py:154} INFO - Started process (PID=53) to work on /home/airflow/.local/lib/python3.7/site-packages/airflow/example_dags/example_complex.py
[2023-08-30T09:18:57.255+0000] {processor.py:756} INFO - Processing file /home/airflow/.local/lib/python3.7/site-packages/airflow/example_dags/example_complex.py for tasks to queue
[2023-08-30T09:18:57.256+0000] {logging_mixin.py:120} INFO - [2023-08-30T09:18:57.256+0000] {dagbag.py:537} INFO - Filling up the DagBag from /home/airflow/.local/lib/python3.7/site-packages/airflow/example_dags/example_complex.py
[2023-08-30T09:18:57.267+0000] {logging_mixin.py:120} INFO - [2023-08-30T09:18:57.267+0000] {taskmixin.py:205} WARNING - Dependency <Task(BashOperator): create_entry_group>, delete_entry_group already registered for DAG: example_complex
[2023-08-30T09:18:57.267+0000] {logging_mixin.py:120} INFO - [2023-08-30T09:18:57.267+0000] {taskmixin.py:205} WARNING - Dependency <Task(BashOperator): delete_entry_group>, create_entry_group already registered for DAG: example_complex
[2023-08-30T09:18:57.267+0000] {logging_mixin.py:120} INFO - [2023-08-30T09:18:57.267+0000] {taskmixin.py:205} WARNING - Dependency <Task(BashOperator): create_entry_gcs>, delete_entry already registered for DAG: example_complex
[2023-08-30T09:18:57.267+0000] {logging_mixin.py:120} INFO - [2023-08-30T09:18:57.267+0000] {taskmixin.py:205} WARNING - Dependency <Task(BashOperator): delete_entry>, create_entry_gcs already registered for DAG: example_complex
[2023-08-30T09:18:57.268+0000] {logging_mixin.py:120} INFO - [2023-08-30T09:18:57.268+0000] {taskmixin.py:205} WARNING - Dependency <Task(BashOperator): create_tag>, delete_tag already registered for DAG: example_complex
[2023-08-30T09:18:57.268+0000] {logging_mixin.py:120} INFO - [2023-08-30T09:18:57.268+0000] {taskmixin.py:205} WARNING - Dependency <Task(BashOperator): delete_tag>, create_tag already registered for DAG: example_complex
[2023-08-30T09:18:57.277+0000] {processor.py:766} INFO - DAG(s) dict_keys(['example_complex']) retrieved from /home/airflow/.local/lib/python3.7/site-packages/airflow/example_dags/example_complex.py
[2023-08-30T09:18:57.321+0000] {logging_mixin.py:120} INFO - [2023-08-30T09:18:57.321+0000] {dag.py:2585} INFO - Sync 1 DAGs
[2023-08-30T09:18:57.346+0000] {logging_mixin.py:120} INFO - [2023-08-30T09:18:57.345+0000] {dag.py:3340} INFO - Setting next_dagrun for example_complex to None, run_after=None
[2023-08-30T09:18:57.368+0000] {processor.py:176} INFO - Processing /home/airflow/.local/lib/python3.7/site-packages/airflow/example_dags/example_complex.py took 0.117 seconds
[2023-08-30T09:19:27.952+0000] {processor.py:154} INFO - Started process (PID=118) to work on /home/airflow/.local/lib/python3.7/site-packages/airflow/example_dags/example_complex.py
[2023-08-30T09:19:27.953+0000] {processor.py:756} INFO - Processing file /home/airflow/.local/lib/python3.7/site-packages/airflow/example_dags/example_complex.py for tasks to queue
[2023-08-30T09:19:27.953+0000] {logging_mixin.py:120} INFO - [2023-08-30T09:19:27.953+0000] {dagbag.py:537} INFO - Filling up the DagBag from /home/airflow/.local/lib/python3.7/site-packages/airflow/example_dags/example_complex.py
[2023-08-30T09:19:27.966+0000] {logging_mixin.py:120} INFO - [2023-08-30T09:19:27.965+0000] {taskmixin.py:205} WARNING - Dependency <Task(BashOperator): create_entry_group>, delete_entry_group already registered for DAG: example_complex
[2023-08-30T09:19:27.966+0000] {logging_mixin.py:120} INFO - [2023-08-30T09:19:27.966+0000] {taskmixin.py:205} WARNING - Dependency <Task(BashOperator): delete_entry_group>, create_entry_group already registered for DAG: example_complex
[2023-08-30T09:19:27.966+0000] {logging_mixin.py:120} INFO - [2023-08-30T09:19:27.966+0000] {taskmixin.py:205} WARNING - Dependency <Task(BashOperator): create_entry_gcs>, delete_entry already registered for DAG: example_complex
[2023-08-30T09:19:27.966+0000] {logging_mixin.py:120} INFO - [2023-08-30T09:19:27.966+0000] {taskmixin.py:205} WARNING - Dependency <Task(BashOperator): delete_entry>, create_entry_gcs already registered for DAG: example_complex
[2023-08-30T09:19:27.967+0000] {logging_mixin.py:120} INFO - [2023-08-30T09:19:27.967+0000] {taskmixin.py:205} WARNING - Dependency <Task(BashOperator): create_tag>, delete_tag already registered for DAG: example_complex
[2023-08-30T09:19:27.967+0000] {logging_mixin.py:120} INFO - [2023-08-30T09:19:27.967+0000] {taskmixin.py:205} WARNING - Dependency <Task(BashOperator): delete_tag>, create_tag already registered for DAG: example_complex
[2023-08-30T09:19:27.974+0000] {processor.py:766} INFO - DAG(s) dict_keys(['example_complex']) retrieved from /home/airflow/.local/lib/python3.7/site-packages/airflow/example_dags/example_complex.py
[2023-08-30T09:19:28.014+0000] {logging_mixin.py:120} INFO - [2023-08-30T09:19:28.014+0000] {dag.py:2585} INFO - Sync 1 DAGs
[2023-08-30T09:19:28.038+0000] {logging_mixin.py:120} INFO - [2023-08-30T09:19:28.038+0000] {dag.py:3340} INFO - Setting next_dagrun for example_complex to None, run_after=None
[2023-08-30T09:19:28.056+0000] {processor.py:176} INFO - Processing /home/airflow/.local/lib/python3.7/site-packages/airflow/example_dags/example_complex.py took 0.107 seconds
[2023-08-30T09:19:58.745+0000] {processor.py:154} INFO - Started process (PID=185) to work on /home/airflow/.local/lib/python3.7/site-packages/airflow/example_dags/example_complex.py
[2023-08-30T09:19:58.746+0000] {processor.py:756} INFO - Processing file /home/airflow/.local/lib/python3.7/site-packages/airflow/example_dags/example_complex.py for tasks to queue
[2023-08-30T09:19:58.746+0000] {logging_mixin.py:120} INFO - [2023-08-30T09:19:58.746+0000] {dagbag.py:537} INFO - Filling up the DagBag from /home/airflow/.local/lib/python3.7/site-packages/airflow/example_dags/example_complex.py
[2023-08-30T09:19:58.757+0000] {logging_mixin.py:120} INFO - [2023-08-30T09:19:58.757+0000] {taskmixin.py:205} WARNING - Dependency <Task(BashOperator): create_entry_group>, delete_entry_group already registered for DAG: example_complex
[2023-08-30T09:19:58.757+0000] {logging_mixin.py:120} INFO - [2023-08-30T09:19:58.757+0000] {taskmixin.py:205} WARNING - Dependency <Task(BashOperator): delete_entry_group>, create_entry_group already registered for DAG: example_complex
[2023-08-30T09:19:58.757+0000] {logging_mixin.py:120} INFO - [2023-08-30T09:19:58.757+0000] {taskmixin.py:205} WARNING - Dependency <Task(BashOperator): create_entry_gcs>, delete_entry already registered for DAG: example_complex
[2023-08-30T09:19:58.758+0000] {logging_mixin.py:120} INFO - [2023-08-30T09:19:58.758+0000] {taskmixin.py:205} WARNING - Dependency <Task(BashOperator): delete_entry>, create_entry_gcs already registered for DAG: example_complex
[2023-08-30T09:19:58.758+0000] {logging_mixin.py:120} INFO - [2023-08-30T09:19:58.758+0000] {taskmixin.py:205} WARNING - Dependency <Task(BashOperator): create_tag>, delete_tag already registered for DAG: example_complex
[2023-08-30T09:19:58.758+0000] {logging_mixin.py:120} INFO - [2023-08-30T09:19:58.758+0000] {taskmixin.py:205} WARNING - Dependency <Task(BashOperator): delete_tag>, create_tag already registered for DAG: example_complex
[2023-08-30T09:19:58.765+0000] {processor.py:766} INFO - DAG(s) dict_keys(['example_complex']) retrieved from /home/airflow/.local/lib/python3.7/site-packages/airflow/example_dags/example_complex.py
[2023-08-30T09:19:58.806+0000] {logging_mixin.py:120} INFO - [2023-08-30T09:19:58.806+0000] {dag.py:2585} INFO - Sync 1 DAGs
[2023-08-30T09:19:58.829+0000] {logging_mixin.py:120} INFO - [2023-08-30T09:19:58.829+0000] {dag.py:3340} INFO - Setting next_dagrun for example_complex to None, run_after=None
[2023-08-30T09:19:58.846+0000] {processor.py:176} INFO - Processing /home/airflow/.local/lib/python3.7/site-packages/airflow/example_dags/example_complex.py took 0.103 seconds
[2023-08-30T09:20:29.764+0000] {processor.py:154} INFO - Started process (PID=250) to work on /home/airflow/.local/lib/python3.7/site-packages/airflow/example_dags/example_complex.py
[2023-08-30T09:20:29.764+0000] {processor.py:756} INFO - Processing file /home/airflow/.local/lib/python3.7/site-packages/airflow/example_dags/example_complex.py for tasks to queue
[2023-08-30T09:20:29.765+0000] {logging_mixin.py:120} INFO - [2023-08-30T09:20:29.765+0000] {dagbag.py:537} INFO - Filling up the DagBag from /home/airflow/.local/lib/python3.7/site-packages/airflow/example_dags/example_complex.py
[2023-08-30T09:20:29.776+0000] {logging_mixin.py:120} INFO - [2023-08-30T09:20:29.776+0000] {taskmixin.py:205} WARNING - Dependency <Task(BashOperator): create_entry_group>, delete_entry_group already registered for DAG: example_complex
[2023-08-30T09:20:29.776+0000] {logging_mixin.py:120} INFO - [2023-08-30T09:20:29.776+0000] {taskmixin.py:205} WARNING - Dependency <Task(BashOperator): delete_entry_group>, create_entry_group already registered for DAG: example_complex
[2023-08-30T09:20:29.777+0000] {logging_mixin.py:120} INFO - [2023-08-30T09:20:29.776+0000] {taskmixin.py:205} WARNING - Dependency <Task(BashOperator): create_entry_gcs>, delete_entry already registered for DAG: example_complex
[2023-08-30T09:20:29.777+0000] {logging_mixin.py:120} INFO - [2023-08-30T09:20:29.777+0000] {taskmixin.py:205} WARNING - Dependency <Task(BashOperator): delete_entry>, create_entry_gcs already registered for DAG: example_complex
[2023-08-30T09:20:29.777+0000] {logging_mixin.py:120} INFO - [2023-08-30T09:20:29.777+0000] {taskmixin.py:205} WARNING - Dependency <Task(BashOperator): create_tag>, delete_tag already registered for DAG: example_complex
[2023-08-30T09:20:29.777+0000] {logging_mixin.py:120} INFO - [2023-08-30T09:20:29.777+0000] {taskmixin.py:205} WARNING - Dependency <Task(BashOperator): delete_tag>, create_tag already registered for DAG: example_complex
[2023-08-30T09:20:29.784+0000] {processor.py:766} INFO - DAG(s) dict_keys(['example_complex']) retrieved from /home/airflow/.local/lib/python3.7/site-packages/airflow/example_dags/example_complex.py
[2023-08-30T09:20:29.829+0000] {logging_mixin.py:120} INFO - [2023-08-30T09:20:29.829+0000] {dag.py:2585} INFO - Sync 1 DAGs
[2023-08-30T09:20:29.852+0000] {logging_mixin.py:120} INFO - [2023-08-30T09:20:29.852+0000] {dag.py:3340} INFO - Setting next_dagrun for example_complex to None, run_after=None
[2023-08-30T09:20:29.871+0000] {processor.py:176} INFO - Processing /home/airflow/.local/lib/python3.7/site-packages/airflow/example_dags/example_complex.py took 0.110 seconds
[2023-08-30T09:21:00.711+0000] {processor.py:154} INFO - Started process (PID=306) to work on /home/airflow/.local/lib/python3.7/site-packages/airflow/example_dags/example_complex.py
[2023-08-30T09:21:00.712+0000] {processor.py:756} INFO - Processing file /home/airflow/.local/lib/python3.7/site-packages/airflow/example_dags/example_complex.py for tasks to queue
[2023-08-30T09:21:00.713+0000] {logging_mixin.py:120} INFO - [2023-08-30T09:21:00.713+0000] {dagbag.py:537} INFO - Filling up the DagBag from /home/airflow/.local/lib/python3.7/site-packages/airflow/example_dags/example_complex.py
[2023-08-30T09:21:00.723+0000] {logging_mixin.py:120} INFO - [2023-08-30T09:21:00.723+0000] {taskmixin.py:205} WARNING - Dependency <Task(BashOperator): create_entry_group>, delete_entry_group already registered for DAG: example_complex
[2023-08-30T09:21:00.723+0000] {logging_mixin.py:120} INFO - [2023-08-30T09:21:00.723+0000] {taskmixin.py:205} WARNING - Dependency <Task(BashOperator): delete_entry_group>, create_entry_group already registered for DAG: example_complex
[2023-08-30T09:21:00.723+0000] {logging_mixin.py:120} INFO - [2023-08-30T09:21:00.723+0000] {taskmixin.py:205} WARNING - Dependency <Task(BashOperator): create_entry_gcs>, delete_entry already registered for DAG: example_complex
[2023-08-30T09:21:00.723+0000] {logging_mixin.py:120} INFO - [2023-08-30T09:21:00.723+0000] {taskmixin.py:205} WARNING - Dependency <Task(BashOperator): delete_entry>, create_entry_gcs already registered for DAG: example_complex
[2023-08-30T09:21:00.724+0000] {logging_mixin.py:120} INFO - [2023-08-30T09:21:00.724+0000] {taskmixin.py:205} WARNING - Dependency <Task(BashOperator): create_tag>, delete_tag already registered for DAG: example_complex
[2023-08-30T09:21:00.724+0000] {logging_mixin.py:120} INFO - [2023-08-30T09:21:00.724+0000] {taskmixin.py:205} WARNING - Dependency <Task(BashOperator): delete_tag>, create_tag already registered for DAG: example_complex
[2023-08-30T09:21:00.730+0000] {processor.py:766} INFO - DAG(s) dict_keys(['example_complex']) retrieved from /home/airflow/.local/lib/python3.7/site-packages/airflow/example_dags/example_complex.py
[2023-08-30T09:21:00.772+0000] {logging_mixin.py:120} INFO - [2023-08-30T09:21:00.772+0000] {dag.py:2585} INFO - Sync 1 DAGs
[2023-08-30T09:21:00.794+0000] {logging_mixin.py:120} INFO - [2023-08-30T09:21:00.794+0000] {dag.py:3340} INFO - Setting next_dagrun for example_complex to None, run_after=None
[2023-08-30T09:21:00.812+0000] {processor.py:176} INFO - Processing /home/airflow/.local/lib/python3.7/site-packages/airflow/example_dags/example_complex.py took 0.104 seconds
[2023-08-30T09:21:31.440+0000] {processor.py:154} INFO - Started process (PID=371) to work on /home/airflow/.local/lib/python3.7/site-packages/airflow/example_dags/example_complex.py
[2023-08-30T09:21:31.440+0000] {processor.py:756} INFO - Processing file /home/airflow/.local/lib/python3.7/site-packages/airflow/example_dags/example_complex.py for tasks to queue
[2023-08-30T09:21:31.441+0000] {logging_mixin.py:120} INFO - [2023-08-30T09:21:31.441+0000] {dagbag.py:537} INFO - Filling up the DagBag from /home/airflow/.local/lib/python3.7/site-packages/airflow/example_dags/example_complex.py
[2023-08-30T09:21:31.451+0000] {logging_mixin.py:120} INFO - [2023-08-30T09:21:31.451+0000] {taskmixin.py:205} WARNING - Dependency <Task(BashOperator): create_entry_group>, delete_entry_group already registered for DAG: example_complex
[2023-08-30T09:21:31.451+0000] {logging_mixin.py:120} INFO - [2023-08-30T09:21:31.451+0000] {taskmixin.py:205} WARNING - Dependency <Task(BashOperator): delete_entry_group>, create_entry_group already registered for DAG: example_complex
[2023-08-30T09:21:31.451+0000] {logging_mixin.py:120} INFO - [2023-08-30T09:21:31.451+0000] {taskmixin.py:205} WARNING - Dependency <Task(BashOperator): create_entry_gcs>, delete_entry already registered for DAG: example_complex
[2023-08-30T09:21:31.451+0000] {logging_mixin.py:120} INFO - [2023-08-30T09:21:31.451+0000] {taskmixin.py:205} WARNING - Dependency <Task(BashOperator): delete_entry>, create_entry_gcs already registered for DAG: example_complex
[2023-08-30T09:21:31.452+0000] {logging_mixin.py:120} INFO - [2023-08-30T09:21:31.452+0000] {taskmixin.py:205} WARNING - Dependency <Task(BashOperator): create_tag>, delete_tag already registered for DAG: example_complex
[2023-08-30T09:21:31.452+0000] {logging_mixin.py:120} INFO - [2023-08-30T09:21:31.452+0000] {taskmixin.py:205} WARNING - Dependency <Task(BashOperator): delete_tag>, create_tag already registered for DAG: example_complex
[2023-08-30T09:21:31.458+0000] {processor.py:766} INFO - DAG(s) dict_keys(['example_complex']) retrieved from /home/airflow/.local/lib/python3.7/site-packages/airflow/example_dags/example_complex.py
[2023-08-30T09:21:31.498+0000] {logging_mixin.py:120} INFO - [2023-08-30T09:21:31.498+0000] {dag.py:2585} INFO - Sync 1 DAGs
[2023-08-30T09:21:31.520+0000] {logging_mixin.py:120} INFO - [2023-08-30T09:21:31.520+0000] {dag.py:3340} INFO - Setting next_dagrun for example_complex to None, run_after=None
[2023-08-30T09:21:31.536+0000] {processor.py:176} INFO - Processing /home/airflow/.local/lib/python3.7/site-packages/airflow/example_dags/example_complex.py took 0.099 seconds
