[2023-08-30T09:08:00.479+0000] {processor.py:154} INFO - Started process (PID=90) to work on /home/airflow/.local/lib/python3.7/site-packages/airflow/example_dags/example_xcomargs.py
[2023-08-30T09:08:00.480+0000] {processor.py:756} INFO - Processing file /home/airflow/.local/lib/python3.7/site-packages/airflow/example_dags/example_xcomargs.py for tasks to queue
[2023-08-30T09:08:00.480+0000] {logging_mixin.py:120} INFO - [2023-08-30T09:08:00.480+0000] {dagbag.py:537} INFO - Filling up the DagBag from /home/airflow/.local/lib/python3.7/site-packages/airflow/example_dags/example_xcomargs.py
[2023-08-30T09:08:00.504+0000] {processor.py:766} INFO - DAG(s) dict_keys(['example_xcom_args', 'example_xcom_args_with_operators']) retrieved from /home/airflow/.local/lib/python3.7/site-packages/airflow/example_dags/example_xcomargs.py
[2023-08-30T09:08:00.592+0000] {logging_mixin.py:120} INFO - [2023-08-30T09:08:00.592+0000] {dag.py:2585} INFO - Sync 2 DAGs
[2023-08-30T09:08:00.614+0000] {logging_mixin.py:120} INFO - [2023-08-30T09:08:00.614+0000] {dag.py:3340} INFO - Setting next_dagrun for example_xcom_args to None, run_after=None
[2023-08-30T09:08:00.616+0000] {logging_mixin.py:120} INFO - [2023-08-30T09:08:00.616+0000] {dag.py:3340} INFO - Setting next_dagrun for example_xcom_args_with_operators to None, run_after=None
[2023-08-30T09:08:00.634+0000] {processor.py:176} INFO - Processing /home/airflow/.local/lib/python3.7/site-packages/airflow/example_dags/example_xcomargs.py took 0.158 seconds
[2023-08-30T09:08:31.599+0000] {processor.py:154} INFO - Started process (PID=155) to work on /home/airflow/.local/lib/python3.7/site-packages/airflow/example_dags/example_xcomargs.py
[2023-08-30T09:08:31.599+0000] {processor.py:756} INFO - Processing file /home/airflow/.local/lib/python3.7/site-packages/airflow/example_dags/example_xcomargs.py for tasks to queue
[2023-08-30T09:08:31.600+0000] {logging_mixin.py:120} INFO - [2023-08-30T09:08:31.600+0000] {dagbag.py:537} INFO - Filling up the DagBag from /home/airflow/.local/lib/python3.7/site-packages/airflow/example_dags/example_xcomargs.py
[2023-08-30T09:08:31.620+0000] {processor.py:766} INFO - DAG(s) dict_keys(['example_xcom_args', 'example_xcom_args_with_operators']) retrieved from /home/airflow/.local/lib/python3.7/site-packages/airflow/example_dags/example_xcomargs.py
[2023-08-30T09:08:31.659+0000] {logging_mixin.py:120} INFO - [2023-08-30T09:08:31.659+0000] {dag.py:2585} INFO - Sync 2 DAGs
[2023-08-30T09:08:31.682+0000] {logging_mixin.py:120} INFO - [2023-08-30T09:08:31.682+0000] {dag.py:3340} INFO - Setting next_dagrun for example_xcom_args to None, run_after=None
[2023-08-30T09:08:31.684+0000] {logging_mixin.py:120} INFO - [2023-08-30T09:08:31.684+0000] {dag.py:3340} INFO - Setting next_dagrun for example_xcom_args_with_operators to None, run_after=None
[2023-08-30T09:08:31.702+0000] {processor.py:176} INFO - Processing /home/airflow/.local/lib/python3.7/site-packages/airflow/example_dags/example_xcomargs.py took 0.106 seconds
[2023-08-30T09:09:02.447+0000] {processor.py:154} INFO - Started process (PID=221) to work on /home/airflow/.local/lib/python3.7/site-packages/airflow/example_dags/example_xcomargs.py
[2023-08-30T09:09:02.448+0000] {processor.py:756} INFO - Processing file /home/airflow/.local/lib/python3.7/site-packages/airflow/example_dags/example_xcomargs.py for tasks to queue
[2023-08-30T09:09:02.449+0000] {logging_mixin.py:120} INFO - [2023-08-30T09:09:02.449+0000] {dagbag.py:537} INFO - Filling up the DagBag from /home/airflow/.local/lib/python3.7/site-packages/airflow/example_dags/example_xcomargs.py
[2023-08-30T09:09:02.471+0000] {processor.py:766} INFO - DAG(s) dict_keys(['example_xcom_args', 'example_xcom_args_with_operators']) retrieved from /home/airflow/.local/lib/python3.7/site-packages/airflow/example_dags/example_xcomargs.py
[2023-08-30T09:09:02.513+0000] {logging_mixin.py:120} INFO - [2023-08-30T09:09:02.513+0000] {dag.py:2585} INFO - Sync 2 DAGs
[2023-08-30T09:09:02.537+0000] {logging_mixin.py:120} INFO - [2023-08-30T09:09:02.536+0000] {dag.py:3340} INFO - Setting next_dagrun for example_xcom_args to None, run_after=None
[2023-08-30T09:09:02.540+0000] {logging_mixin.py:120} INFO - [2023-08-30T09:09:02.540+0000] {dag.py:3340} INFO - Setting next_dagrun for example_xcom_args_with_operators to None, run_after=None
[2023-08-30T09:09:02.556+0000] {processor.py:176} INFO - Processing /home/airflow/.local/lib/python3.7/site-packages/airflow/example_dags/example_xcomargs.py took 0.112 seconds
[2023-08-30T09:09:32.770+0000] {processor.py:154} INFO - Started process (PID=277) to work on /home/airflow/.local/lib/python3.7/site-packages/airflow/example_dags/example_xcomargs.py
[2023-08-30T09:09:32.771+0000] {processor.py:756} INFO - Processing file /home/airflow/.local/lib/python3.7/site-packages/airflow/example_dags/example_xcomargs.py for tasks to queue
[2023-08-30T09:09:32.771+0000] {logging_mixin.py:120} INFO - [2023-08-30T09:09:32.771+0000] {dagbag.py:537} INFO - Filling up the DagBag from /home/airflow/.local/lib/python3.7/site-packages/airflow/example_dags/example_xcomargs.py
[2023-08-30T09:09:32.791+0000] {processor.py:766} INFO - DAG(s) dict_keys(['example_xcom_args', 'example_xcom_args_with_operators']) retrieved from /home/airflow/.local/lib/python3.7/site-packages/airflow/example_dags/example_xcomargs.py
[2023-08-30T09:09:32.829+0000] {logging_mixin.py:120} INFO - [2023-08-30T09:09:32.829+0000] {dag.py:2585} INFO - Sync 2 DAGs
[2023-08-30T09:09:32.850+0000] {logging_mixin.py:120} INFO - [2023-08-30T09:09:32.850+0000] {dag.py:3340} INFO - Setting next_dagrun for example_xcom_args to None, run_after=None
[2023-08-30T09:09:32.854+0000] {logging_mixin.py:120} INFO - [2023-08-30T09:09:32.854+0000] {dag.py:3340} INFO - Setting next_dagrun for example_xcom_args_with_operators to None, run_after=None
[2023-08-30T09:09:32.870+0000] {processor.py:176} INFO - Processing /home/airflow/.local/lib/python3.7/site-packages/airflow/example_dags/example_xcomargs.py took 0.103 seconds
[2023-08-30T09:10:03.370+0000] {processor.py:154} INFO - Started process (PID=342) to work on /home/airflow/.local/lib/python3.7/site-packages/airflow/example_dags/example_xcomargs.py
[2023-08-30T09:10:03.371+0000] {processor.py:756} INFO - Processing file /home/airflow/.local/lib/python3.7/site-packages/airflow/example_dags/example_xcomargs.py for tasks to queue
[2023-08-30T09:10:03.372+0000] {logging_mixin.py:120} INFO - [2023-08-30T09:10:03.372+0000] {dagbag.py:537} INFO - Filling up the DagBag from /home/airflow/.local/lib/python3.7/site-packages/airflow/example_dags/example_xcomargs.py
[2023-08-30T09:10:03.394+0000] {processor.py:766} INFO - DAG(s) dict_keys(['example_xcom_args', 'example_xcom_args_with_operators']) retrieved from /home/airflow/.local/lib/python3.7/site-packages/airflow/example_dags/example_xcomargs.py
[2023-08-30T09:10:03.434+0000] {logging_mixin.py:120} INFO - [2023-08-30T09:10:03.434+0000] {dag.py:2585} INFO - Sync 2 DAGs
[2023-08-30T09:10:03.458+0000] {logging_mixin.py:120} INFO - [2023-08-30T09:10:03.458+0000] {dag.py:3340} INFO - Setting next_dagrun for example_xcom_args to None, run_after=None
[2023-08-30T09:10:03.461+0000] {logging_mixin.py:120} INFO - [2023-08-30T09:10:03.461+0000] {dag.py:3340} INFO - Setting next_dagrun for example_xcom_args_with_operators to None, run_after=None
[2023-08-30T09:10:03.478+0000] {processor.py:176} INFO - Processing /home/airflow/.local/lib/python3.7/site-packages/airflow/example_dags/example_xcomargs.py took 0.110 seconds
[2023-08-30T09:10:34.276+0000] {processor.py:154} INFO - Started process (PID=407) to work on /home/airflow/.local/lib/python3.7/site-packages/airflow/example_dags/example_xcomargs.py
[2023-08-30T09:10:34.277+0000] {processor.py:756} INFO - Processing file /home/airflow/.local/lib/python3.7/site-packages/airflow/example_dags/example_xcomargs.py for tasks to queue
[2023-08-30T09:10:34.278+0000] {logging_mixin.py:120} INFO - [2023-08-30T09:10:34.278+0000] {dagbag.py:537} INFO - Filling up the DagBag from /home/airflow/.local/lib/python3.7/site-packages/airflow/example_dags/example_xcomargs.py
[2023-08-30T09:10:34.299+0000] {processor.py:766} INFO - DAG(s) dict_keys(['example_xcom_args', 'example_xcom_args_with_operators']) retrieved from /home/airflow/.local/lib/python3.7/site-packages/airflow/example_dags/example_xcomargs.py
[2023-08-30T09:10:34.338+0000] {logging_mixin.py:120} INFO - [2023-08-30T09:10:34.338+0000] {dag.py:2585} INFO - Sync 2 DAGs
[2023-08-30T09:10:34.362+0000] {logging_mixin.py:120} INFO - [2023-08-30T09:10:34.362+0000] {dag.py:3340} INFO - Setting next_dagrun for example_xcom_args to None, run_after=None
[2023-08-30T09:10:34.365+0000] {logging_mixin.py:120} INFO - [2023-08-30T09:10:34.365+0000] {dag.py:3340} INFO - Setting next_dagrun for example_xcom_args_with_operators to None, run_after=None
[2023-08-30T09:10:34.380+0000] {processor.py:176} INFO - Processing /home/airflow/.local/lib/python3.7/site-packages/airflow/example_dags/example_xcomargs.py took 0.106 seconds
[2023-08-30T09:11:05.177+0000] {processor.py:154} INFO - Started process (PID=463) to work on /home/airflow/.local/lib/python3.7/site-packages/airflow/example_dags/example_xcomargs.py
[2023-08-30T09:11:05.178+0000] {processor.py:756} INFO - Processing file /home/airflow/.local/lib/python3.7/site-packages/airflow/example_dags/example_xcomargs.py for tasks to queue
[2023-08-30T09:11:05.178+0000] {logging_mixin.py:120} INFO - [2023-08-30T09:11:05.178+0000] {dagbag.py:537} INFO - Filling up the DagBag from /home/airflow/.local/lib/python3.7/site-packages/airflow/example_dags/example_xcomargs.py
[2023-08-30T09:11:05.199+0000] {processor.py:766} INFO - DAG(s) dict_keys(['example_xcom_args', 'example_xcom_args_with_operators']) retrieved from /home/airflow/.local/lib/python3.7/site-packages/airflow/example_dags/example_xcomargs.py
[2023-08-30T09:11:05.240+0000] {logging_mixin.py:120} INFO - [2023-08-30T09:11:05.240+0000] {dag.py:2585} INFO - Sync 2 DAGs
[2023-08-30T09:11:05.264+0000] {logging_mixin.py:120} INFO - [2023-08-30T09:11:05.263+0000] {dag.py:3340} INFO - Setting next_dagrun for example_xcom_args to None, run_after=None
[2023-08-30T09:11:05.266+0000] {logging_mixin.py:120} INFO - [2023-08-30T09:11:05.266+0000] {dag.py:3340} INFO - Setting next_dagrun for example_xcom_args_with_operators to None, run_after=None
[2023-08-30T09:11:05.283+0000] {processor.py:176} INFO - Processing /home/airflow/.local/lib/python3.7/site-packages/airflow/example_dags/example_xcomargs.py took 0.108 seconds
[2023-08-30T09:11:35.807+0000] {processor.py:154} INFO - Started process (PID=528) to work on /home/airflow/.local/lib/python3.7/site-packages/airflow/example_dags/example_xcomargs.py
[2023-08-30T09:11:35.808+0000] {processor.py:756} INFO - Processing file /home/airflow/.local/lib/python3.7/site-packages/airflow/example_dags/example_xcomargs.py for tasks to queue
[2023-08-30T09:11:35.809+0000] {logging_mixin.py:120} INFO - [2023-08-30T09:11:35.808+0000] {dagbag.py:537} INFO - Filling up the DagBag from /home/airflow/.local/lib/python3.7/site-packages/airflow/example_dags/example_xcomargs.py
[2023-08-30T09:11:35.828+0000] {processor.py:766} INFO - DAG(s) dict_keys(['example_xcom_args', 'example_xcom_args_with_operators']) retrieved from /home/airflow/.local/lib/python3.7/site-packages/airflow/example_dags/example_xcomargs.py
[2023-08-30T09:11:35.866+0000] {logging_mixin.py:120} INFO - [2023-08-30T09:11:35.866+0000] {dag.py:2585} INFO - Sync 2 DAGs
[2023-08-30T09:11:35.887+0000] {logging_mixin.py:120} INFO - [2023-08-30T09:11:35.887+0000] {dag.py:3340} INFO - Setting next_dagrun for example_xcom_args to None, run_after=None
[2023-08-30T09:11:35.890+0000] {logging_mixin.py:120} INFO - [2023-08-30T09:11:35.890+0000] {dag.py:3340} INFO - Setting next_dagrun for example_xcom_args_with_operators to None, run_after=None
[2023-08-30T09:11:35.905+0000] {processor.py:176} INFO - Processing /home/airflow/.local/lib/python3.7/site-packages/airflow/example_dags/example_xcomargs.py took 0.101 seconds
[2023-08-30T09:12:06.602+0000] {processor.py:154} INFO - Started process (PID=593) to work on /home/airflow/.local/lib/python3.7/site-packages/airflow/example_dags/example_xcomargs.py
[2023-08-30T09:12:06.603+0000] {processor.py:756} INFO - Processing file /home/airflow/.local/lib/python3.7/site-packages/airflow/example_dags/example_xcomargs.py for tasks to queue
[2023-08-30T09:12:06.604+0000] {logging_mixin.py:120} INFO - [2023-08-30T09:12:06.604+0000] {dagbag.py:537} INFO - Filling up the DagBag from /home/airflow/.local/lib/python3.7/site-packages/airflow/example_dags/example_xcomargs.py
[2023-08-30T09:12:06.624+0000] {processor.py:766} INFO - DAG(s) dict_keys(['example_xcom_args_with_operators', 'example_xcom_args']) retrieved from /home/airflow/.local/lib/python3.7/site-packages/airflow/example_dags/example_xcomargs.py
[2023-08-30T09:12:06.661+0000] {logging_mixin.py:120} INFO - [2023-08-30T09:12:06.661+0000] {dag.py:2585} INFO - Sync 2 DAGs
[2023-08-30T09:12:06.683+0000] {logging_mixin.py:120} INFO - [2023-08-30T09:12:06.683+0000] {dag.py:3340} INFO - Setting next_dagrun for example_xcom_args to None, run_after=None
[2023-08-30T09:12:06.686+0000] {logging_mixin.py:120} INFO - [2023-08-30T09:12:06.686+0000] {dag.py:3340} INFO - Setting next_dagrun for example_xcom_args_with_operators to None, run_after=None
[2023-08-30T09:12:06.702+0000] {processor.py:176} INFO - Processing /home/airflow/.local/lib/python3.7/site-packages/airflow/example_dags/example_xcomargs.py took 0.102 seconds
[2023-08-30T09:18:59.342+0000] {processor.py:154} INFO - Started process (PID=85) to work on /home/airflow/.local/lib/python3.7/site-packages/airflow/example_dags/example_xcomargs.py
[2023-08-30T09:18:59.344+0000] {processor.py:756} INFO - Processing file /home/airflow/.local/lib/python3.7/site-packages/airflow/example_dags/example_xcomargs.py for tasks to queue
[2023-08-30T09:18:59.345+0000] {logging_mixin.py:120} INFO - [2023-08-30T09:18:59.345+0000] {dagbag.py:537} INFO - Filling up the DagBag from /home/airflow/.local/lib/python3.7/site-packages/airflow/example_dags/example_xcomargs.py
[2023-08-30T09:18:59.388+0000] {processor.py:766} INFO - DAG(s) dict_keys(['example_xcom_args_with_operators', 'example_xcom_args']) retrieved from /home/airflow/.local/lib/python3.7/site-packages/airflow/example_dags/example_xcomargs.py
[2023-08-30T09:18:59.457+0000] {logging_mixin.py:120} INFO - [2023-08-30T09:18:59.457+0000] {dag.py:2585} INFO - Sync 2 DAGs
[2023-08-30T09:18:59.490+0000] {logging_mixin.py:120} INFO - [2023-08-30T09:18:59.490+0000] {dag.py:3340} INFO - Setting next_dagrun for example_xcom_args to None, run_after=None
[2023-08-30T09:18:59.494+0000] {logging_mixin.py:120} INFO - [2023-08-30T09:18:59.494+0000] {dag.py:3340} INFO - Setting next_dagrun for example_xcom_args_with_operators to None, run_after=None
[2023-08-30T09:18:59.516+0000] {processor.py:176} INFO - Processing /home/airflow/.local/lib/python3.7/site-packages/airflow/example_dags/example_xcomargs.py took 0.179 seconds
[2023-08-30T09:19:29.642+0000] {processor.py:154} INFO - Started process (PID=141) to work on /home/airflow/.local/lib/python3.7/site-packages/airflow/example_dags/example_xcomargs.py
[2023-08-30T09:19:29.643+0000] {processor.py:756} INFO - Processing file /home/airflow/.local/lib/python3.7/site-packages/airflow/example_dags/example_xcomargs.py for tasks to queue
[2023-08-30T09:19:29.644+0000] {logging_mixin.py:120} INFO - [2023-08-30T09:19:29.644+0000] {dagbag.py:537} INFO - Filling up the DagBag from /home/airflow/.local/lib/python3.7/site-packages/airflow/example_dags/example_xcomargs.py
[2023-08-30T09:19:29.664+0000] {processor.py:766} INFO - DAG(s) dict_keys(['example_xcom_args_with_operators', 'example_xcom_args']) retrieved from /home/airflow/.local/lib/python3.7/site-packages/airflow/example_dags/example_xcomargs.py
[2023-08-30T09:19:29.703+0000] {logging_mixin.py:120} INFO - [2023-08-30T09:19:29.703+0000] {dag.py:2585} INFO - Sync 2 DAGs
[2023-08-30T09:19:29.728+0000] {logging_mixin.py:120} INFO - [2023-08-30T09:19:29.728+0000] {dag.py:3340} INFO - Setting next_dagrun for example_xcom_args to None, run_after=None
[2023-08-30T09:19:29.731+0000] {logging_mixin.py:120} INFO - [2023-08-30T09:19:29.731+0000] {dag.py:3340} INFO - Setting next_dagrun for example_xcom_args_with_operators to None, run_after=None
[2023-08-30T09:19:29.748+0000] {processor.py:176} INFO - Processing /home/airflow/.local/lib/python3.7/site-packages/airflow/example_dags/example_xcomargs.py took 0.108 seconds
[2023-08-30T09:20:00.564+0000] {processor.py:154} INFO - Started process (PID=208) to work on /home/airflow/.local/lib/python3.7/site-packages/airflow/example_dags/example_xcomargs.py
[2023-08-30T09:20:00.565+0000] {processor.py:756} INFO - Processing file /home/airflow/.local/lib/python3.7/site-packages/airflow/example_dags/example_xcomargs.py for tasks to queue
[2023-08-30T09:20:00.565+0000] {logging_mixin.py:120} INFO - [2023-08-30T09:20:00.565+0000] {dagbag.py:537} INFO - Filling up the DagBag from /home/airflow/.local/lib/python3.7/site-packages/airflow/example_dags/example_xcomargs.py
[2023-08-30T09:20:00.585+0000] {processor.py:766} INFO - DAG(s) dict_keys(['example_xcom_args', 'example_xcom_args_with_operators']) retrieved from /home/airflow/.local/lib/python3.7/site-packages/airflow/example_dags/example_xcomargs.py
[2023-08-30T09:20:00.625+0000] {logging_mixin.py:120} INFO - [2023-08-30T09:20:00.625+0000] {dag.py:2585} INFO - Sync 2 DAGs
[2023-08-30T09:20:00.646+0000] {logging_mixin.py:120} INFO - [2023-08-30T09:20:00.646+0000] {dag.py:3340} INFO - Setting next_dagrun for example_xcom_args to None, run_after=None
[2023-08-30T09:20:00.649+0000] {logging_mixin.py:120} INFO - [2023-08-30T09:20:00.649+0000] {dag.py:3340} INFO - Setting next_dagrun for example_xcom_args_with_operators to None, run_after=None
[2023-08-30T09:20:00.665+0000] {processor.py:176} INFO - Processing /home/airflow/.local/lib/python3.7/site-packages/airflow/example_dags/example_xcomargs.py took 0.104 seconds
[2023-08-30T09:20:31.636+0000] {processor.py:154} INFO - Started process (PID=273) to work on /home/airflow/.local/lib/python3.7/site-packages/airflow/example_dags/example_xcomargs.py
[2023-08-30T09:20:31.637+0000] {processor.py:756} INFO - Processing file /home/airflow/.local/lib/python3.7/site-packages/airflow/example_dags/example_xcomargs.py for tasks to queue
[2023-08-30T09:20:31.637+0000] {logging_mixin.py:120} INFO - [2023-08-30T09:20:31.637+0000] {dagbag.py:537} INFO - Filling up the DagBag from /home/airflow/.local/lib/python3.7/site-packages/airflow/example_dags/example_xcomargs.py
[2023-08-30T09:20:31.658+0000] {processor.py:766} INFO - DAG(s) dict_keys(['example_xcom_args_with_operators', 'example_xcom_args']) retrieved from /home/airflow/.local/lib/python3.7/site-packages/airflow/example_dags/example_xcomargs.py
[2023-08-30T09:20:31.697+0000] {logging_mixin.py:120} INFO - [2023-08-30T09:20:31.696+0000] {dag.py:2585} INFO - Sync 2 DAGs
[2023-08-30T09:20:31.719+0000] {logging_mixin.py:120} INFO - [2023-08-30T09:20:31.719+0000] {dag.py:3340} INFO - Setting next_dagrun for example_xcom_args to None, run_after=None
[2023-08-30T09:20:31.722+0000] {logging_mixin.py:120} INFO - [2023-08-30T09:20:31.722+0000] {dag.py:3340} INFO - Setting next_dagrun for example_xcom_args_with_operators to None, run_after=None
[2023-08-30T09:20:31.738+0000] {processor.py:176} INFO - Processing /home/airflow/.local/lib/python3.7/site-packages/airflow/example_dags/example_xcomargs.py took 0.105 seconds
[2023-08-30T09:21:02.380+0000] {processor.py:154} INFO - Started process (PID=329) to work on /home/airflow/.local/lib/python3.7/site-packages/airflow/example_dags/example_xcomargs.py
[2023-08-30T09:21:02.381+0000] {processor.py:756} INFO - Processing file /home/airflow/.local/lib/python3.7/site-packages/airflow/example_dags/example_xcomargs.py for tasks to queue
[2023-08-30T09:21:02.381+0000] {logging_mixin.py:120} INFO - [2023-08-30T09:21:02.381+0000] {dagbag.py:537} INFO - Filling up the DagBag from /home/airflow/.local/lib/python3.7/site-packages/airflow/example_dags/example_xcomargs.py
[2023-08-30T09:21:02.401+0000] {processor.py:766} INFO - DAG(s) dict_keys(['example_xcom_args', 'example_xcom_args_with_operators']) retrieved from /home/airflow/.local/lib/python3.7/site-packages/airflow/example_dags/example_xcomargs.py
[2023-08-30T09:21:02.437+0000] {logging_mixin.py:120} INFO - [2023-08-30T09:21:02.437+0000] {dag.py:2585} INFO - Sync 2 DAGs
[2023-08-30T09:21:02.460+0000] {logging_mixin.py:120} INFO - [2023-08-30T09:21:02.460+0000] {dag.py:3340} INFO - Setting next_dagrun for example_xcom_args to None, run_after=None
[2023-08-30T09:21:02.463+0000] {logging_mixin.py:120} INFO - [2023-08-30T09:21:02.463+0000] {dag.py:3340} INFO - Setting next_dagrun for example_xcom_args_with_operators to None, run_after=None
[2023-08-30T09:21:02.478+0000] {processor.py:176} INFO - Processing /home/airflow/.local/lib/python3.7/site-packages/airflow/example_dags/example_xcomargs.py took 0.101 seconds
[2023-08-30T09:21:33.086+0000] {processor.py:154} INFO - Started process (PID=394) to work on /home/airflow/.local/lib/python3.7/site-packages/airflow/example_dags/example_xcomargs.py
[2023-08-30T09:21:33.086+0000] {processor.py:756} INFO - Processing file /home/airflow/.local/lib/python3.7/site-packages/airflow/example_dags/example_xcomargs.py for tasks to queue
[2023-08-30T09:21:33.087+0000] {logging_mixin.py:120} INFO - [2023-08-30T09:21:33.086+0000] {dagbag.py:537} INFO - Filling up the DagBag from /home/airflow/.local/lib/python3.7/site-packages/airflow/example_dags/example_xcomargs.py
[2023-08-30T09:21:33.107+0000] {processor.py:766} INFO - DAG(s) dict_keys(['example_xcom_args', 'example_xcom_args_with_operators']) retrieved from /home/airflow/.local/lib/python3.7/site-packages/airflow/example_dags/example_xcomargs.py
