[2023-08-30T09:07:58.190+0000] {processor.py:154} INFO - Started process (PID=75) to work on /home/airflow/.local/lib/python3.7/site-packages/airflow/example_dags/example_python_operator.py
[2023-08-30T09:07:58.191+0000] {processor.py:756} INFO - Processing file /home/airflow/.local/lib/python3.7/site-packages/airflow/example_dags/example_python_operator.py for tasks to queue
[2023-08-30T09:07:58.192+0000] {logging_mixin.py:120} INFO - [2023-08-30T09:07:58.192+0000] {dagbag.py:537} INFO - Filling up the DagBag from /home/airflow/.local/lib/python3.7/site-packages/airflow/example_dags/example_python_operator.py
[2023-08-30T09:07:58.216+0000] {logging_mixin.py:120} INFO - [2023-08-30T09:07:58.216+0000] {taskmixin.py:205} WARNING - Dependency <Task(_PythonDecoratedOperator): print_the_context>, log_sql_query already registered for DAG: example_python_operator
[2023-08-30T09:07:58.216+0000] {logging_mixin.py:120} INFO - [2023-08-30T09:07:58.216+0000] {taskmixin.py:205} WARNING - Dependency <Task(_PythonDecoratedOperator): log_sql_query>, print_the_context already registered for DAG: example_python_operator
[2023-08-30T09:07:58.217+0000] {logging_mixin.py:120} INFO - [2023-08-30T09:07:58.217+0000] {taskmixin.py:205} WARNING - Dependency <Task(_PythonDecoratedOperator): print_the_context>, log_sql_query already registered for DAG: example_python_operator
[2023-08-30T09:07:58.218+0000] {logging_mixin.py:120} INFO - [2023-08-30T09:07:58.217+0000] {taskmixin.py:205} WARNING - Dependency <Task(_PythonDecoratedOperator): log_sql_query>, print_the_context already registered for DAG: example_python_operator
[2023-08-30T09:07:58.218+0000] {logging_mixin.py:120} INFO - [2023-08-30T09:07:58.218+0000] {taskmixin.py:205} WARNING - Dependency <Task(_PythonDecoratedOperator): print_the_context>, log_sql_query already registered for DAG: example_python_operator
[2023-08-30T09:07:58.219+0000] {logging_mixin.py:120} INFO - [2023-08-30T09:07:58.219+0000] {taskmixin.py:205} WARNING - Dependency <Task(_PythonDecoratedOperator): log_sql_query>, print_the_context already registered for DAG: example_python_operator
[2023-08-30T09:07:58.220+0000] {logging_mixin.py:120} INFO - [2023-08-30T09:07:58.220+0000] {taskmixin.py:205} WARNING - Dependency <Task(_PythonDecoratedOperator): print_the_context>, log_sql_query already registered for DAG: example_python_operator
[2023-08-30T09:07:58.220+0000] {logging_mixin.py:120} INFO - [2023-08-30T09:07:58.220+0000] {taskmixin.py:205} WARNING - Dependency <Task(_PythonDecoratedOperator): log_sql_query>, print_the_context already registered for DAG: example_python_operator
[2023-08-30T09:07:58.234+0000] {processor.py:766} INFO - DAG(s) dict_keys(['example_python_operator']) retrieved from /home/airflow/.local/lib/python3.7/site-packages/airflow/example_dags/example_python_operator.py
[2023-08-30T09:07:58.339+0000] {logging_mixin.py:120} INFO - [2023-08-30T09:07:58.338+0000] {dag.py:2585} INFO - Sync 1 DAGs
[2023-08-30T09:07:58.366+0000] {logging_mixin.py:120} INFO - [2023-08-30T09:07:58.366+0000] {dag.py:3340} INFO - Setting next_dagrun for example_python_operator to None, run_after=None
[2023-08-30T09:07:58.388+0000] {processor.py:176} INFO - Processing /home/airflow/.local/lib/python3.7/site-packages/airflow/example_dags/example_python_operator.py took 0.202 seconds
[2023-08-30T09:08:29.292+0000] {processor.py:154} INFO - Started process (PID=140) to work on /home/airflow/.local/lib/python3.7/site-packages/airflow/example_dags/example_python_operator.py
[2023-08-30T09:08:29.292+0000] {processor.py:756} INFO - Processing file /home/airflow/.local/lib/python3.7/site-packages/airflow/example_dags/example_python_operator.py for tasks to queue
[2023-08-30T09:08:29.293+0000] {logging_mixin.py:120} INFO - [2023-08-30T09:08:29.293+0000] {dagbag.py:537} INFO - Filling up the DagBag from /home/airflow/.local/lib/python3.7/site-packages/airflow/example_dags/example_python_operator.py
[2023-08-30T09:08:29.308+0000] {logging_mixin.py:120} INFO - [2023-08-30T09:08:29.308+0000] {taskmixin.py:205} WARNING - Dependency <Task(_PythonDecoratedOperator): print_the_context>, log_sql_query already registered for DAG: example_python_operator
[2023-08-30T09:08:29.308+0000] {logging_mixin.py:120} INFO - [2023-08-30T09:08:29.308+0000] {taskmixin.py:205} WARNING - Dependency <Task(_PythonDecoratedOperator): log_sql_query>, print_the_context already registered for DAG: example_python_operator
[2023-08-30T09:08:29.309+0000] {logging_mixin.py:120} INFO - [2023-08-30T09:08:29.309+0000] {taskmixin.py:205} WARNING - Dependency <Task(_PythonDecoratedOperator): print_the_context>, log_sql_query already registered for DAG: example_python_operator
[2023-08-30T09:08:29.309+0000] {logging_mixin.py:120} INFO - [2023-08-30T09:08:29.309+0000] {taskmixin.py:205} WARNING - Dependency <Task(_PythonDecoratedOperator): log_sql_query>, print_the_context already registered for DAG: example_python_operator
[2023-08-30T09:08:29.309+0000] {logging_mixin.py:120} INFO - [2023-08-30T09:08:29.309+0000] {taskmixin.py:205} WARNING - Dependency <Task(_PythonDecoratedOperator): print_the_context>, log_sql_query already registered for DAG: example_python_operator
[2023-08-30T09:08:29.310+0000] {logging_mixin.py:120} INFO - [2023-08-30T09:08:29.310+0000] {taskmixin.py:205} WARNING - Dependency <Task(_PythonDecoratedOperator): log_sql_query>, print_the_context already registered for DAG: example_python_operator
[2023-08-30T09:08:29.310+0000] {logging_mixin.py:120} INFO - [2023-08-30T09:08:29.310+0000] {taskmixin.py:205} WARNING - Dependency <Task(_PythonDecoratedOperator): print_the_context>, log_sql_query already registered for DAG: example_python_operator
[2023-08-30T09:08:29.310+0000] {logging_mixin.py:120} INFO - [2023-08-30T09:08:29.310+0000] {taskmixin.py:205} WARNING - Dependency <Task(_PythonDecoratedOperator): log_sql_query>, print_the_context already registered for DAG: example_python_operator
[2023-08-30T09:08:29.317+0000] {processor.py:766} INFO - DAG(s) dict_keys(['example_python_operator']) retrieved from /home/airflow/.local/lib/python3.7/site-packages/airflow/example_dags/example_python_operator.py
[2023-08-30T09:08:29.353+0000] {logging_mixin.py:120} INFO - [2023-08-30T09:08:29.353+0000] {dag.py:2585} INFO - Sync 1 DAGs
[2023-08-30T09:08:29.375+0000] {logging_mixin.py:120} INFO - [2023-08-30T09:08:29.375+0000] {dag.py:3340} INFO - Setting next_dagrun for example_python_operator to None, run_after=None
[2023-08-30T09:08:29.393+0000] {processor.py:176} INFO - Processing /home/airflow/.local/lib/python3.7/site-packages/airflow/example_dags/example_python_operator.py took 0.104 seconds
[2023-08-30T09:09:00.170+0000] {processor.py:154} INFO - Started process (PID=197) to work on /home/airflow/.local/lib/python3.7/site-packages/airflow/example_dags/example_python_operator.py
[2023-08-30T09:09:00.171+0000] {processor.py:756} INFO - Processing file /home/airflow/.local/lib/python3.7/site-packages/airflow/example_dags/example_python_operator.py for tasks to queue
[2023-08-30T09:09:00.172+0000] {logging_mixin.py:120} INFO - [2023-08-30T09:09:00.172+0000] {dagbag.py:537} INFO - Filling up the DagBag from /home/airflow/.local/lib/python3.7/site-packages/airflow/example_dags/example_python_operator.py
[2023-08-30T09:09:00.185+0000] {logging_mixin.py:120} INFO - [2023-08-30T09:09:00.185+0000] {taskmixin.py:205} WARNING - Dependency <Task(_PythonDecoratedOperator): print_the_context>, log_sql_query already registered for DAG: example_python_operator
[2023-08-30T09:09:00.185+0000] {logging_mixin.py:120} INFO - [2023-08-30T09:09:00.185+0000] {taskmixin.py:205} WARNING - Dependency <Task(_PythonDecoratedOperator): log_sql_query>, print_the_context already registered for DAG: example_python_operator
[2023-08-30T09:09:00.186+0000] {logging_mixin.py:120} INFO - [2023-08-30T09:09:00.186+0000] {taskmixin.py:205} WARNING - Dependency <Task(_PythonDecoratedOperator): print_the_context>, log_sql_query already registered for DAG: example_python_operator
[2023-08-30T09:09:00.186+0000] {logging_mixin.py:120} INFO - [2023-08-30T09:09:00.186+0000] {taskmixin.py:205} WARNING - Dependency <Task(_PythonDecoratedOperator): log_sql_query>, print_the_context already registered for DAG: example_python_operator
[2023-08-30T09:09:00.187+0000] {logging_mixin.py:120} INFO - [2023-08-30T09:09:00.187+0000] {taskmixin.py:205} WARNING - Dependency <Task(_PythonDecoratedOperator): print_the_context>, log_sql_query already registered for DAG: example_python_operator
[2023-08-30T09:09:00.187+0000] {logging_mixin.py:120} INFO - [2023-08-30T09:09:00.187+0000] {taskmixin.py:205} WARNING - Dependency <Task(_PythonDecoratedOperator): log_sql_query>, print_the_context already registered for DAG: example_python_operator
[2023-08-30T09:09:00.187+0000] {logging_mixin.py:120} INFO - [2023-08-30T09:09:00.187+0000] {taskmixin.py:205} WARNING - Dependency <Task(_PythonDecoratedOperator): print_the_context>, log_sql_query already registered for DAG: example_python_operator
[2023-08-30T09:09:00.188+0000] {logging_mixin.py:120} INFO - [2023-08-30T09:09:00.188+0000] {taskmixin.py:205} WARNING - Dependency <Task(_PythonDecoratedOperator): log_sql_query>, print_the_context already registered for DAG: example_python_operator
[2023-08-30T09:09:00.194+0000] {processor.py:766} INFO - DAG(s) dict_keys(['example_python_operator']) retrieved from /home/airflow/.local/lib/python3.7/site-packages/airflow/example_dags/example_python_operator.py
[2023-08-30T09:09:00.230+0000] {logging_mixin.py:120} INFO - [2023-08-30T09:09:00.229+0000] {dag.py:2585} INFO - Sync 1 DAGs
[2023-08-30T09:09:00.251+0000] {logging_mixin.py:120} INFO - [2023-08-30T09:09:00.250+0000] {dag.py:3340} INFO - Setting next_dagrun for example_python_operator to None, run_after=None
[2023-08-30T09:09:00.267+0000] {processor.py:176} INFO - Processing /home/airflow/.local/lib/python3.7/site-packages/airflow/example_dags/example_python_operator.py took 0.099 seconds
[2023-08-30T09:09:30.574+0000] {processor.py:154} INFO - Started process (PID=262) to work on /home/airflow/.local/lib/python3.7/site-packages/airflow/example_dags/example_python_operator.py
[2023-08-30T09:09:30.575+0000] {processor.py:756} INFO - Processing file /home/airflow/.local/lib/python3.7/site-packages/airflow/example_dags/example_python_operator.py for tasks to queue
[2023-08-30T09:09:30.576+0000] {logging_mixin.py:120} INFO - [2023-08-30T09:09:30.576+0000] {dagbag.py:537} INFO - Filling up the DagBag from /home/airflow/.local/lib/python3.7/site-packages/airflow/example_dags/example_python_operator.py
[2023-08-30T09:09:30.589+0000] {logging_mixin.py:120} INFO - [2023-08-30T09:09:30.589+0000] {taskmixin.py:205} WARNING - Dependency <Task(_PythonDecoratedOperator): print_the_context>, log_sql_query already registered for DAG: example_python_operator
[2023-08-30T09:09:30.589+0000] {logging_mixin.py:120} INFO - [2023-08-30T09:09:30.589+0000] {taskmixin.py:205} WARNING - Dependency <Task(_PythonDecoratedOperator): log_sql_query>, print_the_context already registered for DAG: example_python_operator
[2023-08-30T09:09:30.589+0000] {logging_mixin.py:120} INFO - [2023-08-30T09:09:30.589+0000] {taskmixin.py:205} WARNING - Dependency <Task(_PythonDecoratedOperator): print_the_context>, log_sql_query already registered for DAG: example_python_operator
[2023-08-30T09:09:30.590+0000] {logging_mixin.py:120} INFO - [2023-08-30T09:09:30.589+0000] {taskmixin.py:205} WARNING - Dependency <Task(_PythonDecoratedOperator): log_sql_query>, print_the_context already registered for DAG: example_python_operator
[2023-08-30T09:09:30.590+0000] {logging_mixin.py:120} INFO - [2023-08-30T09:09:30.590+0000] {taskmixin.py:205} WARNING - Dependency <Task(_PythonDecoratedOperator): print_the_context>, log_sql_query already registered for DAG: example_python_operator
[2023-08-30T09:09:30.590+0000] {logging_mixin.py:120} INFO - [2023-08-30T09:09:30.590+0000] {taskmixin.py:205} WARNING - Dependency <Task(_PythonDecoratedOperator): log_sql_query>, print_the_context already registered for DAG: example_python_operator
[2023-08-30T09:09:30.591+0000] {logging_mixin.py:120} INFO - [2023-08-30T09:09:30.591+0000] {taskmixin.py:205} WARNING - Dependency <Task(_PythonDecoratedOperator): print_the_context>, log_sql_query already registered for DAG: example_python_operator
[2023-08-30T09:09:30.591+0000] {logging_mixin.py:120} INFO - [2023-08-30T09:09:30.591+0000] {taskmixin.py:205} WARNING - Dependency <Task(_PythonDecoratedOperator): log_sql_query>, print_the_context already registered for DAG: example_python_operator
[2023-08-30T09:09:30.597+0000] {processor.py:766} INFO - DAG(s) dict_keys(['example_python_operator']) retrieved from /home/airflow/.local/lib/python3.7/site-packages/airflow/example_dags/example_python_operator.py
[2023-08-30T09:09:30.633+0000] {logging_mixin.py:120} INFO - [2023-08-30T09:09:30.633+0000] {dag.py:2585} INFO - Sync 1 DAGs
[2023-08-30T09:09:30.655+0000] {logging_mixin.py:120} INFO - [2023-08-30T09:09:30.655+0000] {dag.py:3340} INFO - Setting next_dagrun for example_python_operator to None, run_after=None
[2023-08-30T09:09:30.674+0000] {processor.py:176} INFO - Processing /home/airflow/.local/lib/python3.7/site-packages/airflow/example_dags/example_python_operator.py took 0.102 seconds
[2023-08-30T09:10:01.261+0000] {processor.py:154} INFO - Started process (PID=327) to work on /home/airflow/.local/lib/python3.7/site-packages/airflow/example_dags/example_python_operator.py
[2023-08-30T09:10:01.262+0000] {processor.py:756} INFO - Processing file /home/airflow/.local/lib/python3.7/site-packages/airflow/example_dags/example_python_operator.py for tasks to queue
[2023-08-30T09:10:01.263+0000] {logging_mixin.py:120} INFO - [2023-08-30T09:10:01.262+0000] {dagbag.py:537} INFO - Filling up the DagBag from /home/airflow/.local/lib/python3.7/site-packages/airflow/example_dags/example_python_operator.py
[2023-08-30T09:10:01.276+0000] {logging_mixin.py:120} INFO - [2023-08-30T09:10:01.276+0000] {taskmixin.py:205} WARNING - Dependency <Task(_PythonDecoratedOperator): print_the_context>, log_sql_query already registered for DAG: example_python_operator
[2023-08-30T09:10:01.276+0000] {logging_mixin.py:120} INFO - [2023-08-30T09:10:01.276+0000] {taskmixin.py:205} WARNING - Dependency <Task(_PythonDecoratedOperator): log_sql_query>, print_the_context already registered for DAG: example_python_operator
[2023-08-30T09:10:01.277+0000] {logging_mixin.py:120} INFO - [2023-08-30T09:10:01.276+0000] {taskmixin.py:205} WARNING - Dependency <Task(_PythonDecoratedOperator): print_the_context>, log_sql_query already registered for DAG: example_python_operator
[2023-08-30T09:10:01.277+0000] {logging_mixin.py:120} INFO - [2023-08-30T09:10:01.277+0000] {taskmixin.py:205} WARNING - Dependency <Task(_PythonDecoratedOperator): log_sql_query>, print_the_context already registered for DAG: example_python_operator
[2023-08-30T09:10:01.277+0000] {logging_mixin.py:120} INFO - [2023-08-30T09:10:01.277+0000] {taskmixin.py:205} WARNING - Dependency <Task(_PythonDecoratedOperator): print_the_context>, log_sql_query already registered for DAG: example_python_operator
[2023-08-30T09:10:01.277+0000] {logging_mixin.py:120} INFO - [2023-08-30T09:10:01.277+0000] {taskmixin.py:205} WARNING - Dependency <Task(_PythonDecoratedOperator): log_sql_query>, print_the_context already registered for DAG: example_python_operator
[2023-08-30T09:10:01.278+0000] {logging_mixin.py:120} INFO - [2023-08-30T09:10:01.278+0000] {taskmixin.py:205} WARNING - Dependency <Task(_PythonDecoratedOperator): print_the_context>, log_sql_query already registered for DAG: example_python_operator
[2023-08-30T09:10:01.278+0000] {logging_mixin.py:120} INFO - [2023-08-30T09:10:01.278+0000] {taskmixin.py:205} WARNING - Dependency <Task(_PythonDecoratedOperator): log_sql_query>, print_the_context already registered for DAG: example_python_operator
[2023-08-30T09:10:01.285+0000] {processor.py:766} INFO - DAG(s) dict_keys(['example_python_operator']) retrieved from /home/airflow/.local/lib/python3.7/site-packages/airflow/example_dags/example_python_operator.py
[2023-08-30T09:10:01.321+0000] {logging_mixin.py:120} INFO - [2023-08-30T09:10:01.321+0000] {dag.py:2585} INFO - Sync 1 DAGs
[2023-08-30T09:10:01.344+0000] {logging_mixin.py:120} INFO - [2023-08-30T09:10:01.344+0000] {dag.py:3340} INFO - Setting next_dagrun for example_python_operator to None, run_after=None
[2023-08-30T09:10:01.361+0000] {processor.py:176} INFO - Processing /home/airflow/.local/lib/python3.7/site-packages/airflow/example_dags/example_python_operator.py took 0.103 seconds
[2023-08-30T09:10:31.888+0000] {processor.py:154} INFO - Started process (PID=383) to work on /home/airflow/.local/lib/python3.7/site-packages/airflow/example_dags/example_python_operator.py
[2023-08-30T09:10:31.889+0000] {processor.py:756} INFO - Processing file /home/airflow/.local/lib/python3.7/site-packages/airflow/example_dags/example_python_operator.py for tasks to queue
[2023-08-30T09:10:31.889+0000] {logging_mixin.py:120} INFO - [2023-08-30T09:10:31.889+0000] {dagbag.py:537} INFO - Filling up the DagBag from /home/airflow/.local/lib/python3.7/site-packages/airflow/example_dags/example_python_operator.py
[2023-08-30T09:10:31.903+0000] {logging_mixin.py:120} INFO - [2023-08-30T09:10:31.902+0000] {taskmixin.py:205} WARNING - Dependency <Task(_PythonDecoratedOperator): print_the_context>, log_sql_query already registered for DAG: example_python_operator
[2023-08-30T09:10:31.903+0000] {logging_mixin.py:120} INFO - [2023-08-30T09:10:31.903+0000] {taskmixin.py:205} WARNING - Dependency <Task(_PythonDecoratedOperator): log_sql_query>, print_the_context already registered for DAG: example_python_operator
[2023-08-30T09:10:31.903+0000] {logging_mixin.py:120} INFO - [2023-08-30T09:10:31.903+0000] {taskmixin.py:205} WARNING - Dependency <Task(_PythonDecoratedOperator): print_the_context>, log_sql_query already registered for DAG: example_python_operator
[2023-08-30T09:10:31.903+0000] {logging_mixin.py:120} INFO - [2023-08-30T09:10:31.903+0000] {taskmixin.py:205} WARNING - Dependency <Task(_PythonDecoratedOperator): log_sql_query>, print_the_context already registered for DAG: example_python_operator
[2023-08-30T09:10:31.904+0000] {logging_mixin.py:120} INFO - [2023-08-30T09:10:31.904+0000] {taskmixin.py:205} WARNING - Dependency <Task(_PythonDecoratedOperator): print_the_context>, log_sql_query already registered for DAG: example_python_operator
[2023-08-30T09:10:31.904+0000] {logging_mixin.py:120} INFO - [2023-08-30T09:10:31.904+0000] {taskmixin.py:205} WARNING - Dependency <Task(_PythonDecoratedOperator): log_sql_query>, print_the_context already registered for DAG: example_python_operator
[2023-08-30T09:10:31.905+0000] {logging_mixin.py:120} INFO - [2023-08-30T09:10:31.905+0000] {taskmixin.py:205} WARNING - Dependency <Task(_PythonDecoratedOperator): print_the_context>, log_sql_query already registered for DAG: example_python_operator
[2023-08-30T09:10:31.905+0000] {logging_mixin.py:120} INFO - [2023-08-30T09:10:31.905+0000] {taskmixin.py:205} WARNING - Dependency <Task(_PythonDecoratedOperator): log_sql_query>, print_the_context already registered for DAG: example_python_operator
[2023-08-30T09:10:31.911+0000] {processor.py:766} INFO - DAG(s) dict_keys(['example_python_operator']) retrieved from /home/airflow/.local/lib/python3.7/site-packages/airflow/example_dags/example_python_operator.py
[2023-08-30T09:10:31.948+0000] {logging_mixin.py:120} INFO - [2023-08-30T09:10:31.948+0000] {dag.py:2585} INFO - Sync 1 DAGs
[2023-08-30T09:10:31.970+0000] {logging_mixin.py:120} INFO - [2023-08-30T09:10:31.970+0000] {dag.py:3340} INFO - Setting next_dagrun for example_python_operator to None, run_after=None
[2023-08-30T09:10:31.987+0000] {processor.py:176} INFO - Processing /home/airflow/.local/lib/python3.7/site-packages/airflow/example_dags/example_python_operator.py took 0.101 seconds
[2023-08-30T09:11:02.980+0000] {processor.py:154} INFO - Started process (PID=448) to work on /home/airflow/.local/lib/python3.7/site-packages/airflow/example_dags/example_python_operator.py
[2023-08-30T09:11:02.981+0000] {processor.py:756} INFO - Processing file /home/airflow/.local/lib/python3.7/site-packages/airflow/example_dags/example_python_operator.py for tasks to queue
[2023-08-30T09:11:02.982+0000] {logging_mixin.py:120} INFO - [2023-08-30T09:11:02.981+0000] {dagbag.py:537} INFO - Filling up the DagBag from /home/airflow/.local/lib/python3.7/site-packages/airflow/example_dags/example_python_operator.py
[2023-08-30T09:11:02.995+0000] {logging_mixin.py:120} INFO - [2023-08-30T09:11:02.994+0000] {taskmixin.py:205} WARNING - Dependency <Task(_PythonDecoratedOperator): print_the_context>, log_sql_query already registered for DAG: example_python_operator
[2023-08-30T09:11:02.995+0000] {logging_mixin.py:120} INFO - [2023-08-30T09:11:02.995+0000] {taskmixin.py:205} WARNING - Dependency <Task(_PythonDecoratedOperator): log_sql_query>, print_the_context already registered for DAG: example_python_operator
[2023-08-30T09:11:02.995+0000] {logging_mixin.py:120} INFO - [2023-08-30T09:11:02.995+0000] {taskmixin.py:205} WARNING - Dependency <Task(_PythonDecoratedOperator): print_the_context>, log_sql_query already registered for DAG: example_python_operator
[2023-08-30T09:11:02.996+0000] {logging_mixin.py:120} INFO - [2023-08-30T09:11:02.996+0000] {taskmixin.py:205} WARNING - Dependency <Task(_PythonDecoratedOperator): log_sql_query>, print_the_context already registered for DAG: example_python_operator
[2023-08-30T09:11:02.996+0000] {logging_mixin.py:120} INFO - [2023-08-30T09:11:02.996+0000] {taskmixin.py:205} WARNING - Dependency <Task(_PythonDecoratedOperator): print_the_context>, log_sql_query already registered for DAG: example_python_operator
[2023-08-30T09:11:02.996+0000] {logging_mixin.py:120} INFO - [2023-08-30T09:11:02.996+0000] {taskmixin.py:205} WARNING - Dependency <Task(_PythonDecoratedOperator): log_sql_query>, print_the_context already registered for DAG: example_python_operator
[2023-08-30T09:11:02.997+0000] {logging_mixin.py:120} INFO - [2023-08-30T09:11:02.997+0000] {taskmixin.py:205} WARNING - Dependency <Task(_PythonDecoratedOperator): print_the_context>, log_sql_query already registered for DAG: example_python_operator
[2023-08-30T09:11:02.997+0000] {logging_mixin.py:120} INFO - [2023-08-30T09:11:02.997+0000] {taskmixin.py:205} WARNING - Dependency <Task(_PythonDecoratedOperator): log_sql_query>, print_the_context already registered for DAG: example_python_operator
[2023-08-30T09:11:03.003+0000] {processor.py:766} INFO - DAG(s) dict_keys(['example_python_operator']) retrieved from /home/airflow/.local/lib/python3.7/site-packages/airflow/example_dags/example_python_operator.py
[2023-08-30T09:11:03.038+0000] {logging_mixin.py:120} INFO - [2023-08-30T09:11:03.038+0000] {dag.py:2585} INFO - Sync 1 DAGs
[2023-08-30T09:11:03.058+0000] {logging_mixin.py:120} INFO - [2023-08-30T09:11:03.058+0000] {dag.py:3340} INFO - Setting next_dagrun for example_python_operator to None, run_after=None
[2023-08-30T09:11:03.075+0000] {processor.py:176} INFO - Processing /home/airflow/.local/lib/python3.7/site-packages/airflow/example_dags/example_python_operator.py took 0.098 seconds
[2023-08-30T09:11:33.668+0000] {processor.py:154} INFO - Started process (PID=513) to work on /home/airflow/.local/lib/python3.7/site-packages/airflow/example_dags/example_python_operator.py
[2023-08-30T09:11:33.668+0000] {processor.py:756} INFO - Processing file /home/airflow/.local/lib/python3.7/site-packages/airflow/example_dags/example_python_operator.py for tasks to queue
[2023-08-30T09:11:33.669+0000] {logging_mixin.py:120} INFO - [2023-08-30T09:11:33.669+0000] {dagbag.py:537} INFO - Filling up the DagBag from /home/airflow/.local/lib/python3.7/site-packages/airflow/example_dags/example_python_operator.py
[2023-08-30T09:11:33.682+0000] {logging_mixin.py:120} INFO - [2023-08-30T09:11:33.682+0000] {taskmixin.py:205} WARNING - Dependency <Task(_PythonDecoratedOperator): print_the_context>, log_sql_query already registered for DAG: example_python_operator
[2023-08-30T09:11:33.682+0000] {logging_mixin.py:120} INFO - [2023-08-30T09:11:33.682+0000] {taskmixin.py:205} WARNING - Dependency <Task(_PythonDecoratedOperator): log_sql_query>, print_the_context already registered for DAG: example_python_operator
[2023-08-30T09:11:33.683+0000] {logging_mixin.py:120} INFO - [2023-08-30T09:11:33.683+0000] {taskmixin.py:205} WARNING - Dependency <Task(_PythonDecoratedOperator): print_the_context>, log_sql_query already registered for DAG: example_python_operator
[2023-08-30T09:11:33.683+0000] {logging_mixin.py:120} INFO - [2023-08-30T09:11:33.683+0000] {taskmixin.py:205} WARNING - Dependency <Task(_PythonDecoratedOperator): log_sql_query>, print_the_context already registered for DAG: example_python_operator
[2023-08-30T09:11:33.684+0000] {logging_mixin.py:120} INFO - [2023-08-30T09:11:33.684+0000] {taskmixin.py:205} WARNING - Dependency <Task(_PythonDecoratedOperator): print_the_context>, log_sql_query already registered for DAG: example_python_operator
[2023-08-30T09:11:33.684+0000] {logging_mixin.py:120} INFO - [2023-08-30T09:11:33.684+0000] {taskmixin.py:205} WARNING - Dependency <Task(_PythonDecoratedOperator): log_sql_query>, print_the_context already registered for DAG: example_python_operator
[2023-08-30T09:11:33.684+0000] {logging_mixin.py:120} INFO - [2023-08-30T09:11:33.684+0000] {taskmixin.py:205} WARNING - Dependency <Task(_PythonDecoratedOperator): print_the_context>, log_sql_query already registered for DAG: example_python_operator
[2023-08-30T09:11:33.685+0000] {logging_mixin.py:120} INFO - [2023-08-30T09:11:33.684+0000] {taskmixin.py:205} WARNING - Dependency <Task(_PythonDecoratedOperator): log_sql_query>, print_the_context already registered for DAG: example_python_operator
[2023-08-30T09:11:33.691+0000] {processor.py:766} INFO - DAG(s) dict_keys(['example_python_operator']) retrieved from /home/airflow/.local/lib/python3.7/site-packages/airflow/example_dags/example_python_operator.py
[2023-08-30T09:11:33.726+0000] {logging_mixin.py:120} INFO - [2023-08-30T09:11:33.726+0000] {dag.py:2585} INFO - Sync 1 DAGs
[2023-08-30T09:11:33.747+0000] {logging_mixin.py:120} INFO - [2023-08-30T09:11:33.747+0000] {dag.py:3340} INFO - Setting next_dagrun for example_python_operator to None, run_after=None
[2023-08-30T09:11:33.765+0000] {processor.py:176} INFO - Processing /home/airflow/.local/lib/python3.7/site-packages/airflow/example_dags/example_python_operator.py took 0.100 seconds
[2023-08-30T09:12:04.405+0000] {processor.py:154} INFO - Started process (PID=578) to work on /home/airflow/.local/lib/python3.7/site-packages/airflow/example_dags/example_python_operator.py
[2023-08-30T09:12:04.405+0000] {processor.py:756} INFO - Processing file /home/airflow/.local/lib/python3.7/site-packages/airflow/example_dags/example_python_operator.py for tasks to queue
[2023-08-30T09:12:04.406+0000] {logging_mixin.py:120} INFO - [2023-08-30T09:12:04.406+0000] {dagbag.py:537} INFO - Filling up the DagBag from /home/airflow/.local/lib/python3.7/site-packages/airflow/example_dags/example_python_operator.py
[2023-08-30T09:12:04.420+0000] {logging_mixin.py:120} INFO - [2023-08-30T09:12:04.419+0000] {taskmixin.py:205} WARNING - Dependency <Task(_PythonDecoratedOperator): print_the_context>, log_sql_query already registered for DAG: example_python_operator
[2023-08-30T09:12:04.420+0000] {logging_mixin.py:120} INFO - [2023-08-30T09:12:04.420+0000] {taskmixin.py:205} WARNING - Dependency <Task(_PythonDecoratedOperator): log_sql_query>, print_the_context already registered for DAG: example_python_operator
[2023-08-30T09:12:04.420+0000] {logging_mixin.py:120} INFO - [2023-08-30T09:12:04.420+0000] {taskmixin.py:205} WARNING - Dependency <Task(_PythonDecoratedOperator): print_the_context>, log_sql_query already registered for DAG: example_python_operator
[2023-08-30T09:12:04.420+0000] {logging_mixin.py:120} INFO - [2023-08-30T09:12:04.420+0000] {taskmixin.py:205} WARNING - Dependency <Task(_PythonDecoratedOperator): log_sql_query>, print_the_context already registered for DAG: example_python_operator
[2023-08-30T09:12:04.421+0000] {logging_mixin.py:120} INFO - [2023-08-30T09:12:04.421+0000] {taskmixin.py:205} WARNING - Dependency <Task(_PythonDecoratedOperator): print_the_context>, log_sql_query already registered for DAG: example_python_operator
[2023-08-30T09:12:04.421+0000] {logging_mixin.py:120} INFO - [2023-08-30T09:12:04.421+0000] {taskmixin.py:205} WARNING - Dependency <Task(_PythonDecoratedOperator): log_sql_query>, print_the_context already registered for DAG: example_python_operator
[2023-08-30T09:12:04.422+0000] {logging_mixin.py:120} INFO - [2023-08-30T09:12:04.422+0000] {taskmixin.py:205} WARNING - Dependency <Task(_PythonDecoratedOperator): print_the_context>, log_sql_query already registered for DAG: example_python_operator
[2023-08-30T09:12:04.422+0000] {logging_mixin.py:120} INFO - [2023-08-30T09:12:04.422+0000] {taskmixin.py:205} WARNING - Dependency <Task(_PythonDecoratedOperator): log_sql_query>, print_the_context already registered for DAG: example_python_operator
[2023-08-30T09:12:04.428+0000] {processor.py:766} INFO - DAG(s) dict_keys(['example_python_operator']) retrieved from /home/airflow/.local/lib/python3.7/site-packages/airflow/example_dags/example_python_operator.py
[2023-08-30T09:12:04.464+0000] {logging_mixin.py:120} INFO - [2023-08-30T09:12:04.464+0000] {dag.py:2585} INFO - Sync 1 DAGs
[2023-08-30T09:12:04.487+0000] {logging_mixin.py:120} INFO - [2023-08-30T09:12:04.487+0000] {dag.py:3340} INFO - Setting next_dagrun for example_python_operator to None, run_after=None
[2023-08-30T09:12:04.504+0000] {processor.py:176} INFO - Processing /home/airflow/.local/lib/python3.7/site-packages/airflow/example_dags/example_python_operator.py took 0.102 seconds
[2023-08-30T09:18:57.824+0000] {processor.py:154} INFO - Started process (PID=61) to work on /home/airflow/.local/lib/python3.7/site-packages/airflow/example_dags/example_python_operator.py
[2023-08-30T09:18:57.825+0000] {processor.py:756} INFO - Processing file /home/airflow/.local/lib/python3.7/site-packages/airflow/example_dags/example_python_operator.py for tasks to queue
[2023-08-30T09:18:57.825+0000] {logging_mixin.py:120} INFO - [2023-08-30T09:18:57.825+0000] {dagbag.py:537} INFO - Filling up the DagBag from /home/airflow/.local/lib/python3.7/site-packages/airflow/example_dags/example_python_operator.py
[2023-08-30T09:18:57.840+0000] {logging_mixin.py:120} INFO - [2023-08-30T09:18:57.840+0000] {taskmixin.py:205} WARNING - Dependency <Task(_PythonDecoratedOperator): print_the_context>, log_sql_query already registered for DAG: example_python_operator
[2023-08-30T09:18:57.840+0000] {logging_mixin.py:120} INFO - [2023-08-30T09:18:57.840+0000] {taskmixin.py:205} WARNING - Dependency <Task(_PythonDecoratedOperator): log_sql_query>, print_the_context already registered for DAG: example_python_operator
[2023-08-30T09:18:57.841+0000] {logging_mixin.py:120} INFO - [2023-08-30T09:18:57.841+0000] {taskmixin.py:205} WARNING - Dependency <Task(_PythonDecoratedOperator): print_the_context>, log_sql_query already registered for DAG: example_python_operator
[2023-08-30T09:18:57.841+0000] {logging_mixin.py:120} INFO - [2023-08-30T09:18:57.841+0000] {taskmixin.py:205} WARNING - Dependency <Task(_PythonDecoratedOperator): log_sql_query>, print_the_context already registered for DAG: example_python_operator
[2023-08-30T09:18:57.841+0000] {logging_mixin.py:120} INFO - [2023-08-30T09:18:57.841+0000] {taskmixin.py:205} WARNING - Dependency <Task(_PythonDecoratedOperator): print_the_context>, log_sql_query already registered for DAG: example_python_operator
[2023-08-30T09:18:57.842+0000] {logging_mixin.py:120} INFO - [2023-08-30T09:18:57.841+0000] {taskmixin.py:205} WARNING - Dependency <Task(_PythonDecoratedOperator): log_sql_query>, print_the_context already registered for DAG: example_python_operator
[2023-08-30T09:18:57.842+0000] {logging_mixin.py:120} INFO - [2023-08-30T09:18:57.842+0000] {taskmixin.py:205} WARNING - Dependency <Task(_PythonDecoratedOperator): print_the_context>, log_sql_query already registered for DAG: example_python_operator
[2023-08-30T09:18:57.842+0000] {logging_mixin.py:120} INFO - [2023-08-30T09:18:57.842+0000] {taskmixin.py:205} WARNING - Dependency <Task(_PythonDecoratedOperator): log_sql_query>, print_the_context already registered for DAG: example_python_operator
[2023-08-30T09:18:57.852+0000] {processor.py:766} INFO - DAG(s) dict_keys(['example_python_operator']) retrieved from /home/airflow/.local/lib/python3.7/site-packages/airflow/example_dags/example_python_operator.py
[2023-08-30T09:18:57.892+0000] {logging_mixin.py:120} INFO - [2023-08-30T09:18:57.892+0000] {dag.py:2585} INFO - Sync 1 DAGs
[2023-08-30T09:18:57.917+0000] {logging_mixin.py:120} INFO - [2023-08-30T09:18:57.917+0000] {dag.py:3340} INFO - Setting next_dagrun for example_python_operator to None, run_after=None
[2023-08-30T09:18:57.936+0000] {processor.py:176} INFO - Processing /home/airflow/.local/lib/python3.7/site-packages/airflow/example_dags/example_python_operator.py took 0.115 seconds
[2023-08-30T09:19:28.415+0000] {processor.py:154} INFO - Started process (PID=126) to work on /home/airflow/.local/lib/python3.7/site-packages/airflow/example_dags/example_python_operator.py
[2023-08-30T09:19:28.416+0000] {processor.py:756} INFO - Processing file /home/airflow/.local/lib/python3.7/site-packages/airflow/example_dags/example_python_operator.py for tasks to queue
[2023-08-30T09:19:28.417+0000] {logging_mixin.py:120} INFO - [2023-08-30T09:19:28.417+0000] {dagbag.py:537} INFO - Filling up the DagBag from /home/airflow/.local/lib/python3.7/site-packages/airflow/example_dags/example_python_operator.py
[2023-08-30T09:19:28.433+0000] {logging_mixin.py:120} INFO - [2023-08-30T09:19:28.433+0000] {taskmixin.py:205} WARNING - Dependency <Task(_PythonDecoratedOperator): print_the_context>, log_sql_query already registered for DAG: example_python_operator
[2023-08-30T09:19:28.434+0000] {logging_mixin.py:120} INFO - [2023-08-30T09:19:28.434+0000] {taskmixin.py:205} WARNING - Dependency <Task(_PythonDecoratedOperator): log_sql_query>, print_the_context already registered for DAG: example_python_operator
[2023-08-30T09:19:28.434+0000] {logging_mixin.py:120} INFO - [2023-08-30T09:19:28.434+0000] {taskmixin.py:205} WARNING - Dependency <Task(_PythonDecoratedOperator): print_the_context>, log_sql_query already registered for DAG: example_python_operator
[2023-08-30T09:19:28.434+0000] {logging_mixin.py:120} INFO - [2023-08-30T09:19:28.434+0000] {taskmixin.py:205} WARNING - Dependency <Task(_PythonDecoratedOperator): log_sql_query>, print_the_context already registered for DAG: example_python_operator
[2023-08-30T09:19:28.435+0000] {logging_mixin.py:120} INFO - [2023-08-30T09:19:28.435+0000] {taskmixin.py:205} WARNING - Dependency <Task(_PythonDecoratedOperator): print_the_context>, log_sql_query already registered for DAG: example_python_operator
[2023-08-30T09:19:28.435+0000] {logging_mixin.py:120} INFO - [2023-08-30T09:19:28.435+0000] {taskmixin.py:205} WARNING - Dependency <Task(_PythonDecoratedOperator): log_sql_query>, print_the_context already registered for DAG: example_python_operator
[2023-08-30T09:19:28.436+0000] {logging_mixin.py:120} INFO - [2023-08-30T09:19:28.436+0000] {taskmixin.py:205} WARNING - Dependency <Task(_PythonDecoratedOperator): print_the_context>, log_sql_query already registered for DAG: example_python_operator
[2023-08-30T09:19:28.436+0000] {logging_mixin.py:120} INFO - [2023-08-30T09:19:28.436+0000] {taskmixin.py:205} WARNING - Dependency <Task(_PythonDecoratedOperator): log_sql_query>, print_the_context already registered for DAG: example_python_operator
[2023-08-30T09:19:28.442+0000] {processor.py:766} INFO - DAG(s) dict_keys(['example_python_operator']) retrieved from /home/airflow/.local/lib/python3.7/site-packages/airflow/example_dags/example_python_operator.py
[2023-08-30T09:19:28.479+0000] {logging_mixin.py:120} INFO - [2023-08-30T09:19:28.479+0000] {dag.py:2585} INFO - Sync 1 DAGs
[2023-08-30T09:19:28.502+0000] {logging_mixin.py:120} INFO - [2023-08-30T09:19:28.502+0000] {dag.py:3340} INFO - Setting next_dagrun for example_python_operator to None, run_after=None
[2023-08-30T09:19:28.520+0000] {processor.py:176} INFO - Processing /home/airflow/.local/lib/python3.7/site-packages/airflow/example_dags/example_python_operator.py took 0.107 seconds
[2023-08-30T09:19:59.207+0000] {processor.py:154} INFO - Started process (PID=193) to work on /home/airflow/.local/lib/python3.7/site-packages/airflow/example_dags/example_python_operator.py
[2023-08-30T09:19:59.208+0000] {processor.py:756} INFO - Processing file /home/airflow/.local/lib/python3.7/site-packages/airflow/example_dags/example_python_operator.py for tasks to queue
[2023-08-30T09:19:59.208+0000] {logging_mixin.py:120} INFO - [2023-08-30T09:19:59.208+0000] {dagbag.py:537} INFO - Filling up the DagBag from /home/airflow/.local/lib/python3.7/site-packages/airflow/example_dags/example_python_operator.py
[2023-08-30T09:19:59.221+0000] {logging_mixin.py:120} INFO - [2023-08-30T09:19:59.221+0000] {taskmixin.py:205} WARNING - Dependency <Task(_PythonDecoratedOperator): print_the_context>, log_sql_query already registered for DAG: example_python_operator
[2023-08-30T09:19:59.221+0000] {logging_mixin.py:120} INFO - [2023-08-30T09:19:59.221+0000] {taskmixin.py:205} WARNING - Dependency <Task(_PythonDecoratedOperator): log_sql_query>, print_the_context already registered for DAG: example_python_operator
[2023-08-30T09:19:59.222+0000] {logging_mixin.py:120} INFO - [2023-08-30T09:19:59.222+0000] {taskmixin.py:205} WARNING - Dependency <Task(_PythonDecoratedOperator): print_the_context>, log_sql_query already registered for DAG: example_python_operator
[2023-08-30T09:19:59.222+0000] {logging_mixin.py:120} INFO - [2023-08-30T09:19:59.222+0000] {taskmixin.py:205} WARNING - Dependency <Task(_PythonDecoratedOperator): log_sql_query>, print_the_context already registered for DAG: example_python_operator
[2023-08-30T09:19:59.222+0000] {logging_mixin.py:120} INFO - [2023-08-30T09:19:59.222+0000] {taskmixin.py:205} WARNING - Dependency <Task(_PythonDecoratedOperator): print_the_context>, log_sql_query already registered for DAG: example_python_operator
[2023-08-30T09:19:59.223+0000] {logging_mixin.py:120} INFO - [2023-08-30T09:19:59.223+0000] {taskmixin.py:205} WARNING - Dependency <Task(_PythonDecoratedOperator): log_sql_query>, print_the_context already registered for DAG: example_python_operator
[2023-08-30T09:19:59.223+0000] {logging_mixin.py:120} INFO - [2023-08-30T09:19:59.223+0000] {taskmixin.py:205} WARNING - Dependency <Task(_PythonDecoratedOperator): print_the_context>, log_sql_query already registered for DAG: example_python_operator
[2023-08-30T09:19:59.223+0000] {logging_mixin.py:120} INFO - [2023-08-30T09:19:59.223+0000] {taskmixin.py:205} WARNING - Dependency <Task(_PythonDecoratedOperator): log_sql_query>, print_the_context already registered for DAG: example_python_operator
[2023-08-30T09:19:59.229+0000] {processor.py:766} INFO - DAG(s) dict_keys(['example_python_operator']) retrieved from /home/airflow/.local/lib/python3.7/site-packages/airflow/example_dags/example_python_operator.py
[2023-08-30T09:19:59.265+0000] {logging_mixin.py:120} INFO - [2023-08-30T09:19:59.265+0000] {dag.py:2585} INFO - Sync 1 DAGs
[2023-08-30T09:19:59.287+0000] {logging_mixin.py:120} INFO - [2023-08-30T09:19:59.287+0000] {dag.py:3340} INFO - Setting next_dagrun for example_python_operator to None, run_after=None
[2023-08-30T09:19:59.305+0000] {processor.py:176} INFO - Processing /home/airflow/.local/lib/python3.7/site-packages/airflow/example_dags/example_python_operator.py took 0.101 seconds
[2023-08-30T09:20:30.274+0000] {processor.py:154} INFO - Started process (PID=258) to work on /home/airflow/.local/lib/python3.7/site-packages/airflow/example_dags/example_python_operator.py
[2023-08-30T09:20:30.275+0000] {processor.py:756} INFO - Processing file /home/airflow/.local/lib/python3.7/site-packages/airflow/example_dags/example_python_operator.py for tasks to queue
[2023-08-30T09:20:30.276+0000] {logging_mixin.py:120} INFO - [2023-08-30T09:20:30.276+0000] {dagbag.py:537} INFO - Filling up the DagBag from /home/airflow/.local/lib/python3.7/site-packages/airflow/example_dags/example_python_operator.py
[2023-08-30T09:20:30.291+0000] {logging_mixin.py:120} INFO - [2023-08-30T09:20:30.290+0000] {taskmixin.py:205} WARNING - Dependency <Task(_PythonDecoratedOperator): print_the_context>, log_sql_query already registered for DAG: example_python_operator
[2023-08-30T09:20:30.291+0000] {logging_mixin.py:120} INFO - [2023-08-30T09:20:30.291+0000] {taskmixin.py:205} WARNING - Dependency <Task(_PythonDecoratedOperator): log_sql_query>, print_the_context already registered for DAG: example_python_operator
[2023-08-30T09:20:30.291+0000] {logging_mixin.py:120} INFO - [2023-08-30T09:20:30.291+0000] {taskmixin.py:205} WARNING - Dependency <Task(_PythonDecoratedOperator): print_the_context>, log_sql_query already registered for DAG: example_python_operator
[2023-08-30T09:20:30.292+0000] {logging_mixin.py:120} INFO - [2023-08-30T09:20:30.291+0000] {taskmixin.py:205} WARNING - Dependency <Task(_PythonDecoratedOperator): log_sql_query>, print_the_context already registered for DAG: example_python_operator
[2023-08-30T09:20:30.292+0000] {logging_mixin.py:120} INFO - [2023-08-30T09:20:30.292+0000] {taskmixin.py:205} WARNING - Dependency <Task(_PythonDecoratedOperator): print_the_context>, log_sql_query already registered for DAG: example_python_operator
[2023-08-30T09:20:30.292+0000] {logging_mixin.py:120} INFO - [2023-08-30T09:20:30.292+0000] {taskmixin.py:205} WARNING - Dependency <Task(_PythonDecoratedOperator): log_sql_query>, print_the_context already registered for DAG: example_python_operator
[2023-08-30T09:20:30.293+0000] {logging_mixin.py:120} INFO - [2023-08-30T09:20:30.293+0000] {taskmixin.py:205} WARNING - Dependency <Task(_PythonDecoratedOperator): print_the_context>, log_sql_query already registered for DAG: example_python_operator
[2023-08-30T09:20:30.293+0000] {logging_mixin.py:120} INFO - [2023-08-30T09:20:30.293+0000] {taskmixin.py:205} WARNING - Dependency <Task(_PythonDecoratedOperator): log_sql_query>, print_the_context already registered for DAG: example_python_operator
[2023-08-30T09:20:30.300+0000] {processor.py:766} INFO - DAG(s) dict_keys(['example_python_operator']) retrieved from /home/airflow/.local/lib/python3.7/site-packages/airflow/example_dags/example_python_operator.py
[2023-08-30T09:20:30.339+0000] {logging_mixin.py:120} INFO - [2023-08-30T09:20:30.339+0000] {dag.py:2585} INFO - Sync 1 DAGs
[2023-08-30T09:20:30.364+0000] {logging_mixin.py:120} INFO - [2023-08-30T09:20:30.364+0000] {dag.py:3340} INFO - Setting next_dagrun for example_python_operator to None, run_after=None
[2023-08-30T09:20:30.388+0000] {processor.py:176} INFO - Processing /home/airflow/.local/lib/python3.7/site-packages/airflow/example_dags/example_python_operator.py took 0.116 seconds
[2023-08-30T09:21:01.271+0000] {processor.py:154} INFO - Started process (PID=314) to work on /home/airflow/.local/lib/python3.7/site-packages/airflow/example_dags/example_python_operator.py
[2023-08-30T09:21:01.272+0000] {processor.py:756} INFO - Processing file /home/airflow/.local/lib/python3.7/site-packages/airflow/example_dags/example_python_operator.py for tasks to queue
[2023-08-30T09:21:01.272+0000] {logging_mixin.py:120} INFO - [2023-08-30T09:21:01.272+0000] {dagbag.py:537} INFO - Filling up the DagBag from /home/airflow/.local/lib/python3.7/site-packages/airflow/example_dags/example_python_operator.py
[2023-08-30T09:21:01.286+0000] {logging_mixin.py:120} INFO - [2023-08-30T09:21:01.286+0000] {taskmixin.py:205} WARNING - Dependency <Task(_PythonDecoratedOperator): print_the_context>, log_sql_query already registered for DAG: example_python_operator
[2023-08-30T09:21:01.286+0000] {logging_mixin.py:120} INFO - [2023-08-30T09:21:01.286+0000] {taskmixin.py:205} WARNING - Dependency <Task(_PythonDecoratedOperator): log_sql_query>, print_the_context already registered for DAG: example_python_operator
[2023-08-30T09:21:01.287+0000] {logging_mixin.py:120} INFO - [2023-08-30T09:21:01.287+0000] {taskmixin.py:205} WARNING - Dependency <Task(_PythonDecoratedOperator): print_the_context>, log_sql_query already registered for DAG: example_python_operator
[2023-08-30T09:21:01.287+0000] {logging_mixin.py:120} INFO - [2023-08-30T09:21:01.287+0000] {taskmixin.py:205} WARNING - Dependency <Task(_PythonDecoratedOperator): log_sql_query>, print_the_context already registered for DAG: example_python_operator
[2023-08-30T09:21:01.287+0000] {logging_mixin.py:120} INFO - [2023-08-30T09:21:01.287+0000] {taskmixin.py:205} WARNING - Dependency <Task(_PythonDecoratedOperator): print_the_context>, log_sql_query already registered for DAG: example_python_operator
[2023-08-30T09:21:01.288+0000] {logging_mixin.py:120} INFO - [2023-08-30T09:21:01.287+0000] {taskmixin.py:205} WARNING - Dependency <Task(_PythonDecoratedOperator): log_sql_query>, print_the_context already registered for DAG: example_python_operator
[2023-08-30T09:21:01.288+0000] {logging_mixin.py:120} INFO - [2023-08-30T09:21:01.288+0000] {taskmixin.py:205} WARNING - Dependency <Task(_PythonDecoratedOperator): print_the_context>, log_sql_query already registered for DAG: example_python_operator
[2023-08-30T09:21:01.288+0000] {logging_mixin.py:120} INFO - [2023-08-30T09:21:01.288+0000] {taskmixin.py:205} WARNING - Dependency <Task(_PythonDecoratedOperator): log_sql_query>, print_the_context already registered for DAG: example_python_operator
[2023-08-30T09:21:01.295+0000] {processor.py:766} INFO - DAG(s) dict_keys(['example_python_operator']) retrieved from /home/airflow/.local/lib/python3.7/site-packages/airflow/example_dags/example_python_operator.py
[2023-08-30T09:21:01.330+0000] {logging_mixin.py:120} INFO - [2023-08-30T09:21:01.330+0000] {dag.py:2585} INFO - Sync 1 DAGs
[2023-08-30T09:21:01.353+0000] {logging_mixin.py:120} INFO - [2023-08-30T09:21:01.353+0000] {dag.py:3340} INFO - Setting next_dagrun for example_python_operator to None, run_after=None
[2023-08-30T09:21:01.370+0000] {processor.py:176} INFO - Processing /home/airflow/.local/lib/python3.7/site-packages/airflow/example_dags/example_python_operator.py took 0.101 seconds
[2023-08-30T09:21:31.964+0000] {processor.py:154} INFO - Started process (PID=379) to work on /home/airflow/.local/lib/python3.7/site-packages/airflow/example_dags/example_python_operator.py
[2023-08-30T09:21:31.964+0000] {processor.py:756} INFO - Processing file /home/airflow/.local/lib/python3.7/site-packages/airflow/example_dags/example_python_operator.py for tasks to queue
[2023-08-30T09:21:31.965+0000] {logging_mixin.py:120} INFO - [2023-08-30T09:21:31.965+0000] {dagbag.py:537} INFO - Filling up the DagBag from /home/airflow/.local/lib/python3.7/site-packages/airflow/example_dags/example_python_operator.py
[2023-08-30T09:21:31.978+0000] {logging_mixin.py:120} INFO - [2023-08-30T09:21:31.978+0000] {taskmixin.py:205} WARNING - Dependency <Task(_PythonDecoratedOperator): print_the_context>, log_sql_query already registered for DAG: example_python_operator
[2023-08-30T09:21:31.979+0000] {logging_mixin.py:120} INFO - [2023-08-30T09:21:31.979+0000] {taskmixin.py:205} WARNING - Dependency <Task(_PythonDecoratedOperator): log_sql_query>, print_the_context already registered for DAG: example_python_operator
[2023-08-30T09:21:31.979+0000] {logging_mixin.py:120} INFO - [2023-08-30T09:21:31.979+0000] {taskmixin.py:205} WARNING - Dependency <Task(_PythonDecoratedOperator): print_the_context>, log_sql_query already registered for DAG: example_python_operator
[2023-08-30T09:21:31.980+0000] {logging_mixin.py:120} INFO - [2023-08-30T09:21:31.979+0000] {taskmixin.py:205} WARNING - Dependency <Task(_PythonDecoratedOperator): log_sql_query>, print_the_context already registered for DAG: example_python_operator
[2023-08-30T09:21:31.980+0000] {logging_mixin.py:120} INFO - [2023-08-30T09:21:31.980+0000] {taskmixin.py:205} WARNING - Dependency <Task(_PythonDecoratedOperator): print_the_context>, log_sql_query already registered for DAG: example_python_operator
[2023-08-30T09:21:31.980+0000] {logging_mixin.py:120} INFO - [2023-08-30T09:21:31.980+0000] {taskmixin.py:205} WARNING - Dependency <Task(_PythonDecoratedOperator): log_sql_query>, print_the_context already registered for DAG: example_python_operator
[2023-08-30T09:21:31.981+0000] {logging_mixin.py:120} INFO - [2023-08-30T09:21:31.981+0000] {taskmixin.py:205} WARNING - Dependency <Task(_PythonDecoratedOperator): print_the_context>, log_sql_query already registered for DAG: example_python_operator
[2023-08-30T09:21:31.981+0000] {logging_mixin.py:120} INFO - [2023-08-30T09:21:31.981+0000] {taskmixin.py:205} WARNING - Dependency <Task(_PythonDecoratedOperator): log_sql_query>, print_the_context already registered for DAG: example_python_operator
[2023-08-30T09:21:31.987+0000] {processor.py:766} INFO - DAG(s) dict_keys(['example_python_operator']) retrieved from /home/airflow/.local/lib/python3.7/site-packages/airflow/example_dags/example_python_operator.py
[2023-08-30T09:21:32.023+0000] {logging_mixin.py:120} INFO - [2023-08-30T09:21:32.023+0000] {dag.py:2585} INFO - Sync 1 DAGs
[2023-08-30T09:21:32.045+0000] {logging_mixin.py:120} INFO - [2023-08-30T09:21:32.045+0000] {dag.py:3340} INFO - Setting next_dagrun for example_python_operator to None, run_after=None
[2023-08-30T09:21:32.062+0000] {processor.py:176} INFO - Processing /home/airflow/.local/lib/python3.7/site-packages/airflow/example_dags/example_python_operator.py took 0.101 seconds
