[2023-08-30T09:07:58.407+0000] {processor.py:154} INFO - Started process (PID=77) to work on /home/airflow/.local/lib/python3.7/site-packages/airflow/example_dags/example_branch_operator.py
[2023-08-30T09:07:58.407+0000] {processor.py:756} INFO - Processing file /home/airflow/.local/lib/python3.7/site-packages/airflow/example_dags/example_branch_operator.py for tasks to queue
[2023-08-30T09:07:58.408+0000] {logging_mixin.py:120} INFO - [2023-08-30T09:07:58.408+0000] {dagbag.py:537} INFO - Filling up the DagBag from /home/airflow/.local/lib/python3.7/site-packages/airflow/example_dags/example_branch_operator.py
[2023-08-30T09:07:58.428+0000] {processor.py:766} INFO - DAG(s) dict_keys(['example_branch_operator']) retrieved from /home/airflow/.local/lib/python3.7/site-packages/airflow/example_dags/example_branch_operator.py
[2023-08-30T09:07:58.539+0000] {logging_mixin.py:120} INFO - [2023-08-30T09:07:58.539+0000] {dag.py:2585} INFO - Sync 1 DAGs
[2023-08-30T09:07:58.579+0000] {logging_mixin.py:120} INFO - [2023-08-30T09:07:58.579+0000] {dag.py:3340} INFO - Setting next_dagrun for example_branch_operator to 2023-08-29T00:00:00+00:00, run_after=2023-08-30T00:00:00+00:00
[2023-08-30T09:07:58.608+0000] {processor.py:176} INFO - Processing /home/airflow/.local/lib/python3.7/site-packages/airflow/example_dags/example_branch_operator.py took 0.204 seconds
[2023-08-30T09:08:29.409+0000] {processor.py:154} INFO - Started process (PID=142) to work on /home/airflow/.local/lib/python3.7/site-packages/airflow/example_dags/example_branch_operator.py
[2023-08-30T09:08:29.410+0000] {processor.py:756} INFO - Processing file /home/airflow/.local/lib/python3.7/site-packages/airflow/example_dags/example_branch_operator.py for tasks to queue
[2023-08-30T09:08:29.410+0000] {logging_mixin.py:120} INFO - [2023-08-30T09:08:29.410+0000] {dagbag.py:537} INFO - Filling up the DagBag from /home/airflow/.local/lib/python3.7/site-packages/airflow/example_dags/example_branch_operator.py
[2023-08-30T09:08:29.428+0000] {processor.py:766} INFO - DAG(s) dict_keys(['example_branch_operator']) retrieved from /home/airflow/.local/lib/python3.7/site-packages/airflow/example_dags/example_branch_operator.py
[2023-08-30T09:08:29.464+0000] {logging_mixin.py:120} INFO - [2023-08-30T09:08:29.464+0000] {dag.py:2585} INFO - Sync 1 DAGs
[2023-08-30T09:08:29.489+0000] {logging_mixin.py:120} INFO - [2023-08-30T09:08:29.489+0000] {dag.py:3340} INFO - Setting next_dagrun for example_branch_operator to 2023-08-29T00:00:00+00:00, run_after=2023-08-30T00:00:00+00:00
[2023-08-30T09:08:29.507+0000] {processor.py:176} INFO - Processing /home/airflow/.local/lib/python3.7/site-packages/airflow/example_dags/example_branch_operator.py took 0.100 seconds
[2023-08-30T09:09:00.281+0000] {processor.py:154} INFO - Started process (PID=199) to work on /home/airflow/.local/lib/python3.7/site-packages/airflow/example_dags/example_branch_operator.py
[2023-08-30T09:09:00.293+0000] {processor.py:756} INFO - Processing file /home/airflow/.local/lib/python3.7/site-packages/airflow/example_dags/example_branch_operator.py for tasks to queue
[2023-08-30T09:09:00.295+0000] {logging_mixin.py:120} INFO - [2023-08-30T09:09:00.295+0000] {dagbag.py:537} INFO - Filling up the DagBag from /home/airflow/.local/lib/python3.7/site-packages/airflow/example_dags/example_branch_operator.py
[2023-08-30T09:09:00.332+0000] {processor.py:766} INFO - DAG(s) dict_keys(['example_branch_operator']) retrieved from /home/airflow/.local/lib/python3.7/site-packages/airflow/example_dags/example_branch_operator.py
[2023-08-30T09:09:00.369+0000] {logging_mixin.py:120} INFO - [2023-08-30T09:09:00.369+0000] {dag.py:2585} INFO - Sync 1 DAGs
[2023-08-30T09:09:00.392+0000] {logging_mixin.py:120} INFO - [2023-08-30T09:09:00.392+0000] {dag.py:3340} INFO - Setting next_dagrun for example_branch_operator to 2023-08-29T00:00:00+00:00, run_after=2023-08-30T00:00:00+00:00
[2023-08-30T09:09:00.411+0000] {processor.py:176} INFO - Processing /home/airflow/.local/lib/python3.7/site-packages/airflow/example_dags/example_branch_operator.py took 0.132 seconds
[2023-08-30T09:09:30.690+0000] {processor.py:154} INFO - Started process (PID=264) to work on /home/airflow/.local/lib/python3.7/site-packages/airflow/example_dags/example_branch_operator.py
[2023-08-30T09:09:30.691+0000] {processor.py:756} INFO - Processing file /home/airflow/.local/lib/python3.7/site-packages/airflow/example_dags/example_branch_operator.py for tasks to queue
[2023-08-30T09:09:30.691+0000] {logging_mixin.py:120} INFO - [2023-08-30T09:09:30.691+0000] {dagbag.py:537} INFO - Filling up the DagBag from /home/airflow/.local/lib/python3.7/site-packages/airflow/example_dags/example_branch_operator.py
[2023-08-30T09:09:30.706+0000] {processor.py:766} INFO - DAG(s) dict_keys(['example_branch_operator']) retrieved from /home/airflow/.local/lib/python3.7/site-packages/airflow/example_dags/example_branch_operator.py
[2023-08-30T09:09:30.741+0000] {logging_mixin.py:120} INFO - [2023-08-30T09:09:30.741+0000] {dag.py:2585} INFO - Sync 1 DAGs
[2023-08-30T09:09:30.767+0000] {logging_mixin.py:120} INFO - [2023-08-30T09:09:30.766+0000] {dag.py:3340} INFO - Setting next_dagrun for example_branch_operator to 2023-08-29T00:00:00+00:00, run_after=2023-08-30T00:00:00+00:00
[2023-08-30T09:09:30.783+0000] {processor.py:176} INFO - Processing /home/airflow/.local/lib/python3.7/site-packages/airflow/example_dags/example_branch_operator.py took 0.097 seconds
[2023-08-30T09:10:01.377+0000] {processor.py:154} INFO - Started process (PID=329) to work on /home/airflow/.local/lib/python3.7/site-packages/airflow/example_dags/example_branch_operator.py
[2023-08-30T09:10:01.377+0000] {processor.py:756} INFO - Processing file /home/airflow/.local/lib/python3.7/site-packages/airflow/example_dags/example_branch_operator.py for tasks to queue
[2023-08-30T09:10:01.378+0000] {logging_mixin.py:120} INFO - [2023-08-30T09:10:01.378+0000] {dagbag.py:537} INFO - Filling up the DagBag from /home/airflow/.local/lib/python3.7/site-packages/airflow/example_dags/example_branch_operator.py
[2023-08-30T09:10:01.393+0000] {processor.py:766} INFO - DAG(s) dict_keys(['example_branch_operator']) retrieved from /home/airflow/.local/lib/python3.7/site-packages/airflow/example_dags/example_branch_operator.py
[2023-08-30T09:10:01.429+0000] {logging_mixin.py:120} INFO - [2023-08-30T09:10:01.428+0000] {dag.py:2585} INFO - Sync 1 DAGs
[2023-08-30T09:10:01.453+0000] {logging_mixin.py:120} INFO - [2023-08-30T09:10:01.453+0000] {dag.py:3340} INFO - Setting next_dagrun for example_branch_operator to 2023-08-29T00:00:00+00:00, run_after=2023-08-30T00:00:00+00:00
[2023-08-30T09:10:01.470+0000] {processor.py:176} INFO - Processing /home/airflow/.local/lib/python3.7/site-packages/airflow/example_dags/example_branch_operator.py took 0.096 seconds
[2023-08-30T09:10:32.002+0000] {processor.py:154} INFO - Started process (PID=385) to work on /home/airflow/.local/lib/python3.7/site-packages/airflow/example_dags/example_branch_operator.py
[2023-08-30T09:10:32.003+0000] {processor.py:756} INFO - Processing file /home/airflow/.local/lib/python3.7/site-packages/airflow/example_dags/example_branch_operator.py for tasks to queue
[2023-08-30T09:10:32.004+0000] {logging_mixin.py:120} INFO - [2023-08-30T09:10:32.003+0000] {dagbag.py:537} INFO - Filling up the DagBag from /home/airflow/.local/lib/python3.7/site-packages/airflow/example_dags/example_branch_operator.py
[2023-08-30T09:10:32.018+0000] {processor.py:766} INFO - DAG(s) dict_keys(['example_branch_operator']) retrieved from /home/airflow/.local/lib/python3.7/site-packages/airflow/example_dags/example_branch_operator.py
[2023-08-30T09:10:32.053+0000] {logging_mixin.py:120} INFO - [2023-08-30T09:10:32.053+0000] {dag.py:2585} INFO - Sync 1 DAGs
[2023-08-30T09:10:32.078+0000] {logging_mixin.py:120} INFO - [2023-08-30T09:10:32.077+0000] {dag.py:3340} INFO - Setting next_dagrun for example_branch_operator to 2023-08-29T00:00:00+00:00, run_after=2023-08-30T00:00:00+00:00
[2023-08-30T09:10:32.095+0000] {processor.py:176} INFO - Processing /home/airflow/.local/lib/python3.7/site-packages/airflow/example_dags/example_branch_operator.py took 0.095 seconds
[2023-08-30T09:11:03.090+0000] {processor.py:154} INFO - Started process (PID=450) to work on /home/airflow/.local/lib/python3.7/site-packages/airflow/example_dags/example_branch_operator.py
[2023-08-30T09:11:03.090+0000] {processor.py:756} INFO - Processing file /home/airflow/.local/lib/python3.7/site-packages/airflow/example_dags/example_branch_operator.py for tasks to queue
[2023-08-30T09:11:03.091+0000] {logging_mixin.py:120} INFO - [2023-08-30T09:11:03.091+0000] {dagbag.py:537} INFO - Filling up the DagBag from /home/airflow/.local/lib/python3.7/site-packages/airflow/example_dags/example_branch_operator.py
[2023-08-30T09:11:03.105+0000] {processor.py:766} INFO - DAG(s) dict_keys(['example_branch_operator']) retrieved from /home/airflow/.local/lib/python3.7/site-packages/airflow/example_dags/example_branch_operator.py
[2023-08-30T09:11:03.141+0000] {logging_mixin.py:120} INFO - [2023-08-30T09:11:03.141+0000] {dag.py:2585} INFO - Sync 1 DAGs
[2023-08-30T09:11:03.166+0000] {logging_mixin.py:120} INFO - [2023-08-30T09:11:03.166+0000] {dag.py:3340} INFO - Setting next_dagrun for example_branch_operator to 2023-08-29T00:00:00+00:00, run_after=2023-08-30T00:00:00+00:00
[2023-08-30T09:11:03.184+0000] {processor.py:176} INFO - Processing /home/airflow/.local/lib/python3.7/site-packages/airflow/example_dags/example_branch_operator.py took 0.097 seconds
[2023-08-30T09:11:33.780+0000] {processor.py:154} INFO - Started process (PID=515) to work on /home/airflow/.local/lib/python3.7/site-packages/airflow/example_dags/example_branch_operator.py
[2023-08-30T09:11:33.781+0000] {processor.py:756} INFO - Processing file /home/airflow/.local/lib/python3.7/site-packages/airflow/example_dags/example_branch_operator.py for tasks to queue
[2023-08-30T09:11:33.782+0000] {logging_mixin.py:120} INFO - [2023-08-30T09:11:33.781+0000] {dagbag.py:537} INFO - Filling up the DagBag from /home/airflow/.local/lib/python3.7/site-packages/airflow/example_dags/example_branch_operator.py
[2023-08-30T09:11:33.796+0000] {processor.py:766} INFO - DAG(s) dict_keys(['example_branch_operator']) retrieved from /home/airflow/.local/lib/python3.7/site-packages/airflow/example_dags/example_branch_operator.py
[2023-08-30T09:11:33.831+0000] {logging_mixin.py:120} INFO - [2023-08-30T09:11:33.831+0000] {dag.py:2585} INFO - Sync 1 DAGs
[2023-08-30T09:11:33.855+0000] {logging_mixin.py:120} INFO - [2023-08-30T09:11:33.855+0000] {dag.py:3340} INFO - Setting next_dagrun for example_branch_operator to 2023-08-29T00:00:00+00:00, run_after=2023-08-30T00:00:00+00:00
[2023-08-30T09:11:33.873+0000] {processor.py:176} INFO - Processing /home/airflow/.local/lib/python3.7/site-packages/airflow/example_dags/example_branch_operator.py took 0.095 seconds
[2023-08-30T09:12:04.520+0000] {processor.py:154} INFO - Started process (PID=580) to work on /home/airflow/.local/lib/python3.7/site-packages/airflow/example_dags/example_branch_operator.py
[2023-08-30T09:12:04.521+0000] {processor.py:756} INFO - Processing file /home/airflow/.local/lib/python3.7/site-packages/airflow/example_dags/example_branch_operator.py for tasks to queue
[2023-08-30T09:12:04.521+0000] {logging_mixin.py:120} INFO - [2023-08-30T09:12:04.521+0000] {dagbag.py:537} INFO - Filling up the DagBag from /home/airflow/.local/lib/python3.7/site-packages/airflow/example_dags/example_branch_operator.py
[2023-08-30T09:12:04.537+0000] {processor.py:766} INFO - DAG(s) dict_keys(['example_branch_operator']) retrieved from /home/airflow/.local/lib/python3.7/site-packages/airflow/example_dags/example_branch_operator.py
[2023-08-30T09:12:04.577+0000] {logging_mixin.py:120} INFO - [2023-08-30T09:12:04.576+0000] {dag.py:2585} INFO - Sync 1 DAGs
[2023-08-30T09:12:04.603+0000] {logging_mixin.py:120} INFO - [2023-08-30T09:12:04.603+0000] {dag.py:3340} INFO - Setting next_dagrun for example_branch_operator to 2023-08-29T00:00:00+00:00, run_after=2023-08-30T00:00:00+00:00
[2023-08-30T09:12:04.623+0000] {processor.py:176} INFO - Processing /home/airflow/.local/lib/python3.7/site-packages/airflow/example_dags/example_branch_operator.py took 0.106 seconds
[2023-08-30T09:18:57.951+0000] {processor.py:154} INFO - Started process (PID=63) to work on /home/airflow/.local/lib/python3.7/site-packages/airflow/example_dags/example_branch_operator.py
[2023-08-30T09:18:57.952+0000] {processor.py:756} INFO - Processing file /home/airflow/.local/lib/python3.7/site-packages/airflow/example_dags/example_branch_operator.py for tasks to queue
[2023-08-30T09:18:57.953+0000] {logging_mixin.py:120} INFO - [2023-08-30T09:18:57.952+0000] {dagbag.py:537} INFO - Filling up the DagBag from /home/airflow/.local/lib/python3.7/site-packages/airflow/example_dags/example_branch_operator.py
[2023-08-30T09:18:57.970+0000] {processor.py:766} INFO - DAG(s) dict_keys(['example_branch_operator']) retrieved from /home/airflow/.local/lib/python3.7/site-packages/airflow/example_dags/example_branch_operator.py
[2023-08-30T09:18:58.012+0000] {logging_mixin.py:120} INFO - [2023-08-30T09:18:58.011+0000] {dag.py:2585} INFO - Sync 1 DAGs
[2023-08-30T09:18:58.039+0000] {logging_mixin.py:120} INFO - [2023-08-30T09:18:58.039+0000] {dag.py:3340} INFO - Setting next_dagrun for example_branch_operator to 2023-08-29T00:00:00+00:00, run_after=2023-08-30T00:00:00+00:00
[2023-08-30T09:18:58.059+0000] {processor.py:176} INFO - Processing /home/airflow/.local/lib/python3.7/site-packages/airflow/example_dags/example_branch_operator.py took 0.111 seconds
[2023-08-30T09:19:28.537+0000] {processor.py:154} INFO - Started process (PID=128) to work on /home/airflow/.local/lib/python3.7/site-packages/airflow/example_dags/example_branch_operator.py
[2023-08-30T09:19:28.538+0000] {processor.py:756} INFO - Processing file /home/airflow/.local/lib/python3.7/site-packages/airflow/example_dags/example_branch_operator.py for tasks to queue
[2023-08-30T09:19:28.538+0000] {logging_mixin.py:120} INFO - [2023-08-30T09:19:28.538+0000] {dagbag.py:537} INFO - Filling up the DagBag from /home/airflow/.local/lib/python3.7/site-packages/airflow/example_dags/example_branch_operator.py
[2023-08-30T09:19:28.553+0000] {processor.py:766} INFO - DAG(s) dict_keys(['example_branch_operator']) retrieved from /home/airflow/.local/lib/python3.7/site-packages/airflow/example_dags/example_branch_operator.py
[2023-08-30T09:19:28.590+0000] {logging_mixin.py:120} INFO - [2023-08-30T09:19:28.589+0000] {dag.py:2585} INFO - Sync 1 DAGs
[2023-08-30T09:19:28.615+0000] {logging_mixin.py:120} INFO - [2023-08-30T09:19:28.615+0000] {dag.py:3340} INFO - Setting next_dagrun for example_branch_operator to 2023-08-29T00:00:00+00:00, run_after=2023-08-30T00:00:00+00:00
[2023-08-30T09:19:28.633+0000] {processor.py:176} INFO - Processing /home/airflow/.local/lib/python3.7/site-packages/airflow/example_dags/example_branch_operator.py took 0.100 seconds
[2023-08-30T09:19:59.321+0000] {processor.py:154} INFO - Started process (PID=195) to work on /home/airflow/.local/lib/python3.7/site-packages/airflow/example_dags/example_branch_operator.py
[2023-08-30T09:19:59.322+0000] {processor.py:756} INFO - Processing file /home/airflow/.local/lib/python3.7/site-packages/airflow/example_dags/example_branch_operator.py for tasks to queue
[2023-08-30T09:19:59.322+0000] {logging_mixin.py:120} INFO - [2023-08-30T09:19:59.322+0000] {dagbag.py:537} INFO - Filling up the DagBag from /home/airflow/.local/lib/python3.7/site-packages/airflow/example_dags/example_branch_operator.py
[2023-08-30T09:19:59.337+0000] {processor.py:766} INFO - DAG(s) dict_keys(['example_branch_operator']) retrieved from /home/airflow/.local/lib/python3.7/site-packages/airflow/example_dags/example_branch_operator.py
[2023-08-30T09:19:59.373+0000] {logging_mixin.py:120} INFO - [2023-08-30T09:19:59.373+0000] {dag.py:2585} INFO - Sync 1 DAGs
[2023-08-30T09:19:59.397+0000] {logging_mixin.py:120} INFO - [2023-08-30T09:19:59.396+0000] {dag.py:3340} INFO - Setting next_dagrun for example_branch_operator to 2023-08-29T00:00:00+00:00, run_after=2023-08-30T00:00:00+00:00
[2023-08-30T09:19:59.414+0000] {processor.py:176} INFO - Processing /home/airflow/.local/lib/python3.7/site-packages/airflow/example_dags/example_branch_operator.py took 0.096 seconds
[2023-08-30T09:20:30.535+0000] {processor.py:154} INFO - Started process (PID=260) to work on /home/airflow/.local/lib/python3.7/site-packages/airflow/example_dags/example_branch_operator.py
[2023-08-30T09:20:30.537+0000] {processor.py:756} INFO - Processing file /home/airflow/.local/lib/python3.7/site-packages/airflow/example_dags/example_branch_operator.py for tasks to queue
[2023-08-30T09:20:30.540+0000] {logging_mixin.py:120} INFO - [2023-08-30T09:20:30.539+0000] {dagbag.py:537} INFO - Filling up the DagBag from /home/airflow/.local/lib/python3.7/site-packages/airflow/example_dags/example_branch_operator.py
[2023-08-30T09:20:30.565+0000] {processor.py:766} INFO - DAG(s) dict_keys(['example_branch_operator']) retrieved from /home/airflow/.local/lib/python3.7/site-packages/airflow/example_dags/example_branch_operator.py
[2023-08-30T09:20:30.602+0000] {logging_mixin.py:120} INFO - [2023-08-30T09:20:30.602+0000] {dag.py:2585} INFO - Sync 1 DAGs
[2023-08-30T09:20:30.626+0000] {logging_mixin.py:120} INFO - [2023-08-30T09:20:30.626+0000] {dag.py:3340} INFO - Setting next_dagrun for example_branch_operator to 2023-08-29T00:00:00+00:00, run_after=2023-08-30T00:00:00+00:00
[2023-08-30T09:20:30.643+0000] {processor.py:176} INFO - Processing /home/airflow/.local/lib/python3.7/site-packages/airflow/example_dags/example_branch_operator.py took 0.137 seconds
[2023-08-30T09:21:01.385+0000] {processor.py:154} INFO - Started process (PID=316) to work on /home/airflow/.local/lib/python3.7/site-packages/airflow/example_dags/example_branch_operator.py
[2023-08-30T09:21:01.386+0000] {processor.py:756} INFO - Processing file /home/airflow/.local/lib/python3.7/site-packages/airflow/example_dags/example_branch_operator.py for tasks to queue
[2023-08-30T09:21:01.386+0000] {logging_mixin.py:120} INFO - [2023-08-30T09:21:01.386+0000] {dagbag.py:537} INFO - Filling up the DagBag from /home/airflow/.local/lib/python3.7/site-packages/airflow/example_dags/example_branch_operator.py
[2023-08-30T09:21:01.401+0000] {processor.py:766} INFO - DAG(s) dict_keys(['example_branch_operator']) retrieved from /home/airflow/.local/lib/python3.7/site-packages/airflow/example_dags/example_branch_operator.py
[2023-08-30T09:21:01.436+0000] {logging_mixin.py:120} INFO - [2023-08-30T09:21:01.436+0000] {dag.py:2585} INFO - Sync 1 DAGs
[2023-08-30T09:21:01.460+0000] {logging_mixin.py:120} INFO - [2023-08-30T09:21:01.460+0000] {dag.py:3340} INFO - Setting next_dagrun for example_branch_operator to 2023-08-29T00:00:00+00:00, run_after=2023-08-30T00:00:00+00:00
[2023-08-30T09:21:01.478+0000] {processor.py:176} INFO - Processing /home/airflow/.local/lib/python3.7/site-packages/airflow/example_dags/example_branch_operator.py took 0.096 seconds
[2023-08-30T09:21:32.078+0000] {processor.py:154} INFO - Started process (PID=381) to work on /home/airflow/.local/lib/python3.7/site-packages/airflow/example_dags/example_branch_operator.py
[2023-08-30T09:21:32.078+0000] {processor.py:756} INFO - Processing file /home/airflow/.local/lib/python3.7/site-packages/airflow/example_dags/example_branch_operator.py for tasks to queue
[2023-08-30T09:21:32.079+0000] {logging_mixin.py:120} INFO - [2023-08-30T09:21:32.079+0000] {dagbag.py:537} INFO - Filling up the DagBag from /home/airflow/.local/lib/python3.7/site-packages/airflow/example_dags/example_branch_operator.py
[2023-08-30T09:21:32.094+0000] {processor.py:766} INFO - DAG(s) dict_keys(['example_branch_operator']) retrieved from /home/airflow/.local/lib/python3.7/site-packages/airflow/example_dags/example_branch_operator.py
[2023-08-30T09:21:32.130+0000] {logging_mixin.py:120} INFO - [2023-08-30T09:21:32.130+0000] {dag.py:2585} INFO - Sync 1 DAGs
[2023-08-30T09:21:32.154+0000] {logging_mixin.py:120} INFO - [2023-08-30T09:21:32.154+0000] {dag.py:3340} INFO - Setting next_dagrun for example_branch_operator to 2023-08-29T00:00:00+00:00, run_after=2023-08-30T00:00:00+00:00
[2023-08-30T09:21:32.172+0000] {processor.py:176} INFO - Processing /home/airflow/.local/lib/python3.7/site-packages/airflow/example_dags/example_branch_operator.py took 0.097 seconds
