[2023-08-30T09:07:57.782+0000] {processor.py:154} INFO - Started process (PID=71) to work on /home/airflow/.local/lib/python3.7/site-packages/airflow/example_dags/example_short_circuit_decorator.py
[2023-08-30T09:07:57.783+0000] {processor.py:756} INFO - Processing file /home/airflow/.local/lib/python3.7/site-packages/airflow/example_dags/example_short_circuit_decorator.py for tasks to queue
[2023-08-30T09:07:57.783+0000] {logging_mixin.py:120} INFO - [2023-08-30T09:07:57.783+0000] {dagbag.py:537} INFO - Filling up the DagBag from /home/airflow/.local/lib/python3.7/site-packages/airflow/example_dags/example_short_circuit_decorator.py
[2023-08-30T09:07:57.819+0000] {processor.py:766} INFO - DAG(s) dict_keys(['example_short_circuit_decorator']) retrieved from /home/airflow/.local/lib/python3.7/site-packages/airflow/example_dags/example_short_circuit_decorator.py
[2023-08-30T09:07:57.911+0000] {logging_mixin.py:120} INFO - [2023-08-30T09:07:57.911+0000] {dag.py:2585} INFO - Sync 1 DAGs
[2023-08-30T09:07:57.949+0000] {logging_mixin.py:120} INFO - [2023-08-30T09:07:57.949+0000] {dag.py:3340} INFO - Setting next_dagrun for example_short_circuit_decorator to 2023-08-29T09:07:57.949002+00:00, run_after=2023-08-30T09:07:57.949002+00:00
[2023-08-30T09:07:57.976+0000] {processor.py:176} INFO - Processing /home/airflow/.local/lib/python3.7/site-packages/airflow/example_dags/example_short_circuit_decorator.py took 0.197 seconds
[2023-08-30T09:08:27.993+0000] {processor.py:154} INFO - Started process (PID=136) to work on /home/airflow/.local/lib/python3.7/site-packages/airflow/example_dags/example_short_circuit_decorator.py
[2023-08-30T09:08:27.993+0000] {processor.py:756} INFO - Processing file /home/airflow/.local/lib/python3.7/site-packages/airflow/example_dags/example_short_circuit_decorator.py for tasks to queue
[2023-08-30T09:08:27.994+0000] {logging_mixin.py:120} INFO - [2023-08-30T09:08:27.994+0000] {dagbag.py:537} INFO - Filling up the DagBag from /home/airflow/.local/lib/python3.7/site-packages/airflow/example_dags/example_short_circuit_decorator.py
[2023-08-30T09:08:28.030+0000] {processor.py:766} INFO - DAG(s) dict_keys(['example_short_circuit_decorator']) retrieved from /home/airflow/.local/lib/python3.7/site-packages/airflow/example_dags/example_short_circuit_decorator.py
[2023-08-30T09:08:28.078+0000] {logging_mixin.py:120} INFO - [2023-08-30T09:08:28.077+0000] {dag.py:2585} INFO - Sync 1 DAGs
[2023-08-30T09:08:28.106+0000] {logging_mixin.py:120} INFO - [2023-08-30T09:08:28.106+0000] {dag.py:3340} INFO - Setting next_dagrun for example_short_circuit_decorator to 2023-08-29T09:08:28.106232+00:00, run_after=2023-08-30T09:08:28.106232+00:00
[2023-08-30T09:08:28.130+0000] {processor.py:176} INFO - Processing /home/airflow/.local/lib/python3.7/site-packages/airflow/example_dags/example_short_circuit_decorator.py took 0.141 seconds
[2023-08-30T09:08:58.882+0000] {processor.py:154} INFO - Started process (PID=193) to work on /home/airflow/.local/lib/python3.7/site-packages/airflow/example_dags/example_short_circuit_decorator.py
[2023-08-30T09:08:58.883+0000] {processor.py:756} INFO - Processing file /home/airflow/.local/lib/python3.7/site-packages/airflow/example_dags/example_short_circuit_decorator.py for tasks to queue
[2023-08-30T09:08:58.883+0000] {logging_mixin.py:120} INFO - [2023-08-30T09:08:58.883+0000] {dagbag.py:537} INFO - Filling up the DagBag from /home/airflow/.local/lib/python3.7/site-packages/airflow/example_dags/example_short_circuit_decorator.py
[2023-08-30T09:08:58.904+0000] {processor.py:766} INFO - DAG(s) dict_keys(['example_short_circuit_decorator']) retrieved from /home/airflow/.local/lib/python3.7/site-packages/airflow/example_dags/example_short_circuit_decorator.py
[2023-08-30T09:08:58.938+0000] {logging_mixin.py:120} INFO - [2023-08-30T09:08:58.938+0000] {dag.py:2585} INFO - Sync 1 DAGs
[2023-08-30T09:08:58.959+0000] {logging_mixin.py:120} INFO - [2023-08-30T09:08:58.959+0000] {dag.py:3340} INFO - Setting next_dagrun for example_short_circuit_decorator to 2023-08-29T09:08:58.959341+00:00, run_after=2023-08-30T09:08:58.959341+00:00
[2023-08-30T09:08:58.978+0000] {processor.py:176} INFO - Processing /home/airflow/.local/lib/python3.7/site-packages/airflow/example_dags/example_short_circuit_decorator.py took 0.098 seconds
[2023-08-30T09:09:30.306+0000] {processor.py:154} INFO - Started process (PID=258) to work on /home/airflow/.local/lib/python3.7/site-packages/airflow/example_dags/example_short_circuit_decorator.py
[2023-08-30T09:09:30.307+0000] {processor.py:756} INFO - Processing file /home/airflow/.local/lib/python3.7/site-packages/airflow/example_dags/example_short_circuit_decorator.py for tasks to queue
[2023-08-30T09:09:30.308+0000] {logging_mixin.py:120} INFO - [2023-08-30T09:09:30.308+0000] {dagbag.py:537} INFO - Filling up the DagBag from /home/airflow/.local/lib/python3.7/site-packages/airflow/example_dags/example_short_circuit_decorator.py
[2023-08-30T09:09:30.350+0000] {processor.py:766} INFO - DAG(s) dict_keys(['example_short_circuit_decorator']) retrieved from /home/airflow/.local/lib/python3.7/site-packages/airflow/example_dags/example_short_circuit_decorator.py
[2023-08-30T09:09:30.391+0000] {logging_mixin.py:120} INFO - [2023-08-30T09:09:30.391+0000] {dag.py:2585} INFO - Sync 1 DAGs
[2023-08-30T09:09:30.416+0000] {logging_mixin.py:120} INFO - [2023-08-30T09:09:30.416+0000] {dag.py:3340} INFO - Setting next_dagrun for example_short_circuit_decorator to 2023-08-29T09:09:30.416224+00:00, run_after=2023-08-30T09:09:30.416224+00:00
[2023-08-30T09:09:30.437+0000] {processor.py:176} INFO - Processing /home/airflow/.local/lib/python3.7/site-packages/airflow/example_dags/example_short_circuit_decorator.py took 0.135 seconds
[2023-08-30T09:10:01.037+0000] {processor.py:154} INFO - Started process (PID=323) to work on /home/airflow/.local/lib/python3.7/site-packages/airflow/example_dags/example_short_circuit_decorator.py
[2023-08-30T09:10:01.038+0000] {processor.py:756} INFO - Processing file /home/airflow/.local/lib/python3.7/site-packages/airflow/example_dags/example_short_circuit_decorator.py for tasks to queue
[2023-08-30T09:10:01.038+0000] {logging_mixin.py:120} INFO - [2023-08-30T09:10:01.038+0000] {dagbag.py:537} INFO - Filling up the DagBag from /home/airflow/.local/lib/python3.7/site-packages/airflow/example_dags/example_short_circuit_decorator.py
[2023-08-30T09:10:01.059+0000] {processor.py:766} INFO - DAG(s) dict_keys(['example_short_circuit_decorator']) retrieved from /home/airflow/.local/lib/python3.7/site-packages/airflow/example_dags/example_short_circuit_decorator.py
[2023-08-30T09:10:01.094+0000] {logging_mixin.py:120} INFO - [2023-08-30T09:10:01.094+0000] {dag.py:2585} INFO - Sync 1 DAGs
[2023-08-30T09:10:01.118+0000] {logging_mixin.py:120} INFO - [2023-08-30T09:10:01.118+0000] {dag.py:3340} INFO - Setting next_dagrun for example_short_circuit_decorator to 2023-08-29T09:10:01.118290+00:00, run_after=2023-08-30T09:10:01.118290+00:00
[2023-08-30T09:10:01.136+0000] {processor.py:176} INFO - Processing /home/airflow/.local/lib/python3.7/site-packages/airflow/example_dags/example_short_circuit_decorator.py took 0.102 seconds
[2023-08-30T09:10:31.665+0000] {processor.py:154} INFO - Started process (PID=379) to work on /home/airflow/.local/lib/python3.7/site-packages/airflow/example_dags/example_short_circuit_decorator.py
[2023-08-30T09:10:31.666+0000] {processor.py:756} INFO - Processing file /home/airflow/.local/lib/python3.7/site-packages/airflow/example_dags/example_short_circuit_decorator.py for tasks to queue
[2023-08-30T09:10:31.667+0000] {logging_mixin.py:120} INFO - [2023-08-30T09:10:31.666+0000] {dagbag.py:537} INFO - Filling up the DagBag from /home/airflow/.local/lib/python3.7/site-packages/airflow/example_dags/example_short_circuit_decorator.py
[2023-08-30T09:10:31.687+0000] {processor.py:766} INFO - DAG(s) dict_keys(['example_short_circuit_decorator']) retrieved from /home/airflow/.local/lib/python3.7/site-packages/airflow/example_dags/example_short_circuit_decorator.py
[2023-08-30T09:10:31.723+0000] {logging_mixin.py:120} INFO - [2023-08-30T09:10:31.722+0000] {dag.py:2585} INFO - Sync 1 DAGs
[2023-08-30T09:10:31.745+0000] {logging_mixin.py:120} INFO - [2023-08-30T09:10:31.745+0000] {dag.py:3340} INFO - Setting next_dagrun for example_short_circuit_decorator to 2023-08-29T09:10:31.744858+00:00, run_after=2023-08-30T09:10:31.744858+00:00
[2023-08-30T09:10:31.763+0000] {processor.py:176} INFO - Processing /home/airflow/.local/lib/python3.7/site-packages/airflow/example_dags/example_short_circuit_decorator.py took 0.100 seconds
[2023-08-30T09:11:02.665+0000] {processor.py:154} INFO - Started process (PID=444) to work on /home/airflow/.local/lib/python3.7/site-packages/airflow/example_dags/example_short_circuit_decorator.py
[2023-08-30T09:11:02.666+0000] {processor.py:756} INFO - Processing file /home/airflow/.local/lib/python3.7/site-packages/airflow/example_dags/example_short_circuit_decorator.py for tasks to queue
[2023-08-30T09:11:02.667+0000] {logging_mixin.py:120} INFO - [2023-08-30T09:11:02.666+0000] {dagbag.py:537} INFO - Filling up the DagBag from /home/airflow/.local/lib/python3.7/site-packages/airflow/example_dags/example_short_circuit_decorator.py
[2023-08-30T09:11:02.686+0000] {processor.py:766} INFO - DAG(s) dict_keys(['example_short_circuit_decorator']) retrieved from /home/airflow/.local/lib/python3.7/site-packages/airflow/example_dags/example_short_circuit_decorator.py
[2023-08-30T09:11:02.721+0000] {logging_mixin.py:120} INFO - [2023-08-30T09:11:02.721+0000] {dag.py:2585} INFO - Sync 1 DAGs
[2023-08-30T09:11:02.743+0000] {logging_mixin.py:120} INFO - [2023-08-30T09:11:02.743+0000] {dag.py:3340} INFO - Setting next_dagrun for example_short_circuit_decorator to 2023-08-29T09:11:02.742851+00:00, run_after=2023-08-30T09:11:02.742851+00:00
[2023-08-30T09:11:02.761+0000] {processor.py:176} INFO - Processing /home/airflow/.local/lib/python3.7/site-packages/airflow/example_dags/example_short_circuit_decorator.py took 0.098 seconds
[2023-08-30T09:11:33.444+0000] {processor.py:154} INFO - Started process (PID=509) to work on /home/airflow/.local/lib/python3.7/site-packages/airflow/example_dags/example_short_circuit_decorator.py
[2023-08-30T09:11:33.445+0000] {processor.py:756} INFO - Processing file /home/airflow/.local/lib/python3.7/site-packages/airflow/example_dags/example_short_circuit_decorator.py for tasks to queue
[2023-08-30T09:11:33.445+0000] {logging_mixin.py:120} INFO - [2023-08-30T09:11:33.445+0000] {dagbag.py:537} INFO - Filling up the DagBag from /home/airflow/.local/lib/python3.7/site-packages/airflow/example_dags/example_short_circuit_decorator.py
[2023-08-30T09:11:33.466+0000] {processor.py:766} INFO - DAG(s) dict_keys(['example_short_circuit_decorator']) retrieved from /home/airflow/.local/lib/python3.7/site-packages/airflow/example_dags/example_short_circuit_decorator.py
[2023-08-30T09:11:33.504+0000] {logging_mixin.py:120} INFO - [2023-08-30T09:11:33.504+0000] {dag.py:2585} INFO - Sync 1 DAGs
[2023-08-30T09:11:33.526+0000] {logging_mixin.py:120} INFO - [2023-08-30T09:11:33.526+0000] {dag.py:3340} INFO - Setting next_dagrun for example_short_circuit_decorator to 2023-08-29T09:11:33.526398+00:00, run_after=2023-08-30T09:11:33.526398+00:00
[2023-08-30T09:11:33.544+0000] {processor.py:176} INFO - Processing /home/airflow/.local/lib/python3.7/site-packages/airflow/example_dags/example_short_circuit_decorator.py took 0.103 seconds
[2023-08-30T09:12:04.180+0000] {processor.py:154} INFO - Started process (PID=574) to work on /home/airflow/.local/lib/python3.7/site-packages/airflow/example_dags/example_short_circuit_decorator.py
[2023-08-30T09:12:04.181+0000] {processor.py:756} INFO - Processing file /home/airflow/.local/lib/python3.7/site-packages/airflow/example_dags/example_short_circuit_decorator.py for tasks to queue
[2023-08-30T09:12:04.181+0000] {logging_mixin.py:120} INFO - [2023-08-30T09:12:04.181+0000] {dagbag.py:537} INFO - Filling up the DagBag from /home/airflow/.local/lib/python3.7/site-packages/airflow/example_dags/example_short_circuit_decorator.py
[2023-08-30T09:12:04.203+0000] {processor.py:766} INFO - DAG(s) dict_keys(['example_short_circuit_decorator']) retrieved from /home/airflow/.local/lib/python3.7/site-packages/airflow/example_dags/example_short_circuit_decorator.py
[2023-08-30T09:12:04.238+0000] {logging_mixin.py:120} INFO - [2023-08-30T09:12:04.238+0000] {dag.py:2585} INFO - Sync 1 DAGs
[2023-08-30T09:12:04.261+0000] {logging_mixin.py:120} INFO - [2023-08-30T09:12:04.261+0000] {dag.py:3340} INFO - Setting next_dagrun for example_short_circuit_decorator to 2023-08-29T09:12:04.261113+00:00, run_after=2023-08-30T09:12:04.261113+00:00
[2023-08-30T09:12:04.278+0000] {processor.py:176} INFO - Processing /home/airflow/.local/lib/python3.7/site-packages/airflow/example_dags/example_short_circuit_decorator.py took 0.101 seconds
[2023-08-30T09:18:57.563+0000] {processor.py:154} INFO - Started process (PID=57) to work on /home/airflow/.local/lib/python3.7/site-packages/airflow/example_dags/example_short_circuit_decorator.py
[2023-08-30T09:18:57.565+0000] {processor.py:756} INFO - Processing file /home/airflow/.local/lib/python3.7/site-packages/airflow/example_dags/example_short_circuit_decorator.py for tasks to queue
[2023-08-30T09:18:57.565+0000] {logging_mixin.py:120} INFO - [2023-08-30T09:18:57.565+0000] {dagbag.py:537} INFO - Filling up the DagBag from /home/airflow/.local/lib/python3.7/site-packages/airflow/example_dags/example_short_circuit_decorator.py
[2023-08-30T09:18:57.588+0000] {processor.py:766} INFO - DAG(s) dict_keys(['example_short_circuit_decorator']) retrieved from /home/airflow/.local/lib/python3.7/site-packages/airflow/example_dags/example_short_circuit_decorator.py
[2023-08-30T09:18:57.630+0000] {logging_mixin.py:120} INFO - [2023-08-30T09:18:57.630+0000] {dag.py:2585} INFO - Sync 1 DAGs
[2023-08-30T09:18:57.658+0000] {logging_mixin.py:120} INFO - [2023-08-30T09:18:57.657+0000] {dag.py:3340} INFO - Setting next_dagrun for example_short_circuit_decorator to 2023-08-29T09:18:57.657663+00:00, run_after=2023-08-30T09:18:57.657663+00:00
[2023-08-30T09:18:57.679+0000] {processor.py:176} INFO - Processing /home/airflow/.local/lib/python3.7/site-packages/airflow/example_dags/example_short_circuit_decorator.py took 0.118 seconds
[2023-08-30T09:19:28.180+0000] {processor.py:154} INFO - Started process (PID=122) to work on /home/airflow/.local/lib/python3.7/site-packages/airflow/example_dags/example_short_circuit_decorator.py
[2023-08-30T09:19:28.181+0000] {processor.py:756} INFO - Processing file /home/airflow/.local/lib/python3.7/site-packages/airflow/example_dags/example_short_circuit_decorator.py for tasks to queue
[2023-08-30T09:19:28.182+0000] {logging_mixin.py:120} INFO - [2023-08-30T09:19:28.182+0000] {dagbag.py:537} INFO - Filling up the DagBag from /home/airflow/.local/lib/python3.7/site-packages/airflow/example_dags/example_short_circuit_decorator.py
[2023-08-30T09:19:28.206+0000] {processor.py:766} INFO - DAG(s) dict_keys(['example_short_circuit_decorator']) retrieved from /home/airflow/.local/lib/python3.7/site-packages/airflow/example_dags/example_short_circuit_decorator.py
[2023-08-30T09:19:28.242+0000] {logging_mixin.py:120} INFO - [2023-08-30T09:19:28.242+0000] {dag.py:2585} INFO - Sync 1 DAGs
[2023-08-30T09:19:28.266+0000] {logging_mixin.py:120} INFO - [2023-08-30T09:19:28.266+0000] {dag.py:3340} INFO - Setting next_dagrun for example_short_circuit_decorator to 2023-08-29T09:19:28.265924+00:00, run_after=2023-08-30T09:19:28.265924+00:00
[2023-08-30T09:19:28.284+0000] {processor.py:176} INFO - Processing /home/airflow/.local/lib/python3.7/site-packages/airflow/example_dags/example_short_circuit_decorator.py took 0.106 seconds
[2023-08-30T09:19:58.986+0000] {processor.py:154} INFO - Started process (PID=189) to work on /home/airflow/.local/lib/python3.7/site-packages/airflow/example_dags/example_short_circuit_decorator.py
[2023-08-30T09:19:58.987+0000] {processor.py:756} INFO - Processing file /home/airflow/.local/lib/python3.7/site-packages/airflow/example_dags/example_short_circuit_decorator.py for tasks to queue
[2023-08-30T09:19:58.987+0000] {logging_mixin.py:120} INFO - [2023-08-30T09:19:58.987+0000] {dagbag.py:537} INFO - Filling up the DagBag from /home/airflow/.local/lib/python3.7/site-packages/airflow/example_dags/example_short_circuit_decorator.py
[2023-08-30T09:19:59.009+0000] {processor.py:766} INFO - DAG(s) dict_keys(['example_short_circuit_decorator']) retrieved from /home/airflow/.local/lib/python3.7/site-packages/airflow/example_dags/example_short_circuit_decorator.py
[2023-08-30T09:19:59.044+0000] {logging_mixin.py:120} INFO - [2023-08-30T09:19:59.044+0000] {dag.py:2585} INFO - Sync 1 DAGs
[2023-08-30T09:19:59.066+0000] {logging_mixin.py:120} INFO - [2023-08-30T09:19:59.066+0000] {dag.py:3340} INFO - Setting next_dagrun for example_short_circuit_decorator to 2023-08-29T09:19:59.066469+00:00, run_after=2023-08-30T09:19:59.066469+00:00
[2023-08-30T09:19:59.084+0000] {processor.py:176} INFO - Processing /home/airflow/.local/lib/python3.7/site-packages/airflow/example_dags/example_short_circuit_decorator.py took 0.100 seconds
[2023-08-30T09:20:30.030+0000] {processor.py:154} INFO - Started process (PID=254) to work on /home/airflow/.local/lib/python3.7/site-packages/airflow/example_dags/example_short_circuit_decorator.py
[2023-08-30T09:20:30.031+0000] {processor.py:756} INFO - Processing file /home/airflow/.local/lib/python3.7/site-packages/airflow/example_dags/example_short_circuit_decorator.py for tasks to queue
[2023-08-30T09:20:30.031+0000] {logging_mixin.py:120} INFO - [2023-08-30T09:20:30.031+0000] {dagbag.py:537} INFO - Filling up the DagBag from /home/airflow/.local/lib/python3.7/site-packages/airflow/example_dags/example_short_circuit_decorator.py
[2023-08-30T09:20:30.053+0000] {processor.py:766} INFO - DAG(s) dict_keys(['example_short_circuit_decorator']) retrieved from /home/airflow/.local/lib/python3.7/site-packages/airflow/example_dags/example_short_circuit_decorator.py
[2023-08-30T09:20:30.091+0000] {logging_mixin.py:120} INFO - [2023-08-30T09:20:30.091+0000] {dag.py:2585} INFO - Sync 1 DAGs
[2023-08-30T09:20:30.115+0000] {logging_mixin.py:120} INFO - [2023-08-30T09:20:30.115+0000] {dag.py:3340} INFO - Setting next_dagrun for example_short_circuit_decorator to 2023-08-29T09:20:30.115549+00:00, run_after=2023-08-30T09:20:30.115549+00:00
[2023-08-30T09:20:30.136+0000] {processor.py:176} INFO - Processing /home/airflow/.local/lib/python3.7/site-packages/airflow/example_dags/example_short_circuit_decorator.py took 0.110 seconds
[2023-08-30T09:21:00.944+0000] {processor.py:154} INFO - Started process (PID=310) to work on /home/airflow/.local/lib/python3.7/site-packages/airflow/example_dags/example_short_circuit_decorator.py
[2023-08-30T09:21:00.944+0000] {processor.py:756} INFO - Processing file /home/airflow/.local/lib/python3.7/site-packages/airflow/example_dags/example_short_circuit_decorator.py for tasks to queue
[2023-08-30T09:21:00.945+0000] {logging_mixin.py:120} INFO - [2023-08-30T09:21:00.945+0000] {dagbag.py:537} INFO - Filling up the DagBag from /home/airflow/.local/lib/python3.7/site-packages/airflow/example_dags/example_short_circuit_decorator.py
[2023-08-30T09:21:00.968+0000] {processor.py:766} INFO - DAG(s) dict_keys(['example_short_circuit_decorator']) retrieved from /home/airflow/.local/lib/python3.7/site-packages/airflow/example_dags/example_short_circuit_decorator.py
[2023-08-30T09:21:01.002+0000] {logging_mixin.py:120} INFO - [2023-08-30T09:21:01.002+0000] {dag.py:2585} INFO - Sync 1 DAGs
[2023-08-30T09:21:01.031+0000] {logging_mixin.py:120} INFO - [2023-08-30T09:21:01.031+0000] {dag.py:3340} INFO - Setting next_dagrun for example_short_circuit_decorator to 2023-08-29T09:21:01.031156+00:00, run_after=2023-08-30T09:21:01.031156+00:00
[2023-08-30T09:21:01.076+0000] {processor.py:176} INFO - Processing /home/airflow/.local/lib/python3.7/site-packages/airflow/example_dags/example_short_circuit_decorator.py took 0.135 seconds
[2023-08-30T09:21:31.672+0000] {processor.py:154} INFO - Started process (PID=375) to work on /home/airflow/.local/lib/python3.7/site-packages/airflow/example_dags/example_short_circuit_decorator.py
[2023-08-30T09:21:31.673+0000] {processor.py:756} INFO - Processing file /home/airflow/.local/lib/python3.7/site-packages/airflow/example_dags/example_short_circuit_decorator.py for tasks to queue
[2023-08-30T09:21:31.673+0000] {logging_mixin.py:120} INFO - [2023-08-30T09:21:31.673+0000] {dagbag.py:537} INFO - Filling up the DagBag from /home/airflow/.local/lib/python3.7/site-packages/airflow/example_dags/example_short_circuit_decorator.py
[2023-08-30T09:21:31.695+0000] {processor.py:766} INFO - DAG(s) dict_keys(['example_short_circuit_decorator']) retrieved from /home/airflow/.local/lib/python3.7/site-packages/airflow/example_dags/example_short_circuit_decorator.py
[2023-08-30T09:21:31.734+0000] {logging_mixin.py:120} INFO - [2023-08-30T09:21:31.734+0000] {dag.py:2585} INFO - Sync 1 DAGs
[2023-08-30T09:21:31.763+0000] {logging_mixin.py:120} INFO - [2023-08-30T09:21:31.763+0000] {dag.py:3340} INFO - Setting next_dagrun for example_short_circuit_decorator to 2023-08-29T09:21:31.762849+00:00, run_after=2023-08-30T09:21:31.762849+00:00
[2023-08-30T09:21:31.781+0000] {processor.py:176} INFO - Processing /home/airflow/.local/lib/python3.7/site-packages/airflow/example_dags/example_short_circuit_decorator.py took 0.111 seconds
