[2023-08-30T09:07:57.554+0000] {processor.py:154} INFO - Started process (PID=68) to work on /home/airflow/.local/lib/python3.7/site-packages/airflow/example_dags/example_skip_dag.py
[2023-08-30T09:07:57.555+0000] {processor.py:756} INFO - Processing file /home/airflow/.local/lib/python3.7/site-packages/airflow/example_dags/example_skip_dag.py for tasks to queue
[2023-08-30T09:07:57.555+0000] {logging_mixin.py:120} INFO - [2023-08-30T09:07:57.555+0000] {dagbag.py:537} INFO - Filling up the DagBag from /home/airflow/.local/lib/python3.7/site-packages/airflow/example_dags/example_skip_dag.py
[2023-08-30T09:07:57.575+0000] {processor.py:766} INFO - DAG(s) dict_keys(['example_skip_dag']) retrieved from /home/airflow/.local/lib/python3.7/site-packages/airflow/example_dags/example_skip_dag.py
[2023-08-30T09:07:57.673+0000] {logging_mixin.py:120} INFO - [2023-08-30T09:07:57.673+0000] {dag.py:2585} INFO - Sync 1 DAGs
[2023-08-30T09:07:57.704+0000] {logging_mixin.py:120} INFO - [2023-08-30T09:07:57.704+0000] {dag.py:3340} INFO - Setting next_dagrun for example_skip_dag to 2023-08-29T09:07:57.704280+00:00, run_after=2023-08-30T09:07:57.704280+00:00
[2023-08-30T09:07:57.729+0000] {processor.py:176} INFO - Processing /home/airflow/.local/lib/python3.7/site-packages/airflow/example_dags/example_skip_dag.py took 0.180 seconds
[2023-08-30T09:08:27.817+0000] {processor.py:154} INFO - Started process (PID=133) to work on /home/airflow/.local/lib/python3.7/site-packages/airflow/example_dags/example_skip_dag.py
[2023-08-30T09:08:27.817+0000] {processor.py:756} INFO - Processing file /home/airflow/.local/lib/python3.7/site-packages/airflow/example_dags/example_skip_dag.py for tasks to queue
[2023-08-30T09:08:27.818+0000] {logging_mixin.py:120} INFO - [2023-08-30T09:08:27.818+0000] {dagbag.py:537} INFO - Filling up the DagBag from /home/airflow/.local/lib/python3.7/site-packages/airflow/example_dags/example_skip_dag.py
[2023-08-30T09:08:27.839+0000] {processor.py:766} INFO - DAG(s) dict_keys(['example_skip_dag']) retrieved from /home/airflow/.local/lib/python3.7/site-packages/airflow/example_dags/example_skip_dag.py
[2023-08-30T09:08:27.884+0000] {logging_mixin.py:120} INFO - [2023-08-30T09:08:27.884+0000] {dag.py:2585} INFO - Sync 1 DAGs
[2023-08-30T09:08:27.913+0000] {logging_mixin.py:120} INFO - [2023-08-30T09:08:27.913+0000] {dag.py:3340} INFO - Setting next_dagrun for example_skip_dag to 2023-08-29T09:08:27.913379+00:00, run_after=2023-08-30T09:08:27.913379+00:00
[2023-08-30T09:08:27.934+0000] {processor.py:176} INFO - Processing /home/airflow/.local/lib/python3.7/site-packages/airflow/example_dags/example_skip_dag.py took 0.122 seconds
[2023-08-30T09:08:58.748+0000] {processor.py:154} INFO - Started process (PID=190) to work on /home/airflow/.local/lib/python3.7/site-packages/airflow/example_dags/example_skip_dag.py
[2023-08-30T09:08:58.749+0000] {processor.py:756} INFO - Processing file /home/airflow/.local/lib/python3.7/site-packages/airflow/example_dags/example_skip_dag.py for tasks to queue
[2023-08-30T09:08:58.750+0000] {logging_mixin.py:120} INFO - [2023-08-30T09:08:58.750+0000] {dagbag.py:537} INFO - Filling up the DagBag from /home/airflow/.local/lib/python3.7/site-packages/airflow/example_dags/example_skip_dag.py
[2023-08-30T09:08:58.761+0000] {processor.py:766} INFO - DAG(s) dict_keys(['example_skip_dag']) retrieved from /home/airflow/.local/lib/python3.7/site-packages/airflow/example_dags/example_skip_dag.py
[2023-08-30T09:08:58.795+0000] {logging_mixin.py:120} INFO - [2023-08-30T09:08:58.795+0000] {dag.py:2585} INFO - Sync 1 DAGs
[2023-08-30T09:08:58.817+0000] {logging_mixin.py:120} INFO - [2023-08-30T09:08:58.817+0000] {dag.py:3340} INFO - Setting next_dagrun for example_skip_dag to 2023-08-29T09:08:58.817071+00:00, run_after=2023-08-30T09:08:58.817071+00:00
[2023-08-30T09:08:58.834+0000] {processor.py:176} INFO - Processing /home/airflow/.local/lib/python3.7/site-packages/airflow/example_dags/example_skip_dag.py took 0.088 seconds
[2023-08-30T09:09:30.085+0000] {processor.py:154} INFO - Started process (PID=255) to work on /home/airflow/.local/lib/python3.7/site-packages/airflow/example_dags/example_skip_dag.py
[2023-08-30T09:09:30.086+0000] {processor.py:756} INFO - Processing file /home/airflow/.local/lib/python3.7/site-packages/airflow/example_dags/example_skip_dag.py for tasks to queue
[2023-08-30T09:09:30.087+0000] {logging_mixin.py:120} INFO - [2023-08-30T09:09:30.086+0000] {dagbag.py:537} INFO - Filling up the DagBag from /home/airflow/.local/lib/python3.7/site-packages/airflow/example_dags/example_skip_dag.py
[2023-08-30T09:09:30.105+0000] {processor.py:766} INFO - DAG(s) dict_keys(['example_skip_dag']) retrieved from /home/airflow/.local/lib/python3.7/site-packages/airflow/example_dags/example_skip_dag.py
[2023-08-30T09:09:30.163+0000] {logging_mixin.py:120} INFO - [2023-08-30T09:09:30.163+0000] {dag.py:2585} INFO - Sync 1 DAGs
[2023-08-30T09:09:30.198+0000] {logging_mixin.py:120} INFO - [2023-08-30T09:09:30.197+0000] {dag.py:3340} INFO - Setting next_dagrun for example_skip_dag to 2023-08-29T09:09:30.197620+00:00, run_after=2023-08-30T09:09:30.197620+00:00
[2023-08-30T09:09:30.223+0000] {processor.py:176} INFO - Processing /home/airflow/.local/lib/python3.7/site-packages/airflow/example_dags/example_skip_dag.py took 0.142 seconds
[2023-08-30T09:10:00.897+0000] {processor.py:154} INFO - Started process (PID=320) to work on /home/airflow/.local/lib/python3.7/site-packages/airflow/example_dags/example_skip_dag.py
[2023-08-30T09:10:00.898+0000] {processor.py:756} INFO - Processing file /home/airflow/.local/lib/python3.7/site-packages/airflow/example_dags/example_skip_dag.py for tasks to queue
[2023-08-30T09:10:00.899+0000] {logging_mixin.py:120} INFO - [2023-08-30T09:10:00.899+0000] {dagbag.py:537} INFO - Filling up the DagBag from /home/airflow/.local/lib/python3.7/site-packages/airflow/example_dags/example_skip_dag.py
[2023-08-30T09:10:00.911+0000] {processor.py:766} INFO - DAG(s) dict_keys(['example_skip_dag']) retrieved from /home/airflow/.local/lib/python3.7/site-packages/airflow/example_dags/example_skip_dag.py
[2023-08-30T09:10:00.945+0000] {logging_mixin.py:120} INFO - [2023-08-30T09:10:00.945+0000] {dag.py:2585} INFO - Sync 1 DAGs
[2023-08-30T09:10:00.967+0000] {logging_mixin.py:120} INFO - [2023-08-30T09:10:00.967+0000] {dag.py:3340} INFO - Setting next_dagrun for example_skip_dag to 2023-08-29T09:10:00.966891+00:00, run_after=2023-08-30T09:10:00.966891+00:00
[2023-08-30T09:10:00.984+0000] {processor.py:176} INFO - Processing /home/airflow/.local/lib/python3.7/site-packages/airflow/example_dags/example_skip_dag.py took 0.089 seconds
[2023-08-30T09:10:31.532+0000] {processor.py:154} INFO - Started process (PID=376) to work on /home/airflow/.local/lib/python3.7/site-packages/airflow/example_dags/example_skip_dag.py
[2023-08-30T09:10:31.533+0000] {processor.py:756} INFO - Processing file /home/airflow/.local/lib/python3.7/site-packages/airflow/example_dags/example_skip_dag.py for tasks to queue
[2023-08-30T09:10:31.533+0000] {logging_mixin.py:120} INFO - [2023-08-30T09:10:31.533+0000] {dagbag.py:537} INFO - Filling up the DagBag from /home/airflow/.local/lib/python3.7/site-packages/airflow/example_dags/example_skip_dag.py
[2023-08-30T09:10:31.545+0000] {processor.py:766} INFO - DAG(s) dict_keys(['example_skip_dag']) retrieved from /home/airflow/.local/lib/python3.7/site-packages/airflow/example_dags/example_skip_dag.py
[2023-08-30T09:10:31.579+0000] {logging_mixin.py:120} INFO - [2023-08-30T09:10:31.579+0000] {dag.py:2585} INFO - Sync 1 DAGs
[2023-08-30T09:10:31.602+0000] {logging_mixin.py:120} INFO - [2023-08-30T09:10:31.602+0000] {dag.py:3340} INFO - Setting next_dagrun for example_skip_dag to 2023-08-29T09:10:31.602122+00:00, run_after=2023-08-30T09:10:31.602122+00:00
[2023-08-30T09:10:31.619+0000] {processor.py:176} INFO - Processing /home/airflow/.local/lib/python3.7/site-packages/airflow/example_dags/example_skip_dag.py took 0.090 seconds
[2023-08-30T09:11:02.463+0000] {processor.py:154} INFO - Started process (PID=441) to work on /home/airflow/.local/lib/python3.7/site-packages/airflow/example_dags/example_skip_dag.py
[2023-08-30T09:11:02.464+0000] {processor.py:756} INFO - Processing file /home/airflow/.local/lib/python3.7/site-packages/airflow/example_dags/example_skip_dag.py for tasks to queue
[2023-08-30T09:11:02.465+0000] {logging_mixin.py:120} INFO - [2023-08-30T09:11:02.464+0000] {dagbag.py:537} INFO - Filling up the DagBag from /home/airflow/.local/lib/python3.7/site-packages/airflow/example_dags/example_skip_dag.py
[2023-08-30T09:11:02.476+0000] {processor.py:766} INFO - DAG(s) dict_keys(['example_skip_dag']) retrieved from /home/airflow/.local/lib/python3.7/site-packages/airflow/example_dags/example_skip_dag.py
[2023-08-30T09:11:02.510+0000] {logging_mixin.py:120} INFO - [2023-08-30T09:11:02.510+0000] {dag.py:2585} INFO - Sync 1 DAGs
[2023-08-30T09:11:02.532+0000] {logging_mixin.py:120} INFO - [2023-08-30T09:11:02.531+0000] {dag.py:3340} INFO - Setting next_dagrun for example_skip_dag to 2023-08-29T09:11:02.531733+00:00, run_after=2023-08-30T09:11:02.531733+00:00
[2023-08-30T09:11:02.549+0000] {processor.py:176} INFO - Processing /home/airflow/.local/lib/python3.7/site-packages/airflow/example_dags/example_skip_dag.py took 0.088 seconds
[2023-08-30T09:11:33.311+0000] {processor.py:154} INFO - Started process (PID=506) to work on /home/airflow/.local/lib/python3.7/site-packages/airflow/example_dags/example_skip_dag.py
[2023-08-30T09:11:33.312+0000] {processor.py:756} INFO - Processing file /home/airflow/.local/lib/python3.7/site-packages/airflow/example_dags/example_skip_dag.py for tasks to queue
[2023-08-30T09:11:33.312+0000] {logging_mixin.py:120} INFO - [2023-08-30T09:11:33.312+0000] {dagbag.py:537} INFO - Filling up the DagBag from /home/airflow/.local/lib/python3.7/site-packages/airflow/example_dags/example_skip_dag.py
[2023-08-30T09:11:33.325+0000] {processor.py:766} INFO - DAG(s) dict_keys(['example_skip_dag']) retrieved from /home/airflow/.local/lib/python3.7/site-packages/airflow/example_dags/example_skip_dag.py
[2023-08-30T09:11:33.360+0000] {logging_mixin.py:120} INFO - [2023-08-30T09:11:33.360+0000] {dag.py:2585} INFO - Sync 1 DAGs
[2023-08-30T09:11:33.382+0000] {logging_mixin.py:120} INFO - [2023-08-30T09:11:33.382+0000] {dag.py:3340} INFO - Setting next_dagrun for example_skip_dag to 2023-08-29T09:11:33.382533+00:00, run_after=2023-08-30T09:11:33.382533+00:00
[2023-08-30T09:11:33.400+0000] {processor.py:176} INFO - Processing /home/airflow/.local/lib/python3.7/site-packages/airflow/example_dags/example_skip_dag.py took 0.091 seconds
[2023-08-30T09:12:04.040+0000] {processor.py:154} INFO - Started process (PID=571) to work on /home/airflow/.local/lib/python3.7/site-packages/airflow/example_dags/example_skip_dag.py
[2023-08-30T09:12:04.041+0000] {processor.py:756} INFO - Processing file /home/airflow/.local/lib/python3.7/site-packages/airflow/example_dags/example_skip_dag.py for tasks to queue
[2023-08-30T09:12:04.042+0000] {logging_mixin.py:120} INFO - [2023-08-30T09:12:04.042+0000] {dagbag.py:537} INFO - Filling up the DagBag from /home/airflow/.local/lib/python3.7/site-packages/airflow/example_dags/example_skip_dag.py
[2023-08-30T09:12:04.057+0000] {processor.py:766} INFO - DAG(s) dict_keys(['example_skip_dag']) retrieved from /home/airflow/.local/lib/python3.7/site-packages/airflow/example_dags/example_skip_dag.py
[2023-08-30T09:12:04.100+0000] {logging_mixin.py:120} INFO - [2023-08-30T09:12:04.100+0000] {dag.py:2585} INFO - Sync 1 DAGs
[2023-08-30T09:12:04.130+0000] {logging_mixin.py:120} INFO - [2023-08-30T09:12:04.130+0000] {dag.py:3340} INFO - Setting next_dagrun for example_skip_dag to 2023-08-29T09:12:04.129848+00:00, run_after=2023-08-30T09:12:04.129848+00:00
[2023-08-30T09:12:04.157+0000] {processor.py:176} INFO - Processing /home/airflow/.local/lib/python3.7/site-packages/airflow/example_dags/example_skip_dag.py took 0.120 seconds
[2023-08-30T09:18:57.387+0000] {processor.py:154} INFO - Started process (PID=54) to work on /home/airflow/.local/lib/python3.7/site-packages/airflow/example_dags/example_skip_dag.py
[2023-08-30T09:18:57.388+0000] {processor.py:756} INFO - Processing file /home/airflow/.local/lib/python3.7/site-packages/airflow/example_dags/example_skip_dag.py for tasks to queue
[2023-08-30T09:18:57.389+0000] {logging_mixin.py:120} INFO - [2023-08-30T09:18:57.389+0000] {dagbag.py:537} INFO - Filling up the DagBag from /home/airflow/.local/lib/python3.7/site-packages/airflow/example_dags/example_skip_dag.py
[2023-08-30T09:18:57.401+0000] {processor.py:766} INFO - DAG(s) dict_keys(['example_skip_dag']) retrieved from /home/airflow/.local/lib/python3.7/site-packages/airflow/example_dags/example_skip_dag.py
[2023-08-30T09:18:57.439+0000] {logging_mixin.py:120} INFO - [2023-08-30T09:18:57.439+0000] {dag.py:2585} INFO - Sync 1 DAGs
[2023-08-30T09:18:57.466+0000] {logging_mixin.py:120} INFO - [2023-08-30T09:18:57.466+0000] {dag.py:3340} INFO - Setting next_dagrun for example_skip_dag to 2023-08-29T09:18:57.465926+00:00, run_after=2023-08-30T09:18:57.465926+00:00
[2023-08-30T09:18:57.488+0000] {processor.py:176} INFO - Processing /home/airflow/.local/lib/python3.7/site-packages/airflow/example_dags/example_skip_dag.py took 0.103 seconds
[2023-08-30T09:19:28.047+0000] {processor.py:154} INFO - Started process (PID=119) to work on /home/airflow/.local/lib/python3.7/site-packages/airflow/example_dags/example_skip_dag.py
[2023-08-30T09:19:28.048+0000] {processor.py:756} INFO - Processing file /home/airflow/.local/lib/python3.7/site-packages/airflow/example_dags/example_skip_dag.py for tasks to queue
[2023-08-30T09:19:28.049+0000] {logging_mixin.py:120} INFO - [2023-08-30T09:19:28.049+0000] {dagbag.py:537} INFO - Filling up the DagBag from /home/airflow/.local/lib/python3.7/site-packages/airflow/example_dags/example_skip_dag.py
[2023-08-30T09:19:28.063+0000] {processor.py:766} INFO - DAG(s) dict_keys(['example_skip_dag']) retrieved from /home/airflow/.local/lib/python3.7/site-packages/airflow/example_dags/example_skip_dag.py
[2023-08-30T09:19:28.097+0000] {logging_mixin.py:120} INFO - [2023-08-30T09:19:28.096+0000] {dag.py:2585} INFO - Sync 1 DAGs
[2023-08-30T09:19:28.121+0000] {logging_mixin.py:120} INFO - [2023-08-30T09:19:28.121+0000] {dag.py:3340} INFO - Setting next_dagrun for example_skip_dag to 2023-08-29T09:19:28.121099+00:00, run_after=2023-08-30T09:19:28.121099+00:00
[2023-08-30T09:19:28.139+0000] {processor.py:176} INFO - Processing /home/airflow/.local/lib/python3.7/site-packages/airflow/example_dags/example_skip_dag.py took 0.094 seconds
[2023-08-30T09:19:58.860+0000] {processor.py:154} INFO - Started process (PID=186) to work on /home/airflow/.local/lib/python3.7/site-packages/airflow/example_dags/example_skip_dag.py
[2023-08-30T09:19:58.861+0000] {processor.py:756} INFO - Processing file /home/airflow/.local/lib/python3.7/site-packages/airflow/example_dags/example_skip_dag.py for tasks to queue
[2023-08-30T09:19:58.861+0000] {logging_mixin.py:120} INFO - [2023-08-30T09:19:58.861+0000] {dagbag.py:537} INFO - Filling up the DagBag from /home/airflow/.local/lib/python3.7/site-packages/airflow/example_dags/example_skip_dag.py
[2023-08-30T09:19:58.873+0000] {processor.py:766} INFO - DAG(s) dict_keys(['example_skip_dag']) retrieved from /home/airflow/.local/lib/python3.7/site-packages/airflow/example_dags/example_skip_dag.py
[2023-08-30T09:19:58.909+0000] {logging_mixin.py:120} INFO - [2023-08-30T09:19:58.908+0000] {dag.py:2585} INFO - Sync 1 DAGs
[2023-08-30T09:19:58.931+0000] {logging_mixin.py:120} INFO - [2023-08-30T09:19:58.931+0000] {dag.py:3340} INFO - Setting next_dagrun for example_skip_dag to 2023-08-29T09:19:58.931137+00:00, run_after=2023-08-30T09:19:58.931137+00:00
[2023-08-30T09:19:58.949+0000] {processor.py:176} INFO - Processing /home/airflow/.local/lib/python3.7/site-packages/airflow/example_dags/example_skip_dag.py took 0.092 seconds
[2023-08-30T09:20:29.887+0000] {processor.py:154} INFO - Started process (PID=251) to work on /home/airflow/.local/lib/python3.7/site-packages/airflow/example_dags/example_skip_dag.py
[2023-08-30T09:20:29.888+0000] {processor.py:756} INFO - Processing file /home/airflow/.local/lib/python3.7/site-packages/airflow/example_dags/example_skip_dag.py for tasks to queue
[2023-08-30T09:20:29.888+0000] {logging_mixin.py:120} INFO - [2023-08-30T09:20:29.888+0000] {dagbag.py:537} INFO - Filling up the DagBag from /home/airflow/.local/lib/python3.7/site-packages/airflow/example_dags/example_skip_dag.py
[2023-08-30T09:20:29.901+0000] {processor.py:766} INFO - DAG(s) dict_keys(['example_skip_dag']) retrieved from /home/airflow/.local/lib/python3.7/site-packages/airflow/example_dags/example_skip_dag.py
[2023-08-30T09:20:29.938+0000] {logging_mixin.py:120} INFO - [2023-08-30T09:20:29.938+0000] {dag.py:2585} INFO - Sync 1 DAGs
[2023-08-30T09:20:29.963+0000] {logging_mixin.py:120} INFO - [2023-08-30T09:20:29.963+0000] {dag.py:3340} INFO - Setting next_dagrun for example_skip_dag to 2023-08-29T09:20:29.963511+00:00, run_after=2023-08-30T09:20:29.963511+00:00
[2023-08-30T09:20:29.984+0000] {processor.py:176} INFO - Processing /home/airflow/.local/lib/python3.7/site-packages/airflow/example_dags/example_skip_dag.py took 0.100 seconds
[2023-08-30T09:21:00.826+0000] {processor.py:154} INFO - Started process (PID=307) to work on /home/airflow/.local/lib/python3.7/site-packages/airflow/example_dags/example_skip_dag.py
[2023-08-30T09:21:00.827+0000] {processor.py:756} INFO - Processing file /home/airflow/.local/lib/python3.7/site-packages/airflow/example_dags/example_skip_dag.py for tasks to queue
[2023-08-30T09:21:00.828+0000] {logging_mixin.py:120} INFO - [2023-08-30T09:21:00.828+0000] {dagbag.py:537} INFO - Filling up the DagBag from /home/airflow/.local/lib/python3.7/site-packages/airflow/example_dags/example_skip_dag.py
[2023-08-30T09:21:00.840+0000] {processor.py:766} INFO - DAG(s) dict_keys(['example_skip_dag']) retrieved from /home/airflow/.local/lib/python3.7/site-packages/airflow/example_dags/example_skip_dag.py
[2023-08-30T09:21:00.874+0000] {logging_mixin.py:120} INFO - [2023-08-30T09:21:00.873+0000] {dag.py:2585} INFO - Sync 1 DAGs
[2023-08-30T09:21:00.895+0000] {logging_mixin.py:120} INFO - [2023-08-30T09:21:00.895+0000] {dag.py:3340} INFO - Setting next_dagrun for example_skip_dag to 2023-08-29T09:21:00.895504+00:00, run_after=2023-08-30T09:21:00.895504+00:00
[2023-08-30T09:21:00.914+0000] {processor.py:176} INFO - Processing /home/airflow/.local/lib/python3.7/site-packages/airflow/example_dags/example_skip_dag.py took 0.091 seconds
[2023-08-30T09:21:31.550+0000] {processor.py:154} INFO - Started process (PID=372) to work on /home/airflow/.local/lib/python3.7/site-packages/airflow/example_dags/example_skip_dag.py
[2023-08-30T09:21:31.551+0000] {processor.py:756} INFO - Processing file /home/airflow/.local/lib/python3.7/site-packages/airflow/example_dags/example_skip_dag.py for tasks to queue
[2023-08-30T09:21:31.552+0000] {logging_mixin.py:120} INFO - [2023-08-30T09:21:31.551+0000] {dagbag.py:537} INFO - Filling up the DagBag from /home/airflow/.local/lib/python3.7/site-packages/airflow/example_dags/example_skip_dag.py
[2023-08-30T09:21:31.563+0000] {processor.py:766} INFO - DAG(s) dict_keys(['example_skip_dag']) retrieved from /home/airflow/.local/lib/python3.7/site-packages/airflow/example_dags/example_skip_dag.py
[2023-08-30T09:21:31.597+0000] {logging_mixin.py:120} INFO - [2023-08-30T09:21:31.597+0000] {dag.py:2585} INFO - Sync 1 DAGs
[2023-08-30T09:21:31.620+0000] {logging_mixin.py:120} INFO - [2023-08-30T09:21:31.620+0000] {dag.py:3340} INFO - Setting next_dagrun for example_skip_dag to 2023-08-29T09:21:31.620460+00:00, run_after=2023-08-30T09:21:31.620460+00:00
[2023-08-30T09:21:31.636+0000] {processor.py:176} INFO - Processing /home/airflow/.local/lib/python3.7/site-packages/airflow/example_dags/example_skip_dag.py took 0.088 seconds
