[2023-08-30T09:08:00.054+0000] {processor.py:154} INFO - Started process (PID=89) to work on /home/airflow/.local/lib/python3.7/site-packages/airflow/example_dags/example_external_task_marker_dag.py
[2023-08-30T09:08:00.055+0000] {processor.py:756} INFO - Processing file /home/airflow/.local/lib/python3.7/site-packages/airflow/example_dags/example_external_task_marker_dag.py for tasks to queue
[2023-08-30T09:08:00.056+0000] {logging_mixin.py:120} INFO - [2023-08-30T09:08:00.056+0000] {dagbag.py:537} INFO - Filling up the DagBag from /home/airflow/.local/lib/python3.7/site-packages/airflow/example_dags/example_external_task_marker_dag.py
[2023-08-30T09:08:00.072+0000] {processor.py:766} INFO - DAG(s) dict_keys(['example_external_task_marker_parent', 'example_external_task_marker_child']) retrieved from /home/airflow/.local/lib/python3.7/site-packages/airflow/example_dags/example_external_task_marker_dag.py
[2023-08-30T09:08:00.418+0000] {logging_mixin.py:120} INFO - [2023-08-30T09:08:00.417+0000] {dag.py:2585} INFO - Sync 2 DAGs
[2023-08-30T09:08:00.441+0000] {logging_mixin.py:120} INFO - [2023-08-30T09:08:00.440+0000] {dag.py:3340} INFO - Setting next_dagrun for example_external_task_marker_child to None, run_after=None
[2023-08-30T09:08:00.444+0000] {logging_mixin.py:120} INFO - [2023-08-30T09:08:00.444+0000] {dag.py:3340} INFO - Setting next_dagrun for example_external_task_marker_parent to None, run_after=None
[2023-08-30T09:08:00.463+0000] {processor.py:176} INFO - Processing /home/airflow/.local/lib/python3.7/site-packages/airflow/example_dags/example_external_task_marker_dag.py took 0.413 seconds
[2023-08-30T09:08:31.310+0000] {processor.py:154} INFO - Started process (PID=154) to work on /home/airflow/.local/lib/python3.7/site-packages/airflow/example_dags/example_external_task_marker_dag.py
[2023-08-30T09:08:31.310+0000] {processor.py:756} INFO - Processing file /home/airflow/.local/lib/python3.7/site-packages/airflow/example_dags/example_external_task_marker_dag.py for tasks to queue
[2023-08-30T09:08:31.311+0000] {logging_mixin.py:120} INFO - [2023-08-30T09:08:31.311+0000] {dagbag.py:537} INFO - Filling up the DagBag from /home/airflow/.local/lib/python3.7/site-packages/airflow/example_dags/example_external_task_marker_dag.py
[2023-08-30T09:08:31.322+0000] {processor.py:766} INFO - DAG(s) dict_keys(['example_external_task_marker_parent', 'example_external_task_marker_child']) retrieved from /home/airflow/.local/lib/python3.7/site-packages/airflow/example_dags/example_external_task_marker_dag.py
[2023-08-30T09:08:31.543+0000] {logging_mixin.py:120} INFO - [2023-08-30T09:08:31.543+0000] {dag.py:2585} INFO - Sync 2 DAGs
[2023-08-30T09:08:31.565+0000] {logging_mixin.py:120} INFO - [2023-08-30T09:08:31.565+0000] {dag.py:3340} INFO - Setting next_dagrun for example_external_task_marker_child to None, run_after=None
[2023-08-30T09:08:31.568+0000] {logging_mixin.py:120} INFO - [2023-08-30T09:08:31.568+0000] {dag.py:3340} INFO - Setting next_dagrun for example_external_task_marker_parent to None, run_after=None
[2023-08-30T09:08:31.584+0000] {processor.py:176} INFO - Processing /home/airflow/.local/lib/python3.7/site-packages/airflow/example_dags/example_external_task_marker_dag.py took 0.277 seconds
[2023-08-30T09:09:02.133+0000] {processor.py:154} INFO - Started process (PID=220) to work on /home/airflow/.local/lib/python3.7/site-packages/airflow/example_dags/example_external_task_marker_dag.py
[2023-08-30T09:09:02.134+0000] {processor.py:756} INFO - Processing file /home/airflow/.local/lib/python3.7/site-packages/airflow/example_dags/example_external_task_marker_dag.py for tasks to queue
[2023-08-30T09:09:02.135+0000] {logging_mixin.py:120} INFO - [2023-08-30T09:09:02.135+0000] {dagbag.py:537} INFO - Filling up the DagBag from /home/airflow/.local/lib/python3.7/site-packages/airflow/example_dags/example_external_task_marker_dag.py
[2023-08-30T09:09:02.147+0000] {processor.py:766} INFO - DAG(s) dict_keys(['example_external_task_marker_parent', 'example_external_task_marker_child']) retrieved from /home/airflow/.local/lib/python3.7/site-packages/airflow/example_dags/example_external_task_marker_dag.py
[2023-08-30T09:09:02.383+0000] {logging_mixin.py:120} INFO - [2023-08-30T09:09:02.383+0000] {dag.py:2585} INFO - Sync 2 DAGs
[2023-08-30T09:09:02.410+0000] {logging_mixin.py:120} INFO - [2023-08-30T09:09:02.410+0000] {dag.py:3340} INFO - Setting next_dagrun for example_external_task_marker_child to None, run_after=None
[2023-08-30T09:09:02.413+0000] {logging_mixin.py:120} INFO - [2023-08-30T09:09:02.413+0000] {dag.py:3340} INFO - Setting next_dagrun for example_external_task_marker_parent to None, run_after=None
[2023-08-30T09:09:02.432+0000] {processor.py:176} INFO - Processing /home/airflow/.local/lib/python3.7/site-packages/airflow/example_dags/example_external_task_marker_dag.py took 0.301 seconds
[2023-08-30T09:09:32.491+0000] {processor.py:154} INFO - Started process (PID=276) to work on /home/airflow/.local/lib/python3.7/site-packages/airflow/example_dags/example_external_task_marker_dag.py
[2023-08-30T09:09:32.494+0000] {processor.py:756} INFO - Processing file /home/airflow/.local/lib/python3.7/site-packages/airflow/example_dags/example_external_task_marker_dag.py for tasks to queue
[2023-08-30T09:09:32.495+0000] {logging_mixin.py:120} INFO - [2023-08-30T09:09:32.495+0000] {dagbag.py:537} INFO - Filling up the DagBag from /home/airflow/.local/lib/python3.7/site-packages/airflow/example_dags/example_external_task_marker_dag.py
[2023-08-30T09:09:32.506+0000] {processor.py:766} INFO - DAG(s) dict_keys(['example_external_task_marker_child', 'example_external_task_marker_parent']) retrieved from /home/airflow/.local/lib/python3.7/site-packages/airflow/example_dags/example_external_task_marker_dag.py
[2023-08-30T09:09:32.712+0000] {logging_mixin.py:120} INFO - [2023-08-30T09:09:32.712+0000] {dag.py:2585} INFO - Sync 2 DAGs
[2023-08-30T09:09:32.735+0000] {logging_mixin.py:120} INFO - [2023-08-30T09:09:32.734+0000] {dag.py:3340} INFO - Setting next_dagrun for example_external_task_marker_child to None, run_after=None
[2023-08-30T09:09:32.737+0000] {logging_mixin.py:120} INFO - [2023-08-30T09:09:32.737+0000] {dag.py:3340} INFO - Setting next_dagrun for example_external_task_marker_parent to None, run_after=None
[2023-08-30T09:09:32.755+0000] {processor.py:176} INFO - Processing /home/airflow/.local/lib/python3.7/site-packages/airflow/example_dags/example_external_task_marker_dag.py took 0.266 seconds
[2023-08-30T09:10:03.080+0000] {processor.py:154} INFO - Started process (PID=341) to work on /home/airflow/.local/lib/python3.7/site-packages/airflow/example_dags/example_external_task_marker_dag.py
[2023-08-30T09:10:03.081+0000] {processor.py:756} INFO - Processing file /home/airflow/.local/lib/python3.7/site-packages/airflow/example_dags/example_external_task_marker_dag.py for tasks to queue
[2023-08-30T09:10:03.082+0000] {logging_mixin.py:120} INFO - [2023-08-30T09:10:03.081+0000] {dagbag.py:537} INFO - Filling up the DagBag from /home/airflow/.local/lib/python3.7/site-packages/airflow/example_dags/example_external_task_marker_dag.py
[2023-08-30T09:10:03.093+0000] {processor.py:766} INFO - DAG(s) dict_keys(['example_external_task_marker_parent', 'example_external_task_marker_child']) retrieved from /home/airflow/.local/lib/python3.7/site-packages/airflow/example_dags/example_external_task_marker_dag.py
[2023-08-30T09:10:03.306+0000] {logging_mixin.py:120} INFO - [2023-08-30T09:10:03.306+0000] {dag.py:2585} INFO - Sync 2 DAGs
[2023-08-30T09:10:03.333+0000] {logging_mixin.py:120} INFO - [2023-08-30T09:10:03.332+0000] {dag.py:3340} INFO - Setting next_dagrun for example_external_task_marker_child to None, run_after=None
[2023-08-30T09:10:03.336+0000] {logging_mixin.py:120} INFO - [2023-08-30T09:10:03.336+0000] {dag.py:3340} INFO - Setting next_dagrun for example_external_task_marker_parent to None, run_after=None
[2023-08-30T09:10:03.354+0000] {processor.py:176} INFO - Processing /home/airflow/.local/lib/python3.7/site-packages/airflow/example_dags/example_external_task_marker_dag.py took 0.276 seconds
[2023-08-30T09:10:33.969+0000] {processor.py:154} INFO - Started process (PID=406) to work on /home/airflow/.local/lib/python3.7/site-packages/airflow/example_dags/example_external_task_marker_dag.py
[2023-08-30T09:10:33.970+0000] {processor.py:756} INFO - Processing file /home/airflow/.local/lib/python3.7/site-packages/airflow/example_dags/example_external_task_marker_dag.py for tasks to queue
[2023-08-30T09:10:33.971+0000] {logging_mixin.py:120} INFO - [2023-08-30T09:10:33.971+0000] {dagbag.py:537} INFO - Filling up the DagBag from /home/airflow/.local/lib/python3.7/site-packages/airflow/example_dags/example_external_task_marker_dag.py
[2023-08-30T09:10:33.984+0000] {processor.py:766} INFO - DAG(s) dict_keys(['example_external_task_marker_parent', 'example_external_task_marker_child']) retrieved from /home/airflow/.local/lib/python3.7/site-packages/airflow/example_dags/example_external_task_marker_dag.py
[2023-08-30T09:10:34.217+0000] {logging_mixin.py:120} INFO - [2023-08-30T09:10:34.217+0000] {dag.py:2585} INFO - Sync 2 DAGs
[2023-08-30T09:10:34.240+0000] {logging_mixin.py:120} INFO - [2023-08-30T09:10:34.240+0000] {dag.py:3340} INFO - Setting next_dagrun for example_external_task_marker_child to None, run_after=None
[2023-08-30T09:10:34.243+0000] {logging_mixin.py:120} INFO - [2023-08-30T09:10:34.243+0000] {dag.py:3340} INFO - Setting next_dagrun for example_external_task_marker_parent to None, run_after=None
[2023-08-30T09:10:34.262+0000] {processor.py:176} INFO - Processing /home/airflow/.local/lib/python3.7/site-packages/airflow/example_dags/example_external_task_marker_dag.py took 0.296 seconds
[2023-08-30T09:11:04.891+0000] {processor.py:154} INFO - Started process (PID=462) to work on /home/airflow/.local/lib/python3.7/site-packages/airflow/example_dags/example_external_task_marker_dag.py
[2023-08-30T09:11:04.892+0000] {processor.py:756} INFO - Processing file /home/airflow/.local/lib/python3.7/site-packages/airflow/example_dags/example_external_task_marker_dag.py for tasks to queue
[2023-08-30T09:11:04.892+0000] {logging_mixin.py:120} INFO - [2023-08-30T09:11:04.892+0000] {dagbag.py:537} INFO - Filling up the DagBag from /home/airflow/.local/lib/python3.7/site-packages/airflow/example_dags/example_external_task_marker_dag.py
[2023-08-30T09:11:04.903+0000] {processor.py:766} INFO - DAG(s) dict_keys(['example_external_task_marker_parent', 'example_external_task_marker_child']) retrieved from /home/airflow/.local/lib/python3.7/site-packages/airflow/example_dags/example_external_task_marker_dag.py
[2023-08-30T09:11:05.109+0000] {logging_mixin.py:120} INFO - [2023-08-30T09:11:05.109+0000] {dag.py:2585} INFO - Sync 2 DAGs
[2023-08-30T09:11:05.130+0000] {logging_mixin.py:120} INFO - [2023-08-30T09:11:05.130+0000] {dag.py:3340} INFO - Setting next_dagrun for example_external_task_marker_child to None, run_after=None
[2023-08-30T09:11:05.133+0000] {logging_mixin.py:120} INFO - [2023-08-30T09:11:05.133+0000] {dag.py:3340} INFO - Setting next_dagrun for example_external_task_marker_parent to None, run_after=None
[2023-08-30T09:11:05.162+0000] {processor.py:176} INFO - Processing /home/airflow/.local/lib/python3.7/site-packages/airflow/example_dags/example_external_task_marker_dag.py took 0.274 seconds
[2023-08-30T09:11:35.529+0000] {processor.py:154} INFO - Started process (PID=527) to work on /home/airflow/.local/lib/python3.7/site-packages/airflow/example_dags/example_external_task_marker_dag.py
[2023-08-30T09:11:35.532+0000] {processor.py:756} INFO - Processing file /home/airflow/.local/lib/python3.7/site-packages/airflow/example_dags/example_external_task_marker_dag.py for tasks to queue
[2023-08-30T09:11:35.533+0000] {logging_mixin.py:120} INFO - [2023-08-30T09:11:35.533+0000] {dagbag.py:537} INFO - Filling up the DagBag from /home/airflow/.local/lib/python3.7/site-packages/airflow/example_dags/example_external_task_marker_dag.py
[2023-08-30T09:11:35.543+0000] {processor.py:766} INFO - DAG(s) dict_keys(['example_external_task_marker_child', 'example_external_task_marker_parent']) retrieved from /home/airflow/.local/lib/python3.7/site-packages/airflow/example_dags/example_external_task_marker_dag.py
[2023-08-30T09:11:35.750+0000] {logging_mixin.py:120} INFO - [2023-08-30T09:11:35.750+0000] {dag.py:2585} INFO - Sync 2 DAGs
[2023-08-30T09:11:35.773+0000] {logging_mixin.py:120} INFO - [2023-08-30T09:11:35.772+0000] {dag.py:3340} INFO - Setting next_dagrun for example_external_task_marker_child to None, run_after=None
[2023-08-30T09:11:35.775+0000] {logging_mixin.py:120} INFO - [2023-08-30T09:11:35.775+0000] {dag.py:3340} INFO - Setting next_dagrun for example_external_task_marker_parent to None, run_after=None
[2023-08-30T09:11:35.792+0000] {processor.py:176} INFO - Processing /home/airflow/.local/lib/python3.7/site-packages/airflow/example_dags/example_external_task_marker_dag.py took 0.266 seconds
[2023-08-30T09:12:06.328+0000] {processor.py:154} INFO - Started process (PID=592) to work on /home/airflow/.local/lib/python3.7/site-packages/airflow/example_dags/example_external_task_marker_dag.py
[2023-08-30T09:12:06.328+0000] {processor.py:756} INFO - Processing file /home/airflow/.local/lib/python3.7/site-packages/airflow/example_dags/example_external_task_marker_dag.py for tasks to queue
[2023-08-30T09:12:06.329+0000] {logging_mixin.py:120} INFO - [2023-08-30T09:12:06.329+0000] {dagbag.py:537} INFO - Filling up the DagBag from /home/airflow/.local/lib/python3.7/site-packages/airflow/example_dags/example_external_task_marker_dag.py
[2023-08-30T09:12:06.342+0000] {processor.py:766} INFO - DAG(s) dict_keys(['example_external_task_marker_child', 'example_external_task_marker_parent']) retrieved from /home/airflow/.local/lib/python3.7/site-packages/airflow/example_dags/example_external_task_marker_dag.py
[2023-08-30T09:12:06.547+0000] {logging_mixin.py:120} INFO - [2023-08-30T09:12:06.546+0000] {dag.py:2585} INFO - Sync 2 DAGs
[2023-08-30T09:12:06.569+0000] {logging_mixin.py:120} INFO - [2023-08-30T09:12:06.569+0000] {dag.py:3340} INFO - Setting next_dagrun for example_external_task_marker_child to None, run_after=None
[2023-08-30T09:12:06.572+0000] {logging_mixin.py:120} INFO - [2023-08-30T09:12:06.572+0000] {dag.py:3340} INFO - Setting next_dagrun for example_external_task_marker_parent to None, run_after=None
[2023-08-30T09:12:06.588+0000] {processor.py:176} INFO - Processing /home/airflow/.local/lib/python3.7/site-packages/airflow/example_dags/example_external_task_marker_dag.py took 0.265 seconds
[2023-08-30T09:18:58.910+0000] {processor.py:154} INFO - Started process (PID=82) to work on /home/airflow/.local/lib/python3.7/site-packages/airflow/example_dags/example_external_task_marker_dag.py
[2023-08-30T09:18:58.911+0000] {processor.py:756} INFO - Processing file /home/airflow/.local/lib/python3.7/site-packages/airflow/example_dags/example_external_task_marker_dag.py for tasks to queue
[2023-08-30T09:18:58.912+0000] {logging_mixin.py:120} INFO - [2023-08-30T09:18:58.912+0000] {dagbag.py:537} INFO - Filling up the DagBag from /home/airflow/.local/lib/python3.7/site-packages/airflow/example_dags/example_external_task_marker_dag.py
[2023-08-30T09:18:58.938+0000] {processor.py:766} INFO - DAG(s) dict_keys(['example_external_task_marker_child', 'example_external_task_marker_parent']) retrieved from /home/airflow/.local/lib/python3.7/site-packages/airflow/example_dags/example_external_task_marker_dag.py
[2023-08-30T09:18:59.370+0000] {logging_mixin.py:120} INFO - [2023-08-30T09:18:59.370+0000] {dag.py:2585} INFO - Sync 2 DAGs
[2023-08-30T09:18:59.415+0000] {logging_mixin.py:120} INFO - [2023-08-30T09:18:59.414+0000] {dag.py:3340} INFO - Setting next_dagrun for example_external_task_marker_child to None, run_after=None
[2023-08-30T09:18:59.420+0000] {logging_mixin.py:120} INFO - [2023-08-30T09:18:59.420+0000] {dag.py:3340} INFO - Setting next_dagrun for example_external_task_marker_parent to None, run_after=None
[2023-08-30T09:18:59.453+0000] {processor.py:176} INFO - Processing /home/airflow/.local/lib/python3.7/site-packages/airflow/example_dags/example_external_task_marker_dag.py took 0.547 seconds
[2023-08-30T09:19:29.639+0000] {processor.py:154} INFO - Started process (PID=140) to work on /home/airflow/.local/lib/python3.7/site-packages/airflow/example_dags/example_external_task_marker_dag.py
[2023-08-30T09:19:29.641+0000] {processor.py:756} INFO - Processing file /home/airflow/.local/lib/python3.7/site-packages/airflow/example_dags/example_external_task_marker_dag.py for tasks to queue
[2023-08-30T09:19:29.641+0000] {logging_mixin.py:120} INFO - [2023-08-30T09:19:29.641+0000] {dagbag.py:537} INFO - Filling up the DagBag from /home/airflow/.local/lib/python3.7/site-packages/airflow/example_dags/example_external_task_marker_dag.py
[2023-08-30T09:19:29.653+0000] {processor.py:766} INFO - DAG(s) dict_keys(['example_external_task_marker_parent', 'example_external_task_marker_child']) retrieved from /home/airflow/.local/lib/python3.7/site-packages/airflow/example_dags/example_external_task_marker_dag.py
[2023-08-30T09:19:29.868+0000] {logging_mixin.py:120} INFO - [2023-08-30T09:19:29.867+0000] {dag.py:2585} INFO - Sync 2 DAGs
[2023-08-30T09:19:29.893+0000] {logging_mixin.py:120} INFO - [2023-08-30T09:19:29.893+0000] {dag.py:3340} INFO - Setting next_dagrun for example_external_task_marker_child to None, run_after=None
[2023-08-30T09:19:29.896+0000] {logging_mixin.py:120} INFO - [2023-08-30T09:19:29.896+0000] {dag.py:3340} INFO - Setting next_dagrun for example_external_task_marker_parent to None, run_after=None
[2023-08-30T09:19:29.912+0000] {processor.py:176} INFO - Processing /home/airflow/.local/lib/python3.7/site-packages/airflow/example_dags/example_external_task_marker_dag.py took 0.275 seconds
[2023-08-30T09:20:00.561+0000] {processor.py:154} INFO - Started process (PID=207) to work on /home/airflow/.local/lib/python3.7/site-packages/airflow/example_dags/example_external_task_marker_dag.py
[2023-08-30T09:20:00.562+0000] {processor.py:756} INFO - Processing file /home/airflow/.local/lib/python3.7/site-packages/airflow/example_dags/example_external_task_marker_dag.py for tasks to queue
[2023-08-30T09:20:00.562+0000] {logging_mixin.py:120} INFO - [2023-08-30T09:20:00.562+0000] {dagbag.py:537} INFO - Filling up the DagBag from /home/airflow/.local/lib/python3.7/site-packages/airflow/example_dags/example_external_task_marker_dag.py
[2023-08-30T09:20:00.574+0000] {processor.py:766} INFO - DAG(s) dict_keys(['example_external_task_marker_child', 'example_external_task_marker_parent']) retrieved from /home/airflow/.local/lib/python3.7/site-packages/airflow/example_dags/example_external_task_marker_dag.py
[2023-08-30T09:20:00.782+0000] {logging_mixin.py:120} INFO - [2023-08-30T09:20:00.782+0000] {dag.py:2585} INFO - Sync 2 DAGs
[2023-08-30T09:20:00.804+0000] {logging_mixin.py:120} INFO - [2023-08-30T09:20:00.804+0000] {dag.py:3340} INFO - Setting next_dagrun for example_external_task_marker_child to None, run_after=None
[2023-08-30T09:20:00.807+0000] {logging_mixin.py:120} INFO - [2023-08-30T09:20:00.807+0000] {dag.py:3340} INFO - Setting next_dagrun for example_external_task_marker_parent to None, run_after=None
[2023-08-30T09:20:00.825+0000] {processor.py:176} INFO - Processing /home/airflow/.local/lib/python3.7/site-packages/airflow/example_dags/example_external_task_marker_dag.py took 0.267 seconds
[2023-08-30T09:20:31.360+0000] {processor.py:154} INFO - Started process (PID=272) to work on /home/airflow/.local/lib/python3.7/site-packages/airflow/example_dags/example_external_task_marker_dag.py
[2023-08-30T09:20:31.361+0000] {processor.py:756} INFO - Processing file /home/airflow/.local/lib/python3.7/site-packages/airflow/example_dags/example_external_task_marker_dag.py for tasks to queue
[2023-08-30T09:20:31.362+0000] {logging_mixin.py:120} INFO - [2023-08-30T09:20:31.361+0000] {dagbag.py:537} INFO - Filling up the DagBag from /home/airflow/.local/lib/python3.7/site-packages/airflow/example_dags/example_external_task_marker_dag.py
[2023-08-30T09:20:31.373+0000] {processor.py:766} INFO - DAG(s) dict_keys(['example_external_task_marker_child', 'example_external_task_marker_parent']) retrieved from /home/airflow/.local/lib/python3.7/site-packages/airflow/example_dags/example_external_task_marker_dag.py
[2023-08-30T09:20:31.576+0000] {logging_mixin.py:120} INFO - [2023-08-30T09:20:31.576+0000] {dag.py:2585} INFO - Sync 2 DAGs
[2023-08-30T09:20:31.599+0000] {logging_mixin.py:120} INFO - [2023-08-30T09:20:31.598+0000] {dag.py:3340} INFO - Setting next_dagrun for example_external_task_marker_child to None, run_after=None
[2023-08-30T09:20:31.602+0000] {logging_mixin.py:120} INFO - [2023-08-30T09:20:31.601+0000] {dag.py:3340} INFO - Setting next_dagrun for example_external_task_marker_parent to None, run_after=None
[2023-08-30T09:20:31.621+0000] {processor.py:176} INFO - Processing /home/airflow/.local/lib/python3.7/site-packages/airflow/example_dags/example_external_task_marker_dag.py took 0.264 seconds
[2023-08-30T09:21:02.152+0000] {processor.py:154} INFO - Started process (PID=328) to work on /home/airflow/.local/lib/python3.7/site-packages/airflow/example_dags/example_external_task_marker_dag.py
[2023-08-30T09:21:02.153+0000] {processor.py:756} INFO - Processing file /home/airflow/.local/lib/python3.7/site-packages/airflow/example_dags/example_external_task_marker_dag.py for tasks to queue
[2023-08-30T09:21:02.153+0000] {logging_mixin.py:120} INFO - [2023-08-30T09:21:02.153+0000] {dagbag.py:537} INFO - Filling up the DagBag from /home/airflow/.local/lib/python3.7/site-packages/airflow/example_dags/example_external_task_marker_dag.py
[2023-08-30T09:21:02.165+0000] {processor.py:766} INFO - DAG(s) dict_keys(['example_external_task_marker_child', 'example_external_task_marker_parent']) retrieved from /home/airflow/.local/lib/python3.7/site-packages/airflow/example_dags/example_external_task_marker_dag.py
[2023-08-30T09:21:02.368+0000] {logging_mixin.py:120} INFO - [2023-08-30T09:21:02.368+0000] {dag.py:2585} INFO - Sync 2 DAGs
[2023-08-30T09:21:02.391+0000] {logging_mixin.py:120} INFO - [2023-08-30T09:21:02.391+0000] {dag.py:3340} INFO - Setting next_dagrun for example_external_task_marker_child to None, run_after=None
[2023-08-30T09:21:02.394+0000] {logging_mixin.py:120} INFO - [2023-08-30T09:21:02.394+0000] {dag.py:3340} INFO - Setting next_dagrun for example_external_task_marker_parent to None, run_after=None
[2023-08-30T09:21:02.410+0000] {processor.py:176} INFO - Processing /home/airflow/.local/lib/python3.7/site-packages/airflow/example_dags/example_external_task_marker_dag.py took 0.261 seconds
[2023-08-30T09:21:32.840+0000] {processor.py:154} INFO - Started process (PID=393) to work on /home/airflow/.local/lib/python3.7/site-packages/airflow/example_dags/example_external_task_marker_dag.py
[2023-08-30T09:21:32.841+0000] {processor.py:756} INFO - Processing file /home/airflow/.local/lib/python3.7/site-packages/airflow/example_dags/example_external_task_marker_dag.py for tasks to queue
[2023-08-30T09:21:32.841+0000] {logging_mixin.py:120} INFO - [2023-08-30T09:21:32.841+0000] {dagbag.py:537} INFO - Filling up the DagBag from /home/airflow/.local/lib/python3.7/site-packages/airflow/example_dags/example_external_task_marker_dag.py
[2023-08-30T09:21:32.852+0000] {processor.py:766} INFO - DAG(s) dict_keys(['example_external_task_marker_child', 'example_external_task_marker_parent']) retrieved from /home/airflow/.local/lib/python3.7/site-packages/airflow/example_dags/example_external_task_marker_dag.py
[2023-08-30T09:21:33.057+0000] {logging_mixin.py:120} INFO - [2023-08-30T09:21:33.057+0000] {dag.py:2585} INFO - Sync 2 DAGs
[2023-08-30T09:21:33.080+0000] {logging_mixin.py:120} INFO - [2023-08-30T09:21:33.080+0000] {dag.py:3340} INFO - Setting next_dagrun for example_external_task_marker_child to None, run_after=None
[2023-08-30T09:21:33.083+0000] {logging_mixin.py:120} INFO - [2023-08-30T09:21:33.082+0000] {dag.py:3340} INFO - Setting next_dagrun for example_external_task_marker_parent to None, run_after=None
[2023-08-30T09:21:33.098+0000] {processor.py:176} INFO - Processing /home/airflow/.local/lib/python3.7/site-packages/airflow/example_dags/example_external_task_marker_dag.py took 0.261 seconds
