[2023-09-04T09:31:13.770+0000] {taskinstance.py:1165} INFO - Dependencies all met for <TaskInstance: group_dag.transforms.transform_c scheduled__2023-09-03T00:00:00+00:00 [queued]>
[2023-09-04T09:31:13.781+0000] {taskinstance.py:1165} INFO - Dependencies all met for <TaskInstance: group_dag.transforms.transform_c scheduled__2023-09-03T00:00:00+00:00 [queued]>
[2023-09-04T09:31:13.782+0000] {taskinstance.py:1362} INFO - 
--------------------------------------------------------------------------------
[2023-09-04T09:31:13.782+0000] {taskinstance.py:1363} INFO - Starting attempt 1 of 1
[2023-09-04T09:31:13.782+0000] {taskinstance.py:1364} INFO - 
--------------------------------------------------------------------------------
[2023-09-04T09:31:13.797+0000] {taskinstance.py:1383} INFO - Executing <Task(BashOperator): transforms.transform_c> on 2023-09-03 00:00:00+00:00
[2023-09-04T09:31:13.801+0000] {standard_task_runner.py:55} INFO - Started process 672 to run task
[2023-09-04T09:31:13.804+0000] {standard_task_runner.py:82} INFO - Running: ['***', 'tasks', 'run', 'group_dag', 'transforms.transform_c', 'scheduled__2023-09-03T00:00:00+00:00', '--job-id', '196', '--raw', '--subdir', 'DAGS_FOLDER/group_dag.py', '--cfg-path', '/tmp/tmpnapkot8x']
[2023-09-04T09:31:13.805+0000] {standard_task_runner.py:83} INFO - Job 196: Subtask transforms.transform_c
[2023-09-04T09:31:13.866+0000] {task_command.py:376} INFO - Running <TaskInstance: group_dag.transforms.transform_c scheduled__2023-09-03T00:00:00+00:00 [running]> on host 6f35104e1718
[2023-09-04T09:31:13.935+0000] {taskinstance.py:1592} INFO - Exporting the following env vars:
AIRFLOW_CTX_DAG_OWNER=***
AIRFLOW_CTX_DAG_ID=group_dag
AIRFLOW_CTX_TASK_ID=transforms.transform_c
AIRFLOW_CTX_EXECUTION_DATE=2023-09-03T00:00:00+00:00
AIRFLOW_CTX_TRY_NUMBER=1
AIRFLOW_CTX_DAG_RUN_ID=scheduled__2023-09-03T00:00:00+00:00
[2023-09-04T09:31:13.936+0000] {subprocess.py:63} INFO - Tmp dir root location: 
 /tmp
[2023-09-04T09:31:13.937+0000] {subprocess.py:75} INFO - Running command: ['/bin/bash', '-c', 'sleep 10']
[2023-09-04T09:31:13.947+0000] {subprocess.py:86} INFO - Output:
[2023-09-04T09:31:23.951+0000] {subprocess.py:97} INFO - Command exited with return code 0
[2023-09-04T09:31:23.984+0000] {taskinstance.py:1406} INFO - Marking task as SUCCESS. dag_id=group_dag, task_id=transforms.transform_c, execution_date=20230903T000000, start_date=20230904T093113, end_date=20230904T093123
[2023-09-04T09:31:24.029+0000] {local_task_job.py:164} INFO - Task exited with return code 0
[2023-09-04T09:31:24.048+0000] {local_task_job.py:273} INFO - 0 downstream tasks scheduled from follow-on schedule check
