[2023-09-04T14:04:19.647+0000] {taskinstance.py:1165} INFO - Dependencies all met for <TaskInstance: xcom_dag.t2 manual__2023-09-04T14:04:17.420026+00:00 [queued]>
[2023-09-04T14:04:19.657+0000] {taskinstance.py:1165} INFO - Dependencies all met for <TaskInstance: xcom_dag.t2 manual__2023-09-04T14:04:17.420026+00:00 [queued]>
[2023-09-04T14:04:19.657+0000] {taskinstance.py:1362} INFO - 
--------------------------------------------------------------------------------
[2023-09-04T14:04:19.658+0000] {taskinstance.py:1363} INFO - Starting attempt 1 of 1
[2023-09-04T14:04:19.658+0000] {taskinstance.py:1364} INFO - 
--------------------------------------------------------------------------------
[2023-09-04T14:04:19.674+0000] {taskinstance.py:1383} INFO - Executing <Task(PythonOperator): t2> on 2023-09-04 14:04:17.420026+00:00
[2023-09-04T14:04:19.678+0000] {standard_task_runner.py:55} INFO - Started process 6213 to run task
[2023-09-04T14:04:19.681+0000] {standard_task_runner.py:82} INFO - Running: ['***', 'tasks', 'run', 'xcom_dag', 't2', 'manual__2023-09-04T14:04:17.420026+00:00', '--job-id', '206', '--raw', '--subdir', 'DAGS_FOLDER/xcom_dag.py', '--cfg-path', '/tmp/tmpkf4qfigu']
[2023-09-04T14:04:19.682+0000] {standard_task_runner.py:83} INFO - Job 206: Subtask t2
[2023-09-04T14:04:19.744+0000] {task_command.py:376} INFO - Running <TaskInstance: xcom_dag.t2 manual__2023-09-04T14:04:17.420026+00:00 [running]> on host 6f35104e1718
[2023-09-04T14:04:19.833+0000] {taskinstance.py:1592} INFO - Exporting the following env vars:
AIRFLOW_CTX_DAG_OWNER=***
AIRFLOW_CTX_DAG_ID=xcom_dag
AIRFLOW_CTX_TASK_ID=t2
AIRFLOW_CTX_EXECUTION_DATE=2023-09-04T14:04:17.420026+00:00
AIRFLOW_CTX_TRY_NUMBER=1
AIRFLOW_CTX_DAG_RUN_ID=manual__2023-09-04T14:04:17.420026+00:00
[2023-09-04T14:04:19.852+0000] {python.py:177} INFO - Done. Returned value was: None
[2023-09-04T14:04:19.867+0000] {taskinstance.py:1406} INFO - Marking task as SUCCESS. dag_id=xcom_dag, task_id=t2, execution_date=20230904T140417, start_date=20230904T140419, end_date=20230904T140419
[2023-09-04T14:04:19.893+0000] {local_task_job.py:164} INFO - Task exited with return code 0
[2023-09-04T14:04:19.923+0000] {local_task_job.py:273} INFO - 1 downstream tasks scheduled from follow-on schedule check
