[2023-09-02T05:52:47.824+0000] {taskinstance.py:1165} INFO - Dependencies all met for <TaskInstance: parallel_dag.extract_a scheduled__2023-09-01T00:00:00+00:00 [queued]>
[2023-09-02T05:52:47.840+0000] {taskinstance.py:1165} INFO - Dependencies all met for <TaskInstance: parallel_dag.extract_a scheduled__2023-09-01T00:00:00+00:00 [queued]>
[2023-09-02T05:52:47.841+0000] {taskinstance.py:1362} INFO - 
--------------------------------------------------------------------------------
[2023-09-02T05:52:47.841+0000] {taskinstance.py:1363} INFO - Starting attempt 1 of 1
[2023-09-02T05:52:47.841+0000] {taskinstance.py:1364} INFO - 
--------------------------------------------------------------------------------
[2023-09-02T05:52:47.865+0000] {taskinstance.py:1383} INFO - Executing <Task(BashOperator): extract_a> on 2023-09-01 00:00:00+00:00
[2023-09-02T05:52:47.871+0000] {standard_task_runner.py:55} INFO - Started process 340 to run task
[2023-09-02T05:52:47.876+0000] {standard_task_runner.py:82} INFO - Running: ['***', 'tasks', 'run', 'parallel_dag', 'extract_a', 'scheduled__2023-09-01T00:00:00+00:00', '--job-id', '147', '--raw', '--subdir', 'DAGS_FOLDER/parallel_dag.py', '--cfg-path', '/tmp/tmpuh0v5bmb']
[2023-09-02T05:52:47.877+0000] {standard_task_runner.py:83} INFO - Job 147: Subtask extract_a
[2023-09-02T05:52:48.007+0000] {task_command.py:376} INFO - Running <TaskInstance: parallel_dag.extract_a scheduled__2023-09-01T00:00:00+00:00 [running]> on host 0f360164c229
[2023-09-02T05:52:48.197+0000] {taskinstance.py:1592} INFO - Exporting the following env vars:
AIRFLOW_CTX_DAG_OWNER=***
AIRFLOW_CTX_DAG_ID=parallel_dag
AIRFLOW_CTX_TASK_ID=extract_a
AIRFLOW_CTX_EXECUTION_DATE=2023-09-01T00:00:00+00:00
AIRFLOW_CTX_TRY_NUMBER=1
AIRFLOW_CTX_DAG_RUN_ID=scheduled__2023-09-01T00:00:00+00:00
[2023-09-02T05:52:48.199+0000] {subprocess.py:63} INFO - Tmp dir root location: 
 /tmp
[2023-09-02T05:52:48.200+0000] {subprocess.py:75} INFO - Running command: ['/bin/bash', '-c', 'sleep 1']
[2023-09-02T05:52:48.219+0000] {subprocess.py:86} INFO - Output:
[2023-09-02T05:52:49.229+0000] {subprocess.py:97} INFO - Command exited with return code 0
[2023-09-02T05:52:49.357+0000] {taskinstance.py:1406} INFO - Marking task as SUCCESS. dag_id=parallel_dag, task_id=extract_a, execution_date=20230901T000000, start_date=20230902T055247, end_date=20230902T055249
[2023-09-02T05:52:49.456+0000] {local_task_job.py:164} INFO - Task exited with return code 0
[2023-09-02T05:52:49.639+0000] {local_task_job.py:273} INFO - 1 downstream tasks scheduled from follow-on schedule check
