[2023-09-02T05:52:58.757+0000] {taskinstance.py:1165} INFO - Dependencies all met for <TaskInstance: parallel_dag.load_a manual__2023-09-02T05:52:54.520901+00:00 [queued]>
[2023-09-02T05:52:58.781+0000] {taskinstance.py:1165} INFO - Dependencies all met for <TaskInstance: parallel_dag.load_a manual__2023-09-02T05:52:54.520901+00:00 [queued]>
[2023-09-02T05:52:58.782+0000] {taskinstance.py:1362} INFO - 
--------------------------------------------------------------------------------
[2023-09-02T05:52:58.782+0000] {taskinstance.py:1363} INFO - Starting attempt 1 of 1
[2023-09-02T05:52:58.782+0000] {taskinstance.py:1364} INFO - 
--------------------------------------------------------------------------------
[2023-09-02T05:52:58.823+0000] {taskinstance.py:1383} INFO - Executing <Task(BashOperator): load_a> on 2023-09-02 05:52:54.520901+00:00
[2023-09-02T05:52:58.831+0000] {standard_task_runner.py:55} INFO - Started process 362 to run task
[2023-09-02T05:52:58.840+0000] {standard_task_runner.py:82} INFO - Running: ['***', 'tasks', 'run', 'parallel_dag', 'load_a', 'manual__2023-09-02T05:52:54.520901+00:00', '--job-id', '155', '--raw', '--subdir', 'DAGS_FOLDER/parallel_dag.py', '--cfg-path', '/tmp/tmpp9l2pjmz']
[2023-09-02T05:52:58.841+0000] {standard_task_runner.py:83} INFO - Job 155: Subtask load_a
[2023-09-02T05:52:58.996+0000] {task_command.py:376} INFO - Running <TaskInstance: parallel_dag.load_a manual__2023-09-02T05:52:54.520901+00:00 [running]> on host 0f360164c229
[2023-09-02T05:52:59.186+0000] {taskinstance.py:1592} INFO - Exporting the following env vars:
AIRFLOW_CTX_DAG_OWNER=***
AIRFLOW_CTX_DAG_ID=parallel_dag
AIRFLOW_CTX_TASK_ID=load_a
AIRFLOW_CTX_EXECUTION_DATE=2023-09-02T05:52:54.520901+00:00
AIRFLOW_CTX_TRY_NUMBER=1
AIRFLOW_CTX_DAG_RUN_ID=manual__2023-09-02T05:52:54.520901+00:00
[2023-09-02T05:52:59.188+0000] {subprocess.py:63} INFO - Tmp dir root location: 
 /tmp
[2023-09-02T05:52:59.189+0000] {subprocess.py:75} INFO - Running command: ['/bin/bash', '-c', 'sleep 1']
[2023-09-02T05:52:59.252+0000] {subprocess.py:86} INFO - Output:
[2023-09-02T05:53:00.269+0000] {subprocess.py:97} INFO - Command exited with return code 0
[2023-09-02T05:53:00.303+0000] {taskinstance.py:1406} INFO - Marking task as SUCCESS. dag_id=parallel_dag, task_id=load_a, execution_date=20230902T055254, start_date=20230902T055258, end_date=20230902T055300
[2023-09-02T05:53:00.337+0000] {local_task_job.py:164} INFO - Task exited with return code 0
[2023-09-02T05:53:00.371+0000] {local_task_job.py:273} INFO - 1 downstream tasks scheduled from follow-on schedule check
