[2023-09-04T02:50:46.034+0000] {taskinstance.py:1165} INFO - Dependencies all met for <TaskInstance: parallel_dag.transform scheduled__2023-09-03T00:00:00+00:00 [queued]>
[2023-09-04T02:50:46.071+0000] {taskinstance.py:1165} INFO - Dependencies all met for <TaskInstance: parallel_dag.transform scheduled__2023-09-03T00:00:00+00:00 [queued]>
[2023-09-04T02:50:46.071+0000] {taskinstance.py:1362} INFO - 
--------------------------------------------------------------------------------
[2023-09-04T02:50:46.072+0000] {taskinstance.py:1363} INFO - Starting attempt 1 of 1
[2023-09-04T02:50:46.072+0000] {taskinstance.py:1364} INFO - 
--------------------------------------------------------------------------------
[2023-09-04T02:50:46.131+0000] {taskinstance.py:1383} INFO - Executing <Task(BashOperator): transform> on 2023-09-03 00:00:00+00:00
[2023-09-04T02:50:46.142+0000] {standard_task_runner.py:55} INFO - Started process 18046 to run task
[2023-09-04T02:50:46.155+0000] {standard_task_runner.py:82} INFO - Running: ['***', 'tasks', 'run', 'parallel_dag', 'transform', 'scheduled__2023-09-03T00:00:00+00:00', '--job-id', '181', '--raw', '--subdir', 'DAGS_FOLDER/parallel_dag.py', '--cfg-path', '/tmp/tmpci2aikz_']
[2023-09-04T02:50:46.156+0000] {standard_task_runner.py:83} INFO - Job 181: Subtask transform
[2023-09-04T02:50:46.389+0000] {task_command.py:376} INFO - Running <TaskInstance: parallel_dag.transform scheduled__2023-09-03T00:00:00+00:00 [running]> on host 6afb5dd21eba
[2023-09-04T02:50:46.698+0000] {taskinstance.py:1592} INFO - Exporting the following env vars:
AIRFLOW_CTX_DAG_OWNER=***
AIRFLOW_CTX_DAG_ID=parallel_dag
AIRFLOW_CTX_TASK_ID=transform
AIRFLOW_CTX_EXECUTION_DATE=2023-09-03T00:00:00+00:00
AIRFLOW_CTX_TRY_NUMBER=1
AIRFLOW_CTX_DAG_RUN_ID=scheduled__2023-09-03T00:00:00+00:00
[2023-09-04T02:50:46.704+0000] {subprocess.py:63} INFO - Tmp dir root location: 
 /tmp
[2023-09-04T02:50:46.707+0000] {subprocess.py:75} INFO - Running command: ['/bin/bash', '-c', 'sleep 1']
[2023-09-04T02:50:46.737+0000] {subprocess.py:86} INFO - Output:
[2023-09-04T02:50:47.749+0000] {subprocess.py:97} INFO - Command exited with return code 0
[2023-09-04T02:50:47.823+0000] {taskinstance.py:1406} INFO - Marking task as SUCCESS. dag_id=parallel_dag, task_id=transform, execution_date=20230903T000000, start_date=20230904T025046, end_date=20230904T025047
[2023-09-04T02:50:47.895+0000] {local_task_job.py:164} INFO - Task exited with return code 0
[2023-09-04T02:50:47.966+0000] {local_task_job.py:273} INFO - 0 downstream tasks scheduled from follow-on schedule check
