[2023-09-04T02:57:51.129+0000] {taskinstance.py:1165} INFO - Dependencies all met for <TaskInstance: parallel_dag.load_a manual__2023-09-04T02:57:48.158783+00:00 [queued]>
[2023-09-04T02:57:51.138+0000] {taskinstance.py:1165} INFO - Dependencies all met for <TaskInstance: parallel_dag.load_a manual__2023-09-04T02:57:48.158783+00:00 [queued]>
[2023-09-04T02:57:51.138+0000] {taskinstance.py:1362} INFO - 
--------------------------------------------------------------------------------
[2023-09-04T02:57:51.139+0000] {taskinstance.py:1363} INFO - Starting attempt 1 of 1
[2023-09-04T02:57:51.139+0000] {taskinstance.py:1364} INFO - 
--------------------------------------------------------------------------------
[2023-09-04T02:57:51.153+0000] {taskinstance.py:1383} INFO - Executing <Task(BashOperator): load_a> on 2023-09-04 02:57:48.158783+00:00
[2023-09-04T02:57:51.158+0000] {standard_task_runner.py:55} INFO - Started process 18419 to run task
[2023-09-04T02:57:51.161+0000] {standard_task_runner.py:82} INFO - Running: ['***', 'tasks', 'run', 'parallel_dag', 'load_a', 'manual__2023-09-04T02:57:48.158783+00:00', '--job-id', '184', '--raw', '--subdir', 'DAGS_FOLDER/parallel_dag.py', '--cfg-path', '/tmp/tmpc7wfkrao']
[2023-09-04T02:57:51.161+0000] {standard_task_runner.py:83} INFO - Job 184: Subtask load_a
[2023-09-04T02:57:51.221+0000] {task_command.py:376} INFO - Running <TaskInstance: parallel_dag.load_a manual__2023-09-04T02:57:48.158783+00:00 [running]> on host 6f35104e1718
[2023-09-04T02:57:51.288+0000] {taskinstance.py:1592} INFO - Exporting the following env vars:
AIRFLOW_CTX_DAG_OWNER=***
AIRFLOW_CTX_DAG_ID=parallel_dag
AIRFLOW_CTX_TASK_ID=load_a
AIRFLOW_CTX_EXECUTION_DATE=2023-09-04T02:57:48.158783+00:00
AIRFLOW_CTX_TRY_NUMBER=1
AIRFLOW_CTX_DAG_RUN_ID=manual__2023-09-04T02:57:48.158783+00:00
[2023-09-04T02:57:51.289+0000] {subprocess.py:63} INFO - Tmp dir root location: 
 /tmp
[2023-09-04T02:57:51.290+0000] {subprocess.py:75} INFO - Running command: ['/bin/bash', '-c', 'sleep 1']
[2023-09-04T02:57:51.298+0000] {subprocess.py:86} INFO - Output:
[2023-09-04T02:57:52.302+0000] {subprocess.py:97} INFO - Command exited with return code 0
[2023-09-04T02:57:52.359+0000] {taskinstance.py:1406} INFO - Marking task as SUCCESS. dag_id=parallel_dag, task_id=load_a, execution_date=20230904T025748, start_date=20230904T025751, end_date=20230904T025752
[2023-09-04T02:57:52.380+0000] {local_task_job.py:164} INFO - Task exited with return code 0
[2023-09-04T02:57:52.404+0000] {local_task_job.py:273} INFO - 1 downstream tasks scheduled from follow-on schedule check
