[2023-09-02T05:55:54.252+0000] {taskinstance.py:1165} INFO - Dependencies all met for <TaskInstance: parallel_dag.extract_a manual__2023-09-02T05:55:52.306574+00:00 [queued]>
[2023-09-02T05:55:54.268+0000] {taskinstance.py:1165} INFO - Dependencies all met for <TaskInstance: parallel_dag.extract_a manual__2023-09-02T05:55:52.306574+00:00 [queued]>
[2023-09-02T05:55:54.268+0000] {taskinstance.py:1362} INFO - 
--------------------------------------------------------------------------------
[2023-09-02T05:55:54.268+0000] {taskinstance.py:1363} INFO - Starting attempt 1 of 1
[2023-09-02T05:55:54.268+0000] {taskinstance.py:1364} INFO - 
--------------------------------------------------------------------------------
[2023-09-02T05:55:54.293+0000] {taskinstance.py:1383} INFO - Executing <Task(BashOperator): extract_a> on 2023-09-02 05:55:52.306574+00:00
[2023-09-02T05:55:54.298+0000] {standard_task_runner.py:55} INFO - Started process 107 to run task
[2023-09-02T05:55:54.305+0000] {standard_task_runner.py:82} INFO - Running: ['***', 'tasks', 'run', 'parallel_dag', 'extract_a', 'manual__2023-09-02T05:55:52.306574+00:00', '--job-id', '160', '--raw', '--subdir', 'DAGS_FOLDER/parallel_dag.py', '--cfg-path', '/tmp/tmpm0ete35b']
[2023-09-02T05:55:54.306+0000] {standard_task_runner.py:83} INFO - Job 160: Subtask extract_a
[2023-09-02T05:55:54.398+0000] {task_command.py:376} INFO - Running <TaskInstance: parallel_dag.extract_a manual__2023-09-02T05:55:52.306574+00:00 [running]> on host 76648a876ac5
[2023-09-02T05:55:54.503+0000] {taskinstance.py:1592} INFO - Exporting the following env vars:
AIRFLOW_CTX_DAG_OWNER=***
AIRFLOW_CTX_DAG_ID=parallel_dag
AIRFLOW_CTX_TASK_ID=extract_a
AIRFLOW_CTX_EXECUTION_DATE=2023-09-02T05:55:52.306574+00:00
AIRFLOW_CTX_TRY_NUMBER=1
AIRFLOW_CTX_DAG_RUN_ID=manual__2023-09-02T05:55:52.306574+00:00
[2023-09-02T05:55:54.504+0000] {subprocess.py:63} INFO - Tmp dir root location: 
 /tmp
[2023-09-02T05:55:54.505+0000] {subprocess.py:75} INFO - Running command: ['/bin/bash', '-c', 'sleep 1']
[2023-09-02T05:55:54.516+0000] {subprocess.py:86} INFO - Output:
[2023-09-02T05:55:55.521+0000] {subprocess.py:97} INFO - Command exited with return code 0
[2023-09-02T05:55:55.571+0000] {taskinstance.py:1406} INFO - Marking task as SUCCESS. dag_id=parallel_dag, task_id=extract_a, execution_date=20230902T055552, start_date=20230902T055554, end_date=20230902T055555
[2023-09-02T05:55:55.602+0000] {local_task_job.py:164} INFO - Task exited with return code 0
[2023-09-02T05:55:55.681+0000] {local_task_job.py:273} INFO - 1 downstream tasks scheduled from follow-on schedule check
