[2023-09-10T15:48:06.107+0000] {taskinstance.py:1165} INFO - Dependencies all met for <TaskInstance: xcom_dag.t3 scheduled__2023-09-09T00:00:00+00:00 [queued]>
[2023-09-10T15:48:06.118+0000] {taskinstance.py:1165} INFO - Dependencies all met for <TaskInstance: xcom_dag.t3 scheduled__2023-09-09T00:00:00+00:00 [queued]>
[2023-09-10T15:48:06.118+0000] {taskinstance.py:1362} INFO - 
--------------------------------------------------------------------------------
[2023-09-10T15:48:06.118+0000] {taskinstance.py:1363} INFO - Starting attempt 1 of 1
[2023-09-10T15:48:06.118+0000] {taskinstance.py:1364} INFO - 
--------------------------------------------------------------------------------
[2023-09-10T15:48:06.140+0000] {taskinstance.py:1383} INFO - Executing <Task(PythonOperator): t3> on 2023-09-09 00:00:00+00:00
[2023-09-10T15:48:06.145+0000] {standard_task_runner.py:55} INFO - Started process 27376 to run task
[2023-09-10T15:48:06.148+0000] {standard_task_runner.py:82} INFO - Running: ['***', 'tasks', 'run', 'xcom_dag', 't3', 'scheduled__2023-09-09T00:00:00+00:00', '--job-id', '230', '--raw', '--subdir', 'DAGS_FOLDER/xcom_dag.py', '--cfg-path', '/tmp/tmpsk2w67zm']
[2023-09-10T15:48:06.148+0000] {standard_task_runner.py:83} INFO - Job 230: Subtask t3
[2023-09-10T15:48:06.215+0000] {task_command.py:376} INFO - Running <TaskInstance: xcom_dag.t3 scheduled__2023-09-09T00:00:00+00:00 [running]> on host 6f35104e1718
[2023-09-10T15:48:06.301+0000] {taskinstance.py:1592} INFO - Exporting the following env vars:
AIRFLOW_CTX_DAG_OWNER=***
AIRFLOW_CTX_DAG_ID=xcom_dag
AIRFLOW_CTX_TASK_ID=t3
AIRFLOW_CTX_EXECUTION_DATE=2023-09-09T00:00:00+00:00
AIRFLOW_CTX_TRY_NUMBER=1
AIRFLOW_CTX_DAG_RUN_ID=scheduled__2023-09-09T00:00:00+00:00
[2023-09-10T15:48:06.318+0000] {logging_mixin.py:120} INFO - Retrieved data with key: t2 is the value
[2023-09-10T15:48:06.318+0000] {python.py:177} INFO - Done. Returned value was: None
[2023-09-10T15:48:06.331+0000] {taskinstance.py:1406} INFO - Marking task as SUCCESS. dag_id=xcom_dag, task_id=t3, execution_date=20230909T000000, start_date=20230910T154806, end_date=20230910T154806
[2023-09-10T15:48:06.362+0000] {local_task_job.py:164} INFO - Task exited with return code 0
[2023-09-10T15:48:06.388+0000] {local_task_job.py:273} INFO - 1 downstream tasks scheduled from follow-on schedule check
