[2023-09-05T02:48:52.295+0000] {taskinstance.py:1165} INFO - Dependencies all met for <TaskInstance: xcom_dag.t2 scheduled__2023-09-04T00:00:00+00:00 [queued]>
[2023-09-05T02:48:52.308+0000] {taskinstance.py:1165} INFO - Dependencies all met for <TaskInstance: xcom_dag.t2 scheduled__2023-09-04T00:00:00+00:00 [queued]>
[2023-09-05T02:48:52.308+0000] {taskinstance.py:1362} INFO - 
--------------------------------------------------------------------------------
[2023-09-05T02:48:52.308+0000] {taskinstance.py:1363} INFO - Starting attempt 1 of 1
[2023-09-05T02:48:52.308+0000] {taskinstance.py:1364} INFO - 
--------------------------------------------------------------------------------
[2023-09-05T02:48:52.324+0000] {taskinstance.py:1383} INFO - Executing <Task(PythonOperator): t2> on 2023-09-04 00:00:00+00:00
[2023-09-05T02:48:52.328+0000] {standard_task_runner.py:55} INFO - Started process 13792 to run task
[2023-09-05T02:48:52.332+0000] {standard_task_runner.py:82} INFO - Running: ['***', 'tasks', 'run', 'xcom_dag', 't2', 'scheduled__2023-09-04T00:00:00+00:00', '--job-id', '213', '--raw', '--subdir', 'DAGS_FOLDER/xcom_dag.py', '--cfg-path', '/tmp/tmpndi4grja']
[2023-09-05T02:48:52.332+0000] {standard_task_runner.py:83} INFO - Job 213: Subtask t2
[2023-09-05T02:48:52.400+0000] {task_command.py:376} INFO - Running <TaskInstance: xcom_dag.t2 scheduled__2023-09-04T00:00:00+00:00 [running]> on host 6f35104e1718
[2023-09-05T02:48:52.473+0000] {taskinstance.py:1592} INFO - Exporting the following env vars:
AIRFLOW_CTX_DAG_OWNER=***
AIRFLOW_CTX_DAG_ID=xcom_dag
AIRFLOW_CTX_TASK_ID=t2
AIRFLOW_CTX_EXECUTION_DATE=2023-09-04T00:00:00+00:00
AIRFLOW_CTX_TRY_NUMBER=1
AIRFLOW_CTX_DAG_RUN_ID=scheduled__2023-09-04T00:00:00+00:00
[2023-09-05T02:48:52.489+0000] {python.py:177} INFO - Done. Returned value was: None
[2023-09-05T02:48:52.500+0000] {taskinstance.py:1406} INFO - Marking task as SUCCESS. dag_id=xcom_dag, task_id=t2, execution_date=20230904T000000, start_date=20230905T024852, end_date=20230905T024852
[2023-09-05T02:48:52.543+0000] {local_task_job.py:164} INFO - Task exited with return code 0
[2023-09-05T02:48:52.573+0000] {local_task_job.py:273} INFO - 1 downstream tasks scheduled from follow-on schedule check
