[2023-09-09T02:03:28.027+0000] {processor.py:154} INFO - Started process (PID=9269) to work on /opt/airflow/dags/groups/group_transforms.py
[2023-09-09T02:03:28.029+0000] {processor.py:756} INFO - Processing file /opt/airflow/dags/groups/group_transforms.py for tasks to queue
[2023-09-09T02:03:28.042+0000] {logging_mixin.py:120} INFO - [2023-09-09T02:03:28.041+0000] {dagbag.py:537} INFO - Filling up the DagBag from /opt/airflow/dags/groups/group_transforms.py
[2023-09-09T02:03:28.063+0000] {processor.py:768} WARNING - No viable dags retrieved from /opt/airflow/dags/groups/group_transforms.py
[2023-09-09T02:03:28.148+0000] {processor.py:176} INFO - Processing /opt/airflow/dags/groups/group_transforms.py took 0.138 seconds
[2023-09-09T02:03:58.710+0000] {processor.py:154} INFO - Started process (PID=9298) to work on /opt/airflow/dags/groups/group_transforms.py
[2023-09-09T02:03:58.711+0000] {processor.py:756} INFO - Processing file /opt/airflow/dags/groups/group_transforms.py for tasks to queue
[2023-09-09T02:03:58.711+0000] {logging_mixin.py:120} INFO - [2023-09-09T02:03:58.711+0000] {dagbag.py:537} INFO - Filling up the DagBag from /opt/airflow/dags/groups/group_transforms.py
[2023-09-09T02:03:58.716+0000] {processor.py:768} WARNING - No viable dags retrieved from /opt/airflow/dags/groups/group_transforms.py
[2023-09-09T02:03:58.729+0000] {processor.py:176} INFO - Processing /opt/airflow/dags/groups/group_transforms.py took 0.022 seconds
[2023-09-09T02:04:28.796+0000] {processor.py:154} INFO - Started process (PID=9333) to work on /opt/airflow/dags/groups/group_transforms.py
[2023-09-09T02:04:28.798+0000] {processor.py:756} INFO - Processing file /opt/airflow/dags/groups/group_transforms.py for tasks to queue
[2023-09-09T02:04:28.799+0000] {logging_mixin.py:120} INFO - [2023-09-09T02:04:28.799+0000] {dagbag.py:537} INFO - Filling up the DagBag from /opt/airflow/dags/groups/group_transforms.py
[2023-09-09T02:04:28.809+0000] {processor.py:768} WARNING - No viable dags retrieved from /opt/airflow/dags/groups/group_transforms.py
[2023-09-09T02:04:28.835+0000] {processor.py:176} INFO - Processing /opt/airflow/dags/groups/group_transforms.py took 0.043 seconds
[2023-09-09T02:04:59.247+0000] {processor.py:154} INFO - Started process (PID=9361) to work on /opt/airflow/dags/groups/group_transforms.py
[2023-09-09T02:04:59.248+0000] {processor.py:756} INFO - Processing file /opt/airflow/dags/groups/group_transforms.py for tasks to queue
[2023-09-09T02:04:59.249+0000] {logging_mixin.py:120} INFO - [2023-09-09T02:04:59.249+0000] {dagbag.py:537} INFO - Filling up the DagBag from /opt/airflow/dags/groups/group_transforms.py
[2023-09-09T02:04:59.254+0000] {processor.py:768} WARNING - No viable dags retrieved from /opt/airflow/dags/groups/group_transforms.py
[2023-09-09T02:04:59.267+0000] {processor.py:176} INFO - Processing /opt/airflow/dags/groups/group_transforms.py took 0.023 seconds
[2023-09-09T02:05:29.441+0000] {processor.py:154} INFO - Started process (PID=9397) to work on /opt/airflow/dags/groups/group_transforms.py
[2023-09-09T02:05:29.442+0000] {processor.py:756} INFO - Processing file /opt/airflow/dags/groups/group_transforms.py for tasks to queue
[2023-09-09T02:05:29.443+0000] {logging_mixin.py:120} INFO - [2023-09-09T02:05:29.443+0000] {dagbag.py:537} INFO - Filling up the DagBag from /opt/airflow/dags/groups/group_transforms.py
[2023-09-09T02:05:29.448+0000] {processor.py:768} WARNING - No viable dags retrieved from /opt/airflow/dags/groups/group_transforms.py
[2023-09-09T02:05:29.462+0000] {processor.py:176} INFO - Processing /opt/airflow/dags/groups/group_transforms.py took 0.026 seconds
[2023-09-09T02:05:59.745+0000] {processor.py:154} INFO - Started process (PID=9433) to work on /opt/airflow/dags/groups/group_transforms.py
[2023-09-09T02:05:59.746+0000] {processor.py:756} INFO - Processing file /opt/airflow/dags/groups/group_transforms.py for tasks to queue
[2023-09-09T02:05:59.746+0000] {logging_mixin.py:120} INFO - [2023-09-09T02:05:59.746+0000] {dagbag.py:537} INFO - Filling up the DagBag from /opt/airflow/dags/groups/group_transforms.py
[2023-09-09T02:05:59.751+0000] {processor.py:768} WARNING - No viable dags retrieved from /opt/airflow/dags/groups/group_transforms.py
[2023-09-09T02:05:59.764+0000] {processor.py:176} INFO - Processing /opt/airflow/dags/groups/group_transforms.py took 0.022 seconds
[2023-09-09T02:06:29.894+0000] {processor.py:154} INFO - Started process (PID=9460) to work on /opt/airflow/dags/groups/group_transforms.py
[2023-09-09T02:06:29.896+0000] {processor.py:756} INFO - Processing file /opt/airflow/dags/groups/group_transforms.py for tasks to queue
[2023-09-09T02:06:29.896+0000] {logging_mixin.py:120} INFO - [2023-09-09T02:06:29.896+0000] {dagbag.py:537} INFO - Filling up the DagBag from /opt/airflow/dags/groups/group_transforms.py
[2023-09-09T02:06:29.901+0000] {processor.py:768} WARNING - No viable dags retrieved from /opt/airflow/dags/groups/group_transforms.py
[2023-09-09T02:06:29.915+0000] {processor.py:176} INFO - Processing /opt/airflow/dags/groups/group_transforms.py took 0.023 seconds
[2023-09-09T02:07:00.067+0000] {processor.py:154} INFO - Started process (PID=9496) to work on /opt/airflow/dags/groups/group_transforms.py
[2023-09-09T02:07:00.068+0000] {processor.py:756} INFO - Processing file /opt/airflow/dags/groups/group_transforms.py for tasks to queue
[2023-09-09T02:07:00.069+0000] {logging_mixin.py:120} INFO - [2023-09-09T02:07:00.069+0000] {dagbag.py:537} INFO - Filling up the DagBag from /opt/airflow/dags/groups/group_transforms.py
[2023-09-09T02:07:00.074+0000] {processor.py:768} WARNING - No viable dags retrieved from /opt/airflow/dags/groups/group_transforms.py
[2023-09-09T02:07:00.088+0000] {processor.py:176} INFO - Processing /opt/airflow/dags/groups/group_transforms.py took 0.024 seconds
[2023-09-09T02:07:30.303+0000] {processor.py:154} INFO - Started process (PID=9532) to work on /opt/airflow/dags/groups/group_transforms.py
[2023-09-09T02:07:30.303+0000] {processor.py:756} INFO - Processing file /opt/airflow/dags/groups/group_transforms.py for tasks to queue
[2023-09-09T02:07:30.304+0000] {logging_mixin.py:120} INFO - [2023-09-09T02:07:30.304+0000] {dagbag.py:537} INFO - Filling up the DagBag from /opt/airflow/dags/groups/group_transforms.py
[2023-09-09T02:07:30.309+0000] {processor.py:768} WARNING - No viable dags retrieved from /opt/airflow/dags/groups/group_transforms.py
[2023-09-09T02:07:30.329+0000] {processor.py:176} INFO - Processing /opt/airflow/dags/groups/group_transforms.py took 0.030 seconds
[2023-09-09T02:08:00.596+0000] {processor.py:154} INFO - Started process (PID=9559) to work on /opt/airflow/dags/groups/group_transforms.py
[2023-09-09T02:08:00.596+0000] {processor.py:756} INFO - Processing file /opt/airflow/dags/groups/group_transforms.py for tasks to queue
[2023-09-09T02:08:00.597+0000] {logging_mixin.py:120} INFO - [2023-09-09T02:08:00.597+0000] {dagbag.py:537} INFO - Filling up the DagBag from /opt/airflow/dags/groups/group_transforms.py
[2023-09-09T02:08:00.602+0000] {processor.py:768} WARNING - No viable dags retrieved from /opt/airflow/dags/groups/group_transforms.py
[2023-09-09T02:08:00.615+0000] {processor.py:176} INFO - Processing /opt/airflow/dags/groups/group_transforms.py took 0.022 seconds
[2023-09-09T02:08:30.813+0000] {processor.py:154} INFO - Started process (PID=9595) to work on /opt/airflow/dags/groups/group_transforms.py
[2023-09-09T02:08:30.814+0000] {processor.py:756} INFO - Processing file /opt/airflow/dags/groups/group_transforms.py for tasks to queue
[2023-09-09T02:08:30.814+0000] {logging_mixin.py:120} INFO - [2023-09-09T02:08:30.814+0000] {dagbag.py:537} INFO - Filling up the DagBag from /opt/airflow/dags/groups/group_transforms.py
[2023-09-09T02:08:30.819+0000] {processor.py:768} WARNING - No viable dags retrieved from /opt/airflow/dags/groups/group_transforms.py
[2023-09-09T02:08:30.832+0000] {processor.py:176} INFO - Processing /opt/airflow/dags/groups/group_transforms.py took 0.022 seconds
[2023-09-09T02:09:01.054+0000] {processor.py:154} INFO - Started process (PID=9631) to work on /opt/airflow/dags/groups/group_transforms.py
[2023-09-09T02:09:01.054+0000] {processor.py:756} INFO - Processing file /opt/airflow/dags/groups/group_transforms.py for tasks to queue
[2023-09-09T02:09:01.055+0000] {logging_mixin.py:120} INFO - [2023-09-09T02:09:01.055+0000] {dagbag.py:537} INFO - Filling up the DagBag from /opt/airflow/dags/groups/group_transforms.py
[2023-09-09T02:09:01.059+0000] {processor.py:768} WARNING - No viable dags retrieved from /opt/airflow/dags/groups/group_transforms.py
[2023-09-09T02:09:01.073+0000] {processor.py:176} INFO - Processing /opt/airflow/dags/groups/group_transforms.py took 0.022 seconds
[2023-09-09T02:09:31.250+0000] {processor.py:154} INFO - Started process (PID=9658) to work on /opt/airflow/dags/groups/group_transforms.py
[2023-09-09T02:09:31.251+0000] {processor.py:756} INFO - Processing file /opt/airflow/dags/groups/group_transforms.py for tasks to queue
[2023-09-09T02:09:31.251+0000] {logging_mixin.py:120} INFO - [2023-09-09T02:09:31.251+0000] {dagbag.py:537} INFO - Filling up the DagBag from /opt/airflow/dags/groups/group_transforms.py
[2023-09-09T02:09:31.256+0000] {processor.py:768} WARNING - No viable dags retrieved from /opt/airflow/dags/groups/group_transforms.py
[2023-09-09T02:09:31.269+0000] {processor.py:176} INFO - Processing /opt/airflow/dags/groups/group_transforms.py took 0.022 seconds
[2023-09-09T02:10:01.440+0000] {processor.py:154} INFO - Started process (PID=9694) to work on /opt/airflow/dags/groups/group_transforms.py
[2023-09-09T02:10:01.441+0000] {processor.py:756} INFO - Processing file /opt/airflow/dags/groups/group_transforms.py for tasks to queue
[2023-09-09T02:10:01.442+0000] {logging_mixin.py:120} INFO - [2023-09-09T02:10:01.442+0000] {dagbag.py:537} INFO - Filling up the DagBag from /opt/airflow/dags/groups/group_transforms.py
[2023-09-09T02:10:01.446+0000] {processor.py:768} WARNING - No viable dags retrieved from /opt/airflow/dags/groups/group_transforms.py
[2023-09-09T02:10:01.460+0000] {processor.py:176} INFO - Processing /opt/airflow/dags/groups/group_transforms.py took 0.022 seconds
[2023-09-09T02:10:31.727+0000] {processor.py:154} INFO - Started process (PID=9730) to work on /opt/airflow/dags/groups/group_transforms.py
[2023-09-09T02:10:31.728+0000] {processor.py:756} INFO - Processing file /opt/airflow/dags/groups/group_transforms.py for tasks to queue
[2023-09-09T02:10:31.728+0000] {logging_mixin.py:120} INFO - [2023-09-09T02:10:31.728+0000] {dagbag.py:537} INFO - Filling up the DagBag from /opt/airflow/dags/groups/group_transforms.py
[2023-09-09T02:10:31.733+0000] {processor.py:768} WARNING - No viable dags retrieved from /opt/airflow/dags/groups/group_transforms.py
[2023-09-09T02:10:31.746+0000] {processor.py:176} INFO - Processing /opt/airflow/dags/groups/group_transforms.py took 0.023 seconds
[2023-09-09T02:11:02.073+0000] {processor.py:154} INFO - Started process (PID=9758) to work on /opt/airflow/dags/groups/group_transforms.py
[2023-09-09T02:11:02.073+0000] {processor.py:756} INFO - Processing file /opt/airflow/dags/groups/group_transforms.py for tasks to queue
[2023-09-09T02:11:02.074+0000] {logging_mixin.py:120} INFO - [2023-09-09T02:11:02.074+0000] {dagbag.py:537} INFO - Filling up the DagBag from /opt/airflow/dags/groups/group_transforms.py
[2023-09-09T02:11:02.079+0000] {processor.py:768} WARNING - No viable dags retrieved from /opt/airflow/dags/groups/group_transforms.py
[2023-09-09T02:11:02.093+0000] {processor.py:176} INFO - Processing /opt/airflow/dags/groups/group_transforms.py took 0.024 seconds
[2023-09-09T02:11:32.258+0000] {processor.py:154} INFO - Started process (PID=9793) to work on /opt/airflow/dags/groups/group_transforms.py
[2023-09-09T02:11:32.259+0000] {processor.py:756} INFO - Processing file /opt/airflow/dags/groups/group_transforms.py for tasks to queue
[2023-09-09T02:11:32.260+0000] {logging_mixin.py:120} INFO - [2023-09-09T02:11:32.260+0000] {dagbag.py:537} INFO - Filling up the DagBag from /opt/airflow/dags/groups/group_transforms.py
[2023-09-09T02:11:32.265+0000] {processor.py:768} WARNING - No viable dags retrieved from /opt/airflow/dags/groups/group_transforms.py
[2023-09-09T02:11:32.277+0000] {processor.py:176} INFO - Processing /opt/airflow/dags/groups/group_transforms.py took 0.022 seconds
[2023-09-09T02:12:02.455+0000] {processor.py:154} INFO - Started process (PID=9829) to work on /opt/airflow/dags/groups/group_transforms.py
[2023-09-09T02:12:02.455+0000] {processor.py:756} INFO - Processing file /opt/airflow/dags/groups/group_transforms.py for tasks to queue
[2023-09-09T02:12:02.456+0000] {logging_mixin.py:120} INFO - [2023-09-09T02:12:02.456+0000] {dagbag.py:537} INFO - Filling up the DagBag from /opt/airflow/dags/groups/group_transforms.py
[2023-09-09T02:12:02.460+0000] {processor.py:768} WARNING - No viable dags retrieved from /opt/airflow/dags/groups/group_transforms.py
[2023-09-09T02:12:02.473+0000] {processor.py:176} INFO - Processing /opt/airflow/dags/groups/group_transforms.py took 0.022 seconds
[2023-09-09T02:12:32.754+0000] {processor.py:154} INFO - Started process (PID=9865) to work on /opt/airflow/dags/groups/group_transforms.py
[2023-09-09T02:12:32.755+0000] {processor.py:756} INFO - Processing file /opt/airflow/dags/groups/group_transforms.py for tasks to queue
[2023-09-09T02:12:32.755+0000] {logging_mixin.py:120} INFO - [2023-09-09T02:12:32.755+0000] {dagbag.py:537} INFO - Filling up the DagBag from /opt/airflow/dags/groups/group_transforms.py
[2023-09-09T02:12:32.760+0000] {processor.py:768} WARNING - No viable dags retrieved from /opt/airflow/dags/groups/group_transforms.py
[2023-09-09T02:12:32.774+0000] {processor.py:176} INFO - Processing /opt/airflow/dags/groups/group_transforms.py took 0.024 seconds
[2023-09-09T02:13:03.138+0000] {processor.py:154} INFO - Started process (PID=9892) to work on /opt/airflow/dags/groups/group_transforms.py
[2023-09-09T02:13:03.139+0000] {processor.py:756} INFO - Processing file /opt/airflow/dags/groups/group_transforms.py for tasks to queue
[2023-09-09T02:13:03.139+0000] {logging_mixin.py:120} INFO - [2023-09-09T02:13:03.139+0000] {dagbag.py:537} INFO - Filling up the DagBag from /opt/airflow/dags/groups/group_transforms.py
[2023-09-09T02:13:03.144+0000] {processor.py:768} WARNING - No viable dags retrieved from /opt/airflow/dags/groups/group_transforms.py
[2023-09-09T02:13:03.157+0000] {processor.py:176} INFO - Processing /opt/airflow/dags/groups/group_transforms.py took 0.022 seconds
[2023-09-09T02:13:33.451+0000] {processor.py:154} INFO - Started process (PID=9928) to work on /opt/airflow/dags/groups/group_transforms.py
[2023-09-09T02:13:33.452+0000] {processor.py:756} INFO - Processing file /opt/airflow/dags/groups/group_transforms.py for tasks to queue
[2023-09-09T02:13:33.453+0000] {logging_mixin.py:120} INFO - [2023-09-09T02:13:33.453+0000] {dagbag.py:537} INFO - Filling up the DagBag from /opt/airflow/dags/groups/group_transforms.py
[2023-09-09T02:13:33.457+0000] {processor.py:768} WARNING - No viable dags retrieved from /opt/airflow/dags/groups/group_transforms.py
[2023-09-09T02:13:33.470+0000] {processor.py:176} INFO - Processing /opt/airflow/dags/groups/group_transforms.py took 0.022 seconds
[2023-09-09T02:14:03.677+0000] {processor.py:154} INFO - Started process (PID=9964) to work on /opt/airflow/dags/groups/group_transforms.py
[2023-09-09T02:14:03.678+0000] {processor.py:756} INFO - Processing file /opt/airflow/dags/groups/group_transforms.py for tasks to queue
[2023-09-09T02:14:03.678+0000] {logging_mixin.py:120} INFO - [2023-09-09T02:14:03.678+0000] {dagbag.py:537} INFO - Filling up the DagBag from /opt/airflow/dags/groups/group_transforms.py
[2023-09-09T02:14:03.685+0000] {processor.py:768} WARNING - No viable dags retrieved from /opt/airflow/dags/groups/group_transforms.py
[2023-09-09T02:14:03.702+0000] {processor.py:176} INFO - Processing /opt/airflow/dags/groups/group_transforms.py took 0.029 seconds
[2023-09-09T02:14:33.936+0000] {processor.py:154} INFO - Started process (PID=9991) to work on /opt/airflow/dags/groups/group_transforms.py
[2023-09-09T02:14:33.938+0000] {processor.py:756} INFO - Processing file /opt/airflow/dags/groups/group_transforms.py for tasks to queue
[2023-09-09T02:14:33.938+0000] {logging_mixin.py:120} INFO - [2023-09-09T02:14:33.938+0000] {dagbag.py:537} INFO - Filling up the DagBag from /opt/airflow/dags/groups/group_transforms.py
[2023-09-09T02:14:33.943+0000] {processor.py:768} WARNING - No viable dags retrieved from /opt/airflow/dags/groups/group_transforms.py
[2023-09-09T02:14:33.956+0000] {processor.py:176} INFO - Processing /opt/airflow/dags/groups/group_transforms.py took 0.022 seconds
[2023-09-09T02:15:04.347+0000] {processor.py:154} INFO - Started process (PID=10027) to work on /opt/airflow/dags/groups/group_transforms.py
[2023-09-09T02:15:04.348+0000] {processor.py:756} INFO - Processing file /opt/airflow/dags/groups/group_transforms.py for tasks to queue
[2023-09-09T02:15:04.348+0000] {logging_mixin.py:120} INFO - [2023-09-09T02:15:04.348+0000] {dagbag.py:537} INFO - Filling up the DagBag from /opt/airflow/dags/groups/group_transforms.py
[2023-09-09T02:15:04.353+0000] {processor.py:768} WARNING - No viable dags retrieved from /opt/airflow/dags/groups/group_transforms.py
[2023-09-09T02:15:04.366+0000] {processor.py:176} INFO - Processing /opt/airflow/dags/groups/group_transforms.py took 0.022 seconds
[2023-09-09T02:15:34.557+0000] {processor.py:154} INFO - Started process (PID=10063) to work on /opt/airflow/dags/groups/group_transforms.py
[2023-09-09T02:15:34.558+0000] {processor.py:756} INFO - Processing file /opt/airflow/dags/groups/group_transforms.py for tasks to queue
[2023-09-09T02:15:34.559+0000] {logging_mixin.py:120} INFO - [2023-09-09T02:15:34.558+0000] {dagbag.py:537} INFO - Filling up the DagBag from /opt/airflow/dags/groups/group_transforms.py
[2023-09-09T02:15:34.563+0000] {processor.py:768} WARNING - No viable dags retrieved from /opt/airflow/dags/groups/group_transforms.py
[2023-09-09T02:15:34.577+0000] {processor.py:176} INFO - Processing /opt/airflow/dags/groups/group_transforms.py took 0.023 seconds
[2023-09-09T02:16:04.745+0000] {processor.py:154} INFO - Started process (PID=10090) to work on /opt/airflow/dags/groups/group_transforms.py
[2023-09-09T02:16:04.746+0000] {processor.py:756} INFO - Processing file /opt/airflow/dags/groups/group_transforms.py for tasks to queue
[2023-09-09T02:16:04.746+0000] {logging_mixin.py:120} INFO - [2023-09-09T02:16:04.746+0000] {dagbag.py:537} INFO - Filling up the DagBag from /opt/airflow/dags/groups/group_transforms.py
[2023-09-09T02:16:04.751+0000] {processor.py:768} WARNING - No viable dags retrieved from /opt/airflow/dags/groups/group_transforms.py
[2023-09-09T02:16:04.764+0000] {processor.py:176} INFO - Processing /opt/airflow/dags/groups/group_transforms.py took 0.021 seconds
[2023-09-09T02:16:35.010+0000] {processor.py:154} INFO - Started process (PID=10126) to work on /opt/airflow/dags/groups/group_transforms.py
[2023-09-09T02:16:35.011+0000] {processor.py:756} INFO - Processing file /opt/airflow/dags/groups/group_transforms.py for tasks to queue
[2023-09-09T02:16:35.012+0000] {logging_mixin.py:120} INFO - [2023-09-09T02:16:35.012+0000] {dagbag.py:537} INFO - Filling up the DagBag from /opt/airflow/dags/groups/group_transforms.py
[2023-09-09T02:16:35.017+0000] {processor.py:768} WARNING - No viable dags retrieved from /opt/airflow/dags/groups/group_transforms.py
[2023-09-09T02:16:35.029+0000] {processor.py:176} INFO - Processing /opt/airflow/dags/groups/group_transforms.py took 0.023 seconds
[2023-09-09T02:17:05.219+0000] {processor.py:154} INFO - Started process (PID=10162) to work on /opt/airflow/dags/groups/group_transforms.py
[2023-09-09T02:17:05.219+0000] {processor.py:756} INFO - Processing file /opt/airflow/dags/groups/group_transforms.py for tasks to queue
[2023-09-09T02:17:05.220+0000] {logging_mixin.py:120} INFO - [2023-09-09T02:17:05.220+0000] {dagbag.py:537} INFO - Filling up the DagBag from /opt/airflow/dags/groups/group_transforms.py
[2023-09-09T02:17:05.225+0000] {processor.py:768} WARNING - No viable dags retrieved from /opt/airflow/dags/groups/group_transforms.py
[2023-09-09T02:17:05.238+0000] {processor.py:176} INFO - Processing /opt/airflow/dags/groups/group_transforms.py took 0.022 seconds
[2023-09-09T02:17:35.467+0000] {processor.py:154} INFO - Started process (PID=10189) to work on /opt/airflow/dags/groups/group_transforms.py
[2023-09-09T02:17:35.468+0000] {processor.py:756} INFO - Processing file /opt/airflow/dags/groups/group_transforms.py for tasks to queue
[2023-09-09T02:17:35.469+0000] {logging_mixin.py:120} INFO - [2023-09-09T02:17:35.468+0000] {dagbag.py:537} INFO - Filling up the DagBag from /opt/airflow/dags/groups/group_transforms.py
[2023-09-09T02:17:35.473+0000] {processor.py:768} WARNING - No viable dags retrieved from /opt/airflow/dags/groups/group_transforms.py
[2023-09-09T02:17:35.487+0000] {processor.py:176} INFO - Processing /opt/airflow/dags/groups/group_transforms.py took 0.023 seconds
[2023-09-09T02:18:05.970+0000] {processor.py:154} INFO - Started process (PID=10223) to work on /opt/airflow/dags/groups/group_transforms.py
[2023-09-09T02:18:05.970+0000] {processor.py:756} INFO - Processing file /opt/airflow/dags/groups/group_transforms.py for tasks to queue
[2023-09-09T02:18:05.971+0000] {logging_mixin.py:120} INFO - [2023-09-09T02:18:05.971+0000] {dagbag.py:537} INFO - Filling up the DagBag from /opt/airflow/dags/groups/group_transforms.py
[2023-09-09T02:18:05.976+0000] {processor.py:768} WARNING - No viable dags retrieved from /opt/airflow/dags/groups/group_transforms.py
[2023-09-09T02:18:05.989+0000] {processor.py:176} INFO - Processing /opt/airflow/dags/groups/group_transforms.py took 0.022 seconds
[2023-09-09T02:18:36.117+0000] {processor.py:154} INFO - Started process (PID=10259) to work on /opt/airflow/dags/groups/group_transforms.py
[2023-09-09T02:18:36.118+0000] {processor.py:756} INFO - Processing file /opt/airflow/dags/groups/group_transforms.py for tasks to queue
[2023-09-09T02:18:36.120+0000] {logging_mixin.py:120} INFO - [2023-09-09T02:18:36.119+0000] {dagbag.py:537} INFO - Filling up the DagBag from /opt/airflow/dags/groups/group_transforms.py
[2023-09-09T02:18:36.123+0000] {processor.py:768} WARNING - No viable dags retrieved from /opt/airflow/dags/groups/group_transforms.py
[2023-09-09T02:18:36.136+0000] {processor.py:176} INFO - Processing /opt/airflow/dags/groups/group_transforms.py took 0.023 seconds
[2023-09-09T02:19:06.358+0000] {processor.py:154} INFO - Started process (PID=10286) to work on /opt/airflow/dags/groups/group_transforms.py
[2023-09-09T02:19:06.359+0000] {processor.py:756} INFO - Processing file /opt/airflow/dags/groups/group_transforms.py for tasks to queue
[2023-09-09T02:19:06.360+0000] {logging_mixin.py:120} INFO - [2023-09-09T02:19:06.360+0000] {dagbag.py:537} INFO - Filling up the DagBag from /opt/airflow/dags/groups/group_transforms.py
[2023-09-09T02:19:06.364+0000] {processor.py:768} WARNING - No viable dags retrieved from /opt/airflow/dags/groups/group_transforms.py
[2023-09-09T02:19:06.376+0000] {processor.py:176} INFO - Processing /opt/airflow/dags/groups/group_transforms.py took 0.022 seconds
[2023-09-09T02:19:36.554+0000] {processor.py:154} INFO - Started process (PID=10322) to work on /opt/airflow/dags/groups/group_transforms.py
[2023-09-09T02:19:36.555+0000] {processor.py:756} INFO - Processing file /opt/airflow/dags/groups/group_transforms.py for tasks to queue
[2023-09-09T02:19:36.555+0000] {logging_mixin.py:120} INFO - [2023-09-09T02:19:36.555+0000] {dagbag.py:537} INFO - Filling up the DagBag from /opt/airflow/dags/groups/group_transforms.py
[2023-09-09T02:19:36.560+0000] {processor.py:768} WARNING - No viable dags retrieved from /opt/airflow/dags/groups/group_transforms.py
[2023-09-09T02:19:36.573+0000] {processor.py:176} INFO - Processing /opt/airflow/dags/groups/group_transforms.py took 0.022 seconds
[2023-09-09T02:20:06.734+0000] {processor.py:154} INFO - Started process (PID=10358) to work on /opt/airflow/dags/groups/group_transforms.py
[2023-09-09T02:20:06.734+0000] {processor.py:756} INFO - Processing file /opt/airflow/dags/groups/group_transforms.py for tasks to queue
[2023-09-09T02:20:06.735+0000] {logging_mixin.py:120} INFO - [2023-09-09T02:20:06.735+0000] {dagbag.py:537} INFO - Filling up the DagBag from /opt/airflow/dags/groups/group_transforms.py
[2023-09-09T02:20:06.740+0000] {processor.py:768} WARNING - No viable dags retrieved from /opt/airflow/dags/groups/group_transforms.py
[2023-09-09T02:20:06.753+0000] {processor.py:176} INFO - Processing /opt/airflow/dags/groups/group_transforms.py took 0.022 seconds
[2023-09-09T05:21:52.562+0000] {processor.py:154} INFO - Started process (PID=10384) to work on /opt/airflow/dags/groups/group_transforms.py
[2023-09-09T05:21:52.583+0000] {processor.py:756} INFO - Processing file /opt/airflow/dags/groups/group_transforms.py for tasks to queue
[2023-09-09T05:21:52.585+0000] {logging_mixin.py:120} INFO - [2023-09-09T05:21:52.585+0000] {dagbag.py:537} INFO - Filling up the DagBag from /opt/airflow/dags/groups/group_transforms.py
[2023-09-09T05:21:52.624+0000] {processor.py:768} WARNING - No viable dags retrieved from /opt/airflow/dags/groups/group_transforms.py
[2023-09-09T05:21:52.786+0000] {processor.py:176} INFO - Processing /opt/airflow/dags/groups/group_transforms.py took 0.243 seconds
[2023-09-09T05:22:22.878+0000] {processor.py:154} INFO - Started process (PID=10412) to work on /opt/airflow/dags/groups/group_transforms.py
[2023-09-09T05:22:22.879+0000] {processor.py:756} INFO - Processing file /opt/airflow/dags/groups/group_transforms.py for tasks to queue
[2023-09-09T05:22:22.879+0000] {logging_mixin.py:120} INFO - [2023-09-09T05:22:22.879+0000] {dagbag.py:537} INFO - Filling up the DagBag from /opt/airflow/dags/groups/group_transforms.py
[2023-09-09T05:22:22.884+0000] {processor.py:768} WARNING - No viable dags retrieved from /opt/airflow/dags/groups/group_transforms.py
[2023-09-09T05:22:22.898+0000] {processor.py:176} INFO - Processing /opt/airflow/dags/groups/group_transforms.py took 0.022 seconds
[2023-09-09T05:22:52.981+0000] {processor.py:154} INFO - Started process (PID=10448) to work on /opt/airflow/dags/groups/group_transforms.py
[2023-09-09T05:22:52.982+0000] {processor.py:756} INFO - Processing file /opt/airflow/dags/groups/group_transforms.py for tasks to queue
[2023-09-09T05:22:52.984+0000] {logging_mixin.py:120} INFO - [2023-09-09T05:22:52.984+0000] {dagbag.py:537} INFO - Filling up the DagBag from /opt/airflow/dags/groups/group_transforms.py
[2023-09-09T05:22:52.994+0000] {processor.py:768} WARNING - No viable dags retrieved from /opt/airflow/dags/groups/group_transforms.py
[2023-09-09T05:22:53.015+0000] {processor.py:176} INFO - Processing /opt/airflow/dags/groups/group_transforms.py took 0.040 seconds
[2023-09-09T05:23:23.476+0000] {processor.py:154} INFO - Started process (PID=10475) to work on /opt/airflow/dags/groups/group_transforms.py
[2023-09-09T05:23:23.477+0000] {processor.py:756} INFO - Processing file /opt/airflow/dags/groups/group_transforms.py for tasks to queue
[2023-09-09T05:23:23.477+0000] {logging_mixin.py:120} INFO - [2023-09-09T05:23:23.477+0000] {dagbag.py:537} INFO - Filling up the DagBag from /opt/airflow/dags/groups/group_transforms.py
[2023-09-09T05:23:23.483+0000] {processor.py:768} WARNING - No viable dags retrieved from /opt/airflow/dags/groups/group_transforms.py
[2023-09-09T05:23:23.497+0000] {processor.py:176} INFO - Processing /opt/airflow/dags/groups/group_transforms.py took 0.027 seconds
[2023-09-09T05:23:53.640+0000] {processor.py:154} INFO - Started process (PID=10512) to work on /opt/airflow/dags/groups/group_transforms.py
[2023-09-09T05:23:53.642+0000] {processor.py:756} INFO - Processing file /opt/airflow/dags/groups/group_transforms.py for tasks to queue
[2023-09-09T05:23:53.643+0000] {logging_mixin.py:120} INFO - [2023-09-09T05:23:53.643+0000] {dagbag.py:537} INFO - Filling up the DagBag from /opt/airflow/dags/groups/group_transforms.py
[2023-09-09T05:23:53.648+0000] {processor.py:768} WARNING - No viable dags retrieved from /opt/airflow/dags/groups/group_transforms.py
[2023-09-09T05:23:53.661+0000] {processor.py:176} INFO - Processing /opt/airflow/dags/groups/group_transforms.py took 0.024 seconds
[2023-09-09T05:24:23.982+0000] {processor.py:154} INFO - Started process (PID=10548) to work on /opt/airflow/dags/groups/group_transforms.py
[2023-09-09T05:24:23.982+0000] {processor.py:756} INFO - Processing file /opt/airflow/dags/groups/group_transforms.py for tasks to queue
[2023-09-09T05:24:23.983+0000] {logging_mixin.py:120} INFO - [2023-09-09T05:24:23.983+0000] {dagbag.py:537} INFO - Filling up the DagBag from /opt/airflow/dags/groups/group_transforms.py
[2023-09-09T05:24:23.988+0000] {processor.py:768} WARNING - No viable dags retrieved from /opt/airflow/dags/groups/group_transforms.py
[2023-09-09T05:24:24.003+0000] {processor.py:176} INFO - Processing /opt/airflow/dags/groups/group_transforms.py took 0.025 seconds
[2023-09-09T05:24:54.120+0000] {processor.py:154} INFO - Started process (PID=10575) to work on /opt/airflow/dags/groups/group_transforms.py
[2023-09-09T05:24:54.121+0000] {processor.py:756} INFO - Processing file /opt/airflow/dags/groups/group_transforms.py for tasks to queue
[2023-09-09T05:24:54.122+0000] {logging_mixin.py:120} INFO - [2023-09-09T05:24:54.121+0000] {dagbag.py:537} INFO - Filling up the DagBag from /opt/airflow/dags/groups/group_transforms.py
[2023-09-09T05:24:54.126+0000] {processor.py:768} WARNING - No viable dags retrieved from /opt/airflow/dags/groups/group_transforms.py
[2023-09-09T05:24:54.142+0000] {processor.py:176} INFO - Processing /opt/airflow/dags/groups/group_transforms.py took 0.025 seconds
[2023-09-09T05:25:24.406+0000] {processor.py:154} INFO - Started process (PID=10611) to work on /opt/airflow/dags/groups/group_transforms.py
[2023-09-09T05:25:24.406+0000] {processor.py:756} INFO - Processing file /opt/airflow/dags/groups/group_transforms.py for tasks to queue
[2023-09-09T05:25:24.407+0000] {logging_mixin.py:120} INFO - [2023-09-09T05:25:24.407+0000] {dagbag.py:537} INFO - Filling up the DagBag from /opt/airflow/dags/groups/group_transforms.py
[2023-09-09T05:25:24.411+0000] {processor.py:768} WARNING - No viable dags retrieved from /opt/airflow/dags/groups/group_transforms.py
[2023-09-09T05:25:24.424+0000] {processor.py:176} INFO - Processing /opt/airflow/dags/groups/group_transforms.py took 0.022 seconds
[2023-09-09T05:25:54.542+0000] {processor.py:154} INFO - Started process (PID=10647) to work on /opt/airflow/dags/groups/group_transforms.py
[2023-09-09T05:25:54.544+0000] {processor.py:756} INFO - Processing file /opt/airflow/dags/groups/group_transforms.py for tasks to queue
[2023-09-09T05:25:54.544+0000] {logging_mixin.py:120} INFO - [2023-09-09T05:25:54.544+0000] {dagbag.py:537} INFO - Filling up the DagBag from /opt/airflow/dags/groups/group_transforms.py
[2023-09-09T05:25:54.549+0000] {processor.py:768} WARNING - No viable dags retrieved from /opt/airflow/dags/groups/group_transforms.py
[2023-09-09T05:25:54.564+0000] {processor.py:176} INFO - Processing /opt/airflow/dags/groups/group_transforms.py took 0.025 seconds
[2023-09-09T05:26:24.748+0000] {processor.py:154} INFO - Started process (PID=10674) to work on /opt/airflow/dags/groups/group_transforms.py
[2023-09-09T05:26:24.748+0000] {processor.py:756} INFO - Processing file /opt/airflow/dags/groups/group_transforms.py for tasks to queue
[2023-09-09T05:26:24.749+0000] {logging_mixin.py:120} INFO - [2023-09-09T05:26:24.749+0000] {dagbag.py:537} INFO - Filling up the DagBag from /opt/airflow/dags/groups/group_transforms.py
[2023-09-09T05:26:24.754+0000] {processor.py:768} WARNING - No viable dags retrieved from /opt/airflow/dags/groups/group_transforms.py
[2023-09-09T05:26:24.767+0000] {processor.py:176} INFO - Processing /opt/airflow/dags/groups/group_transforms.py took 0.022 seconds
[2023-09-09T05:26:54.981+0000] {processor.py:154} INFO - Started process (PID=10710) to work on /opt/airflow/dags/groups/group_transforms.py
[2023-09-09T05:26:54.982+0000] {processor.py:756} INFO - Processing file /opt/airflow/dags/groups/group_transforms.py for tasks to queue
[2023-09-09T05:26:54.983+0000] {logging_mixin.py:120} INFO - [2023-09-09T05:26:54.983+0000] {dagbag.py:537} INFO - Filling up the DagBag from /opt/airflow/dags/groups/group_transforms.py
[2023-09-09T05:26:54.990+0000] {processor.py:768} WARNING - No viable dags retrieved from /opt/airflow/dags/groups/group_transforms.py
[2023-09-09T05:26:55.005+0000] {processor.py:176} INFO - Processing /opt/airflow/dags/groups/group_transforms.py took 0.029 seconds
[2023-09-09T05:27:25.129+0000] {processor.py:154} INFO - Started process (PID=10747) to work on /opt/airflow/dags/groups/group_transforms.py
[2023-09-09T05:27:25.130+0000] {processor.py:756} INFO - Processing file /opt/airflow/dags/groups/group_transforms.py for tasks to queue
[2023-09-09T05:27:25.130+0000] {logging_mixin.py:120} INFO - [2023-09-09T05:27:25.130+0000] {dagbag.py:537} INFO - Filling up the DagBag from /opt/airflow/dags/groups/group_transforms.py
[2023-09-09T05:27:25.137+0000] {processor.py:768} WARNING - No viable dags retrieved from /opt/airflow/dags/groups/group_transforms.py
[2023-09-09T05:27:25.155+0000] {processor.py:176} INFO - Processing /opt/airflow/dags/groups/group_transforms.py took 0.030 seconds
[2023-09-09T05:27:55.437+0000] {processor.py:154} INFO - Started process (PID=10774) to work on /opt/airflow/dags/groups/group_transforms.py
[2023-09-09T05:27:55.438+0000] {processor.py:756} INFO - Processing file /opt/airflow/dags/groups/group_transforms.py for tasks to queue
[2023-09-09T05:27:55.439+0000] {logging_mixin.py:120} INFO - [2023-09-09T05:27:55.439+0000] {dagbag.py:537} INFO - Filling up the DagBag from /opt/airflow/dags/groups/group_transforms.py
[2023-09-09T05:27:55.445+0000] {processor.py:768} WARNING - No viable dags retrieved from /opt/airflow/dags/groups/group_transforms.py
[2023-09-09T05:27:55.458+0000] {processor.py:176} INFO - Processing /opt/airflow/dags/groups/group_transforms.py took 0.024 seconds
[2023-09-09T05:28:25.607+0000] {processor.py:154} INFO - Started process (PID=10810) to work on /opt/airflow/dags/groups/group_transforms.py
[2023-09-09T05:28:25.608+0000] {processor.py:756} INFO - Processing file /opt/airflow/dags/groups/group_transforms.py for tasks to queue
[2023-09-09T05:28:25.608+0000] {logging_mixin.py:120} INFO - [2023-09-09T05:28:25.608+0000] {dagbag.py:537} INFO - Filling up the DagBag from /opt/airflow/dags/groups/group_transforms.py
[2023-09-09T05:28:25.615+0000] {processor.py:768} WARNING - No viable dags retrieved from /opt/airflow/dags/groups/group_transforms.py
[2023-09-09T05:28:25.631+0000] {processor.py:176} INFO - Processing /opt/airflow/dags/groups/group_transforms.py took 0.029 seconds
[2023-09-09T05:28:55.761+0000] {processor.py:154} INFO - Started process (PID=10846) to work on /opt/airflow/dags/groups/group_transforms.py
[2023-09-09T05:28:55.768+0000] {processor.py:756} INFO - Processing file /opt/airflow/dags/groups/group_transforms.py for tasks to queue
[2023-09-09T05:28:55.769+0000] {logging_mixin.py:120} INFO - [2023-09-09T05:28:55.768+0000] {dagbag.py:537} INFO - Filling up the DagBag from /opt/airflow/dags/groups/group_transforms.py
[2023-09-09T05:28:55.774+0000] {processor.py:768} WARNING - No viable dags retrieved from /opt/airflow/dags/groups/group_transforms.py
[2023-09-09T05:28:55.786+0000] {processor.py:176} INFO - Processing /opt/airflow/dags/groups/group_transforms.py took 0.028 seconds
[2023-09-09T05:29:25.915+0000] {processor.py:154} INFO - Started process (PID=10873) to work on /opt/airflow/dags/groups/group_transforms.py
[2023-09-09T05:29:25.916+0000] {processor.py:756} INFO - Processing file /opt/airflow/dags/groups/group_transforms.py for tasks to queue
[2023-09-09T05:29:25.917+0000] {logging_mixin.py:120} INFO - [2023-09-09T05:29:25.916+0000] {dagbag.py:537} INFO - Filling up the DagBag from /opt/airflow/dags/groups/group_transforms.py
[2023-09-09T05:29:25.922+0000] {processor.py:768} WARNING - No viable dags retrieved from /opt/airflow/dags/groups/group_transforms.py
[2023-09-09T05:29:25.935+0000] {processor.py:176} INFO - Processing /opt/airflow/dags/groups/group_transforms.py took 0.023 seconds
[2023-09-09T05:29:56.196+0000] {processor.py:154} INFO - Started process (PID=10910) to work on /opt/airflow/dags/groups/group_transforms.py
[2023-09-09T05:29:56.197+0000] {processor.py:756} INFO - Processing file /opt/airflow/dags/groups/group_transforms.py for tasks to queue
[2023-09-09T05:29:56.198+0000] {logging_mixin.py:120} INFO - [2023-09-09T05:29:56.197+0000] {dagbag.py:537} INFO - Filling up the DagBag from /opt/airflow/dags/groups/group_transforms.py
[2023-09-09T05:29:56.202+0000] {processor.py:768} WARNING - No viable dags retrieved from /opt/airflow/dags/groups/group_transforms.py
[2023-09-09T05:29:56.216+0000] {processor.py:176} INFO - Processing /opt/airflow/dags/groups/group_transforms.py took 0.022 seconds
[2023-09-09T05:30:26.324+0000] {processor.py:154} INFO - Started process (PID=10946) to work on /opt/airflow/dags/groups/group_transforms.py
[2023-09-09T05:30:26.325+0000] {processor.py:756} INFO - Processing file /opt/airflow/dags/groups/group_transforms.py for tasks to queue
[2023-09-09T05:30:26.326+0000] {logging_mixin.py:120} INFO - [2023-09-09T05:30:26.326+0000] {dagbag.py:537} INFO - Filling up the DagBag from /opt/airflow/dags/groups/group_transforms.py
[2023-09-09T05:30:26.330+0000] {processor.py:768} WARNING - No viable dags retrieved from /opt/airflow/dags/groups/group_transforms.py
[2023-09-09T05:30:26.343+0000] {processor.py:176} INFO - Processing /opt/airflow/dags/groups/group_transforms.py took 0.022 seconds
[2023-09-09T05:30:56.633+0000] {processor.py:154} INFO - Started process (PID=10974) to work on /opt/airflow/dags/groups/group_transforms.py
[2023-09-09T05:30:56.635+0000] {processor.py:756} INFO - Processing file /opt/airflow/dags/groups/group_transforms.py for tasks to queue
[2023-09-09T05:30:56.636+0000] {logging_mixin.py:120} INFO - [2023-09-09T05:30:56.636+0000] {dagbag.py:537} INFO - Filling up the DagBag from /opt/airflow/dags/groups/group_transforms.py
[2023-09-09T05:30:56.641+0000] {processor.py:768} WARNING - No viable dags retrieved from /opt/airflow/dags/groups/group_transforms.py
[2023-09-09T05:30:56.656+0000] {processor.py:176} INFO - Processing /opt/airflow/dags/groups/group_transforms.py took 0.026 seconds
[2023-09-09T05:31:26.769+0000] {processor.py:154} INFO - Started process (PID=11010) to work on /opt/airflow/dags/groups/group_transforms.py
[2023-09-09T05:31:26.769+0000] {processor.py:756} INFO - Processing file /opt/airflow/dags/groups/group_transforms.py for tasks to queue
[2023-09-09T05:31:26.770+0000] {logging_mixin.py:120} INFO - [2023-09-09T05:31:26.770+0000] {dagbag.py:537} INFO - Filling up the DagBag from /opt/airflow/dags/groups/group_transforms.py
[2023-09-09T05:31:26.775+0000] {processor.py:768} WARNING - No viable dags retrieved from /opt/airflow/dags/groups/group_transforms.py
[2023-09-09T05:31:26.787+0000] {processor.py:176} INFO - Processing /opt/airflow/dags/groups/group_transforms.py took 0.022 seconds
[2023-09-09T05:31:56.911+0000] {processor.py:154} INFO - Started process (PID=11046) to work on /opt/airflow/dags/groups/group_transforms.py
[2023-09-09T05:31:56.913+0000] {processor.py:756} INFO - Processing file /opt/airflow/dags/groups/group_transforms.py for tasks to queue
[2023-09-09T05:31:56.914+0000] {logging_mixin.py:120} INFO - [2023-09-09T05:31:56.914+0000] {dagbag.py:537} INFO - Filling up the DagBag from /opt/airflow/dags/groups/group_transforms.py
[2023-09-09T05:31:56.919+0000] {processor.py:768} WARNING - No viable dags retrieved from /opt/airflow/dags/groups/group_transforms.py
[2023-09-09T05:31:56.932+0000] {processor.py:176} INFO - Processing /opt/airflow/dags/groups/group_transforms.py took 0.024 seconds
[2023-09-09T05:32:27.118+0000] {processor.py:154} INFO - Started process (PID=11073) to work on /opt/airflow/dags/groups/group_transforms.py
[2023-09-09T05:32:27.119+0000] {processor.py:756} INFO - Processing file /opt/airflow/dags/groups/group_transforms.py for tasks to queue
[2023-09-09T05:32:27.119+0000] {logging_mixin.py:120} INFO - [2023-09-09T05:32:27.119+0000] {dagbag.py:537} INFO - Filling up the DagBag from /opt/airflow/dags/groups/group_transforms.py
[2023-09-09T05:32:27.124+0000] {processor.py:768} WARNING - No viable dags retrieved from /opt/airflow/dags/groups/group_transforms.py
[2023-09-09T05:32:27.137+0000] {processor.py:176} INFO - Processing /opt/airflow/dags/groups/group_transforms.py took 0.022 seconds
[2023-09-09T05:32:57.361+0000] {processor.py:154} INFO - Started process (PID=11109) to work on /opt/airflow/dags/groups/group_transforms.py
[2023-09-09T05:32:57.362+0000] {processor.py:756} INFO - Processing file /opt/airflow/dags/groups/group_transforms.py for tasks to queue
[2023-09-09T05:32:57.363+0000] {logging_mixin.py:120} INFO - [2023-09-09T05:32:57.363+0000] {dagbag.py:537} INFO - Filling up the DagBag from /opt/airflow/dags/groups/group_transforms.py
[2023-09-09T05:32:57.367+0000] {processor.py:768} WARNING - No viable dags retrieved from /opt/airflow/dags/groups/group_transforms.py
[2023-09-09T05:32:57.380+0000] {processor.py:176} INFO - Processing /opt/airflow/dags/groups/group_transforms.py took 0.022 seconds
[2023-09-09T05:33:27.538+0000] {processor.py:154} INFO - Started process (PID=11145) to work on /opt/airflow/dags/groups/group_transforms.py
[2023-09-09T05:33:27.539+0000] {processor.py:756} INFO - Processing file /opt/airflow/dags/groups/group_transforms.py for tasks to queue
[2023-09-09T05:33:27.539+0000] {logging_mixin.py:120} INFO - [2023-09-09T05:33:27.539+0000] {dagbag.py:537} INFO - Filling up the DagBag from /opt/airflow/dags/groups/group_transforms.py
[2023-09-09T05:33:27.544+0000] {processor.py:768} WARNING - No viable dags retrieved from /opt/airflow/dags/groups/group_transforms.py
[2023-09-09T05:33:27.557+0000] {processor.py:176} INFO - Processing /opt/airflow/dags/groups/group_transforms.py took 0.022 seconds
[2023-09-09T05:33:57.661+0000] {processor.py:154} INFO - Started process (PID=11172) to work on /opt/airflow/dags/groups/group_transforms.py
[2023-09-09T05:33:57.662+0000] {processor.py:756} INFO - Processing file /opt/airflow/dags/groups/group_transforms.py for tasks to queue
[2023-09-09T05:33:57.662+0000] {logging_mixin.py:120} INFO - [2023-09-09T05:33:57.662+0000] {dagbag.py:537} INFO - Filling up the DagBag from /opt/airflow/dags/groups/group_transforms.py
[2023-09-09T05:33:57.667+0000] {processor.py:768} WARNING - No viable dags retrieved from /opt/airflow/dags/groups/group_transforms.py
[2023-09-09T05:33:57.680+0000] {processor.py:176} INFO - Processing /opt/airflow/dags/groups/group_transforms.py took 0.022 seconds
[2023-09-09T05:34:27.906+0000] {processor.py:154} INFO - Started process (PID=11208) to work on /opt/airflow/dags/groups/group_transforms.py
[2023-09-09T05:34:27.907+0000] {processor.py:756} INFO - Processing file /opt/airflow/dags/groups/group_transforms.py for tasks to queue
[2023-09-09T05:34:27.908+0000] {logging_mixin.py:120} INFO - [2023-09-09T05:34:27.908+0000] {dagbag.py:537} INFO - Filling up the DagBag from /opt/airflow/dags/groups/group_transforms.py
[2023-09-09T05:34:27.913+0000] {processor.py:768} WARNING - No viable dags retrieved from /opt/airflow/dags/groups/group_transforms.py
[2023-09-09T05:34:27.927+0000] {processor.py:176} INFO - Processing /opt/airflow/dags/groups/group_transforms.py took 0.026 seconds
[2023-09-09T05:34:58.032+0000] {processor.py:154} INFO - Started process (PID=11244) to work on /opt/airflow/dags/groups/group_transforms.py
[2023-09-09T05:34:58.032+0000] {processor.py:756} INFO - Processing file /opt/airflow/dags/groups/group_transforms.py for tasks to queue
[2023-09-09T05:34:58.033+0000] {logging_mixin.py:120} INFO - [2023-09-09T05:34:58.033+0000] {dagbag.py:537} INFO - Filling up the DagBag from /opt/airflow/dags/groups/group_transforms.py
[2023-09-09T05:34:58.038+0000] {processor.py:768} WARNING - No viable dags retrieved from /opt/airflow/dags/groups/group_transforms.py
[2023-09-09T05:34:58.051+0000] {processor.py:176} INFO - Processing /opt/airflow/dags/groups/group_transforms.py took 0.022 seconds
[2023-09-09T05:35:28.256+0000] {processor.py:154} INFO - Started process (PID=11271) to work on /opt/airflow/dags/groups/group_transforms.py
[2023-09-09T05:35:28.257+0000] {processor.py:756} INFO - Processing file /opt/airflow/dags/groups/group_transforms.py for tasks to queue
[2023-09-09T05:35:28.257+0000] {logging_mixin.py:120} INFO - [2023-09-09T05:35:28.257+0000] {dagbag.py:537} INFO - Filling up the DagBag from /opt/airflow/dags/groups/group_transforms.py
[2023-09-09T05:35:28.262+0000] {processor.py:768} WARNING - No viable dags retrieved from /opt/airflow/dags/groups/group_transforms.py
[2023-09-09T05:35:28.276+0000] {processor.py:176} INFO - Processing /opt/airflow/dags/groups/group_transforms.py took 0.023 seconds
[2023-09-09T05:35:58.816+0000] {processor.py:154} INFO - Started process (PID=11305) to work on /opt/airflow/dags/groups/group_transforms.py
[2023-09-09T05:35:58.817+0000] {processor.py:756} INFO - Processing file /opt/airflow/dags/groups/group_transforms.py for tasks to queue
[2023-09-09T05:35:58.818+0000] {logging_mixin.py:120} INFO - [2023-09-09T05:35:58.818+0000] {dagbag.py:537} INFO - Filling up the DagBag from /opt/airflow/dags/groups/group_transforms.py
[2023-09-09T05:35:58.822+0000] {processor.py:768} WARNING - No viable dags retrieved from /opt/airflow/dags/groups/group_transforms.py
[2023-09-09T05:35:58.834+0000] {processor.py:176} INFO - Processing /opt/airflow/dags/groups/group_transforms.py took 0.021 seconds
[2023-09-09T05:36:28.945+0000] {processor.py:154} INFO - Started process (PID=11342) to work on /opt/airflow/dags/groups/group_transforms.py
[2023-09-09T05:36:28.946+0000] {processor.py:756} INFO - Processing file /opt/airflow/dags/groups/group_transforms.py for tasks to queue
[2023-09-09T05:36:28.947+0000] {logging_mixin.py:120} INFO - [2023-09-09T05:36:28.946+0000] {dagbag.py:537} INFO - Filling up the DagBag from /opt/airflow/dags/groups/group_transforms.py
[2023-09-09T05:36:28.951+0000] {processor.py:768} WARNING - No viable dags retrieved from /opt/airflow/dags/groups/group_transforms.py
[2023-09-09T05:36:28.964+0000] {processor.py:176} INFO - Processing /opt/airflow/dags/groups/group_transforms.py took 0.022 seconds
[2023-09-09T05:36:59.057+0000] {processor.py:154} INFO - Started process (PID=11369) to work on /opt/airflow/dags/groups/group_transforms.py
[2023-09-09T05:36:59.057+0000] {processor.py:756} INFO - Processing file /opt/airflow/dags/groups/group_transforms.py for tasks to queue
[2023-09-09T05:36:59.058+0000] {logging_mixin.py:120} INFO - [2023-09-09T05:36:59.058+0000] {dagbag.py:537} INFO - Filling up the DagBag from /opt/airflow/dags/groups/group_transforms.py
[2023-09-09T05:36:59.063+0000] {processor.py:768} WARNING - No viable dags retrieved from /opt/airflow/dags/groups/group_transforms.py
[2023-09-09T05:36:59.076+0000] {processor.py:176} INFO - Processing /opt/airflow/dags/groups/group_transforms.py took 0.022 seconds
[2023-09-09T05:37:29.252+0000] {processor.py:154} INFO - Started process (PID=11404) to work on /opt/airflow/dags/groups/group_transforms.py
[2023-09-09T05:37:29.253+0000] {processor.py:756} INFO - Processing file /opt/airflow/dags/groups/group_transforms.py for tasks to queue
[2023-09-09T05:37:29.253+0000] {logging_mixin.py:120} INFO - [2023-09-09T05:37:29.253+0000] {dagbag.py:537} INFO - Filling up the DagBag from /opt/airflow/dags/groups/group_transforms.py
[2023-09-09T05:37:29.258+0000] {processor.py:768} WARNING - No viable dags retrieved from /opt/airflow/dags/groups/group_transforms.py
[2023-09-09T05:37:29.271+0000] {processor.py:176} INFO - Processing /opt/airflow/dags/groups/group_transforms.py took 0.022 seconds
[2023-09-09T05:37:59.309+0000] {processor.py:154} INFO - Started process (PID=11440) to work on /opt/airflow/dags/groups/group_transforms.py
[2023-09-09T05:37:59.310+0000] {processor.py:756} INFO - Processing file /opt/airflow/dags/groups/group_transforms.py for tasks to queue
[2023-09-09T05:37:59.310+0000] {logging_mixin.py:120} INFO - [2023-09-09T05:37:59.310+0000] {dagbag.py:537} INFO - Filling up the DagBag from /opt/airflow/dags/groups/group_transforms.py
[2023-09-09T05:37:59.315+0000] {processor.py:768} WARNING - No viable dags retrieved from /opt/airflow/dags/groups/group_transforms.py
[2023-09-09T05:37:59.328+0000] {processor.py:176} INFO - Processing /opt/airflow/dags/groups/group_transforms.py took 0.022 seconds
[2023-09-09T05:38:29.526+0000] {processor.py:154} INFO - Started process (PID=11467) to work on /opt/airflow/dags/groups/group_transforms.py
[2023-09-09T05:38:29.528+0000] {processor.py:756} INFO - Processing file /opt/airflow/dags/groups/group_transforms.py for tasks to queue
[2023-09-09T05:38:29.529+0000] {logging_mixin.py:120} INFO - [2023-09-09T05:38:29.529+0000] {dagbag.py:537} INFO - Filling up the DagBag from /opt/airflow/dags/groups/group_transforms.py
[2023-09-09T05:38:29.533+0000] {processor.py:768} WARNING - No viable dags retrieved from /opt/airflow/dags/groups/group_transforms.py
[2023-09-09T05:38:29.546+0000] {processor.py:176} INFO - Processing /opt/airflow/dags/groups/group_transforms.py took 0.023 seconds
[2023-09-09T08:40:17.004+0000] {processor.py:154} INFO - Started process (PID=11495) to work on /opt/airflow/dags/groups/group_transforms.py
[2023-09-09T08:40:17.006+0000] {processor.py:756} INFO - Processing file /opt/airflow/dags/groups/group_transforms.py for tasks to queue
[2023-09-09T08:40:17.016+0000] {logging_mixin.py:120} INFO - [2023-09-09T08:40:17.016+0000] {dagbag.py:537} INFO - Filling up the DagBag from /opt/airflow/dags/groups/group_transforms.py
[2023-09-09T08:40:17.049+0000] {processor.py:768} WARNING - No viable dags retrieved from /opt/airflow/dags/groups/group_transforms.py
[2023-09-09T08:40:17.092+0000] {processor.py:176} INFO - Processing /opt/airflow/dags/groups/group_transforms.py took 0.106 seconds
[2023-09-09T08:40:47.387+0000] {processor.py:154} INFO - Started process (PID=11531) to work on /opt/airflow/dags/groups/group_transforms.py
[2023-09-09T08:40:47.388+0000] {processor.py:756} INFO - Processing file /opt/airflow/dags/groups/group_transforms.py for tasks to queue
[2023-09-09T08:40:47.389+0000] {logging_mixin.py:120} INFO - [2023-09-09T08:40:47.389+0000] {dagbag.py:537} INFO - Filling up the DagBag from /opt/airflow/dags/groups/group_transforms.py
[2023-09-09T08:40:47.393+0000] {processor.py:768} WARNING - No viable dags retrieved from /opt/airflow/dags/groups/group_transforms.py
[2023-09-09T08:40:47.407+0000] {processor.py:176} INFO - Processing /opt/airflow/dags/groups/group_transforms.py took 0.023 seconds
[2023-09-09T08:41:17.483+0000] {processor.py:154} INFO - Started process (PID=11567) to work on /opt/airflow/dags/groups/group_transforms.py
[2023-09-09T08:41:17.484+0000] {processor.py:756} INFO - Processing file /opt/airflow/dags/groups/group_transforms.py for tasks to queue
[2023-09-09T08:41:17.485+0000] {logging_mixin.py:120} INFO - [2023-09-09T08:41:17.485+0000] {dagbag.py:537} INFO - Filling up the DagBag from /opt/airflow/dags/groups/group_transforms.py
[2023-09-09T08:41:17.491+0000] {processor.py:768} WARNING - No viable dags retrieved from /opt/airflow/dags/groups/group_transforms.py
[2023-09-09T08:41:17.512+0000] {processor.py:176} INFO - Processing /opt/airflow/dags/groups/group_transforms.py took 0.033 seconds
[2023-09-09T08:41:47.653+0000] {processor.py:154} INFO - Started process (PID=11594) to work on /opt/airflow/dags/groups/group_transforms.py
[2023-09-09T08:41:47.655+0000] {processor.py:756} INFO - Processing file /opt/airflow/dags/groups/group_transforms.py for tasks to queue
[2023-09-09T08:41:47.655+0000] {logging_mixin.py:120} INFO - [2023-09-09T08:41:47.655+0000] {dagbag.py:537} INFO - Filling up the DagBag from /opt/airflow/dags/groups/group_transforms.py
[2023-09-09T08:41:47.659+0000] {processor.py:768} WARNING - No viable dags retrieved from /opt/airflow/dags/groups/group_transforms.py
[2023-09-09T08:41:47.673+0000] {processor.py:176} INFO - Processing /opt/airflow/dags/groups/group_transforms.py took 0.023 seconds
[2023-09-09T08:42:17.779+0000] {processor.py:154} INFO - Started process (PID=11630) to work on /opt/airflow/dags/groups/group_transforms.py
[2023-09-09T08:42:17.780+0000] {processor.py:756} INFO - Processing file /opt/airflow/dags/groups/group_transforms.py for tasks to queue
[2023-09-09T08:42:17.780+0000] {logging_mixin.py:120} INFO - [2023-09-09T08:42:17.780+0000] {dagbag.py:537} INFO - Filling up the DagBag from /opt/airflow/dags/groups/group_transforms.py
[2023-09-09T08:42:17.785+0000] {processor.py:768} WARNING - No viable dags retrieved from /opt/airflow/dags/groups/group_transforms.py
[2023-09-09T08:42:17.799+0000] {processor.py:176} INFO - Processing /opt/airflow/dags/groups/group_transforms.py took 0.023 seconds
[2023-09-09T08:42:47.988+0000] {processor.py:154} INFO - Started process (PID=11666) to work on /opt/airflow/dags/groups/group_transforms.py
[2023-09-09T08:42:47.989+0000] {processor.py:756} INFO - Processing file /opt/airflow/dags/groups/group_transforms.py for tasks to queue
[2023-09-09T08:42:47.989+0000] {logging_mixin.py:120} INFO - [2023-09-09T08:42:47.989+0000] {dagbag.py:537} INFO - Filling up the DagBag from /opt/airflow/dags/groups/group_transforms.py
[2023-09-09T08:42:47.994+0000] {processor.py:768} WARNING - No viable dags retrieved from /opt/airflow/dags/groups/group_transforms.py
[2023-09-09T08:42:48.009+0000] {processor.py:176} INFO - Processing /opt/airflow/dags/groups/group_transforms.py took 0.024 seconds
[2023-09-09T08:43:18.130+0000] {processor.py:154} INFO - Started process (PID=11693) to work on /opt/airflow/dags/groups/group_transforms.py
[2023-09-09T08:43:18.131+0000] {processor.py:756} INFO - Processing file /opt/airflow/dags/groups/group_transforms.py for tasks to queue
[2023-09-09T08:43:18.131+0000] {logging_mixin.py:120} INFO - [2023-09-09T08:43:18.131+0000] {dagbag.py:537} INFO - Filling up the DagBag from /opt/airflow/dags/groups/group_transforms.py
[2023-09-09T08:43:18.136+0000] {processor.py:768} WARNING - No viable dags retrieved from /opt/airflow/dags/groups/group_transforms.py
[2023-09-09T08:43:18.149+0000] {processor.py:176} INFO - Processing /opt/airflow/dags/groups/group_transforms.py took 0.022 seconds
[2023-09-09T08:43:48.265+0000] {processor.py:154} INFO - Started process (PID=11728) to work on /opt/airflow/dags/groups/group_transforms.py
[2023-09-09T08:43:48.266+0000] {processor.py:756} INFO - Processing file /opt/airflow/dags/groups/group_transforms.py for tasks to queue
[2023-09-09T08:43:48.266+0000] {logging_mixin.py:120} INFO - [2023-09-09T08:43:48.266+0000] {dagbag.py:537} INFO - Filling up the DagBag from /opt/airflow/dags/groups/group_transforms.py
[2023-09-09T08:43:48.271+0000] {processor.py:768} WARNING - No viable dags retrieved from /opt/airflow/dags/groups/group_transforms.py
[2023-09-09T08:43:48.286+0000] {processor.py:176} INFO - Processing /opt/airflow/dags/groups/group_transforms.py took 0.024 seconds
[2023-09-09T08:44:18.547+0000] {processor.py:154} INFO - Started process (PID=11764) to work on /opt/airflow/dags/groups/group_transforms.py
[2023-09-09T08:44:18.548+0000] {processor.py:756} INFO - Processing file /opt/airflow/dags/groups/group_transforms.py for tasks to queue
[2023-09-09T08:44:18.549+0000] {logging_mixin.py:120} INFO - [2023-09-09T08:44:18.549+0000] {dagbag.py:537} INFO - Filling up the DagBag from /opt/airflow/dags/groups/group_transforms.py
[2023-09-09T08:44:18.554+0000] {processor.py:768} WARNING - No viable dags retrieved from /opt/airflow/dags/groups/group_transforms.py
[2023-09-09T08:44:18.572+0000] {processor.py:176} INFO - Processing /opt/airflow/dags/groups/group_transforms.py took 0.029 seconds
[2023-09-09T08:44:48.816+0000] {processor.py:154} INFO - Started process (PID=11791) to work on /opt/airflow/dags/groups/group_transforms.py
[2023-09-09T08:44:48.818+0000] {processor.py:756} INFO - Processing file /opt/airflow/dags/groups/group_transforms.py for tasks to queue
[2023-09-09T08:44:48.819+0000] {logging_mixin.py:120} INFO - [2023-09-09T08:44:48.819+0000] {dagbag.py:537} INFO - Filling up the DagBag from /opt/airflow/dags/groups/group_transforms.py
[2023-09-09T08:44:48.822+0000] {processor.py:768} WARNING - No viable dags retrieved from /opt/airflow/dags/groups/group_transforms.py
[2023-09-09T08:44:48.836+0000] {processor.py:176} INFO - Processing /opt/airflow/dags/groups/group_transforms.py took 0.023 seconds
[2023-09-09T08:45:19.114+0000] {processor.py:154} INFO - Started process (PID=11827) to work on /opt/airflow/dags/groups/group_transforms.py
[2023-09-09T08:45:19.115+0000] {processor.py:756} INFO - Processing file /opt/airflow/dags/groups/group_transforms.py for tasks to queue
[2023-09-09T08:45:19.116+0000] {logging_mixin.py:120} INFO - [2023-09-09T08:45:19.116+0000] {dagbag.py:537} INFO - Filling up the DagBag from /opt/airflow/dags/groups/group_transforms.py
[2023-09-09T08:45:19.120+0000] {processor.py:768} WARNING - No viable dags retrieved from /opt/airflow/dags/groups/group_transforms.py
[2023-09-09T08:45:19.133+0000] {processor.py:176} INFO - Processing /opt/airflow/dags/groups/group_transforms.py took 0.022 seconds
[2023-09-09T08:45:49.464+0000] {processor.py:154} INFO - Started process (PID=11863) to work on /opt/airflow/dags/groups/group_transforms.py
[2023-09-09T08:45:49.464+0000] {processor.py:756} INFO - Processing file /opt/airflow/dags/groups/group_transforms.py for tasks to queue
[2023-09-09T08:45:49.465+0000] {logging_mixin.py:120} INFO - [2023-09-09T08:45:49.465+0000] {dagbag.py:537} INFO - Filling up the DagBag from /opt/airflow/dags/groups/group_transforms.py
[2023-09-09T08:45:49.470+0000] {processor.py:768} WARNING - No viable dags retrieved from /opt/airflow/dags/groups/group_transforms.py
[2023-09-09T08:45:49.483+0000] {processor.py:176} INFO - Processing /opt/airflow/dags/groups/group_transforms.py took 0.022 seconds
[2023-09-09T08:46:19.717+0000] {processor.py:154} INFO - Started process (PID=11890) to work on /opt/airflow/dags/groups/group_transforms.py
[2023-09-09T08:46:19.718+0000] {processor.py:756} INFO - Processing file /opt/airflow/dags/groups/group_transforms.py for tasks to queue
[2023-09-09T08:46:19.719+0000] {logging_mixin.py:120} INFO - [2023-09-09T08:46:19.719+0000] {dagbag.py:537} INFO - Filling up the DagBag from /opt/airflow/dags/groups/group_transforms.py
[2023-09-09T08:46:19.723+0000] {processor.py:768} WARNING - No viable dags retrieved from /opt/airflow/dags/groups/group_transforms.py
[2023-09-09T08:46:19.737+0000] {processor.py:176} INFO - Processing /opt/airflow/dags/groups/group_transforms.py took 0.023 seconds
[2023-09-09T08:46:49.953+0000] {processor.py:154} INFO - Started process (PID=11926) to work on /opt/airflow/dags/groups/group_transforms.py
[2023-09-09T08:46:49.955+0000] {processor.py:756} INFO - Processing file /opt/airflow/dags/groups/group_transforms.py for tasks to queue
[2023-09-09T08:46:49.956+0000] {logging_mixin.py:120} INFO - [2023-09-09T08:46:49.956+0000] {dagbag.py:537} INFO - Filling up the DagBag from /opt/airflow/dags/groups/group_transforms.py
[2023-09-09T08:46:49.960+0000] {processor.py:768} WARNING - No viable dags retrieved from /opt/airflow/dags/groups/group_transforms.py
[2023-09-09T08:46:49.973+0000] {processor.py:176} INFO - Processing /opt/airflow/dags/groups/group_transforms.py took 0.023 seconds
[2023-09-09T08:47:20.104+0000] {processor.py:154} INFO - Started process (PID=11962) to work on /opt/airflow/dags/groups/group_transforms.py
[2023-09-09T08:47:20.104+0000] {processor.py:756} INFO - Processing file /opt/airflow/dags/groups/group_transforms.py for tasks to queue
[2023-09-09T08:47:20.105+0000] {logging_mixin.py:120} INFO - [2023-09-09T08:47:20.105+0000] {dagbag.py:537} INFO - Filling up the DagBag from /opt/airflow/dags/groups/group_transforms.py
[2023-09-09T08:47:20.109+0000] {processor.py:768} WARNING - No viable dags retrieved from /opt/airflow/dags/groups/group_transforms.py
[2023-09-09T08:47:20.122+0000] {processor.py:176} INFO - Processing /opt/airflow/dags/groups/group_transforms.py took 0.022 seconds
[2023-09-09T08:47:50.454+0000] {processor.py:154} INFO - Started process (PID=11990) to work on /opt/airflow/dags/groups/group_transforms.py
[2023-09-09T08:47:50.455+0000] {processor.py:756} INFO - Processing file /opt/airflow/dags/groups/group_transforms.py for tasks to queue
[2023-09-09T08:47:50.456+0000] {logging_mixin.py:120} INFO - [2023-09-09T08:47:50.456+0000] {dagbag.py:537} INFO - Filling up the DagBag from /opt/airflow/dags/groups/group_transforms.py
[2023-09-09T08:47:50.460+0000] {processor.py:768} WARNING - No viable dags retrieved from /opt/airflow/dags/groups/group_transforms.py
[2023-09-09T08:47:50.474+0000] {processor.py:176} INFO - Processing /opt/airflow/dags/groups/group_transforms.py took 0.024 seconds
[2023-09-09T08:48:20.690+0000] {processor.py:154} INFO - Started process (PID=12026) to work on /opt/airflow/dags/groups/group_transforms.py
[2023-09-09T08:48:20.690+0000] {processor.py:756} INFO - Processing file /opt/airflow/dags/groups/group_transforms.py for tasks to queue
[2023-09-09T08:48:20.691+0000] {logging_mixin.py:120} INFO - [2023-09-09T08:48:20.691+0000] {dagbag.py:537} INFO - Filling up the DagBag from /opt/airflow/dags/groups/group_transforms.py
[2023-09-09T08:48:20.696+0000] {processor.py:768} WARNING - No viable dags retrieved from /opt/airflow/dags/groups/group_transforms.py
[2023-09-09T08:48:20.709+0000] {processor.py:176} INFO - Processing /opt/airflow/dags/groups/group_transforms.py took 0.022 seconds
[2023-09-09T08:48:50.927+0000] {processor.py:154} INFO - Started process (PID=12062) to work on /opt/airflow/dags/groups/group_transforms.py
[2023-09-09T08:48:50.928+0000] {processor.py:756} INFO - Processing file /opt/airflow/dags/groups/group_transforms.py for tasks to queue
[2023-09-09T08:48:50.929+0000] {logging_mixin.py:120} INFO - [2023-09-09T08:48:50.928+0000] {dagbag.py:537} INFO - Filling up the DagBag from /opt/airflow/dags/groups/group_transforms.py
[2023-09-09T08:48:50.933+0000] {processor.py:768} WARNING - No viable dags retrieved from /opt/airflow/dags/groups/group_transforms.py
[2023-09-09T08:48:50.947+0000] {processor.py:176} INFO - Processing /opt/airflow/dags/groups/group_transforms.py took 0.022 seconds
[2023-09-09T08:49:21.211+0000] {processor.py:154} INFO - Started process (PID=12089) to work on /opt/airflow/dags/groups/group_transforms.py
[2023-09-09T08:49:21.211+0000] {processor.py:756} INFO - Processing file /opt/airflow/dags/groups/group_transforms.py for tasks to queue
[2023-09-09T08:49:21.212+0000] {logging_mixin.py:120} INFO - [2023-09-09T08:49:21.212+0000] {dagbag.py:537} INFO - Filling up the DagBag from /opt/airflow/dags/groups/group_transforms.py
[2023-09-09T08:49:21.217+0000] {processor.py:768} WARNING - No viable dags retrieved from /opt/airflow/dags/groups/group_transforms.py
[2023-09-09T08:49:21.232+0000] {processor.py:176} INFO - Processing /opt/airflow/dags/groups/group_transforms.py took 0.024 seconds
[2023-09-09T08:49:51.482+0000] {processor.py:154} INFO - Started process (PID=12125) to work on /opt/airflow/dags/groups/group_transforms.py
[2023-09-09T08:49:51.484+0000] {processor.py:756} INFO - Processing file /opt/airflow/dags/groups/group_transforms.py for tasks to queue
[2023-09-09T08:49:51.485+0000] {logging_mixin.py:120} INFO - [2023-09-09T08:49:51.485+0000] {dagbag.py:537} INFO - Filling up the DagBag from /opt/airflow/dags/groups/group_transforms.py
[2023-09-09T08:49:51.489+0000] {processor.py:768} WARNING - No viable dags retrieved from /opt/airflow/dags/groups/group_transforms.py
[2023-09-09T08:49:51.503+0000] {processor.py:176} INFO - Processing /opt/airflow/dags/groups/group_transforms.py took 0.023 seconds
[2023-09-09T08:50:21.834+0000] {processor.py:154} INFO - Started process (PID=12161) to work on /opt/airflow/dags/groups/group_transforms.py
[2023-09-09T08:50:21.835+0000] {processor.py:756} INFO - Processing file /opt/airflow/dags/groups/group_transforms.py for tasks to queue
[2023-09-09T08:50:21.836+0000] {logging_mixin.py:120} INFO - [2023-09-09T08:50:21.836+0000] {dagbag.py:537} INFO - Filling up the DagBag from /opt/airflow/dags/groups/group_transforms.py
[2023-09-09T08:50:21.845+0000] {processor.py:768} WARNING - No viable dags retrieved from /opt/airflow/dags/groups/group_transforms.py
[2023-09-09T08:50:21.858+0000] {processor.py:176} INFO - Processing /opt/airflow/dags/groups/group_transforms.py took 0.027 seconds
[2023-09-09T08:50:52.136+0000] {processor.py:154} INFO - Started process (PID=12188) to work on /opt/airflow/dags/groups/group_transforms.py
[2023-09-09T08:50:52.137+0000] {processor.py:756} INFO - Processing file /opt/airflow/dags/groups/group_transforms.py for tasks to queue
[2023-09-09T08:50:52.138+0000] {logging_mixin.py:120} INFO - [2023-09-09T08:50:52.138+0000] {dagbag.py:537} INFO - Filling up the DagBag from /opt/airflow/dags/groups/group_transforms.py
[2023-09-09T08:50:52.143+0000] {processor.py:768} WARNING - No viable dags retrieved from /opt/airflow/dags/groups/group_transforms.py
[2023-09-09T08:50:52.158+0000] {processor.py:176} INFO - Processing /opt/airflow/dags/groups/group_transforms.py took 0.025 seconds
[2023-09-09T08:51:22.808+0000] {processor.py:154} INFO - Started process (PID=12224) to work on /opt/airflow/dags/groups/group_transforms.py
[2023-09-09T08:51:22.808+0000] {processor.py:756} INFO - Processing file /opt/airflow/dags/groups/group_transforms.py for tasks to queue
[2023-09-09T08:51:22.809+0000] {logging_mixin.py:120} INFO - [2023-09-09T08:51:22.809+0000] {dagbag.py:537} INFO - Filling up the DagBag from /opt/airflow/dags/groups/group_transforms.py
[2023-09-09T08:51:22.816+0000] {processor.py:768} WARNING - No viable dags retrieved from /opt/airflow/dags/groups/group_transforms.py
[2023-09-09T08:51:22.834+0000] {processor.py:176} INFO - Processing /opt/airflow/dags/groups/group_transforms.py took 0.030 seconds
[2023-09-09T08:51:53.299+0000] {processor.py:154} INFO - Started process (PID=12260) to work on /opt/airflow/dags/groups/group_transforms.py
[2023-09-09T08:51:53.301+0000] {processor.py:756} INFO - Processing file /opt/airflow/dags/groups/group_transforms.py for tasks to queue
[2023-09-09T08:51:53.301+0000] {logging_mixin.py:120} INFO - [2023-09-09T08:51:53.301+0000] {dagbag.py:537} INFO - Filling up the DagBag from /opt/airflow/dags/groups/group_transforms.py
[2023-09-09T08:51:53.308+0000] {processor.py:768} WARNING - No viable dags retrieved from /opt/airflow/dags/groups/group_transforms.py
[2023-09-09T08:51:53.325+0000] {processor.py:176} INFO - Processing /opt/airflow/dags/groups/group_transforms.py took 0.029 seconds
[2023-09-09T08:52:23.807+0000] {processor.py:154} INFO - Started process (PID=12287) to work on /opt/airflow/dags/groups/group_transforms.py
[2023-09-09T08:52:23.808+0000] {processor.py:756} INFO - Processing file /opt/airflow/dags/groups/group_transforms.py for tasks to queue
[2023-09-09T08:52:23.809+0000] {logging_mixin.py:120} INFO - [2023-09-09T08:52:23.809+0000] {dagbag.py:537} INFO - Filling up the DagBag from /opt/airflow/dags/groups/group_transforms.py
[2023-09-09T08:52:23.815+0000] {processor.py:768} WARNING - No viable dags retrieved from /opt/airflow/dags/groups/group_transforms.py
[2023-09-09T08:52:23.832+0000] {processor.py:176} INFO - Processing /opt/airflow/dags/groups/group_transforms.py took 0.031 seconds
[2023-09-09T08:52:54.208+0000] {processor.py:154} INFO - Started process (PID=12323) to work on /opt/airflow/dags/groups/group_transforms.py
[2023-09-09T08:52:54.210+0000] {processor.py:756} INFO - Processing file /opt/airflow/dags/groups/group_transforms.py for tasks to queue
[2023-09-09T08:52:54.212+0000] {logging_mixin.py:120} INFO - [2023-09-09T08:52:54.211+0000] {dagbag.py:537} INFO - Filling up the DagBag from /opt/airflow/dags/groups/group_transforms.py
[2023-09-09T08:52:54.224+0000] {processor.py:768} WARNING - No viable dags retrieved from /opt/airflow/dags/groups/group_transforms.py
[2023-09-09T08:52:54.245+0000] {processor.py:176} INFO - Processing /opt/airflow/dags/groups/group_transforms.py took 0.045 seconds
[2023-09-09T08:53:24.859+0000] {processor.py:154} INFO - Started process (PID=12359) to work on /opt/airflow/dags/groups/group_transforms.py
[2023-09-09T08:53:24.860+0000] {processor.py:756} INFO - Processing file /opt/airflow/dags/groups/group_transforms.py for tasks to queue
[2023-09-09T08:53:24.861+0000] {logging_mixin.py:120} INFO - [2023-09-09T08:53:24.861+0000] {dagbag.py:537} INFO - Filling up the DagBag from /opt/airflow/dags/groups/group_transforms.py
[2023-09-09T08:53:24.868+0000] {processor.py:768} WARNING - No viable dags retrieved from /opt/airflow/dags/groups/group_transforms.py
[2023-09-09T08:53:24.886+0000] {processor.py:176} INFO - Processing /opt/airflow/dags/groups/group_transforms.py took 0.033 seconds
[2023-09-09T08:53:55.753+0000] {processor.py:154} INFO - Started process (PID=12386) to work on /opt/airflow/dags/groups/group_transforms.py
[2023-09-09T08:53:55.755+0000] {processor.py:756} INFO - Processing file /opt/airflow/dags/groups/group_transforms.py for tasks to queue
[2023-09-09T08:53:55.756+0000] {logging_mixin.py:120} INFO - [2023-09-09T08:53:55.756+0000] {dagbag.py:537} INFO - Filling up the DagBag from /opt/airflow/dags/groups/group_transforms.py
[2023-09-09T08:53:55.765+0000] {processor.py:768} WARNING - No viable dags retrieved from /opt/airflow/dags/groups/group_transforms.py
[2023-09-09T08:53:55.782+0000] {processor.py:176} INFO - Processing /opt/airflow/dags/groups/group_transforms.py took 0.035 seconds
[2023-09-09T08:54:26.109+0000] {processor.py:154} INFO - Started process (PID=12422) to work on /opt/airflow/dags/groups/group_transforms.py
[2023-09-09T08:54:26.111+0000] {processor.py:756} INFO - Processing file /opt/airflow/dags/groups/group_transforms.py for tasks to queue
[2023-09-09T08:54:26.112+0000] {logging_mixin.py:120} INFO - [2023-09-09T08:54:26.112+0000] {dagbag.py:537} INFO - Filling up the DagBag from /opt/airflow/dags/groups/group_transforms.py
[2023-09-09T08:54:26.122+0000] {processor.py:768} WARNING - No viable dags retrieved from /opt/airflow/dags/groups/group_transforms.py
[2023-09-09T08:54:26.141+0000] {processor.py:176} INFO - Processing /opt/airflow/dags/groups/group_transforms.py took 0.041 seconds
[2023-09-09T08:54:56.872+0000] {processor.py:154} INFO - Started process (PID=12458) to work on /opt/airflow/dags/groups/group_transforms.py
[2023-09-09T08:54:56.873+0000] {processor.py:756} INFO - Processing file /opt/airflow/dags/groups/group_transforms.py for tasks to queue
[2023-09-09T08:54:56.874+0000] {logging_mixin.py:120} INFO - [2023-09-09T08:54:56.874+0000] {dagbag.py:537} INFO - Filling up the DagBag from /opt/airflow/dags/groups/group_transforms.py
[2023-09-09T08:54:56.879+0000] {processor.py:768} WARNING - No viable dags retrieved from /opt/airflow/dags/groups/group_transforms.py
[2023-09-09T08:54:56.894+0000] {processor.py:176} INFO - Processing /opt/airflow/dags/groups/group_transforms.py took 0.025 seconds
[2023-09-09T08:55:27.486+0000] {processor.py:154} INFO - Started process (PID=12485) to work on /opt/airflow/dags/groups/group_transforms.py
[2023-09-09T08:55:27.487+0000] {processor.py:756} INFO - Processing file /opt/airflow/dags/groups/group_transforms.py for tasks to queue
[2023-09-09T08:55:27.488+0000] {logging_mixin.py:120} INFO - [2023-09-09T08:55:27.488+0000] {dagbag.py:537} INFO - Filling up the DagBag from /opt/airflow/dags/groups/group_transforms.py
[2023-09-09T08:55:27.495+0000] {processor.py:768} WARNING - No viable dags retrieved from /opt/airflow/dags/groups/group_transforms.py
[2023-09-09T08:55:27.594+0000] {processor.py:176} INFO - Processing /opt/airflow/dags/groups/group_transforms.py took 0.111 seconds
[2023-09-09T08:55:58.341+0000] {processor.py:154} INFO - Started process (PID=12521) to work on /opt/airflow/dags/groups/group_transforms.py
[2023-09-09T08:55:58.342+0000] {processor.py:756} INFO - Processing file /opt/airflow/dags/groups/group_transforms.py for tasks to queue
[2023-09-09T08:55:58.343+0000] {logging_mixin.py:120} INFO - [2023-09-09T08:55:58.342+0000] {dagbag.py:537} INFO - Filling up the DagBag from /opt/airflow/dags/groups/group_transforms.py
[2023-09-09T08:55:58.349+0000] {processor.py:768} WARNING - No viable dags retrieved from /opt/airflow/dags/groups/group_transforms.py
[2023-09-09T08:55:58.364+0000] {processor.py:176} INFO - Processing /opt/airflow/dags/groups/group_transforms.py took 0.027 seconds
[2023-09-09T08:56:29.028+0000] {processor.py:154} INFO - Started process (PID=12555) to work on /opt/airflow/dags/groups/group_transforms.py
[2023-09-09T08:56:29.029+0000] {processor.py:756} INFO - Processing file /opt/airflow/dags/groups/group_transforms.py for tasks to queue
[2023-09-09T08:56:29.030+0000] {logging_mixin.py:120} INFO - [2023-09-09T08:56:29.030+0000] {dagbag.py:537} INFO - Filling up the DagBag from /opt/airflow/dags/groups/group_transforms.py
[2023-09-09T08:56:29.036+0000] {processor.py:768} WARNING - No viable dags retrieved from /opt/airflow/dags/groups/group_transforms.py
[2023-09-09T08:56:29.053+0000] {processor.py:176} INFO - Processing /opt/airflow/dags/groups/group_transforms.py took 0.029 seconds
[2023-09-09T08:56:59.624+0000] {processor.py:154} INFO - Started process (PID=12591) to work on /opt/airflow/dags/groups/group_transforms.py
[2023-09-09T08:56:59.625+0000] {processor.py:756} INFO - Processing file /opt/airflow/dags/groups/group_transforms.py for tasks to queue
[2023-09-09T08:56:59.626+0000] {logging_mixin.py:120} INFO - [2023-09-09T08:56:59.626+0000] {dagbag.py:537} INFO - Filling up the DagBag from /opt/airflow/dags/groups/group_transforms.py
[2023-09-09T08:56:59.631+0000] {processor.py:768} WARNING - No viable dags retrieved from /opt/airflow/dags/groups/group_transforms.py
[2023-09-09T08:56:59.645+0000] {processor.py:176} INFO - Processing /opt/airflow/dags/groups/group_transforms.py took 0.024 seconds
