[2023-09-09T02:03:27.760+0000] {processor.py:154} INFO - Started process (PID=9268) to work on /opt/airflow/dags/groups/group_downloads.py
[2023-09-09T02:03:27.776+0000] {processor.py:756} INFO - Processing file /opt/airflow/dags/groups/group_downloads.py for tasks to queue
[2023-09-09T02:03:27.778+0000] {logging_mixin.py:120} INFO - [2023-09-09T02:03:27.778+0000] {dagbag.py:537} INFO - Filling up the DagBag from /opt/airflow/dags/groups/group_downloads.py
[2023-09-09T02:03:27.811+0000] {processor.py:768} WARNING - No viable dags retrieved from /opt/airflow/dags/groups/group_downloads.py
[2023-09-09T02:03:27.884+0000] {processor.py:176} INFO - Processing /opt/airflow/dags/groups/group_downloads.py took 0.150 seconds
[2023-09-09T02:03:58.673+0000] {processor.py:154} INFO - Started process (PID=9297) to work on /opt/airflow/dags/groups/group_downloads.py
[2023-09-09T02:03:58.674+0000] {processor.py:756} INFO - Processing file /opt/airflow/dags/groups/group_downloads.py for tasks to queue
[2023-09-09T02:03:58.674+0000] {logging_mixin.py:120} INFO - [2023-09-09T02:03:58.674+0000] {dagbag.py:537} INFO - Filling up the DagBag from /opt/airflow/dags/groups/group_downloads.py
[2023-09-09T02:03:58.679+0000] {processor.py:768} WARNING - No viable dags retrieved from /opt/airflow/dags/groups/group_downloads.py
[2023-09-09T02:03:58.693+0000] {processor.py:176} INFO - Processing /opt/airflow/dags/groups/group_downloads.py took 0.022 seconds
[2023-09-09T02:04:28.791+0000] {processor.py:154} INFO - Started process (PID=9332) to work on /opt/airflow/dags/groups/group_downloads.py
[2023-09-09T02:04:28.793+0000] {processor.py:756} INFO - Processing file /opt/airflow/dags/groups/group_downloads.py for tasks to queue
[2023-09-09T02:04:28.794+0000] {logging_mixin.py:120} INFO - [2023-09-09T02:04:28.793+0000] {dagbag.py:537} INFO - Filling up the DagBag from /opt/airflow/dags/groups/group_downloads.py
[2023-09-09T02:04:28.801+0000] {processor.py:768} WARNING - No viable dags retrieved from /opt/airflow/dags/groups/group_downloads.py
[2023-09-09T02:04:28.826+0000] {processor.py:176} INFO - Processing /opt/airflow/dags/groups/group_downloads.py took 0.041 seconds
[2023-09-09T02:04:59.206+0000] {processor.py:154} INFO - Started process (PID=9360) to work on /opt/airflow/dags/groups/group_downloads.py
[2023-09-09T02:04:59.206+0000] {processor.py:756} INFO - Processing file /opt/airflow/dags/groups/group_downloads.py for tasks to queue
[2023-09-09T02:04:59.207+0000] {logging_mixin.py:120} INFO - [2023-09-09T02:04:59.207+0000] {dagbag.py:537} INFO - Filling up the DagBag from /opt/airflow/dags/groups/group_downloads.py
[2023-09-09T02:04:59.213+0000] {processor.py:768} WARNING - No viable dags retrieved from /opt/airflow/dags/groups/group_downloads.py
[2023-09-09T02:04:59.229+0000] {processor.py:176} INFO - Processing /opt/airflow/dags/groups/group_downloads.py took 0.028 seconds
[2023-09-09T02:05:29.398+0000] {processor.py:154} INFO - Started process (PID=9396) to work on /opt/airflow/dags/groups/group_downloads.py
[2023-09-09T02:05:29.399+0000] {processor.py:756} INFO - Processing file /opt/airflow/dags/groups/group_downloads.py for tasks to queue
[2023-09-09T02:05:29.400+0000] {logging_mixin.py:120} INFO - [2023-09-09T02:05:29.400+0000] {dagbag.py:537} INFO - Filling up the DagBag from /opt/airflow/dags/groups/group_downloads.py
[2023-09-09T02:05:29.405+0000] {processor.py:768} WARNING - No viable dags retrieved from /opt/airflow/dags/groups/group_downloads.py
[2023-09-09T02:05:29.419+0000] {processor.py:176} INFO - Processing /opt/airflow/dags/groups/group_downloads.py took 0.024 seconds
[2023-09-09T02:05:59.707+0000] {processor.py:154} INFO - Started process (PID=9432) to work on /opt/airflow/dags/groups/group_downloads.py
[2023-09-09T02:05:59.708+0000] {processor.py:756} INFO - Processing file /opt/airflow/dags/groups/group_downloads.py for tasks to queue
[2023-09-09T02:05:59.709+0000] {logging_mixin.py:120} INFO - [2023-09-09T02:05:59.709+0000] {dagbag.py:537} INFO - Filling up the DagBag from /opt/airflow/dags/groups/group_downloads.py
[2023-09-09T02:05:59.714+0000] {processor.py:768} WARNING - No viable dags retrieved from /opt/airflow/dags/groups/group_downloads.py
[2023-09-09T02:05:59.727+0000] {processor.py:176} INFO - Processing /opt/airflow/dags/groups/group_downloads.py took 0.024 seconds
[2023-09-09T02:06:29.857+0000] {processor.py:154} INFO - Started process (PID=9459) to work on /opt/airflow/dags/groups/group_downloads.py
[2023-09-09T02:06:29.859+0000] {processor.py:756} INFO - Processing file /opt/airflow/dags/groups/group_downloads.py for tasks to queue
[2023-09-09T02:06:29.860+0000] {logging_mixin.py:120} INFO - [2023-09-09T02:06:29.860+0000] {dagbag.py:537} INFO - Filling up the DagBag from /opt/airflow/dags/groups/group_downloads.py
[2023-09-09T02:06:29.864+0000] {processor.py:768} WARNING - No viable dags retrieved from /opt/airflow/dags/groups/group_downloads.py
[2023-09-09T02:06:29.877+0000] {processor.py:176} INFO - Processing /opt/airflow/dags/groups/group_downloads.py took 0.023 seconds
[2023-09-09T02:07:00.024+0000] {processor.py:154} INFO - Started process (PID=9495) to work on /opt/airflow/dags/groups/group_downloads.py
[2023-09-09T02:07:00.024+0000] {processor.py:756} INFO - Processing file /opt/airflow/dags/groups/group_downloads.py for tasks to queue
[2023-09-09T02:07:00.025+0000] {logging_mixin.py:120} INFO - [2023-09-09T02:07:00.025+0000] {dagbag.py:537} INFO - Filling up the DagBag from /opt/airflow/dags/groups/group_downloads.py
[2023-09-09T02:07:00.033+0000] {processor.py:768} WARNING - No viable dags retrieved from /opt/airflow/dags/groups/group_downloads.py
[2023-09-09T02:07:00.048+0000] {processor.py:176} INFO - Processing /opt/airflow/dags/groups/group_downloads.py took 0.028 seconds
[2023-09-09T02:07:30.264+0000] {processor.py:154} INFO - Started process (PID=9531) to work on /opt/airflow/dags/groups/group_downloads.py
[2023-09-09T02:07:30.267+0000] {processor.py:756} INFO - Processing file /opt/airflow/dags/groups/group_downloads.py for tasks to queue
[2023-09-09T02:07:30.267+0000] {logging_mixin.py:120} INFO - [2023-09-09T02:07:30.267+0000] {dagbag.py:537} INFO - Filling up the DagBag from /opt/airflow/dags/groups/group_downloads.py
[2023-09-09T02:07:30.272+0000] {processor.py:768} WARNING - No viable dags retrieved from /opt/airflow/dags/groups/group_downloads.py
[2023-09-09T02:07:30.285+0000] {processor.py:176} INFO - Processing /opt/airflow/dags/groups/group_downloads.py took 0.024 seconds
[2023-09-09T02:08:00.560+0000] {processor.py:154} INFO - Started process (PID=9558) to work on /opt/airflow/dags/groups/group_downloads.py
[2023-09-09T02:08:00.560+0000] {processor.py:756} INFO - Processing file /opt/airflow/dags/groups/group_downloads.py for tasks to queue
[2023-09-09T02:08:00.561+0000] {logging_mixin.py:120} INFO - [2023-09-09T02:08:00.561+0000] {dagbag.py:537} INFO - Filling up the DagBag from /opt/airflow/dags/groups/group_downloads.py
[2023-09-09T02:08:00.565+0000] {processor.py:768} WARNING - No viable dags retrieved from /opt/airflow/dags/groups/group_downloads.py
[2023-09-09T02:08:00.578+0000] {processor.py:176} INFO - Processing /opt/airflow/dags/groups/group_downloads.py took 0.022 seconds
[2023-09-09T02:08:30.772+0000] {processor.py:154} INFO - Started process (PID=9594) to work on /opt/airflow/dags/groups/group_downloads.py
[2023-09-09T02:08:30.773+0000] {processor.py:756} INFO - Processing file /opt/airflow/dags/groups/group_downloads.py for tasks to queue
[2023-09-09T02:08:30.774+0000] {logging_mixin.py:120} INFO - [2023-09-09T02:08:30.774+0000] {dagbag.py:537} INFO - Filling up the DagBag from /opt/airflow/dags/groups/group_downloads.py
[2023-09-09T02:08:30.781+0000] {processor.py:768} WARNING - No viable dags retrieved from /opt/airflow/dags/groups/group_downloads.py
[2023-09-09T02:08:30.795+0000] {processor.py:176} INFO - Processing /opt/airflow/dags/groups/group_downloads.py took 0.029 seconds
[2023-09-09T02:09:01.017+0000] {processor.py:154} INFO - Started process (PID=9630) to work on /opt/airflow/dags/groups/group_downloads.py
[2023-09-09T02:09:01.018+0000] {processor.py:756} INFO - Processing file /opt/airflow/dags/groups/group_downloads.py for tasks to queue
[2023-09-09T02:09:01.018+0000] {logging_mixin.py:120} INFO - [2023-09-09T02:09:01.018+0000] {dagbag.py:537} INFO - Filling up the DagBag from /opt/airflow/dags/groups/group_downloads.py
[2023-09-09T02:09:01.023+0000] {processor.py:768} WARNING - No viable dags retrieved from /opt/airflow/dags/groups/group_downloads.py
[2023-09-09T02:09:01.036+0000] {processor.py:176} INFO - Processing /opt/airflow/dags/groups/group_downloads.py took 0.023 seconds
[2023-09-09T02:09:31.174+0000] {processor.py:154} INFO - Started process (PID=9657) to work on /opt/airflow/dags/groups/group_downloads.py
[2023-09-09T02:09:31.175+0000] {processor.py:756} INFO - Processing file /opt/airflow/dags/groups/group_downloads.py for tasks to queue
[2023-09-09T02:09:31.176+0000] {logging_mixin.py:120} INFO - [2023-09-09T02:09:31.175+0000] {dagbag.py:537} INFO - Filling up the DagBag from /opt/airflow/dags/groups/group_downloads.py
[2023-09-09T02:09:31.180+0000] {processor.py:768} WARNING - No viable dags retrieved from /opt/airflow/dags/groups/group_downloads.py
[2023-09-09T02:09:31.231+0000] {processor.py:176} INFO - Processing /opt/airflow/dags/groups/group_downloads.py took 0.060 seconds
[2023-09-09T02:10:01.404+0000] {processor.py:154} INFO - Started process (PID=9693) to work on /opt/airflow/dags/groups/group_downloads.py
[2023-09-09T02:10:01.404+0000] {processor.py:756} INFO - Processing file /opt/airflow/dags/groups/group_downloads.py for tasks to queue
[2023-09-09T02:10:01.405+0000] {logging_mixin.py:120} INFO - [2023-09-09T02:10:01.405+0000] {dagbag.py:537} INFO - Filling up the DagBag from /opt/airflow/dags/groups/group_downloads.py
[2023-09-09T02:10:01.410+0000] {processor.py:768} WARNING - No viable dags retrieved from /opt/airflow/dags/groups/group_downloads.py
[2023-09-09T02:10:01.423+0000] {processor.py:176} INFO - Processing /opt/airflow/dags/groups/group_downloads.py took 0.022 seconds
[2023-09-09T02:10:31.687+0000] {processor.py:154} INFO - Started process (PID=9729) to work on /opt/airflow/dags/groups/group_downloads.py
[2023-09-09T02:10:31.690+0000] {processor.py:756} INFO - Processing file /opt/airflow/dags/groups/group_downloads.py for tasks to queue
[2023-09-09T02:10:31.691+0000] {logging_mixin.py:120} INFO - [2023-09-09T02:10:31.691+0000] {dagbag.py:537} INFO - Filling up the DagBag from /opt/airflow/dags/groups/group_downloads.py
[2023-09-09T02:10:31.695+0000] {processor.py:768} WARNING - No viable dags retrieved from /opt/airflow/dags/groups/group_downloads.py
[2023-09-09T02:10:31.709+0000] {processor.py:176} INFO - Processing /opt/airflow/dags/groups/group_downloads.py took 0.024 seconds
[2023-09-09T02:11:01.947+0000] {processor.py:154} INFO - Started process (PID=9756) to work on /opt/airflow/dags/groups/group_downloads.py
[2023-09-09T02:11:01.947+0000] {processor.py:756} INFO - Processing file /opt/airflow/dags/groups/group_downloads.py for tasks to queue
[2023-09-09T02:11:01.948+0000] {logging_mixin.py:120} INFO - [2023-09-09T02:11:01.948+0000] {dagbag.py:537} INFO - Filling up the DagBag from /opt/airflow/dags/groups/group_downloads.py
[2023-09-09T02:11:01.957+0000] {processor.py:768} WARNING - No viable dags retrieved from /opt/airflow/dags/groups/group_downloads.py
[2023-09-09T02:11:01.977+0000] {processor.py:176} INFO - Processing /opt/airflow/dags/groups/group_downloads.py took 0.033 seconds
[2023-09-09T02:11:32.221+0000] {processor.py:154} INFO - Started process (PID=9792) to work on /opt/airflow/dags/groups/group_downloads.py
[2023-09-09T02:11:32.223+0000] {processor.py:756} INFO - Processing file /opt/airflow/dags/groups/group_downloads.py for tasks to queue
[2023-09-09T02:11:32.224+0000] {logging_mixin.py:120} INFO - [2023-09-09T02:11:32.224+0000] {dagbag.py:537} INFO - Filling up the DagBag from /opt/airflow/dags/groups/group_downloads.py
[2023-09-09T02:11:32.228+0000] {processor.py:768} WARNING - No viable dags retrieved from /opt/airflow/dags/groups/group_downloads.py
[2023-09-09T02:11:32.241+0000] {processor.py:176} INFO - Processing /opt/airflow/dags/groups/group_downloads.py took 0.023 seconds
[2023-09-09T02:12:02.418+0000] {processor.py:154} INFO - Started process (PID=9828) to work on /opt/airflow/dags/groups/group_downloads.py
[2023-09-09T02:12:02.419+0000] {processor.py:756} INFO - Processing file /opt/airflow/dags/groups/group_downloads.py for tasks to queue
[2023-09-09T02:12:02.420+0000] {logging_mixin.py:120} INFO - [2023-09-09T02:12:02.419+0000] {dagbag.py:537} INFO - Filling up the DagBag from /opt/airflow/dags/groups/group_downloads.py
[2023-09-09T02:12:02.424+0000] {processor.py:768} WARNING - No viable dags retrieved from /opt/airflow/dags/groups/group_downloads.py
[2023-09-09T02:12:02.437+0000] {processor.py:176} INFO - Processing /opt/airflow/dags/groups/group_downloads.py took 0.022 seconds
[2023-09-09T02:12:32.715+0000] {processor.py:154} INFO - Started process (PID=9864) to work on /opt/airflow/dags/groups/group_downloads.py
[2023-09-09T02:12:32.716+0000] {processor.py:756} INFO - Processing file /opt/airflow/dags/groups/group_downloads.py for tasks to queue
[2023-09-09T02:12:32.717+0000] {logging_mixin.py:120} INFO - [2023-09-09T02:12:32.717+0000] {dagbag.py:537} INFO - Filling up the DagBag from /opt/airflow/dags/groups/group_downloads.py
[2023-09-09T02:12:32.721+0000] {processor.py:768} WARNING - No viable dags retrieved from /opt/airflow/dags/groups/group_downloads.py
[2023-09-09T02:12:32.735+0000] {processor.py:176} INFO - Processing /opt/airflow/dags/groups/group_downloads.py took 0.024 seconds
[2023-09-09T02:13:03.101+0000] {processor.py:154} INFO - Started process (PID=9891) to work on /opt/airflow/dags/groups/group_downloads.py
[2023-09-09T02:13:03.102+0000] {processor.py:756} INFO - Processing file /opt/airflow/dags/groups/group_downloads.py for tasks to queue
[2023-09-09T02:13:03.103+0000] {logging_mixin.py:120} INFO - [2023-09-09T02:13:03.103+0000] {dagbag.py:537} INFO - Filling up the DagBag from /opt/airflow/dags/groups/group_downloads.py
[2023-09-09T02:13:03.108+0000] {processor.py:768} WARNING - No viable dags retrieved from /opt/airflow/dags/groups/group_downloads.py
[2023-09-09T02:13:03.121+0000] {processor.py:176} INFO - Processing /opt/airflow/dags/groups/group_downloads.py took 0.022 seconds
[2023-09-09T02:13:33.414+0000] {processor.py:154} INFO - Started process (PID=9927) to work on /opt/airflow/dags/groups/group_downloads.py
[2023-09-09T02:13:33.415+0000] {processor.py:756} INFO - Processing file /opt/airflow/dags/groups/group_downloads.py for tasks to queue
[2023-09-09T02:13:33.416+0000] {logging_mixin.py:120} INFO - [2023-09-09T02:13:33.416+0000] {dagbag.py:537} INFO - Filling up the DagBag from /opt/airflow/dags/groups/group_downloads.py
[2023-09-09T02:13:33.420+0000] {processor.py:768} WARNING - No viable dags retrieved from /opt/airflow/dags/groups/group_downloads.py
[2023-09-09T02:13:33.434+0000] {processor.py:176} INFO - Processing /opt/airflow/dags/groups/group_downloads.py took 0.023 seconds
[2023-09-09T02:14:03.631+0000] {processor.py:154} INFO - Started process (PID=9963) to work on /opt/airflow/dags/groups/group_downloads.py
[2023-09-09T02:14:03.632+0000] {processor.py:756} INFO - Processing file /opt/airflow/dags/groups/group_downloads.py for tasks to queue
[2023-09-09T02:14:03.633+0000] {logging_mixin.py:120} INFO - [2023-09-09T02:14:03.633+0000] {dagbag.py:537} INFO - Filling up the DagBag from /opt/airflow/dags/groups/group_downloads.py
[2023-09-09T02:14:03.640+0000] {processor.py:768} WARNING - No viable dags retrieved from /opt/airflow/dags/groups/group_downloads.py
[2023-09-09T02:14:03.657+0000] {processor.py:176} INFO - Processing /opt/airflow/dags/groups/group_downloads.py took 0.031 seconds
[2023-09-09T02:14:33.897+0000] {processor.py:154} INFO - Started process (PID=9990) to work on /opt/airflow/dags/groups/group_downloads.py
[2023-09-09T02:14:33.900+0000] {processor.py:756} INFO - Processing file /opt/airflow/dags/groups/group_downloads.py for tasks to queue
[2023-09-09T02:14:33.900+0000] {logging_mixin.py:120} INFO - [2023-09-09T02:14:33.900+0000] {dagbag.py:537} INFO - Filling up the DagBag from /opt/airflow/dags/groups/group_downloads.py
[2023-09-09T02:14:33.905+0000] {processor.py:768} WARNING - No viable dags retrieved from /opt/airflow/dags/groups/group_downloads.py
[2023-09-09T02:14:33.919+0000] {processor.py:176} INFO - Processing /opt/airflow/dags/groups/group_downloads.py took 0.025 seconds
[2023-09-09T02:15:04.308+0000] {processor.py:154} INFO - Started process (PID=10026) to work on /opt/airflow/dags/groups/group_downloads.py
[2023-09-09T02:15:04.309+0000] {processor.py:756} INFO - Processing file /opt/airflow/dags/groups/group_downloads.py for tasks to queue
[2023-09-09T02:15:04.310+0000] {logging_mixin.py:120} INFO - [2023-09-09T02:15:04.310+0000] {dagbag.py:537} INFO - Filling up the DagBag from /opt/airflow/dags/groups/group_downloads.py
[2023-09-09T02:15:04.315+0000] {processor.py:768} WARNING - No viable dags retrieved from /opt/airflow/dags/groups/group_downloads.py
[2023-09-09T02:15:04.329+0000] {processor.py:176} INFO - Processing /opt/airflow/dags/groups/group_downloads.py took 0.024 seconds
[2023-09-09T02:15:34.518+0000] {processor.py:154} INFO - Started process (PID=10062) to work on /opt/airflow/dags/groups/group_downloads.py
[2023-09-09T02:15:34.520+0000] {processor.py:756} INFO - Processing file /opt/airflow/dags/groups/group_downloads.py for tasks to queue
[2023-09-09T02:15:34.520+0000] {logging_mixin.py:120} INFO - [2023-09-09T02:15:34.520+0000] {dagbag.py:537} INFO - Filling up the DagBag from /opt/airflow/dags/groups/group_downloads.py
[2023-09-09T02:15:34.525+0000] {processor.py:768} WARNING - No viable dags retrieved from /opt/airflow/dags/groups/group_downloads.py
[2023-09-09T02:15:34.538+0000] {processor.py:176} INFO - Processing /opt/airflow/dags/groups/group_downloads.py took 0.023 seconds
[2023-09-09T02:16:04.709+0000] {processor.py:154} INFO - Started process (PID=10089) to work on /opt/airflow/dags/groups/group_downloads.py
[2023-09-09T02:16:04.710+0000] {processor.py:756} INFO - Processing file /opt/airflow/dags/groups/group_downloads.py for tasks to queue
[2023-09-09T02:16:04.710+0000] {logging_mixin.py:120} INFO - [2023-09-09T02:16:04.710+0000] {dagbag.py:537} INFO - Filling up the DagBag from /opt/airflow/dags/groups/group_downloads.py
[2023-09-09T02:16:04.715+0000] {processor.py:768} WARNING - No viable dags retrieved from /opt/airflow/dags/groups/group_downloads.py
[2023-09-09T02:16:04.728+0000] {processor.py:176} INFO - Processing /opt/airflow/dags/groups/group_downloads.py took 0.022 seconds
[2023-09-09T02:16:34.969+0000] {processor.py:154} INFO - Started process (PID=10125) to work on /opt/airflow/dags/groups/group_downloads.py
[2023-09-09T02:16:34.972+0000] {processor.py:756} INFO - Processing file /opt/airflow/dags/groups/group_downloads.py for tasks to queue
[2023-09-09T02:16:34.973+0000] {logging_mixin.py:120} INFO - [2023-09-09T02:16:34.973+0000] {dagbag.py:537} INFO - Filling up the DagBag from /opt/airflow/dags/groups/group_downloads.py
[2023-09-09T02:16:34.978+0000] {processor.py:768} WARNING - No viable dags retrieved from /opt/airflow/dags/groups/group_downloads.py
[2023-09-09T02:16:34.991+0000] {processor.py:176} INFO - Processing /opt/airflow/dags/groups/group_downloads.py took 0.024 seconds
[2023-09-09T02:17:05.182+0000] {processor.py:154} INFO - Started process (PID=10161) to work on /opt/airflow/dags/groups/group_downloads.py
[2023-09-09T02:17:05.183+0000] {processor.py:756} INFO - Processing file /opt/airflow/dags/groups/group_downloads.py for tasks to queue
[2023-09-09T02:17:05.183+0000] {logging_mixin.py:120} INFO - [2023-09-09T02:17:05.183+0000] {dagbag.py:537} INFO - Filling up the DagBag from /opt/airflow/dags/groups/group_downloads.py
[2023-09-09T02:17:05.188+0000] {processor.py:768} WARNING - No viable dags retrieved from /opt/airflow/dags/groups/group_downloads.py
[2023-09-09T02:17:05.201+0000] {processor.py:176} INFO - Processing /opt/airflow/dags/groups/group_downloads.py took 0.022 seconds
[2023-09-09T02:17:35.430+0000] {processor.py:154} INFO - Started process (PID=10188) to work on /opt/airflow/dags/groups/group_downloads.py
[2023-09-09T02:17:35.431+0000] {processor.py:756} INFO - Processing file /opt/airflow/dags/groups/group_downloads.py for tasks to queue
[2023-09-09T02:17:35.432+0000] {logging_mixin.py:120} INFO - [2023-09-09T02:17:35.431+0000] {dagbag.py:537} INFO - Filling up the DagBag from /opt/airflow/dags/groups/group_downloads.py
[2023-09-09T02:17:35.436+0000] {processor.py:768} WARNING - No viable dags retrieved from /opt/airflow/dags/groups/group_downloads.py
[2023-09-09T02:17:35.449+0000] {processor.py:176} INFO - Processing /opt/airflow/dags/groups/group_downloads.py took 0.022 seconds
[2023-09-09T02:18:05.932+0000] {processor.py:154} INFO - Started process (PID=10222) to work on /opt/airflow/dags/groups/group_downloads.py
[2023-09-09T02:18:05.933+0000] {processor.py:756} INFO - Processing file /opt/airflow/dags/groups/group_downloads.py for tasks to queue
[2023-09-09T02:18:05.933+0000] {logging_mixin.py:120} INFO - [2023-09-09T02:18:05.933+0000] {dagbag.py:537} INFO - Filling up the DagBag from /opt/airflow/dags/groups/group_downloads.py
[2023-09-09T02:18:05.938+0000] {processor.py:768} WARNING - No viable dags retrieved from /opt/airflow/dags/groups/group_downloads.py
[2023-09-09T02:18:05.951+0000] {processor.py:176} INFO - Processing /opt/airflow/dags/groups/group_downloads.py took 0.022 seconds
[2023-09-09T02:18:36.081+0000] {processor.py:154} INFO - Started process (PID=10258) to work on /opt/airflow/dags/groups/group_downloads.py
[2023-09-09T02:18:36.083+0000] {processor.py:756} INFO - Processing file /opt/airflow/dags/groups/group_downloads.py for tasks to queue
[2023-09-09T02:18:36.084+0000] {logging_mixin.py:120} INFO - [2023-09-09T02:18:36.084+0000] {dagbag.py:537} INFO - Filling up the DagBag from /opt/airflow/dags/groups/group_downloads.py
[2023-09-09T02:18:36.089+0000] {processor.py:768} WARNING - No viable dags retrieved from /opt/airflow/dags/groups/group_downloads.py
[2023-09-09T02:18:36.102+0000] {processor.py:176} INFO - Processing /opt/airflow/dags/groups/group_downloads.py took 0.023 seconds
[2023-09-09T02:19:06.321+0000] {processor.py:154} INFO - Started process (PID=10285) to work on /opt/airflow/dags/groups/group_downloads.py
[2023-09-09T02:19:06.322+0000] {processor.py:756} INFO - Processing file /opt/airflow/dags/groups/group_downloads.py for tasks to queue
[2023-09-09T02:19:06.322+0000] {logging_mixin.py:120} INFO - [2023-09-09T02:19:06.322+0000] {dagbag.py:537} INFO - Filling up the DagBag from /opt/airflow/dags/groups/group_downloads.py
[2023-09-09T02:19:06.327+0000] {processor.py:768} WARNING - No viable dags retrieved from /opt/airflow/dags/groups/group_downloads.py
[2023-09-09T02:19:06.340+0000] {processor.py:176} INFO - Processing /opt/airflow/dags/groups/group_downloads.py took 0.022 seconds
[2023-09-09T02:19:36.517+0000] {processor.py:154} INFO - Started process (PID=10321) to work on /opt/airflow/dags/groups/group_downloads.py
[2023-09-09T02:19:36.518+0000] {processor.py:756} INFO - Processing file /opt/airflow/dags/groups/group_downloads.py for tasks to queue
[2023-09-09T02:19:36.519+0000] {logging_mixin.py:120} INFO - [2023-09-09T02:19:36.519+0000] {dagbag.py:537} INFO - Filling up the DagBag from /opt/airflow/dags/groups/group_downloads.py
[2023-09-09T02:19:36.524+0000] {processor.py:768} WARNING - No viable dags retrieved from /opt/airflow/dags/groups/group_downloads.py
[2023-09-09T02:19:36.537+0000] {processor.py:176} INFO - Processing /opt/airflow/dags/groups/group_downloads.py took 0.022 seconds
[2023-09-09T02:20:06.695+0000] {processor.py:154} INFO - Started process (PID=10357) to work on /opt/airflow/dags/groups/group_downloads.py
[2023-09-09T02:20:06.695+0000] {processor.py:756} INFO - Processing file /opt/airflow/dags/groups/group_downloads.py for tasks to queue
[2023-09-09T02:20:06.696+0000] {logging_mixin.py:120} INFO - [2023-09-09T02:20:06.696+0000] {dagbag.py:537} INFO - Filling up the DagBag from /opt/airflow/dags/groups/group_downloads.py
[2023-09-09T02:20:06.701+0000] {processor.py:768} WARNING - No viable dags retrieved from /opt/airflow/dags/groups/group_downloads.py
[2023-09-09T02:20:06.714+0000] {processor.py:176} INFO - Processing /opt/airflow/dags/groups/group_downloads.py took 0.022 seconds
[2023-09-09T05:21:52.171+0000] {processor.py:154} INFO - Started process (PID=10383) to work on /opt/airflow/dags/groups/group_downloads.py
[2023-09-09T05:21:52.249+0000] {processor.py:756} INFO - Processing file /opt/airflow/dags/groups/group_downloads.py for tasks to queue
[2023-09-09T05:21:52.262+0000] {logging_mixin.py:120} INFO - [2023-09-09T05:21:52.262+0000] {dagbag.py:537} INFO - Filling up the DagBag from /opt/airflow/dags/groups/group_downloads.py
[2023-09-09T05:21:52.312+0000] {processor.py:768} WARNING - No viable dags retrieved from /opt/airflow/dags/groups/group_downloads.py
[2023-09-09T05:21:52.425+0000] {processor.py:176} INFO - Processing /opt/airflow/dags/groups/group_downloads.py took 0.286 seconds
[2023-09-09T05:22:22.845+0000] {processor.py:154} INFO - Started process (PID=10411) to work on /opt/airflow/dags/groups/group_downloads.py
[2023-09-09T05:22:22.845+0000] {processor.py:756} INFO - Processing file /opt/airflow/dags/groups/group_downloads.py for tasks to queue
[2023-09-09T05:22:22.846+0000] {logging_mixin.py:120} INFO - [2023-09-09T05:22:22.846+0000] {dagbag.py:537} INFO - Filling up the DagBag from /opt/airflow/dags/groups/group_downloads.py
[2023-09-09T05:22:22.850+0000] {processor.py:768} WARNING - No viable dags retrieved from /opt/airflow/dags/groups/group_downloads.py
[2023-09-09T05:22:22.863+0000] {processor.py:176} INFO - Processing /opt/airflow/dags/groups/group_downloads.py took 0.021 seconds
[2023-09-09T05:22:52.972+0000] {processor.py:154} INFO - Started process (PID=10447) to work on /opt/airflow/dags/groups/group_downloads.py
[2023-09-09T05:22:52.974+0000] {processor.py:756} INFO - Processing file /opt/airflow/dags/groups/group_downloads.py for tasks to queue
[2023-09-09T05:22:52.975+0000] {logging_mixin.py:120} INFO - [2023-09-09T05:22:52.974+0000] {dagbag.py:537} INFO - Filling up the DagBag from /opt/airflow/dags/groups/group_downloads.py
[2023-09-09T05:22:52.983+0000] {processor.py:768} WARNING - No viable dags retrieved from /opt/airflow/dags/groups/group_downloads.py
[2023-09-09T05:22:53.005+0000] {processor.py:176} INFO - Processing /opt/airflow/dags/groups/group_downloads.py took 0.038 seconds
[2023-09-09T05:23:23.470+0000] {processor.py:154} INFO - Started process (PID=10474) to work on /opt/airflow/dags/groups/group_downloads.py
[2023-09-09T05:23:23.471+0000] {processor.py:756} INFO - Processing file /opt/airflow/dags/groups/group_downloads.py for tasks to queue
[2023-09-09T05:23:23.472+0000] {logging_mixin.py:120} INFO - [2023-09-09T05:23:23.472+0000] {dagbag.py:537} INFO - Filling up the DagBag from /opt/airflow/dags/groups/group_downloads.py
[2023-09-09T05:23:23.479+0000] {processor.py:768} WARNING - No viable dags retrieved from /opt/airflow/dags/groups/group_downloads.py
[2023-09-09T05:23:23.494+0000] {processor.py:176} INFO - Processing /opt/airflow/dags/groups/group_downloads.py took 0.030 seconds
[2023-09-09T05:23:53.636+0000] {processor.py:154} INFO - Started process (PID=10511) to work on /opt/airflow/dags/groups/group_downloads.py
[2023-09-09T05:23:53.642+0000] {processor.py:756} INFO - Processing file /opt/airflow/dags/groups/group_downloads.py for tasks to queue
[2023-09-09T05:23:53.643+0000] {logging_mixin.py:120} INFO - [2023-09-09T05:23:53.643+0000] {dagbag.py:537} INFO - Filling up the DagBag from /opt/airflow/dags/groups/group_downloads.py
[2023-09-09T05:23:53.648+0000] {processor.py:768} WARNING - No viable dags retrieved from /opt/airflow/dags/groups/group_downloads.py
[2023-09-09T05:23:53.661+0000] {processor.py:176} INFO - Processing /opt/airflow/dags/groups/group_downloads.py took 0.028 seconds
[2023-09-09T05:24:23.974+0000] {processor.py:154} INFO - Started process (PID=10547) to work on /opt/airflow/dags/groups/group_downloads.py
[2023-09-09T05:24:23.975+0000] {processor.py:756} INFO - Processing file /opt/airflow/dags/groups/group_downloads.py for tasks to queue
[2023-09-09T05:24:23.976+0000] {logging_mixin.py:120} INFO - [2023-09-09T05:24:23.976+0000] {dagbag.py:537} INFO - Filling up the DagBag from /opt/airflow/dags/groups/group_downloads.py
[2023-09-09T05:24:23.981+0000] {processor.py:768} WARNING - No viable dags retrieved from /opt/airflow/dags/groups/group_downloads.py
[2023-09-09T05:24:23.997+0000] {processor.py:176} INFO - Processing /opt/airflow/dags/groups/group_downloads.py took 0.025 seconds
[2023-09-09T05:24:54.116+0000] {processor.py:154} INFO - Started process (PID=10574) to work on /opt/airflow/dags/groups/group_downloads.py
[2023-09-09T05:24:54.117+0000] {processor.py:756} INFO - Processing file /opt/airflow/dags/groups/group_downloads.py for tasks to queue
[2023-09-09T05:24:54.118+0000] {logging_mixin.py:120} INFO - [2023-09-09T05:24:54.118+0000] {dagbag.py:537} INFO - Filling up the DagBag from /opt/airflow/dags/groups/group_downloads.py
[2023-09-09T05:24:54.123+0000] {processor.py:768} WARNING - No viable dags retrieved from /opt/airflow/dags/groups/group_downloads.py
[2023-09-09T05:24:54.139+0000] {processor.py:176} INFO - Processing /opt/airflow/dags/groups/group_downloads.py took 0.027 seconds
[2023-09-09T05:25:24.401+0000] {processor.py:154} INFO - Started process (PID=10610) to work on /opt/airflow/dags/groups/group_downloads.py
[2023-09-09T05:25:24.402+0000] {processor.py:756} INFO - Processing file /opt/airflow/dags/groups/group_downloads.py for tasks to queue
[2023-09-09T05:25:24.403+0000] {logging_mixin.py:120} INFO - [2023-09-09T05:25:24.403+0000] {dagbag.py:537} INFO - Filling up the DagBag from /opt/airflow/dags/groups/group_downloads.py
[2023-09-09T05:25:24.407+0000] {processor.py:768} WARNING - No viable dags retrieved from /opt/airflow/dags/groups/group_downloads.py
[2023-09-09T05:25:24.421+0000] {processor.py:176} INFO - Processing /opt/airflow/dags/groups/group_downloads.py took 0.023 seconds
[2023-09-09T05:25:54.538+0000] {processor.py:154} INFO - Started process (PID=10646) to work on /opt/airflow/dags/groups/group_downloads.py
[2023-09-09T05:25:54.544+0000] {processor.py:756} INFO - Processing file /opt/airflow/dags/groups/group_downloads.py for tasks to queue
[2023-09-09T05:25:54.544+0000] {logging_mixin.py:120} INFO - [2023-09-09T05:25:54.544+0000] {dagbag.py:537} INFO - Filling up the DagBag from /opt/airflow/dags/groups/group_downloads.py
[2023-09-09T05:25:54.549+0000] {processor.py:768} WARNING - No viable dags retrieved from /opt/airflow/dags/groups/group_downloads.py
[2023-09-09T05:25:54.564+0000] {processor.py:176} INFO - Processing /opt/airflow/dags/groups/group_downloads.py took 0.029 seconds
[2023-09-09T05:26:24.744+0000] {processor.py:154} INFO - Started process (PID=10673) to work on /opt/airflow/dags/groups/group_downloads.py
[2023-09-09T05:26:24.745+0000] {processor.py:756} INFO - Processing file /opt/airflow/dags/groups/group_downloads.py for tasks to queue
[2023-09-09T05:26:24.745+0000] {logging_mixin.py:120} INFO - [2023-09-09T05:26:24.745+0000] {dagbag.py:537} INFO - Filling up the DagBag from /opt/airflow/dags/groups/group_downloads.py
[2023-09-09T05:26:24.750+0000] {processor.py:768} WARNING - No viable dags retrieved from /opt/airflow/dags/groups/group_downloads.py
[2023-09-09T05:26:24.764+0000] {processor.py:176} INFO - Processing /opt/airflow/dags/groups/group_downloads.py took 0.023 seconds
[2023-09-09T05:26:54.975+0000] {processor.py:154} INFO - Started process (PID=10709) to work on /opt/airflow/dags/groups/group_downloads.py
[2023-09-09T05:26:54.981+0000] {processor.py:756} INFO - Processing file /opt/airflow/dags/groups/group_downloads.py for tasks to queue
[2023-09-09T05:26:54.983+0000] {logging_mixin.py:120} INFO - [2023-09-09T05:26:54.982+0000] {dagbag.py:537} INFO - Filling up the DagBag from /opt/airflow/dags/groups/group_downloads.py
[2023-09-09T05:26:54.990+0000] {processor.py:768} WARNING - No viable dags retrieved from /opt/airflow/dags/groups/group_downloads.py
[2023-09-09T05:26:55.006+0000] {processor.py:176} INFO - Processing /opt/airflow/dags/groups/group_downloads.py took 0.036 seconds
[2023-09-09T05:27:25.123+0000] {processor.py:154} INFO - Started process (PID=10746) to work on /opt/airflow/dags/groups/group_downloads.py
[2023-09-09T05:27:25.124+0000] {processor.py:756} INFO - Processing file /opt/airflow/dags/groups/group_downloads.py for tasks to queue
[2023-09-09T05:27:25.125+0000] {logging_mixin.py:120} INFO - [2023-09-09T05:27:25.125+0000] {dagbag.py:537} INFO - Filling up the DagBag from /opt/airflow/dags/groups/group_downloads.py
[2023-09-09T05:27:25.131+0000] {processor.py:768} WARNING - No viable dags retrieved from /opt/airflow/dags/groups/group_downloads.py
[2023-09-09T05:27:25.149+0000] {processor.py:176} INFO - Processing /opt/airflow/dags/groups/group_downloads.py took 0.030 seconds
[2023-09-09T05:27:55.432+0000] {processor.py:154} INFO - Started process (PID=10773) to work on /opt/airflow/dags/groups/group_downloads.py
[2023-09-09T05:27:55.433+0000] {processor.py:756} INFO - Processing file /opt/airflow/dags/groups/group_downloads.py for tasks to queue
[2023-09-09T05:27:55.434+0000] {logging_mixin.py:120} INFO - [2023-09-09T05:27:55.434+0000] {dagbag.py:537} INFO - Filling up the DagBag from /opt/airflow/dags/groups/group_downloads.py
[2023-09-09T05:27:55.440+0000] {processor.py:768} WARNING - No viable dags retrieved from /opt/airflow/dags/groups/group_downloads.py
[2023-09-09T05:27:55.454+0000] {processor.py:176} INFO - Processing /opt/airflow/dags/groups/group_downloads.py took 0.025 seconds
[2023-09-09T05:28:25.600+0000] {processor.py:154} INFO - Started process (PID=10809) to work on /opt/airflow/dags/groups/group_downloads.py
[2023-09-09T05:28:25.601+0000] {processor.py:756} INFO - Processing file /opt/airflow/dags/groups/group_downloads.py for tasks to queue
[2023-09-09T05:28:25.602+0000] {logging_mixin.py:120} INFO - [2023-09-09T05:28:25.602+0000] {dagbag.py:537} INFO - Filling up the DagBag from /opt/airflow/dags/groups/group_downloads.py
[2023-09-09T05:28:25.609+0000] {processor.py:768} WARNING - No viable dags retrieved from /opt/airflow/dags/groups/group_downloads.py
[2023-09-09T05:28:25.626+0000] {processor.py:176} INFO - Processing /opt/airflow/dags/groups/group_downloads.py took 0.033 seconds
[2023-09-09T05:28:55.757+0000] {processor.py:154} INFO - Started process (PID=10845) to work on /opt/airflow/dags/groups/group_downloads.py
[2023-09-09T05:28:55.768+0000] {processor.py:756} INFO - Processing file /opt/airflow/dags/groups/group_downloads.py for tasks to queue
[2023-09-09T05:28:55.769+0000] {logging_mixin.py:120} INFO - [2023-09-09T05:28:55.768+0000] {dagbag.py:537} INFO - Filling up the DagBag from /opt/airflow/dags/groups/group_downloads.py
[2023-09-09T05:28:55.773+0000] {processor.py:768} WARNING - No viable dags retrieved from /opt/airflow/dags/groups/group_downloads.py
[2023-09-09T05:28:55.786+0000] {processor.py:176} INFO - Processing /opt/airflow/dags/groups/group_downloads.py took 0.032 seconds
[2023-09-09T05:29:25.910+0000] {processor.py:154} INFO - Started process (PID=10872) to work on /opt/airflow/dags/groups/group_downloads.py
[2023-09-09T05:29:25.911+0000] {processor.py:756} INFO - Processing file /opt/airflow/dags/groups/group_downloads.py for tasks to queue
[2023-09-09T05:29:25.912+0000] {logging_mixin.py:120} INFO - [2023-09-09T05:29:25.912+0000] {dagbag.py:537} INFO - Filling up the DagBag from /opt/airflow/dags/groups/group_downloads.py
[2023-09-09T05:29:25.917+0000] {processor.py:768} WARNING - No viable dags retrieved from /opt/airflow/dags/groups/group_downloads.py
[2023-09-09T05:29:25.931+0000] {processor.py:176} INFO - Processing /opt/airflow/dags/groups/group_downloads.py took 0.023 seconds
[2023-09-09T05:29:56.192+0000] {processor.py:154} INFO - Started process (PID=10909) to work on /opt/airflow/dags/groups/group_downloads.py
[2023-09-09T05:29:56.197+0000] {processor.py:756} INFO - Processing file /opt/airflow/dags/groups/group_downloads.py for tasks to queue
[2023-09-09T05:29:56.198+0000] {logging_mixin.py:120} INFO - [2023-09-09T05:29:56.197+0000] {dagbag.py:537} INFO - Filling up the DagBag from /opt/airflow/dags/groups/group_downloads.py
[2023-09-09T05:29:56.202+0000] {processor.py:768} WARNING - No viable dags retrieved from /opt/airflow/dags/groups/group_downloads.py
[2023-09-09T05:29:56.216+0000] {processor.py:176} INFO - Processing /opt/airflow/dags/groups/group_downloads.py took 0.027 seconds
[2023-09-09T05:30:26.320+0000] {processor.py:154} INFO - Started process (PID=10945) to work on /opt/airflow/dags/groups/group_downloads.py
[2023-09-09T05:30:26.321+0000] {processor.py:756} INFO - Processing file /opt/airflow/dags/groups/group_downloads.py for tasks to queue
[2023-09-09T05:30:26.322+0000] {logging_mixin.py:120} INFO - [2023-09-09T05:30:26.322+0000] {dagbag.py:537} INFO - Filling up the DagBag from /opt/airflow/dags/groups/group_downloads.py
[2023-09-09T05:30:26.327+0000] {processor.py:768} WARNING - No viable dags retrieved from /opt/airflow/dags/groups/group_downloads.py
[2023-09-09T05:30:26.340+0000] {processor.py:176} INFO - Processing /opt/airflow/dags/groups/group_downloads.py took 0.023 seconds
[2023-09-09T05:30:56.629+0000] {processor.py:154} INFO - Started process (PID=10973) to work on /opt/airflow/dags/groups/group_downloads.py
[2023-09-09T05:30:56.635+0000] {processor.py:756} INFO - Processing file /opt/airflow/dags/groups/group_downloads.py for tasks to queue
[2023-09-09T05:30:56.636+0000] {logging_mixin.py:120} INFO - [2023-09-09T05:30:56.636+0000] {dagbag.py:537} INFO - Filling up the DagBag from /opt/airflow/dags/groups/group_downloads.py
[2023-09-09T05:30:56.641+0000] {processor.py:768} WARNING - No viable dags retrieved from /opt/airflow/dags/groups/group_downloads.py
[2023-09-09T05:30:56.656+0000] {processor.py:176} INFO - Processing /opt/airflow/dags/groups/group_downloads.py took 0.030 seconds
[2023-09-09T05:31:26.765+0000] {processor.py:154} INFO - Started process (PID=11009) to work on /opt/airflow/dags/groups/group_downloads.py
[2023-09-09T05:31:26.765+0000] {processor.py:756} INFO - Processing file /opt/airflow/dags/groups/group_downloads.py for tasks to queue
[2023-09-09T05:31:26.766+0000] {logging_mixin.py:120} INFO - [2023-09-09T05:31:26.766+0000] {dagbag.py:537} INFO - Filling up the DagBag from /opt/airflow/dags/groups/group_downloads.py
[2023-09-09T05:31:26.771+0000] {processor.py:768} WARNING - No viable dags retrieved from /opt/airflow/dags/groups/group_downloads.py
[2023-09-09T05:31:26.784+0000] {processor.py:176} INFO - Processing /opt/airflow/dags/groups/group_downloads.py took 0.023 seconds
[2023-09-09T05:31:56.907+0000] {processor.py:154} INFO - Started process (PID=11045) to work on /opt/airflow/dags/groups/group_downloads.py
[2023-09-09T05:31:56.913+0000] {processor.py:756} INFO - Processing file /opt/airflow/dags/groups/group_downloads.py for tasks to queue
[2023-09-09T05:31:56.914+0000] {logging_mixin.py:120} INFO - [2023-09-09T05:31:56.914+0000] {dagbag.py:537} INFO - Filling up the DagBag from /opt/airflow/dags/groups/group_downloads.py
[2023-09-09T05:31:56.919+0000] {processor.py:768} WARNING - No viable dags retrieved from /opt/airflow/dags/groups/group_downloads.py
[2023-09-09T05:31:56.932+0000] {processor.py:176} INFO - Processing /opt/airflow/dags/groups/group_downloads.py took 0.028 seconds
[2023-09-09T05:32:27.114+0000] {processor.py:154} INFO - Started process (PID=11072) to work on /opt/airflow/dags/groups/group_downloads.py
[2023-09-09T05:32:27.114+0000] {processor.py:756} INFO - Processing file /opt/airflow/dags/groups/group_downloads.py for tasks to queue
[2023-09-09T05:32:27.115+0000] {logging_mixin.py:120} INFO - [2023-09-09T05:32:27.115+0000] {dagbag.py:537} INFO - Filling up the DagBag from /opt/airflow/dags/groups/group_downloads.py
[2023-09-09T05:32:27.120+0000] {processor.py:768} WARNING - No viable dags retrieved from /opt/airflow/dags/groups/group_downloads.py
[2023-09-09T05:32:27.134+0000] {processor.py:176} INFO - Processing /opt/airflow/dags/groups/group_downloads.py took 0.024 seconds
[2023-09-09T05:32:57.357+0000] {processor.py:154} INFO - Started process (PID=11108) to work on /opt/airflow/dags/groups/group_downloads.py
[2023-09-09T05:32:57.359+0000] {processor.py:756} INFO - Processing file /opt/airflow/dags/groups/group_downloads.py for tasks to queue
[2023-09-09T05:32:57.359+0000] {logging_mixin.py:120} INFO - [2023-09-09T05:32:57.359+0000] {dagbag.py:537} INFO - Filling up the DagBag from /opt/airflow/dags/groups/group_downloads.py
[2023-09-09T05:32:57.364+0000] {processor.py:768} WARNING - No viable dags retrieved from /opt/airflow/dags/groups/group_downloads.py
[2023-09-09T05:32:57.377+0000] {processor.py:176} INFO - Processing /opt/airflow/dags/groups/group_downloads.py took 0.023 seconds
[2023-09-09T05:33:27.535+0000] {processor.py:154} INFO - Started process (PID=11144) to work on /opt/airflow/dags/groups/group_downloads.py
[2023-09-09T05:33:27.536+0000] {processor.py:756} INFO - Processing file /opt/airflow/dags/groups/group_downloads.py for tasks to queue
[2023-09-09T05:33:27.537+0000] {logging_mixin.py:120} INFO - [2023-09-09T05:33:27.537+0000] {dagbag.py:537} INFO - Filling up the DagBag from /opt/airflow/dags/groups/group_downloads.py
[2023-09-09T05:33:27.543+0000] {processor.py:768} WARNING - No viable dags retrieved from /opt/airflow/dags/groups/group_downloads.py
[2023-09-09T05:33:27.558+0000] {processor.py:176} INFO - Processing /opt/airflow/dags/groups/group_downloads.py took 0.027 seconds
[2023-09-09T05:33:57.657+0000] {processor.py:154} INFO - Started process (PID=11171) to work on /opt/airflow/dags/groups/group_downloads.py
[2023-09-09T05:33:57.658+0000] {processor.py:756} INFO - Processing file /opt/airflow/dags/groups/group_downloads.py for tasks to queue
[2023-09-09T05:33:57.659+0000] {logging_mixin.py:120} INFO - [2023-09-09T05:33:57.658+0000] {dagbag.py:537} INFO - Filling up the DagBag from /opt/airflow/dags/groups/group_downloads.py
[2023-09-09T05:33:57.663+0000] {processor.py:768} WARNING - No viable dags retrieved from /opt/airflow/dags/groups/group_downloads.py
[2023-09-09T05:33:57.676+0000] {processor.py:176} INFO - Processing /opt/airflow/dags/groups/group_downloads.py took 0.022 seconds
[2023-09-09T05:34:27.900+0000] {processor.py:154} INFO - Started process (PID=11207) to work on /opt/airflow/dags/groups/group_downloads.py
[2023-09-09T05:34:27.907+0000] {processor.py:756} INFO - Processing file /opt/airflow/dags/groups/group_downloads.py for tasks to queue
[2023-09-09T05:34:27.908+0000] {logging_mixin.py:120} INFO - [2023-09-09T05:34:27.908+0000] {dagbag.py:537} INFO - Filling up the DagBag from /opt/airflow/dags/groups/group_downloads.py
[2023-09-09T05:34:27.913+0000] {processor.py:768} WARNING - No viable dags retrieved from /opt/airflow/dags/groups/group_downloads.py
[2023-09-09T05:34:27.927+0000] {processor.py:176} INFO - Processing /opt/airflow/dags/groups/group_downloads.py took 0.030 seconds
[2023-09-09T05:34:58.028+0000] {processor.py:154} INFO - Started process (PID=11243) to work on /opt/airflow/dags/groups/group_downloads.py
[2023-09-09T05:34:58.028+0000] {processor.py:756} INFO - Processing file /opt/airflow/dags/groups/group_downloads.py for tasks to queue
[2023-09-09T05:34:58.029+0000] {logging_mixin.py:120} INFO - [2023-09-09T05:34:58.029+0000] {dagbag.py:537} INFO - Filling up the DagBag from /opt/airflow/dags/groups/group_downloads.py
[2023-09-09T05:34:58.034+0000] {processor.py:768} WARNING - No viable dags retrieved from /opt/airflow/dags/groups/group_downloads.py
[2023-09-09T05:34:58.047+0000] {processor.py:176} INFO - Processing /opt/airflow/dags/groups/group_downloads.py took 0.023 seconds
[2023-09-09T05:35:28.251+0000] {processor.py:154} INFO - Started process (PID=11270) to work on /opt/airflow/dags/groups/group_downloads.py
[2023-09-09T05:35:28.253+0000] {processor.py:756} INFO - Processing file /opt/airflow/dags/groups/group_downloads.py for tasks to queue
[2023-09-09T05:35:28.253+0000] {logging_mixin.py:120} INFO - [2023-09-09T05:35:28.253+0000] {dagbag.py:537} INFO - Filling up the DagBag from /opt/airflow/dags/groups/group_downloads.py
[2023-09-09T05:35:28.258+0000] {processor.py:768} WARNING - No viable dags retrieved from /opt/airflow/dags/groups/group_downloads.py
[2023-09-09T05:35:28.272+0000] {processor.py:176} INFO - Processing /opt/airflow/dags/groups/group_downloads.py took 0.024 seconds
[2023-09-09T05:35:58.812+0000] {processor.py:154} INFO - Started process (PID=11304) to work on /opt/airflow/dags/groups/group_downloads.py
[2023-09-09T05:35:58.814+0000] {processor.py:756} INFO - Processing file /opt/airflow/dags/groups/group_downloads.py for tasks to queue
[2023-09-09T05:35:58.815+0000] {logging_mixin.py:120} INFO - [2023-09-09T05:35:58.815+0000] {dagbag.py:537} INFO - Filling up the DagBag from /opt/airflow/dags/groups/group_downloads.py
[2023-09-09T05:35:58.820+0000] {processor.py:768} WARNING - No viable dags retrieved from /opt/airflow/dags/groups/group_downloads.py
[2023-09-09T05:35:58.833+0000] {processor.py:176} INFO - Processing /opt/airflow/dags/groups/group_downloads.py took 0.024 seconds
[2023-09-09T05:36:28.940+0000] {processor.py:154} INFO - Started process (PID=11341) to work on /opt/airflow/dags/groups/group_downloads.py
[2023-09-09T05:36:28.941+0000] {processor.py:756} INFO - Processing file /opt/airflow/dags/groups/group_downloads.py for tasks to queue
[2023-09-09T05:36:28.942+0000] {logging_mixin.py:120} INFO - [2023-09-09T05:36:28.942+0000] {dagbag.py:537} INFO - Filling up the DagBag from /opt/airflow/dags/groups/group_downloads.py
[2023-09-09T05:36:28.948+0000] {processor.py:768} WARNING - No viable dags retrieved from /opt/airflow/dags/groups/group_downloads.py
[2023-09-09T05:36:28.961+0000] {processor.py:176} INFO - Processing /opt/airflow/dags/groups/group_downloads.py took 0.024 seconds
[2023-09-09T05:36:59.053+0000] {processor.py:154} INFO - Started process (PID=11368) to work on /opt/airflow/dags/groups/group_downloads.py
[2023-09-09T05:36:59.054+0000] {processor.py:756} INFO - Processing file /opt/airflow/dags/groups/group_downloads.py for tasks to queue
[2023-09-09T05:36:59.054+0000] {logging_mixin.py:120} INFO - [2023-09-09T05:36:59.054+0000] {dagbag.py:537} INFO - Filling up the DagBag from /opt/airflow/dags/groups/group_downloads.py
[2023-09-09T05:36:59.059+0000] {processor.py:768} WARNING - No viable dags retrieved from /opt/airflow/dags/groups/group_downloads.py
[2023-09-09T05:36:59.072+0000] {processor.py:176} INFO - Processing /opt/airflow/dags/groups/group_downloads.py took 0.022 seconds
[2023-09-09T05:37:29.247+0000] {processor.py:154} INFO - Started process (PID=11403) to work on /opt/airflow/dags/groups/group_downloads.py
[2023-09-09T05:37:29.252+0000] {processor.py:756} INFO - Processing file /opt/airflow/dags/groups/group_downloads.py for tasks to queue
[2023-09-09T05:37:29.253+0000] {logging_mixin.py:120} INFO - [2023-09-09T05:37:29.252+0000] {dagbag.py:537} INFO - Filling up the DagBag from /opt/airflow/dags/groups/group_downloads.py
[2023-09-09T05:37:29.257+0000] {processor.py:768} WARNING - No viable dags retrieved from /opt/airflow/dags/groups/group_downloads.py
[2023-09-09T05:37:29.271+0000] {processor.py:176} INFO - Processing /opt/airflow/dags/groups/group_downloads.py took 0.027 seconds
[2023-09-09T05:37:59.305+0000] {processor.py:154} INFO - Started process (PID=11439) to work on /opt/airflow/dags/groups/group_downloads.py
[2023-09-09T05:37:59.306+0000] {processor.py:756} INFO - Processing file /opt/airflow/dags/groups/group_downloads.py for tasks to queue
[2023-09-09T05:37:59.306+0000] {logging_mixin.py:120} INFO - [2023-09-09T05:37:59.306+0000] {dagbag.py:537} INFO - Filling up the DagBag from /opt/airflow/dags/groups/group_downloads.py
[2023-09-09T05:37:59.311+0000] {processor.py:768} WARNING - No viable dags retrieved from /opt/airflow/dags/groups/group_downloads.py
[2023-09-09T05:37:59.324+0000] {processor.py:176} INFO - Processing /opt/airflow/dags/groups/group_downloads.py took 0.022 seconds
[2023-09-09T05:38:29.522+0000] {processor.py:154} INFO - Started process (PID=11466) to work on /opt/airflow/dags/groups/group_downloads.py
[2023-09-09T05:38:29.528+0000] {processor.py:756} INFO - Processing file /opt/airflow/dags/groups/group_downloads.py for tasks to queue
[2023-09-09T05:38:29.529+0000] {logging_mixin.py:120} INFO - [2023-09-09T05:38:29.529+0000] {dagbag.py:537} INFO - Filling up the DagBag from /opt/airflow/dags/groups/group_downloads.py
[2023-09-09T05:38:29.533+0000] {processor.py:768} WARNING - No viable dags retrieved from /opt/airflow/dags/groups/group_downloads.py
[2023-09-09T05:38:29.546+0000] {processor.py:176} INFO - Processing /opt/airflow/dags/groups/group_downloads.py took 0.027 seconds
[2023-09-09T08:40:16.809+0000] {processor.py:154} INFO - Started process (PID=11494) to work on /opt/airflow/dags/groups/group_downloads.py
[2023-09-09T08:40:16.810+0000] {processor.py:756} INFO - Processing file /opt/airflow/dags/groups/group_downloads.py for tasks to queue
[2023-09-09T08:40:16.812+0000] {logging_mixin.py:120} INFO - [2023-09-09T08:40:16.812+0000] {dagbag.py:537} INFO - Filling up the DagBag from /opt/airflow/dags/groups/group_downloads.py
[2023-09-09T08:40:16.844+0000] {processor.py:768} WARNING - No viable dags retrieved from /opt/airflow/dags/groups/group_downloads.py
[2023-09-09T08:40:16.921+0000] {processor.py:176} INFO - Processing /opt/airflow/dags/groups/group_downloads.py took 0.120 seconds
[2023-09-09T08:40:47.383+0000] {processor.py:154} INFO - Started process (PID=11530) to work on /opt/airflow/dags/groups/group_downloads.py
[2023-09-09T08:40:47.384+0000] {processor.py:756} INFO - Processing file /opt/airflow/dags/groups/group_downloads.py for tasks to queue
[2023-09-09T08:40:47.385+0000] {logging_mixin.py:120} INFO - [2023-09-09T08:40:47.385+0000] {dagbag.py:537} INFO - Filling up the DagBag from /opt/airflow/dags/groups/group_downloads.py
[2023-09-09T08:40:47.389+0000] {processor.py:768} WARNING - No viable dags retrieved from /opt/airflow/dags/groups/group_downloads.py
[2023-09-09T08:40:47.403+0000] {processor.py:176} INFO - Processing /opt/airflow/dags/groups/group_downloads.py took 0.023 seconds
[2023-09-09T08:41:17.477+0000] {processor.py:154} INFO - Started process (PID=11566) to work on /opt/airflow/dags/groups/group_downloads.py
[2023-09-09T08:41:17.478+0000] {processor.py:756} INFO - Processing file /opt/airflow/dags/groups/group_downloads.py for tasks to queue
[2023-09-09T08:41:17.479+0000] {logging_mixin.py:120} INFO - [2023-09-09T08:41:17.479+0000] {dagbag.py:537} INFO - Filling up the DagBag from /opt/airflow/dags/groups/group_downloads.py
[2023-09-09T08:41:17.486+0000] {processor.py:768} WARNING - No viable dags retrieved from /opt/airflow/dags/groups/group_downloads.py
[2023-09-09T08:41:17.505+0000] {processor.py:176} INFO - Processing /opt/airflow/dags/groups/group_downloads.py took 0.032 seconds
[2023-09-09T08:41:47.649+0000] {processor.py:154} INFO - Started process (PID=11593) to work on /opt/airflow/dags/groups/group_downloads.py
[2023-09-09T08:41:47.654+0000] {processor.py:756} INFO - Processing file /opt/airflow/dags/groups/group_downloads.py for tasks to queue
[2023-09-09T08:41:47.655+0000] {logging_mixin.py:120} INFO - [2023-09-09T08:41:47.655+0000] {dagbag.py:537} INFO - Filling up the DagBag from /opt/airflow/dags/groups/group_downloads.py
[2023-09-09T08:41:47.659+0000] {processor.py:768} WARNING - No viable dags retrieved from /opt/airflow/dags/groups/group_downloads.py
[2023-09-09T08:41:47.673+0000] {processor.py:176} INFO - Processing /opt/airflow/dags/groups/group_downloads.py took 0.027 seconds
[2023-09-09T08:42:17.775+0000] {processor.py:154} INFO - Started process (PID=11629) to work on /opt/airflow/dags/groups/group_downloads.py
[2023-09-09T08:42:17.776+0000] {processor.py:756} INFO - Processing file /opt/airflow/dags/groups/group_downloads.py for tasks to queue
[2023-09-09T08:42:17.776+0000] {logging_mixin.py:120} INFO - [2023-09-09T08:42:17.776+0000] {dagbag.py:537} INFO - Filling up the DagBag from /opt/airflow/dags/groups/group_downloads.py
[2023-09-09T08:42:17.781+0000] {processor.py:768} WARNING - No viable dags retrieved from /opt/airflow/dags/groups/group_downloads.py
[2023-09-09T08:42:17.795+0000] {processor.py:176} INFO - Processing /opt/airflow/dags/groups/group_downloads.py took 0.024 seconds
[2023-09-09T08:42:47.982+0000] {processor.py:154} INFO - Started process (PID=11665) to work on /opt/airflow/dags/groups/group_downloads.py
[2023-09-09T08:42:47.983+0000] {processor.py:756} INFO - Processing file /opt/airflow/dags/groups/group_downloads.py for tasks to queue
[2023-09-09T08:42:47.984+0000] {logging_mixin.py:120} INFO - [2023-09-09T08:42:47.984+0000] {dagbag.py:537} INFO - Filling up the DagBag from /opt/airflow/dags/groups/group_downloads.py
[2023-09-09T08:42:47.988+0000] {processor.py:768} WARNING - No viable dags retrieved from /opt/airflow/dags/groups/group_downloads.py
[2023-09-09T08:42:48.003+0000] {processor.py:176} INFO - Processing /opt/airflow/dags/groups/group_downloads.py took 0.024 seconds
[2023-09-09T08:43:18.126+0000] {processor.py:154} INFO - Started process (PID=11692) to work on /opt/airflow/dags/groups/group_downloads.py
[2023-09-09T08:43:18.127+0000] {processor.py:756} INFO - Processing file /opt/airflow/dags/groups/group_downloads.py for tasks to queue
[2023-09-09T08:43:18.127+0000] {logging_mixin.py:120} INFO - [2023-09-09T08:43:18.127+0000] {dagbag.py:537} INFO - Filling up the DagBag from /opt/airflow/dags/groups/group_downloads.py
[2023-09-09T08:43:18.132+0000] {processor.py:768} WARNING - No viable dags retrieved from /opt/airflow/dags/groups/group_downloads.py
[2023-09-09T08:43:18.146+0000] {processor.py:176} INFO - Processing /opt/airflow/dags/groups/group_downloads.py took 0.024 seconds
[2023-09-09T08:43:48.260+0000] {processor.py:154} INFO - Started process (PID=11727) to work on /opt/airflow/dags/groups/group_downloads.py
[2023-09-09T08:43:48.261+0000] {processor.py:756} INFO - Processing file /opt/airflow/dags/groups/group_downloads.py for tasks to queue
[2023-09-09T08:43:48.261+0000] {logging_mixin.py:120} INFO - [2023-09-09T08:43:48.261+0000] {dagbag.py:537} INFO - Filling up the DagBag from /opt/airflow/dags/groups/group_downloads.py
[2023-09-09T08:43:48.266+0000] {processor.py:768} WARNING - No viable dags retrieved from /opt/airflow/dags/groups/group_downloads.py
[2023-09-09T08:43:48.281+0000] {processor.py:176} INFO - Processing /opt/airflow/dags/groups/group_downloads.py took 0.024 seconds
[2023-09-09T08:44:18.541+0000] {processor.py:154} INFO - Started process (PID=11763) to work on /opt/airflow/dags/groups/group_downloads.py
[2023-09-09T08:44:18.542+0000] {processor.py:756} INFO - Processing file /opt/airflow/dags/groups/group_downloads.py for tasks to queue
[2023-09-09T08:44:18.543+0000] {logging_mixin.py:120} INFO - [2023-09-09T08:44:18.543+0000] {dagbag.py:537} INFO - Filling up the DagBag from /opt/airflow/dags/groups/group_downloads.py
[2023-09-09T08:44:18.548+0000] {processor.py:768} WARNING - No viable dags retrieved from /opt/airflow/dags/groups/group_downloads.py
[2023-09-09T08:44:18.566+0000] {processor.py:176} INFO - Processing /opt/airflow/dags/groups/group_downloads.py took 0.030 seconds
[2023-09-09T08:44:48.813+0000] {processor.py:154} INFO - Started process (PID=11790) to work on /opt/airflow/dags/groups/group_downloads.py
[2023-09-09T08:44:48.818+0000] {processor.py:756} INFO - Processing file /opt/airflow/dags/groups/group_downloads.py for tasks to queue
[2023-09-09T08:44:48.819+0000] {logging_mixin.py:120} INFO - [2023-09-09T08:44:48.819+0000] {dagbag.py:537} INFO - Filling up the DagBag from /opt/airflow/dags/groups/group_downloads.py
[2023-09-09T08:44:48.822+0000] {processor.py:768} WARNING - No viable dags retrieved from /opt/airflow/dags/groups/group_downloads.py
[2023-09-09T08:44:48.836+0000] {processor.py:176} INFO - Processing /opt/airflow/dags/groups/group_downloads.py took 0.027 seconds
[2023-09-09T08:45:19.110+0000] {processor.py:154} INFO - Started process (PID=11826) to work on /opt/airflow/dags/groups/group_downloads.py
[2023-09-09T08:45:19.110+0000] {processor.py:756} INFO - Processing file /opt/airflow/dags/groups/group_downloads.py for tasks to queue
[2023-09-09T08:45:19.111+0000] {logging_mixin.py:120} INFO - [2023-09-09T08:45:19.111+0000] {dagbag.py:537} INFO - Filling up the DagBag from /opt/airflow/dags/groups/group_downloads.py
[2023-09-09T08:45:19.116+0000] {processor.py:768} WARNING - No viable dags retrieved from /opt/airflow/dags/groups/group_downloads.py
[2023-09-09T08:45:19.129+0000] {processor.py:176} INFO - Processing /opt/airflow/dags/groups/group_downloads.py took 0.023 seconds
[2023-09-09T08:45:49.459+0000] {processor.py:154} INFO - Started process (PID=11862) to work on /opt/airflow/dags/groups/group_downloads.py
[2023-09-09T08:45:49.460+0000] {processor.py:756} INFO - Processing file /opt/airflow/dags/groups/group_downloads.py for tasks to queue
[2023-09-09T08:45:49.461+0000] {logging_mixin.py:120} INFO - [2023-09-09T08:45:49.461+0000] {dagbag.py:537} INFO - Filling up the DagBag from /opt/airflow/dags/groups/group_downloads.py
[2023-09-09T08:45:49.466+0000] {processor.py:768} WARNING - No viable dags retrieved from /opt/airflow/dags/groups/group_downloads.py
[2023-09-09T08:45:49.479+0000] {processor.py:176} INFO - Processing /opt/airflow/dags/groups/group_downloads.py took 0.024 seconds
[2023-09-09T08:46:19.713+0000] {processor.py:154} INFO - Started process (PID=11889) to work on /opt/airflow/dags/groups/group_downloads.py
[2023-09-09T08:46:19.714+0000] {processor.py:756} INFO - Processing file /opt/airflow/dags/groups/group_downloads.py for tasks to queue
[2023-09-09T08:46:19.714+0000] {logging_mixin.py:120} INFO - [2023-09-09T08:46:19.714+0000] {dagbag.py:537} INFO - Filling up the DagBag from /opt/airflow/dags/groups/group_downloads.py
[2023-09-09T08:46:19.720+0000] {processor.py:768} WARNING - No viable dags retrieved from /opt/airflow/dags/groups/group_downloads.py
[2023-09-09T08:46:19.733+0000] {processor.py:176} INFO - Processing /opt/airflow/dags/groups/group_downloads.py took 0.023 seconds
[2023-09-09T08:46:49.950+0000] {processor.py:154} INFO - Started process (PID=11925) to work on /opt/airflow/dags/groups/group_downloads.py
[2023-09-09T08:46:49.955+0000] {processor.py:756} INFO - Processing file /opt/airflow/dags/groups/group_downloads.py for tasks to queue
[2023-09-09T08:46:49.956+0000] {logging_mixin.py:120} INFO - [2023-09-09T08:46:49.956+0000] {dagbag.py:537} INFO - Filling up the DagBag from /opt/airflow/dags/groups/group_downloads.py
[2023-09-09T08:46:49.960+0000] {processor.py:768} WARNING - No viable dags retrieved from /opt/airflow/dags/groups/group_downloads.py
[2023-09-09T08:46:49.973+0000] {processor.py:176} INFO - Processing /opt/airflow/dags/groups/group_downloads.py took 0.026 seconds
[2023-09-09T08:47:20.100+0000] {processor.py:154} INFO - Started process (PID=11961) to work on /opt/airflow/dags/groups/group_downloads.py
[2023-09-09T08:47:20.100+0000] {processor.py:756} INFO - Processing file /opt/airflow/dags/groups/group_downloads.py for tasks to queue
[2023-09-09T08:47:20.101+0000] {logging_mixin.py:120} INFO - [2023-09-09T08:47:20.101+0000] {dagbag.py:537} INFO - Filling up the DagBag from /opt/airflow/dags/groups/group_downloads.py
[2023-09-09T08:47:20.105+0000] {processor.py:768} WARNING - No viable dags retrieved from /opt/airflow/dags/groups/group_downloads.py
[2023-09-09T08:47:20.119+0000] {processor.py:176} INFO - Processing /opt/airflow/dags/groups/group_downloads.py took 0.022 seconds
[2023-09-09T08:47:50.449+0000] {processor.py:154} INFO - Started process (PID=11989) to work on /opt/airflow/dags/groups/group_downloads.py
[2023-09-09T08:47:50.455+0000] {processor.py:756} INFO - Processing file /opt/airflow/dags/groups/group_downloads.py for tasks to queue
[2023-09-09T08:47:50.456+0000] {logging_mixin.py:120} INFO - [2023-09-09T08:47:50.456+0000] {dagbag.py:537} INFO - Filling up the DagBag from /opt/airflow/dags/groups/group_downloads.py
[2023-09-09T08:47:50.460+0000] {processor.py:768} WARNING - No viable dags retrieved from /opt/airflow/dags/groups/group_downloads.py
[2023-09-09T08:47:50.474+0000] {processor.py:176} INFO - Processing /opt/airflow/dags/groups/group_downloads.py took 0.028 seconds
[2023-09-09T08:48:20.686+0000] {processor.py:154} INFO - Started process (PID=12025) to work on /opt/airflow/dags/groups/group_downloads.py
[2023-09-09T08:48:20.686+0000] {processor.py:756} INFO - Processing file /opt/airflow/dags/groups/group_downloads.py for tasks to queue
[2023-09-09T08:48:20.687+0000] {logging_mixin.py:120} INFO - [2023-09-09T08:48:20.687+0000] {dagbag.py:537} INFO - Filling up the DagBag from /opt/airflow/dags/groups/group_downloads.py
[2023-09-09T08:48:20.691+0000] {processor.py:768} WARNING - No viable dags retrieved from /opt/airflow/dags/groups/group_downloads.py
[2023-09-09T08:48:20.705+0000] {processor.py:176} INFO - Processing /opt/airflow/dags/groups/group_downloads.py took 0.023 seconds
[2023-09-09T08:48:50.923+0000] {processor.py:154} INFO - Started process (PID=12061) to work on /opt/airflow/dags/groups/group_downloads.py
[2023-09-09T08:48:50.928+0000] {processor.py:756} INFO - Processing file /opt/airflow/dags/groups/group_downloads.py for tasks to queue
[2023-09-09T08:48:50.929+0000] {logging_mixin.py:120} INFO - [2023-09-09T08:48:50.928+0000] {dagbag.py:537} INFO - Filling up the DagBag from /opt/airflow/dags/groups/group_downloads.py
[2023-09-09T08:48:50.933+0000] {processor.py:768} WARNING - No viable dags retrieved from /opt/airflow/dags/groups/group_downloads.py
[2023-09-09T08:48:50.947+0000] {processor.py:176} INFO - Processing /opt/airflow/dags/groups/group_downloads.py took 0.026 seconds
[2023-09-09T08:49:21.206+0000] {processor.py:154} INFO - Started process (PID=12088) to work on /opt/airflow/dags/groups/group_downloads.py
[2023-09-09T08:49:21.207+0000] {processor.py:756} INFO - Processing file /opt/airflow/dags/groups/group_downloads.py for tasks to queue
[2023-09-09T08:49:21.208+0000] {logging_mixin.py:120} INFO - [2023-09-09T08:49:21.208+0000] {dagbag.py:537} INFO - Filling up the DagBag from /opt/airflow/dags/groups/group_downloads.py
[2023-09-09T08:49:21.212+0000] {processor.py:768} WARNING - No viable dags retrieved from /opt/airflow/dags/groups/group_downloads.py
[2023-09-09T08:49:21.228+0000] {processor.py:176} INFO - Processing /opt/airflow/dags/groups/group_downloads.py took 0.024 seconds
[2023-09-09T08:49:51.478+0000] {processor.py:154} INFO - Started process (PID=12124) to work on /opt/airflow/dags/groups/group_downloads.py
[2023-09-09T08:49:51.484+0000] {processor.py:756} INFO - Processing file /opt/airflow/dags/groups/group_downloads.py for tasks to queue
[2023-09-09T08:49:51.485+0000] {logging_mixin.py:120} INFO - [2023-09-09T08:49:51.485+0000] {dagbag.py:537} INFO - Filling up the DagBag from /opt/airflow/dags/groups/group_downloads.py
[2023-09-09T08:49:51.489+0000] {processor.py:768} WARNING - No viable dags retrieved from /opt/airflow/dags/groups/group_downloads.py
[2023-09-09T08:49:51.503+0000] {processor.py:176} INFO - Processing /opt/airflow/dags/groups/group_downloads.py took 0.028 seconds
[2023-09-09T08:50:21.830+0000] {processor.py:154} INFO - Started process (PID=12160) to work on /opt/airflow/dags/groups/group_downloads.py
[2023-09-09T08:50:21.831+0000] {processor.py:756} INFO - Processing file /opt/airflow/dags/groups/group_downloads.py for tasks to queue
[2023-09-09T08:50:21.831+0000] {logging_mixin.py:120} INFO - [2023-09-09T08:50:21.831+0000] {dagbag.py:537} INFO - Filling up the DagBag from /opt/airflow/dags/groups/group_downloads.py
[2023-09-09T08:50:21.839+0000] {processor.py:768} WARNING - No viable dags retrieved from /opt/airflow/dags/groups/group_downloads.py
[2023-09-09T08:50:21.854+0000] {processor.py:176} INFO - Processing /opt/airflow/dags/groups/group_downloads.py took 0.027 seconds
[2023-09-09T08:50:52.132+0000] {processor.py:154} INFO - Started process (PID=12187) to work on /opt/airflow/dags/groups/group_downloads.py
[2023-09-09T08:50:52.133+0000] {processor.py:756} INFO - Processing file /opt/airflow/dags/groups/group_downloads.py for tasks to queue
[2023-09-09T08:50:52.133+0000] {logging_mixin.py:120} INFO - [2023-09-09T08:50:52.133+0000] {dagbag.py:537} INFO - Filling up the DagBag from /opt/airflow/dags/groups/group_downloads.py
[2023-09-09T08:50:52.139+0000] {processor.py:768} WARNING - No viable dags retrieved from /opt/airflow/dags/groups/group_downloads.py
[2023-09-09T08:50:52.154+0000] {processor.py:176} INFO - Processing /opt/airflow/dags/groups/group_downloads.py took 0.026 seconds
[2023-09-09T08:51:22.803+0000] {processor.py:154} INFO - Started process (PID=12223) to work on /opt/airflow/dags/groups/group_downloads.py
[2023-09-09T08:51:22.803+0000] {processor.py:756} INFO - Processing file /opt/airflow/dags/groups/group_downloads.py for tasks to queue
[2023-09-09T08:51:22.804+0000] {logging_mixin.py:120} INFO - [2023-09-09T08:51:22.804+0000] {dagbag.py:537} INFO - Filling up the DagBag from /opt/airflow/dags/groups/group_downloads.py
[2023-09-09T08:51:22.812+0000] {processor.py:768} WARNING - No viable dags retrieved from /opt/airflow/dags/groups/group_downloads.py
[2023-09-09T08:51:22.831+0000] {processor.py:176} INFO - Processing /opt/airflow/dags/groups/group_downloads.py took 0.032 seconds
[2023-09-09T08:51:53.295+0000] {processor.py:154} INFO - Started process (PID=12259) to work on /opt/airflow/dags/groups/group_downloads.py
[2023-09-09T08:51:53.300+0000] {processor.py:756} INFO - Processing file /opt/airflow/dags/groups/group_downloads.py for tasks to queue
[2023-09-09T08:51:53.301+0000] {logging_mixin.py:120} INFO - [2023-09-09T08:51:53.301+0000] {dagbag.py:537} INFO - Filling up the DagBag from /opt/airflow/dags/groups/group_downloads.py
[2023-09-09T08:51:53.308+0000] {processor.py:768} WARNING - No viable dags retrieved from /opt/airflow/dags/groups/group_downloads.py
[2023-09-09T08:51:53.325+0000] {processor.py:176} INFO - Processing /opt/airflow/dags/groups/group_downloads.py took 0.038 seconds
[2023-09-09T08:52:23.800+0000] {processor.py:154} INFO - Started process (PID=12286) to work on /opt/airflow/dags/groups/group_downloads.py
[2023-09-09T08:52:23.801+0000] {processor.py:756} INFO - Processing file /opt/airflow/dags/groups/group_downloads.py for tasks to queue
[2023-09-09T08:52:23.803+0000] {logging_mixin.py:120} INFO - [2023-09-09T08:52:23.802+0000] {dagbag.py:537} INFO - Filling up the DagBag from /opt/airflow/dags/groups/group_downloads.py
[2023-09-09T08:52:23.811+0000] {processor.py:768} WARNING - No viable dags retrieved from /opt/airflow/dags/groups/group_downloads.py
[2023-09-09T08:52:23.828+0000] {processor.py:176} INFO - Processing /opt/airflow/dags/groups/group_downloads.py took 0.037 seconds
[2023-09-09T08:52:54.198+0000] {processor.py:154} INFO - Started process (PID=12322) to work on /opt/airflow/dags/groups/group_downloads.py
[2023-09-09T08:52:54.201+0000] {processor.py:756} INFO - Processing file /opt/airflow/dags/groups/group_downloads.py for tasks to queue
[2023-09-09T08:52:54.202+0000] {logging_mixin.py:120} INFO - [2023-09-09T08:52:54.202+0000] {dagbag.py:537} INFO - Filling up the DagBag from /opt/airflow/dags/groups/group_downloads.py
[2023-09-09T08:52:54.215+0000] {processor.py:768} WARNING - No viable dags retrieved from /opt/airflow/dags/groups/group_downloads.py
[2023-09-09T08:52:54.241+0000] {processor.py:176} INFO - Processing /opt/airflow/dags/groups/group_downloads.py took 0.052 seconds
[2023-09-09T08:53:24.851+0000] {processor.py:154} INFO - Started process (PID=12358) to work on /opt/airflow/dags/groups/group_downloads.py
[2023-09-09T08:53:24.852+0000] {processor.py:756} INFO - Processing file /opt/airflow/dags/groups/group_downloads.py for tasks to queue
[2023-09-09T08:53:24.853+0000] {logging_mixin.py:120} INFO - [2023-09-09T08:53:24.853+0000] {dagbag.py:537} INFO - Filling up the DagBag from /opt/airflow/dags/groups/group_downloads.py
[2023-09-09T08:53:24.862+0000] {processor.py:768} WARNING - No viable dags retrieved from /opt/airflow/dags/groups/group_downloads.py
[2023-09-09T08:53:24.881+0000] {processor.py:176} INFO - Processing /opt/airflow/dags/groups/group_downloads.py took 0.033 seconds
[2023-09-09T08:53:55.746+0000] {processor.py:154} INFO - Started process (PID=12385) to work on /opt/airflow/dags/groups/group_downloads.py
[2023-09-09T08:53:55.752+0000] {processor.py:756} INFO - Processing file /opt/airflow/dags/groups/group_downloads.py for tasks to queue
[2023-09-09T08:53:55.753+0000] {logging_mixin.py:120} INFO - [2023-09-09T08:53:55.753+0000] {dagbag.py:537} INFO - Filling up the DagBag from /opt/airflow/dags/groups/group_downloads.py
[2023-09-09T08:53:55.763+0000] {processor.py:768} WARNING - No viable dags retrieved from /opt/airflow/dags/groups/group_downloads.py
[2023-09-09T08:53:55.782+0000] {processor.py:176} INFO - Processing /opt/airflow/dags/groups/group_downloads.py took 0.043 seconds
[2023-09-09T08:54:26.099+0000] {processor.py:154} INFO - Started process (PID=12421) to work on /opt/airflow/dags/groups/group_downloads.py
[2023-09-09T08:54:26.101+0000] {processor.py:756} INFO - Processing file /opt/airflow/dags/groups/group_downloads.py for tasks to queue
[2023-09-09T08:54:26.102+0000] {logging_mixin.py:120} INFO - [2023-09-09T08:54:26.102+0000] {dagbag.py:537} INFO - Filling up the DagBag from /opt/airflow/dags/groups/group_downloads.py
[2023-09-09T08:54:26.115+0000] {processor.py:768} WARNING - No viable dags retrieved from /opt/airflow/dags/groups/group_downloads.py
[2023-09-09T08:54:26.136+0000] {processor.py:176} INFO - Processing /opt/airflow/dags/groups/group_downloads.py took 0.045 seconds
[2023-09-09T08:54:56.868+0000] {processor.py:154} INFO - Started process (PID=12457) to work on /opt/airflow/dags/groups/group_downloads.py
[2023-09-09T08:54:56.873+0000] {processor.py:756} INFO - Processing file /opt/airflow/dags/groups/group_downloads.py for tasks to queue
[2023-09-09T08:54:56.874+0000] {logging_mixin.py:120} INFO - [2023-09-09T08:54:56.874+0000] {dagbag.py:537} INFO - Filling up the DagBag from /opt/airflow/dags/groups/group_downloads.py
[2023-09-09T08:54:56.879+0000] {processor.py:768} WARNING - No viable dags retrieved from /opt/airflow/dags/groups/group_downloads.py
[2023-09-09T08:54:56.894+0000] {processor.py:176} INFO - Processing /opt/airflow/dags/groups/group_downloads.py took 0.029 seconds
[2023-09-09T08:55:27.481+0000] {processor.py:154} INFO - Started process (PID=12484) to work on /opt/airflow/dags/groups/group_downloads.py
[2023-09-09T08:55:27.482+0000] {processor.py:756} INFO - Processing file /opt/airflow/dags/groups/group_downloads.py for tasks to queue
[2023-09-09T08:55:27.483+0000] {logging_mixin.py:120} INFO - [2023-09-09T08:55:27.483+0000] {dagbag.py:537} INFO - Filling up the DagBag from /opt/airflow/dags/groups/group_downloads.py
[2023-09-09T08:55:27.489+0000] {processor.py:768} WARNING - No viable dags retrieved from /opt/airflow/dags/groups/group_downloads.py
[2023-09-09T08:55:27.593+0000] {processor.py:176} INFO - Processing /opt/airflow/dags/groups/group_downloads.py took 0.116 seconds
[2023-09-09T08:55:58.336+0000] {processor.py:154} INFO - Started process (PID=12520) to work on /opt/airflow/dags/groups/group_downloads.py
[2023-09-09T08:55:58.337+0000] {processor.py:756} INFO - Processing file /opt/airflow/dags/groups/group_downloads.py for tasks to queue
[2023-09-09T08:55:58.338+0000] {logging_mixin.py:120} INFO - [2023-09-09T08:55:58.338+0000] {dagbag.py:537} INFO - Filling up the DagBag from /opt/airflow/dags/groups/group_downloads.py
[2023-09-09T08:55:58.344+0000] {processor.py:768} WARNING - No viable dags retrieved from /opt/airflow/dags/groups/group_downloads.py
[2023-09-09T08:55:58.361+0000] {processor.py:176} INFO - Processing /opt/airflow/dags/groups/group_downloads.py took 0.028 seconds
[2023-09-09T08:56:29.023+0000] {processor.py:154} INFO - Started process (PID=12554) to work on /opt/airflow/dags/groups/group_downloads.py
[2023-09-09T08:56:29.024+0000] {processor.py:756} INFO - Processing file /opt/airflow/dags/groups/group_downloads.py for tasks to queue
[2023-09-09T08:56:29.025+0000] {logging_mixin.py:120} INFO - [2023-09-09T08:56:29.025+0000] {dagbag.py:537} INFO - Filling up the DagBag from /opt/airflow/dags/groups/group_downloads.py
[2023-09-09T08:56:29.031+0000] {processor.py:768} WARNING - No viable dags retrieved from /opt/airflow/dags/groups/group_downloads.py
[2023-09-09T08:56:29.048+0000] {processor.py:176} INFO - Processing /opt/airflow/dags/groups/group_downloads.py took 0.029 seconds
[2023-09-09T08:56:59.618+0000] {processor.py:154} INFO - Started process (PID=12590) to work on /opt/airflow/dags/groups/group_downloads.py
[2023-09-09T08:56:59.623+0000] {processor.py:756} INFO - Processing file /opt/airflow/dags/groups/group_downloads.py for tasks to queue
[2023-09-09T08:56:59.624+0000] {logging_mixin.py:120} INFO - [2023-09-09T08:56:59.624+0000] {dagbag.py:537} INFO - Filling up the DagBag from /opt/airflow/dags/groups/group_downloads.py
[2023-09-09T08:56:59.630+0000] {processor.py:768} WARNING - No viable dags retrieved from /opt/airflow/dags/groups/group_downloads.py
[2023-09-09T08:56:59.645+0000] {processor.py:176} INFO - Processing /opt/airflow/dags/groups/group_downloads.py took 0.030 seconds
