[2023-09-04T09:30:56.030+0000] {taskinstance.py:1165} INFO - Dependencies all met for <TaskInstance: group_dag.downloads.download_b manual__2023-09-04T09:30:54.330805+00:00 [queued]>
[2023-09-04T09:30:56.046+0000] {taskinstance.py:1165} INFO - Dependencies all met for <TaskInstance: group_dag.downloads.download_b manual__2023-09-04T09:30:54.330805+00:00 [queued]>
[2023-09-04T09:30:56.046+0000] {taskinstance.py:1362} INFO - 
--------------------------------------------------------------------------------
[2023-09-04T09:30:56.046+0000] {taskinstance.py:1363} INFO - Starting attempt 1 of 1
[2023-09-04T09:30:56.046+0000] {taskinstance.py:1364} INFO - 
--------------------------------------------------------------------------------
[2023-09-04T09:30:56.064+0000] {taskinstance.py:1383} INFO - Executing <Task(BashOperator): downloads.download_b> on 2023-09-04 09:30:54.330805+00:00
[2023-09-04T09:30:56.070+0000] {standard_task_runner.py:55} INFO - Started process 641 to run task
[2023-09-04T09:30:56.084+0000] {standard_task_runner.py:82} INFO - Running: ['***', 'tasks', 'run', 'group_dag', 'downloads.download_b', 'manual__2023-09-04T09:30:54.330805+00:00', '--job-id', '192', '--raw', '--subdir', 'DAGS_FOLDER/group_dag.py', '--cfg-path', '/tmp/tmp4pu_om0m']
[2023-09-04T09:30:56.084+0000] {standard_task_runner.py:83} INFO - Job 192: Subtask downloads.download_b
[2023-09-04T09:30:56.160+0000] {task_command.py:376} INFO - Running <TaskInstance: group_dag.downloads.download_b manual__2023-09-04T09:30:54.330805+00:00 [running]> on host 6f35104e1718
[2023-09-04T09:30:56.241+0000] {taskinstance.py:1592} INFO - Exporting the following env vars:
AIRFLOW_CTX_DAG_OWNER=***
AIRFLOW_CTX_DAG_ID=group_dag
AIRFLOW_CTX_TASK_ID=downloads.download_b
AIRFLOW_CTX_EXECUTION_DATE=2023-09-04T09:30:54.330805+00:00
AIRFLOW_CTX_TRY_NUMBER=1
AIRFLOW_CTX_DAG_RUN_ID=manual__2023-09-04T09:30:54.330805+00:00
[2023-09-04T09:30:56.243+0000] {subprocess.py:63} INFO - Tmp dir root location: 
 /tmp
[2023-09-04T09:30:56.244+0000] {subprocess.py:75} INFO - Running command: ['/bin/bash', '-c', 'sleep 10']
[2023-09-04T09:30:56.253+0000] {subprocess.py:86} INFO - Output:
[2023-09-04T09:31:06.257+0000] {subprocess.py:97} INFO - Command exited with return code 0
[2023-09-04T09:31:06.289+0000] {taskinstance.py:1406} INFO - Marking task as SUCCESS. dag_id=group_dag, task_id=downloads.download_b, execution_date=20230904T093054, start_date=20230904T093056, end_date=20230904T093106
[2023-09-04T09:31:06.341+0000] {local_task_job.py:164} INFO - Task exited with return code 0
[2023-09-04T09:31:06.397+0000] {local_task_job.py:273} INFO - 0 downstream tasks scheduled from follow-on schedule check
