[2023-09-08T12:12:05.948+0000] {taskinstance.py:1165} INFO - Dependencies all met for <TaskInstance: xcom_dag.t1 scheduled__2023-09-07T00:00:00+00:00 [queued]>
[2023-09-08T12:12:05.981+0000] {taskinstance.py:1165} INFO - Dependencies all met for <TaskInstance: xcom_dag.t1 scheduled__2023-09-07T00:00:00+00:00 [queued]>
[2023-09-08T12:12:05.982+0000] {taskinstance.py:1362} INFO - 
--------------------------------------------------------------------------------
[2023-09-08T12:12:05.982+0000] {taskinstance.py:1363} INFO - Starting attempt 1 of 1
[2023-09-08T12:12:05.983+0000] {taskinstance.py:1364} INFO - 
--------------------------------------------------------------------------------
[2023-09-08T12:12:06.047+0000] {taskinstance.py:1383} INFO - Executing <Task(PythonOperator): t1> on 2023-09-07 00:00:00+00:00
[2023-09-08T12:12:06.057+0000] {standard_task_runner.py:55} INFO - Started process 19944 to run task
[2023-09-08T12:12:06.071+0000] {standard_task_runner.py:82} INFO - Running: ['***', 'tasks', 'run', 'xcom_dag', 't1', 'scheduled__2023-09-07T00:00:00+00:00', '--job-id', '217', '--raw', '--subdir', 'DAGS_FOLDER/xcom_dag.py', '--cfg-path', '/tmp/tmpc2fz4pwd']
[2023-09-08T12:12:06.072+0000] {standard_task_runner.py:83} INFO - Job 217: Subtask t1
[2023-09-08T12:12:06.258+0000] {task_command.py:376} INFO - Running <TaskInstance: xcom_dag.t1 scheduled__2023-09-07T00:00:00+00:00 [running]> on host 6f35104e1718
[2023-09-08T12:12:06.461+0000] {taskinstance.py:1592} INFO - Exporting the following env vars:
AIRFLOW_CTX_DAG_OWNER=***
AIRFLOW_CTX_DAG_ID=xcom_dag
AIRFLOW_CTX_TASK_ID=t1
AIRFLOW_CTX_EXECUTION_DATE=2023-09-07T00:00:00+00:00
AIRFLOW_CTX_TRY_NUMBER=1
AIRFLOW_CTX_DAG_RUN_ID=scheduled__2023-09-07T00:00:00+00:00
[2023-09-08T12:12:06.462+0000] {python.py:177} INFO - Done. Returned value was: 42
[2023-09-08T12:12:06.511+0000] {taskinstance.py:1406} INFO - Marking task as SUCCESS. dag_id=xcom_dag, task_id=t1, execution_date=20230907T000000, start_date=20230908T121205, end_date=20230908T121206
[2023-09-08T12:12:06.566+0000] {local_task_job.py:164} INFO - Task exited with return code 0
[2023-09-08T12:12:06.640+0000] {local_task_job.py:273} INFO - 1 downstream tasks scheduled from follow-on schedule check
