[2023-09-04T14:04:18.504+0000] {taskinstance.py:1165} INFO - Dependencies all met for <TaskInstance: xcom_dag.t1 manual__2023-09-04T14:04:17.420026+00:00 [queued]>
[2023-09-04T14:04:18.514+0000] {taskinstance.py:1165} INFO - Dependencies all met for <TaskInstance: xcom_dag.t1 manual__2023-09-04T14:04:17.420026+00:00 [queued]>
[2023-09-04T14:04:18.515+0000] {taskinstance.py:1362} INFO - 
--------------------------------------------------------------------------------
[2023-09-04T14:04:18.515+0000] {taskinstance.py:1363} INFO - Starting attempt 1 of 1
[2023-09-04T14:04:18.515+0000] {taskinstance.py:1364} INFO - 
--------------------------------------------------------------------------------
[2023-09-04T14:04:18.530+0000] {taskinstance.py:1383} INFO - Executing <Task(PythonOperator): t1> on 2023-09-04 14:04:17.420026+00:00
[2023-09-04T14:04:18.534+0000] {standard_task_runner.py:55} INFO - Started process 6209 to run task
[2023-09-04T14:04:18.538+0000] {standard_task_runner.py:82} INFO - Running: ['***', 'tasks', 'run', 'xcom_dag', 't1', 'manual__2023-09-04T14:04:17.420026+00:00', '--job-id', '205', '--raw', '--subdir', 'DAGS_FOLDER/xcom_dag.py', '--cfg-path', '/tmp/tmpt0n2s89z']
[2023-09-04T14:04:18.538+0000] {standard_task_runner.py:83} INFO - Job 205: Subtask t1
[2023-09-04T14:04:18.597+0000] {task_command.py:376} INFO - Running <TaskInstance: xcom_dag.t1 manual__2023-09-04T14:04:17.420026+00:00 [running]> on host 6f35104e1718
[2023-09-04T14:04:18.728+0000] {taskinstance.py:1592} INFO - Exporting the following env vars:
AIRFLOW_CTX_DAG_OWNER=***
AIRFLOW_CTX_DAG_ID=xcom_dag
AIRFLOW_CTX_TASK_ID=t1
AIRFLOW_CTX_EXECUTION_DATE=2023-09-04T14:04:17.420026+00:00
AIRFLOW_CTX_TRY_NUMBER=1
AIRFLOW_CTX_DAG_RUN_ID=manual__2023-09-04T14:04:17.420026+00:00
[2023-09-04T14:04:18.729+0000] {python.py:177} INFO - Done. Returned value was: 42
[2023-09-04T14:04:18.756+0000] {taskinstance.py:1406} INFO - Marking task as SUCCESS. dag_id=xcom_dag, task_id=t1, execution_date=20230904T140417, start_date=20230904T140418, end_date=20230904T140418
[2023-09-04T14:04:18.789+0000] {local_task_job.py:164} INFO - Task exited with return code 0
[2023-09-04T14:04:18.820+0000] {local_task_job.py:273} INFO - 1 downstream tasks scheduled from follow-on schedule check
